Tue Nov 08 09:11:44 UTC 2022 - Executing "openroad -python /openlane/scripts/odbpy/lefutil.py get_metal_layers -o /work/runs/wokwi/tmp/layers.list /home/tholin/pdk/sky130A/libs.ref/sky130_fd_sc_hd/techlef/sky130_fd_sc_hd__nom.tlef"

Tue Nov 08 09:11:51 UTC 2022 - Executing "/openlane/scripts/mergeLef.py -o /work/runs/wokwi/tmp/merged.unpadded.nom.lef -i /home/tholin/pdk/sky130A/libs.ref/sky130_fd_sc_hd/techlef/sky130_fd_sc_hd__nom.tlef /home/tholin/pdk/sky130A/libs.ref/sky130_fd_sc_hd/lef/sky130_fd_sc_hd.lef |& tee >&@stdout"

Tue Nov 08 09:11:51 UTC 2022 - Executing "/openlane/scripts/mergeLef.py -o /work/runs/wokwi/tmp/merged.unpadded.min.lef -i /home/tholin/pdk/sky130A/libs.ref/sky130_fd_sc_hd/techlef/sky130_fd_sc_hd__min.tlef /home/tholin/pdk/sky130A/libs.ref/sky130_fd_sc_hd/lef/sky130_fd_sc_hd.lef |& tee >&@stdout"

Tue Nov 08 09:11:52 UTC 2022 - Executing "/openlane/scripts/mergeLef.py -o /work/runs/wokwi/tmp/merged.unpadded.max.lef -i /home/tholin/pdk/sky130A/libs.ref/sky130_fd_sc_hd/techlef/sky130_fd_sc_hd__max.tlef /home/tholin/pdk/sky130A/libs.ref/sky130_fd_sc_hd/lef/sky130_fd_sc_hd.lef |& tee >&@stdout"

Tue Nov 08 09:11:52 UTC 2022 - Executing "openroad -python /openlane/scripts/mergeLib.py --output /work/runs/wokwi/tmp/synthesis/merged.lib --name sky130A_merged /home/tholin/pdk/sky130A/libs.ref/sky130_fd_sc_hd/lib/sky130_fd_sc_hd__tt_025C_1v80.lib"

Tue Nov 08 09:11:53 UTC 2022 - Executing "openroad -python /openlane/scripts/libtrim.py --cell-file /work/runs/wokwi/tmp/synthesis/trimmed.lib.exclude.list --output /work/runs/wokwi/tmp/synthesis/trimmed.lib /work/runs/wokwi/tmp/synthesis/merged.lib"

Tue Nov 08 09:11:54 UTC 2022 - Executing "openroad -python /openlane/scripts/new_tracks.py -i /home/tholin/pdk/sky130A/libs.tech/openlane/sky130_fd_sc_hd/tracks.info -o /work/runs/wokwi/tmp/routing/config.tracks"

Tue Nov 08 09:11:55 UTC 2022 - Executing "echo {openlane f9b5781f5ef0bbdf39ab1c2bbd78be8db11b27f2} > /work/runs/wokwi/OPENLANE_VERSION"

Tue Nov 08 09:11:55 UTC 2022 - Executing "sed -E {s/^([[:space:]]+)pg_pin(.*)/\1pin\2\n\1    direction : "inout";/g} /home/tholin/pdk/sky130A/libs.ref/sky130_fd_sc_hd/lib/sky130_fd_sc_hd__tt_025C_1v80.lib > /work/runs/wokwi/tmp/synthesis/1-sky130_fd_sc_hd__tt_025C_1v80.no_pg.lib"

Tue Nov 08 09:11:56 UTC 2022 - Executing "sed -E {s/^([[:space:]]+)pg_pin(.*)/\1pin\2\n\1    direction : "inout";/g} /work/runs/wokwi/tmp/synthesis/trimmed.lib > /work/runs/wokwi/tmp/synthesis/1-trimmed.no_pg.lib"

Tue Nov 08 09:11:56 UTC 2022 - Executing "yosys -c /openlane/scripts/yosys/synth.tcl -l /work/runs/wokwi/logs/synthesis/1-synthesis.log |& tee >&@stdout"

Tue Nov 08 09:12:04 UTC 2022 - Executing "sed -i -e {s/\(set ::env(CURRENT_NETLIST)\).*/\1 \/work\/runs\/wokwi\/results\/synthesis\/tholin_avalonsemi_5401.v/} /work/runs/wokwi/config.tcl"

Tue Nov 08 09:12:04 UTC 2022 - Executing "sed -i -e {s/\(set ::env(PREV_NETLIST)\).*/\1 0/} /work/runs/wokwi/config.tcl"

Tue Nov 08 09:12:04 UTC 2022 - Executing "sed -i /defparam/d /work/runs/wokwi/results/synthesis/tholin_avalonsemi_5401.v"

Tue Nov 08 09:12:04 UTC 2022 - Executing "openroad -exit /openlane/scripts/openroad/sta.tcl |& tee >&@stdout /work/runs/wokwi/logs/synthesis/2-sta.log"

Tue Nov 08 09:12:06 UTC 2022 - Executing "openroad -exit /openlane/scripts/openroad/floorplan.tcl |& tee >&@stdout /work/runs/wokwi/logs/floorplan/3-initial_fp.log"

Tue Nov 08 09:12:08 UTC 2022 - Executing "openroad -python /openlane/scripts/odbpy/defutil.py extract_core_dims --output-data /work/runs/wokwi/tmp/dimensions.txt --input-lef /work/runs/wokwi/tmp/merged.nom.lef /work/runs/wokwi/tmp/floorplan/3-initial_fp.def"

Tue Nov 08 09:12:08 UTC 2022 - Executing "openroad -python /openlane/scripts/odbpy/io_place.py --output /work/runs/wokwi/tmp/floorplan/4-io.def --input-lef /work/runs/wokwi/tmp/merged.nom.lef --config /work/src/pin_order.cfg --hor-layer met3 --ver-layer met2 --ver-width-mult 2 --hor-width-mult 2 --hor-extension -1 --ver-extension -1 --length 2 --unmatched-error /work/runs/wokwi/tmp/floorplan/3-initial_fp.def |& tee /work/runs/wokwi/logs/floorplan/4-place_io_ol.log >&@stdout"

Tue Nov 08 09:12:10 UTC 2022 - Executing "openroad -exit /openlane/scripts/openroad/tapcell.tcl |& tee >&@stdout /work/runs/wokwi/logs/floorplan/5-tap.log"

Tue Nov 08 09:12:11 UTC 2022 - Executing "openroad -exit /openlane/scripts/openroad/pdn.tcl |& tee >&@stdout /work/runs/wokwi/logs/floorplan/6-pdn.log"

Tue Nov 08 09:12:13 UTC 2022 - Executing "openroad -exit /openlane/scripts/openroad/replace.tcl |& tee >&@stdout /work/runs/wokwi/logs/placement/7-global.log"

Tue Nov 08 09:12:15 UTC 2022 - Executing "openroad -exit /openlane/scripts/openroad/resizer.tcl |& tee >&@stdout /work/runs/wokwi/logs/placement/8-resizer.log"

Tue Nov 08 09:12:17 UTC 2022 - Executing "openroad -exit /openlane/scripts/openroad/write_verilog.tcl |& tee >&@stdout /work/runs/wokwi/logs/placement/9-write_verilog.log"

Tue Nov 08 09:12:18 UTC 2022 - Executing "sed -i -e {s/\(set ::env(CURRENT_NETLIST)\).*/\1 \/work\/runs\/wokwi\/results\/placement\/tholin_avalonsemi_5401.resized.v/} /work/runs/wokwi/config.tcl"

Tue Nov 08 09:12:18 UTC 2022 - Executing "sed -i -e {s/\(set ::env(PREV_NETLIST)\).*/\1 \/work\/runs\/wokwi\/results\/synthesis\/tholin_avalonsemi_5401.v/} /work/runs/wokwi/config.tcl"

Tue Nov 08 09:12:18 UTC 2022 - Executing "openroad -exit /openlane/scripts/openroad/opendp.tcl |& tee >&@stdout /work/runs/wokwi/logs/placement/10-detailed.log"

Tue Nov 08 09:12:19 UTC 2022 - Executing "openroad -python /openlane/scripts/libtrim.py --cell-file /work/runs/wokwi/tmp/cts/cts.lib.exclude.list --output /work/runs/wokwi/tmp/cts/cts.lib /home/tholin/pdk/sky130A/libs.ref/sky130_fd_sc_hd/lib/sky130_fd_sc_hd__tt_025C_1v80.lib"

Tue Nov 08 09:12:20 UTC 2022 - Executing "openroad -exit /openlane/scripts/openroad/cts.tcl |& tee >&@stdout /work/runs/wokwi/logs/cts/11-cts.log"

Tue Nov 08 09:13:45 UTC 2022 - Executing "openroad -exit /openlane/scripts/openroad/write_verilog.tcl |& tee >&@stdout /work/runs/wokwi/logs/cts/12-write_verilog.log"

Tue Nov 08 09:13:46 UTC 2022 - Executing "sed -i -e {s/\(set ::env(CURRENT_NETLIST)\).*/\1 \/work\/runs\/wokwi\/results\/cts\/tholin_avalonsemi_5401.v/} /work/runs/wokwi/config.tcl"

Tue Nov 08 09:13:46 UTC 2022 - Executing "sed -i -e {s/\(set ::env(PREV_NETLIST)\).*/\1 \/work\/runs\/wokwi\/results\/placement\/tholin_avalonsemi_5401.resized.v/} /work/runs/wokwi/config.tcl"

Tue Nov 08 09:13:46 UTC 2022 - Executing "openroad -exit /openlane/scripts/openroad/resizer_timing.tcl |& tee >&@stdout /work/runs/wokwi/logs/cts/13-resizer.log"

Tue Nov 08 09:13:48 UTC 2022 - Executing "openroad -exit /openlane/scripts/openroad/write_verilog.tcl |& tee >&@stdout /work/runs/wokwi/logs/cts/14-write_verilog.log"

Tue Nov 08 09:13:48 UTC 2022 - Executing "sed -i -e {s/\(set ::env(CURRENT_NETLIST)\).*/\1 \/work\/runs\/wokwi\/results\/cts\/tholin_avalonsemi_5401.resized.v/} /work/runs/wokwi/config.tcl"

Tue Nov 08 09:13:49 UTC 2022 - Executing "sed -i -e {s/\(set ::env(PREV_NETLIST)\).*/\1 \/work\/runs\/wokwi\/results\/cts\/tholin_avalonsemi_5401.v/} /work/runs/wokwi/config.tcl"

Tue Nov 08 09:13:49 UTC 2022 - Executing "openroad -exit /openlane/scripts/openroad/resizer_routing_timing.tcl |& tee >&@stdout /work/runs/wokwi/logs/routing/15-resizer.log"

Tue Nov 08 09:13:51 UTC 2022 - Executing "openroad -exit /openlane/scripts/openroad/write_verilog.tcl |& tee >&@stdout /work/runs/wokwi/logs/routing/16-write_verilog.log"

Tue Nov 08 09:13:51 UTC 2022 - Executing "sed -i -e {s/\(set ::env(CURRENT_NETLIST)\).*/\1 \/work\/runs\/wokwi\/results\/routing\/tholin_avalonsemi_5401.resized.v/} /work/runs/wokwi/config.tcl"

Tue Nov 08 09:13:51 UTC 2022 - Executing "sed -i -e {s/\(set ::env(PREV_NETLIST)\).*/\1 \/work\/runs\/wokwi\/results\/cts\/tholin_avalonsemi_5401.resized.v/} /work/runs/wokwi/config.tcl"

Tue Nov 08 09:13:51 UTC 2022 - Executing "openroad -exit /openlane/scripts/openroad/opendp.tcl |& tee >&@stdout /work/runs/wokwi/logs/routing/17-diode_legalization.log"

Tue Nov 08 09:13:52 UTC 2022 - Executing "openroad -exit /openlane/scripts/openroad/groute.tcl |& tee >&@stdout /work/runs/wokwi/logs/routing/18-global.log"

Tue Nov 08 09:13:55 UTC 2022 - Executing "openroad -exit /openlane/scripts/openroad/fill.tcl |& tee >&@stdout /work/runs/wokwi/logs/routing/19-fill.log"

Tue Nov 08 09:13:56 UTC 2022 - Executing "openroad -exit /openlane/scripts/openroad/write_verilog.tcl |& tee >&@stdout /work/runs/wokwi/logs/routing/20-write_verilog_global.log"

Tue Nov 08 09:13:57 UTC 2022 - Executing "sed -i -e {s/\(set ::env(CURRENT_NETLIST)\).*/\1 \/work\/runs\/wokwi\/tmp\/routing\/19-global.v/} /work/runs/wokwi/config.tcl"

Tue Nov 08 09:13:57 UTC 2022 - Executing "sed -i -e {s/\(set ::env(PREV_NETLIST)\).*/\1 \/work\/runs\/wokwi\/results\/routing\/tholin_avalonsemi_5401.resized.v/} /work/runs/wokwi/config.tcl"

Tue Nov 08 09:13:57 UTC 2022 - Executing "openroad -exit /openlane/scripts/openroad/droute.tcl |& tee >&@stdout /work/runs/wokwi/logs/routing/21-detailed.log"

