OpenROAD 0b8b7ae255f8fbbbefa57d443949b84e73eed757 
This program is licensed under the BSD-3 license. See the LICENSE file for details.
Components of this program may be licensed under more restrictive licenses which must be honored.
[INFO ODB-0222] Reading LEF file: /work/runs/wokwi/tmp/merged.unpadded.nom.lef
[INFO ODB-0223]     Created 13 technology layers
[INFO ODB-0224]     Created 25 technology vias
[INFO ODB-0225]     Created 441 library cells
[INFO ODB-0226] Finished LEF file:  /work/runs/wokwi/tmp/merged.unpadded.nom.lef
[INFO ODB-0127] Reading DEF file: /work/runs/wokwi/tmp/cts/13-resizer_timing.def
[INFO ODB-0128] Design: tholin_avalonsemi_5401
[INFO ODB-0130]     Created 18 pins.
[INFO ODB-0131]     Created 560 components and 3225 component-terminals.
[INFO ODB-0132]     Created 2 special nets and 2030 connections.
[INFO ODB-0133]     Created 383 nets and 1195 connections.
[INFO ODB-0134] Finished DEF file: /work/runs/wokwi/tmp/cts/13-resizer_timing.def
###############################################################################
# Created by write_sdc
# Thu Nov 10 11:28:17 2022
###############################################################################
current_design tholin_avalonsemi_5401
###############################################################################
# Timing Constraints
###############################################################################
create_clock -name io_in[0] -period 10000.0000 [get_ports {io_in[0]}]
set_clock_transition 0.1500 [get_clocks {io_in[0]}]
set_clock_uncertainty 0.2500 io_in[0]
set_propagated_clock [get_clocks {io_in[0]}]
set_input_delay 2000.0000 -clock [get_clocks {io_in[0]}] -add_delay [get_ports {io_in[1]}]
set_input_delay 2000.0000 -clock [get_clocks {io_in[0]}] -add_delay [get_ports {io_in[2]}]
set_input_delay 2000.0000 -clock [get_clocks {io_in[0]}] -add_delay [get_ports {io_in[3]}]
set_input_delay 2000.0000 -clock [get_clocks {io_in[0]}] -add_delay [get_ports {io_in[4]}]
set_input_delay 2000.0000 -clock [get_clocks {io_in[0]}] -add_delay [get_ports {io_in[5]}]
set_input_delay 2000.0000 -clock [get_clocks {io_in[0]}] -add_delay [get_ports {io_in[6]}]
set_input_delay 2000.0000 -clock [get_clocks {io_in[0]}] -add_delay [get_ports {io_in[7]}]
set_output_delay 2000.0000 -clock [get_clocks {io_in[0]}] -add_delay [get_ports {io_out[0]}]
set_output_delay 2000.0000 -clock [get_clocks {io_in[0]}] -add_delay [get_ports {io_out[1]}]
set_output_delay 2000.0000 -clock [get_clocks {io_in[0]}] -add_delay [get_ports {io_out[2]}]
set_output_delay 2000.0000 -clock [get_clocks {io_in[0]}] -add_delay [get_ports {io_out[3]}]
set_output_delay 2000.0000 -clock [get_clocks {io_in[0]}] -add_delay [get_ports {io_out[4]}]
set_output_delay 2000.0000 -clock [get_clocks {io_in[0]}] -add_delay [get_ports {io_out[5]}]
set_output_delay 2000.0000 -clock [get_clocks {io_in[0]}] -add_delay [get_ports {io_out[6]}]
set_output_delay 2000.0000 -clock [get_clocks {io_in[0]}] -add_delay [get_ports {io_out[7]}]
###############################################################################
# Environment
###############################################################################
set_load -pin_load 0.0334 [get_ports {io_out[7]}]
set_load -pin_load 0.0334 [get_ports {io_out[6]}]
set_load -pin_load 0.0334 [get_ports {io_out[5]}]
set_load -pin_load 0.0334 [get_ports {io_out[4]}]
set_load -pin_load 0.0334 [get_ports {io_out[3]}]
set_load -pin_load 0.0334 [get_ports {io_out[2]}]
set_load -pin_load 0.0334 [get_ports {io_out[1]}]
set_load -pin_load 0.0334 [get_ports {io_out[0]}]
set_driving_cell -lib_cell sky130_fd_sc_hd__inv_2 -pin {Y} -input_transition_rise 0.0000 -input_transition_fall 0.0000 [get_ports {io_in[7]}]
set_driving_cell -lib_cell sky130_fd_sc_hd__inv_2 -pin {Y} -input_transition_rise 0.0000 -input_transition_fall 0.0000 [get_ports {io_in[6]}]
set_driving_cell -lib_cell sky130_fd_sc_hd__inv_2 -pin {Y} -input_transition_rise 0.0000 -input_transition_fall 0.0000 [get_ports {io_in[5]}]
set_driving_cell -lib_cell sky130_fd_sc_hd__inv_2 -pin {Y} -input_transition_rise 0.0000 -input_transition_fall 0.0000 [get_ports {io_in[4]}]
set_driving_cell -lib_cell sky130_fd_sc_hd__inv_2 -pin {Y} -input_transition_rise 0.0000 -input_transition_fall 0.0000 [get_ports {io_in[3]}]
set_driving_cell -lib_cell sky130_fd_sc_hd__inv_2 -pin {Y} -input_transition_rise 0.0000 -input_transition_fall 0.0000 [get_ports {io_in[2]}]
set_driving_cell -lib_cell sky130_fd_sc_hd__inv_2 -pin {Y} -input_transition_rise 0.0000 -input_transition_fall 0.0000 [get_ports {io_in[1]}]
set_driving_cell -lib_cell sky130_fd_sc_hd__inv_2 -pin {Y} -input_transition_rise 0.0000 -input_transition_fall 0.0000 [get_ports {io_in[0]}]
set_timing_derate -early 0.9500
set_timing_derate -late 1.0500
###############################################################################
# Design Rules
###############################################################################
set_max_fanout 5.0000 [current_design]
[INFO]: Setting signal min routing layer to: met1 and clock min routing layer to met1. 
[INFO]: Setting signal max routing layer to: met4 and clock max routing layer to met4. 
-congestion_iterations 50 -verbose
[INFO GRT-0020] Min routing layer: met1
[INFO GRT-0021] Max routing layer: met4
[INFO GRT-0022] Global adjustment: 30%
[INFO GRT-0023] Grid origin: (0, 0)
[INFO GRT-0043] No OR_DEFAULT vias defined.
[INFO GRT-0088] Layer li1     Track-Pitch = 0.4600  line-2-Via Pitch: 0.3400
[INFO GRT-0088] Layer met1    Track-Pitch = 0.3400  line-2-Via Pitch: 0.3400
[INFO GRT-0088] Layer met2    Track-Pitch = 0.4600  line-2-Via Pitch: 0.3500
[INFO GRT-0088] Layer met3    Track-Pitch = 0.6800  line-2-Via Pitch: 0.6150
[INFO GRT-0088] Layer met4    Track-Pitch = 0.9200  line-2-Via Pitch: 0.6150
[INFO GRT-0019] Found 72 clock nets.
[INFO GRT-0001] Minimum degree: 2
[INFO GRT-0002] Maximum degree: 6
[INFO GRT-0003] Macros: 0
[INFO GRT-0004] Blockages: 902

[INFO GRT-0053] Routing resources analysis:
          Routing      Original      Derated      Resource
Layer     Direction    Resources     Resources    Reduction (%)
---------------------------------------------------------------
li1        Vertical            0             0          0.00%
met1       Horizontal       4420          2198          50.27%
met2       Vertical         3315          2131          35.72%
met3       Horizontal       2210          1488          32.67%
met4       Vertical         1547           880          43.12%
---------------------------------------------------------------

[INFO GRT-0101] Running extra iterations to remove overflow.
[INFO GRT-0197] Via related to pin nodes: 2081
[INFO GRT-0198] Via related Steiner nodes: 119
[INFO GRT-0199] Via filling finished.
[INFO GRT-0111] Final number of vias: 2976
[INFO GRT-0112] Final usage 3D: 13095

[INFO GRT-0096] Final congestion report:
Layer         Resource        Demand        Usage (%)    Max H / Max V / Total Overflow
---------------------------------------------------------------------------------------
li1                  0             0            0.00%             0 /  0 /  0
met1              2198          1322           60.15%             0 /  0 /  0
met2              2131          1547           72.60%             0 /  0 /  0
met3              1488           803           53.97%             0 /  0 /  0
met4               880           495           56.25%             0 /  0 /  0
---------------------------------------------------------------------------------------
Total             6697          4167           62.22%             0 /  0 /  0

[INFO GRT-0018] Total wirelength: 40026 um
[INFO]: Setting RC values...
[INFO RSZ-0033] No hold violations found.
Placement Analysis
---------------------------------
total displacement          0.0 u
average displacement        0.0 u
max displacement            0.0 u
original HPWL           24534.4 u
legalized HPWL          25055.5 u
delta HPWL                    2 %

[INFO DPL-0020] Mirrored 188 instances
[INFO DPL-0021] HPWL before           25055.5 u
[INFO DPL-0022] HPWL after            24534.4 u
[INFO DPL-0023] HPWL delta               -2.1 %
min_report

===========================================================================
report_checks -path_delay min (Hold)
============================================================================
Startpoint: io_in[1] (input port clocked by io_in[0])
Endpoint: _513_ (removal check against rising-edge clock io_in[0])
Path Group: **async_default**
Path Type: min

Fanout     Cap    Slew   Delay    Time   Description
-----------------------------------------------------------------------------
                          0.00    0.00   clock io_in[0] (rise edge)
                          0.00    0.00   clock network delay (propagated)
                       2000.00 2000.00 v input external delay
                  0.04    0.02 2000.02 v io_in[1] (in)
     1    0.02                           io_in[1] (net)
                  0.04    0.00 2000.02 v input1/A (sky130_fd_sc_hd__clkbuf_1)
                  0.14    0.17 2000.19 v input1/X (sky130_fd_sc_hd__clkbuf_1)
     4    0.02                           net1 (net)
                  0.14    0.00 2000.19 v _223_/A (sky130_fd_sc_hd__clkbuf_2)
                  0.11    0.20 2000.40 v _223_/X (sky130_fd_sc_hd__clkbuf_2)
     5    0.03                           _043_ (net)
                  0.11    0.00 2000.40 v _224_/A (sky130_fd_sc_hd__clkbuf_2)
                  0.11    0.19 2000.59 v _224_/X (sky130_fd_sc_hd__clkbuf_2)
     5    0.03                           _044_ (net)
                  0.11    0.00 2000.59 v _467_/A (sky130_fd_sc_hd__nand2_2)
                  0.07    0.10 2000.68 ^ _467_/Y (sky130_fd_sc_hd__nand2_2)
     1    0.01                           _001_ (net)
                  0.07    0.00 2000.68 ^ _513_/RESET_B (sky130_fd_sc_hd__dfrtp_1)
                               2000.68   data arrival time

                          0.00    0.00   clock io_in[0] (rise edge)
                          0.00    0.00   clock source latency
                  0.06    0.05    0.05 ^ io_in[0] (in)
     1    0.01                           io_in[0] (net)
                  0.06    0.00    0.05 ^ clkbuf_0_io_in[0]/A (sky130_fd_sc_hd__clkbuf_16)
                  0.04    0.14    0.18 ^ clkbuf_0_io_in[0]/X (sky130_fd_sc_hd__clkbuf_16)
     2    0.02                           clknet_0_io_in[0] (net)
                  0.04    0.00    0.18 ^ clkbuf_1_0__f_io_in[0]/A (sky130_fd_sc_hd__clkbuf_16)
                  0.03    0.12    0.31 ^ clkbuf_1_0__f_io_in[0]/X (sky130_fd_sc_hd__clkbuf_16)
     3    0.01                           clknet_1_0__leaf_io_in[0] (net)
                  0.03    0.00    0.31 ^ _513_/CLK (sky130_fd_sc_hd__dfrtp_1)
                          0.25    0.56   clock uncertainty
                          0.00    0.56   clock reconvergence pessimism
                          0.32    0.88   library removal time
                                  0.88   data required time
-----------------------------------------------------------------------------
                                  0.88   data required time
                               -2000.68   data arrival time
-----------------------------------------------------------------------------
                               1999.80   slack (MET)


Startpoint: io_in[1] (input port clocked by io_in[0])
Endpoint: _519_ (removal check against rising-edge clock io_in[0])
Path Group: **async_default**
Path Type: min

Fanout     Cap    Slew   Delay    Time   Description
-----------------------------------------------------------------------------
                          0.00    0.00   clock io_in[0] (rise edge)
                          0.00    0.00   clock network delay (propagated)
                       2000.00 2000.00 v input external delay
                  0.04    0.02 2000.02 v io_in[1] (in)
     1    0.02                           io_in[1] (net)
                  0.04    0.00 2000.02 v input1/A (sky130_fd_sc_hd__clkbuf_1)
                  0.14    0.17 2000.19 v input1/X (sky130_fd_sc_hd__clkbuf_1)
     4    0.02                           net1 (net)
                  0.14    0.00 2000.19 v _223_/A (sky130_fd_sc_hd__clkbuf_2)
                  0.11    0.20 2000.40 v _223_/X (sky130_fd_sc_hd__clkbuf_2)
     5    0.03                           _043_ (net)
                  0.11    0.00 2000.40 v _471_/A (sky130_fd_sc_hd__clkbuf_2)
                  0.15    0.22 2000.62 v _471_/X (sky130_fd_sc_hd__clkbuf_2)
     5    0.04                           _219_ (net)
                  0.15    0.00 2000.62 v _475_/A (sky130_fd_sc_hd__nand2_2)
                  0.07    0.11 2000.73 ^ _475_/Y (sky130_fd_sc_hd__nand2_2)
     1    0.01                           _008_ (net)
                  0.07    0.00 2000.73 ^ _519_/RESET_B (sky130_fd_sc_hd__dfrtp_1)
                               2000.73   data arrival time

                          0.00    0.00   clock io_in[0] (rise edge)
                          0.00    0.00   clock source latency
                  0.06    0.05    0.05 ^ io_in[0] (in)
     1    0.01                           io_in[0] (net)
                  0.06    0.00    0.05 ^ clkbuf_0_io_in[0]/A (sky130_fd_sc_hd__clkbuf_16)
                  0.04    0.14    0.18 ^ clkbuf_0_io_in[0]/X (sky130_fd_sc_hd__clkbuf_16)
     2    0.02                           clknet_0_io_in[0] (net)
                  0.04    0.00    0.18 ^ clkbuf_1_0__f_io_in[0]/A (sky130_fd_sc_hd__clkbuf_16)
                  0.03    0.12    0.31 ^ clkbuf_1_0__f_io_in[0]/X (sky130_fd_sc_hd__clkbuf_16)
     3    0.01                           clknet_1_0__leaf_io_in[0] (net)
                  0.03    0.00    0.31 ^ _519_/CLK (sky130_fd_sc_hd__dfrtp_1)
                          0.25    0.56   clock uncertainty
                          0.00    0.56   clock reconvergence pessimism
                          0.32    0.88   library removal time
                                  0.88   data required time
-----------------------------------------------------------------------------
                                  0.88   data required time
                               -2000.73   data arrival time
-----------------------------------------------------------------------------
                               1999.85   slack (MET)


Startpoint: _498_ (rising edge-triggered flip-flop clocked by io_in[0])
Endpoint: _498_ (rising edge-triggered flip-flop clocked by io_in[0])
Path Group: io_in[0]
Path Type: min

Fanout     Cap    Slew   Delay    Time   Description
-----------------------------------------------------------------------------
                          0.00    0.00   clock io_in[0] (rise edge)
                          0.00    0.00   clock source latency
                  0.06    0.04    0.04 ^ io_in[0] (in)
     1    0.01                           io_in[0] (net)
                  0.06    0.00    0.04 ^ clkbuf_0_io_in[0]/A (sky130_fd_sc_hd__clkbuf_16)
                  0.04    0.13    0.17 ^ clkbuf_0_io_in[0]/X (sky130_fd_sc_hd__clkbuf_16)
     2    0.02                           clknet_0_io_in[0] (net)
                  0.04    0.00    0.17 ^ clkbuf_1_1__f_io_in[0]/A (sky130_fd_sc_hd__clkbuf_16)
                  0.04    0.12    0.28 ^ clkbuf_1_1__f_io_in[0]/X (sky130_fd_sc_hd__clkbuf_16)
     3    0.02                           clknet_1_1__leaf_io_in[0] (net)
                  0.04    0.00    0.28 ^ _253_/A (sky130_fd_sc_hd__buf_1)
                  0.12    0.13    0.41 ^ _253_/X (sky130_fd_sc_hd__buf_1)
     1    0.01                           _063_ (net)
                  0.12    0.00    0.41 ^ clkbuf_0__063_/A (sky130_fd_sc_hd__clkbuf_16)
                  0.04    0.15    0.56 ^ clkbuf_0__063_/X (sky130_fd_sc_hd__clkbuf_16)
     2    0.02                           clknet_0__063_ (net)
                  0.04    0.00    0.56 ^ clkbuf_1_0__f__063_/A (sky130_fd_sc_hd__clkbuf_16)
                  0.03    0.11    0.67 ^ clkbuf_1_0__f__063_/X (sky130_fd_sc_hd__clkbuf_16)
     3    0.01                           clknet_1_0__leaf__063_ (net)
                  0.03    0.00    0.67 ^ _270_/A (sky130_fd_sc_hd__and3_2)
                  0.07    0.17    0.84 ^ _270_/X (sky130_fd_sc_hd__and3_2)
     1    0.01                           _078_ (net)
                  0.07    0.00    0.84 ^ _271_/A (sky130_fd_sc_hd__buf_1)
                  0.16    0.16    0.99 ^ _271_/X (sky130_fd_sc_hd__buf_1)
     1    0.01                           CIRCUIT_0.int_memory_1.GATES_14.result (net)
                  0.16    0.00    0.99 ^ clkbuf_0_CIRCUIT_0.int_memory_1.GATES_14.result/A (sky130_fd_sc_hd__clkbuf_16)
                  0.04    0.16    1.15 ^ clkbuf_0_CIRCUIT_0.int_memory_1.GATES_14.result/X (sky130_fd_sc_hd__clkbuf_16)
     2    0.02                           clknet_0_CIRCUIT_0.int_memory_1.GATES_14.result (net)
                  0.04    0.00    1.15 ^ clkbuf_1_1__f_CIRCUIT_0.int_memory_1.GATES_14.result/A (sky130_fd_sc_hd__clkbuf_16)
                  0.03    0.11    1.26 ^ clkbuf_1_1__f_CIRCUIT_0.int_memory_1.GATES_14.result/X (sky130_fd_sc_hd__clkbuf_16)
     2    0.01                           clknet_1_1__leaf_CIRCUIT_0.int_memory_1.GATES_14.result (net)
                  0.03    0.00    1.26 ^ _498_/CLK (sky130_fd_sc_hd__dfxtp_1)
                  0.08    0.31    1.57 ^ _498_/Q (sky130_fd_sc_hd__dfxtp_1)
     2    0.01                           CIRCUIT_0.int_memory_1.GATES_2.input2[2] (net)
                  0.08    0.00    1.57 ^ _451_/A1 (sky130_fd_sc_hd__a21o_1)
                  0.04    0.10    1.67 ^ _451_/X (sky130_fd_sc_hd__a21o_1)
     1    0.00                           _025_ (net)
                  0.04    0.00    1.67 ^ _498_/D (sky130_fd_sc_hd__dfxtp_1)
                                  1.67   data arrival time

                          0.00    0.00   clock io_in[0] (rise edge)
                          0.00    0.00   clock source latency
                  0.06    0.05    0.05 ^ io_in[0] (in)
     1    0.01                           io_in[0] (net)
                  0.06    0.00    0.05 ^ clkbuf_0_io_in[0]/A (sky130_fd_sc_hd__clkbuf_16)
                  0.04    0.14    0.18 ^ clkbuf_0_io_in[0]/X (sky130_fd_sc_hd__clkbuf_16)
     2    0.02                           clknet_0_io_in[0] (net)
                  0.04    0.00    0.18 ^ clkbuf_1_1__f_io_in[0]/A (sky130_fd_sc_hd__clkbuf_16)
                  0.04    0.13    0.31 ^ clkbuf_1_1__f_io_in[0]/X (sky130_fd_sc_hd__clkbuf_16)
     3    0.02                           clknet_1_1__leaf_io_in[0] (net)
                  0.04    0.00    0.31 ^ _253_/A (sky130_fd_sc_hd__buf_1)
                  0.12    0.14    0.46 ^ _253_/X (sky130_fd_sc_hd__buf_1)
     1    0.01                           _063_ (net)
                  0.12    0.00    0.46 ^ clkbuf_0__063_/A (sky130_fd_sc_hd__clkbuf_16)
                  0.04    0.16    0.62 ^ clkbuf_0__063_/X (sky130_fd_sc_hd__clkbuf_16)
     2    0.02                           clknet_0__063_ (net)
                  0.04    0.00    0.62 ^ clkbuf_1_0__f__063_/A (sky130_fd_sc_hd__clkbuf_16)
                  0.03    0.12    0.74 ^ clkbuf_1_0__f__063_/X (sky130_fd_sc_hd__clkbuf_16)
     3    0.01                           clknet_1_0__leaf__063_ (net)
                  0.03    0.00    0.74 ^ _270_/A (sky130_fd_sc_hd__and3_2)
                  0.07    0.19    0.92 ^ _270_/X (sky130_fd_sc_hd__and3_2)
     1    0.01                           _078_ (net)
                  0.07    0.00    0.92 ^ _271_/A (sky130_fd_sc_hd__buf_1)
                  0.16    0.17    1.10 ^ _271_/X (sky130_fd_sc_hd__buf_1)
     1    0.01                           CIRCUIT_0.int_memory_1.GATES_14.result (net)
                  0.16    0.00    1.10 ^ clkbuf_0_CIRCUIT_0.int_memory_1.GATES_14.result/A (sky130_fd_sc_hd__clkbuf_16)
                  0.04    0.17    1.27 ^ clkbuf_0_CIRCUIT_0.int_memory_1.GATES_14.result/X (sky130_fd_sc_hd__clkbuf_16)
     2    0.02                           clknet_0_CIRCUIT_0.int_memory_1.GATES_14.result (net)
                  0.04    0.00    1.27 ^ clkbuf_1_1__f_CIRCUIT_0.int_memory_1.GATES_14.result/A (sky130_fd_sc_hd__clkbuf_16)
                  0.03    0.12    1.39 ^ clkbuf_1_1__f_CIRCUIT_0.int_memory_1.GATES_14.result/X (sky130_fd_sc_hd__clkbuf_16)
     2    0.01                           clknet_1_1__leaf_CIRCUIT_0.int_memory_1.GATES_14.result (net)
                  0.03    0.00    1.39 ^ _498_/CLK (sky130_fd_sc_hd__dfxtp_1)
                          0.25    1.64   clock uncertainty
                         -0.13    1.51   clock reconvergence pessimism
                         -0.03    1.48   library hold time
                                  1.48   data required time
-----------------------------------------------------------------------------
                                  1.48   data required time
                                 -1.67   data arrival time
-----------------------------------------------------------------------------
                                  0.20   slack (MET)


Startpoint: _510_ (rising edge-triggered flip-flop clocked by io_in[0])
Endpoint: _510_ (rising edge-triggered flip-flop clocked by io_in[0])
Path Group: io_in[0]
Path Type: min

Fanout     Cap    Slew   Delay    Time   Description
-----------------------------------------------------------------------------
                          0.00    0.00   clock io_in[0] (rise edge)
                          0.00    0.00   clock source latency
                  0.06    0.04    0.04 ^ io_in[0] (in)
     1    0.01                           io_in[0] (net)
                  0.06    0.00    0.04 ^ clkbuf_0_io_in[0]/A (sky130_fd_sc_hd__clkbuf_16)
                  0.04    0.13    0.17 ^ clkbuf_0_io_in[0]/X (sky130_fd_sc_hd__clkbuf_16)
     2    0.02                           clknet_0_io_in[0] (net)
                  0.04    0.00    0.17 ^ clkbuf_1_1__f_io_in[0]/A (sky130_fd_sc_hd__clkbuf_16)
                  0.04    0.12    0.28 ^ clkbuf_1_1__f_io_in[0]/X (sky130_fd_sc_hd__clkbuf_16)
     3    0.02                           clknet_1_1__leaf_io_in[0] (net)
                  0.04    0.00    0.28 ^ _279_/A (sky130_fd_sc_hd__and3_2)
                  0.07    0.17    0.46 ^ _279_/X (sky130_fd_sc_hd__and3_2)
     1    0.01                           _084_ (net)
                  0.07    0.00    0.46 ^ _280_/A (sky130_fd_sc_hd__buf_1)
                  0.15    0.16    0.61 ^ _280_/X (sky130_fd_sc_hd__buf_1)
     1    0.01                           CIRCUIT_0.int_memory_1.GATES_17.result (net)
                  0.15    0.00    0.61 ^ clkbuf_0_CIRCUIT_0.int_memory_1.GATES_17.result/A (sky130_fd_sc_hd__clkbuf_16)
                  0.04    0.15    0.77 ^ clkbuf_0_CIRCUIT_0.int_memory_1.GATES_17.result/X (sky130_fd_sc_hd__clkbuf_16)
     2    0.02                           clknet_0_CIRCUIT_0.int_memory_1.GATES_17.result (net)
                  0.04    0.00    0.77 ^ clkbuf_1_0__f_CIRCUIT_0.int_memory_1.GATES_17.result/A (sky130_fd_sc_hd__clkbuf_16)
                  0.03    0.11    0.88 ^ clkbuf_1_0__f_CIRCUIT_0.int_memory_1.GATES_17.result/X (sky130_fd_sc_hd__clkbuf_16)
     2    0.01                           clknet_1_0__leaf_CIRCUIT_0.int_memory_1.GATES_17.result (net)
                  0.03    0.00    0.88 ^ _510_/CLK (sky130_fd_sc_hd__dfxtp_1)
                  0.08    0.31    1.19 ^ _510_/Q (sky130_fd_sc_hd__dfxtp_1)
     2    0.01                           CIRCUIT_0.int_memory_1.GATES_5.input2[2] (net)
                  0.08    0.00    1.19 ^ _464_/A1 (sky130_fd_sc_hd__a21o_1)
                  0.04    0.11    1.30 ^ _464_/X (sky130_fd_sc_hd__a21o_1)
     1    0.00                           _037_ (net)
                  0.04    0.00    1.30 ^ _510_/D (sky130_fd_sc_hd__dfxtp_1)
                                  1.30   data arrival time

                          0.00    0.00   clock io_in[0] (rise edge)
                          0.00    0.00   clock source latency
                  0.06    0.05    0.05 ^ io_in[0] (in)
     1    0.01                           io_in[0] (net)
                  0.06    0.00    0.05 ^ clkbuf_0_io_in[0]/A (sky130_fd_sc_hd__clkbuf_16)
                  0.04    0.14    0.18 ^ clkbuf_0_io_in[0]/X (sky130_fd_sc_hd__clkbuf_16)
     2    0.02                           clknet_0_io_in[0] (net)
                  0.04    0.00    0.18 ^ clkbuf_1_1__f_io_in[0]/A (sky130_fd_sc_hd__clkbuf_16)
                  0.04    0.13    0.31 ^ clkbuf_1_1__f_io_in[0]/X (sky130_fd_sc_hd__clkbuf_16)
     3    0.02                           clknet_1_1__leaf_io_in[0] (net)
                  0.04    0.00    0.31 ^ _279_/A (sky130_fd_sc_hd__and3_2)
                  0.07    0.19    0.51 ^ _279_/X (sky130_fd_sc_hd__and3_2)
     1    0.01                           _084_ (net)
                  0.07    0.00    0.51 ^ _280_/A (sky130_fd_sc_hd__buf_1)
                  0.15    0.17    0.68 ^ _280_/X (sky130_fd_sc_hd__buf_1)
     1    0.01                           CIRCUIT_0.int_memory_1.GATES_17.result (net)
                  0.15    0.00    0.68 ^ clkbuf_0_CIRCUIT_0.int_memory_1.GATES_17.result/A (sky130_fd_sc_hd__clkbuf_16)
                  0.04    0.17    0.85 ^ clkbuf_0_CIRCUIT_0.int_memory_1.GATES_17.result/X (sky130_fd_sc_hd__clkbuf_16)
     2    0.02                           clknet_0_CIRCUIT_0.int_memory_1.GATES_17.result (net)
                  0.04    0.00    0.85 ^ clkbuf_1_0__f_CIRCUIT_0.int_memory_1.GATES_17.result/A (sky130_fd_sc_hd__clkbuf_16)
                  0.03    0.12    0.97 ^ clkbuf_1_0__f_CIRCUIT_0.int_memory_1.GATES_17.result/X (sky130_fd_sc_hd__clkbuf_16)
     2    0.01                           clknet_1_0__leaf_CIRCUIT_0.int_memory_1.GATES_17.result (net)
                  0.03    0.00    0.97 ^ _510_/CLK (sky130_fd_sc_hd__dfxtp_1)
                          0.25    1.22   clock uncertainty
                         -0.09    1.13   clock reconvergence pessimism
                         -0.03    1.09   library hold time
                                  1.09   data required time
-----------------------------------------------------------------------------
                                  1.09   data required time
                                 -1.30   data arrival time
-----------------------------------------------------------------------------
                                  0.20   slack (MET)


Startpoint: _504_ (rising edge-triggered flip-flop clocked by io_in[0])
Endpoint: _504_ (rising edge-triggered flip-flop clocked by io_in[0])
Path Group: io_in[0]
Path Type: min

Fanout     Cap    Slew   Delay    Time   Description
-----------------------------------------------------------------------------
                          0.00    0.00   clock io_in[0] (rise edge)
                          0.00    0.00   clock source latency
                  0.06    0.04    0.04 ^ io_in[0] (in)
     1    0.01                           io_in[0] (net)
                  0.06    0.00    0.04 ^ clkbuf_0_io_in[0]/A (sky130_fd_sc_hd__clkbuf_16)
                  0.04    0.13    0.17 ^ clkbuf_0_io_in[0]/X (sky130_fd_sc_hd__clkbuf_16)
     2    0.02                           clknet_0_io_in[0] (net)
                  0.04    0.00    0.17 ^ clkbuf_1_0__f_io_in[0]/A (sky130_fd_sc_hd__clkbuf_16)
                  0.03    0.11    0.28 ^ clkbuf_1_0__f_io_in[0]/X (sky130_fd_sc_hd__clkbuf_16)
     3    0.01                           clknet_1_0__leaf_io_in[0] (net)
                  0.03    0.00    0.28 ^ _276_/A (sky130_fd_sc_hd__and3_2)
                  0.09    0.19    0.47 ^ _276_/X (sky130_fd_sc_hd__and3_2)
     1    0.01                           _082_ (net)
                  0.09    0.00    0.47 ^ _277_/A (sky130_fd_sc_hd__buf_1)
                  0.19    0.19    0.66 ^ _277_/X (sky130_fd_sc_hd__buf_1)
     1    0.02                           CIRCUIT_0.int_memory_1.GATES_16.result (net)
                  0.19    0.00    0.66 ^ clkbuf_0_CIRCUIT_0.int_memory_1.GATES_16.result/A (sky130_fd_sc_hd__clkbuf_16)
                  0.04    0.16    0.82 ^ clkbuf_0_CIRCUIT_0.int_memory_1.GATES_16.result/X (sky130_fd_sc_hd__clkbuf_16)
     2    0.02                           clknet_0_CIRCUIT_0.int_memory_1.GATES_16.result (net)
                  0.04    0.00    0.82 ^ clkbuf_1_0__f_CIRCUIT_0.int_memory_1.GATES_16.result/A (sky130_fd_sc_hd__clkbuf_16)
                  0.03    0.11    0.93 ^ clkbuf_1_0__f_CIRCUIT_0.int_memory_1.GATES_16.result/X (sky130_fd_sc_hd__clkbuf_16)
     2    0.01                           clknet_1_0__leaf_CIRCUIT_0.int_memory_1.GATES_16.result (net)
                  0.03    0.00    0.93 ^ _504_/CLK (sky130_fd_sc_hd__dfxtp_1)
                  0.08    0.31    1.24 ^ _504_/Q (sky130_fd_sc_hd__dfxtp_1)
     2    0.01                           CIRCUIT_0.int_memory_1.GATES_4.input2[0] (net)
                  0.08    0.00    1.24 ^ _458_/A1 (sky130_fd_sc_hd__a21o_1)
                  0.05    0.11    1.35 ^ _458_/X (sky130_fd_sc_hd__a21o_1)
     1    0.00                           _031_ (net)
                  0.05    0.00    1.35 ^ _504_/D (sky130_fd_sc_hd__dfxtp_1)
                                  1.35   data arrival time

                          0.00    0.00   clock io_in[0] (rise edge)
                          0.00    0.00   clock source latency
                  0.06    0.05    0.05 ^ io_in[0] (in)
     1    0.01                           io_in[0] (net)
                  0.06    0.00    0.05 ^ clkbuf_0_io_in[0]/A (sky130_fd_sc_hd__clkbuf_16)
                  0.04    0.14    0.18 ^ clkbuf_0_io_in[0]/X (sky130_fd_sc_hd__clkbuf_16)
     2    0.02                           clknet_0_io_in[0] (net)
                  0.04    0.00    0.18 ^ clkbuf_1_0__f_io_in[0]/A (sky130_fd_sc_hd__clkbuf_16)
                  0.03    0.12    0.31 ^ clkbuf_1_0__f_io_in[0]/X (sky130_fd_sc_hd__clkbuf_16)
     3    0.01                           clknet_1_0__leaf_io_in[0] (net)
                  0.03    0.00    0.31 ^ _276_/A (sky130_fd_sc_hd__and3_2)
                  0.10    0.21    0.52 ^ _276_/X (sky130_fd_sc_hd__and3_2)
     1    0.01                           _082_ (net)
                  0.10    0.00    0.52 ^ _277_/A (sky130_fd_sc_hd__buf_1)
                  0.19    0.21    0.73 ^ _277_/X (sky130_fd_sc_hd__buf_1)
     1    0.02                           CIRCUIT_0.int_memory_1.GATES_16.result (net)
                  0.19    0.00    0.73 ^ clkbuf_0_CIRCUIT_0.int_memory_1.GATES_16.result/A (sky130_fd_sc_hd__clkbuf_16)
                  0.04    0.18    0.91 ^ clkbuf_0_CIRCUIT_0.int_memory_1.GATES_16.result/X (sky130_fd_sc_hd__clkbuf_16)
     2    0.02                           clknet_0_CIRCUIT_0.int_memory_1.GATES_16.result (net)
                  0.04    0.00    0.91 ^ clkbuf_1_0__f_CIRCUIT_0.int_memory_1.GATES_16.result/A (sky130_fd_sc_hd__clkbuf_16)
                  0.03    0.12    1.03 ^ clkbuf_1_0__f_CIRCUIT_0.int_memory_1.GATES_16.result/X (sky130_fd_sc_hd__clkbuf_16)
     2    0.01                           clknet_1_0__leaf_CIRCUIT_0.int_memory_1.GATES_16.result (net)
                  0.03    0.00    1.03 ^ _504_/CLK (sky130_fd_sc_hd__dfxtp_1)
                          0.25    1.28   clock uncertainty
                         -0.10    1.18   clock reconvergence pessimism
                         -0.03    1.15   library hold time
                                  1.15   data required time
-----------------------------------------------------------------------------
                                  1.15   data required time
                                 -1.35   data arrival time
-----------------------------------------------------------------------------
                                  0.20   slack (MET)


Startpoint: _489_ (rising edge-triggered flip-flop clocked by io_in[0])
Endpoint: _489_ (rising edge-triggered flip-flop clocked by io_in[0])
Path Group: io_in[0]
Path Type: min

Fanout     Cap    Slew   Delay    Time   Description
-----------------------------------------------------------------------------
                          0.00    0.00   clock io_in[0] (rise edge)
                          0.00    0.00   clock source latency
                  0.06    0.04    0.04 ^ io_in[0] (in)
     1    0.01                           io_in[0] (net)
                  0.06    0.00    0.04 ^ clkbuf_0_io_in[0]/A (sky130_fd_sc_hd__clkbuf_16)
                  0.04    0.13    0.17 ^ clkbuf_0_io_in[0]/X (sky130_fd_sc_hd__clkbuf_16)
     2    0.02                           clknet_0_io_in[0] (net)
                  0.04    0.00    0.17 ^ clkbuf_1_1__f_io_in[0]/A (sky130_fd_sc_hd__clkbuf_16)
                  0.04    0.12    0.28 ^ clkbuf_1_1__f_io_in[0]/X (sky130_fd_sc_hd__clkbuf_16)
     3    0.02                           clknet_1_1__leaf_io_in[0] (net)
                  0.04    0.00    0.28 ^ _253_/A (sky130_fd_sc_hd__buf_1)
                  0.12    0.13    0.41 ^ _253_/X (sky130_fd_sc_hd__buf_1)
     1    0.01                           _063_ (net)
                  0.12    0.00    0.41 ^ clkbuf_0__063_/A (sky130_fd_sc_hd__clkbuf_16)
                  0.04    0.15    0.56 ^ clkbuf_0__063_/X (sky130_fd_sc_hd__clkbuf_16)
     2    0.02                           clknet_0__063_ (net)
                  0.04    0.00    0.56 ^ clkbuf_1_1__f__063_/A (sky130_fd_sc_hd__clkbuf_16)
                  0.03    0.11    0.67 ^ clkbuf_1_1__f__063_/X (sky130_fd_sc_hd__clkbuf_16)
     2    0.01                           clknet_1_1__leaf__063_ (net)
                  0.03    0.00    0.67 ^ _263_/A (sky130_fd_sc_hd__and3_2)
                  0.06    0.16    0.83 ^ _263_/X (sky130_fd_sc_hd__and3_2)
     1    0.01                           _073_ (net)
                  0.06    0.00    0.83 ^ _264_/A (sky130_fd_sc_hd__buf_1)
                  0.15    0.15    0.98 ^ _264_/X (sky130_fd_sc_hd__buf_1)
     1    0.01                           CIRCUIT_0.int_memory_1.GATES_12.result (net)
                  0.15    0.00    0.98 ^ clkbuf_0_CIRCUIT_0.int_memory_1.GATES_12.result/A (sky130_fd_sc_hd__clkbuf_16)
                  0.04    0.15    1.13 ^ clkbuf_0_CIRCUIT_0.int_memory_1.GATES_12.result/X (sky130_fd_sc_hd__clkbuf_16)
     2    0.02                           clknet_0_CIRCUIT_0.int_memory_1.GATES_12.result (net)
                  0.04    0.00    1.13 ^ clkbuf_1_1__f_CIRCUIT_0.int_memory_1.GATES_12.result/A (sky130_fd_sc_hd__clkbuf_16)
                  0.03    0.11    1.24 ^ clkbuf_1_1__f_CIRCUIT_0.int_memory_1.GATES_12.result/X (sky130_fd_sc_hd__clkbuf_16)
     2    0.01                           clknet_1_1__leaf_CIRCUIT_0.int_memory_1.GATES_12.result (net)
                  0.03    0.00    1.24 ^ _489_/CLK (sky130_fd_sc_hd__dfxtp_1)
                  0.08    0.31    1.55 ^ _489_/Q (sky130_fd_sc_hd__dfxtp_1)
     2    0.01                           CIRCUIT_0.int_memory_1.GATES_6.input2[1] (net)
                  0.08    0.00    1.55 ^ _435_/A1 (sky130_fd_sc_hd__a21o_1)
                  0.05    0.12    1.66 ^ _435_/X (sky130_fd_sc_hd__a21o_1)
     1    0.00                           _040_ (net)
                  0.05    0.00    1.66 ^ _489_/D (sky130_fd_sc_hd__dfxtp_1)
                                  1.66   data arrival time

                          0.00    0.00   clock io_in[0] (rise edge)
                          0.00    0.00   clock source latency
                  0.06    0.05    0.05 ^ io_in[0] (in)
     1    0.01                           io_in[0] (net)
                  0.06    0.00    0.05 ^ clkbuf_0_io_in[0]/A (sky130_fd_sc_hd__clkbuf_16)
                  0.04    0.14    0.18 ^ clkbuf_0_io_in[0]/X (sky130_fd_sc_hd__clkbuf_16)
     2    0.02                           clknet_0_io_in[0] (net)
                  0.04    0.00    0.18 ^ clkbuf_1_1__f_io_in[0]/A (sky130_fd_sc_hd__clkbuf_16)
                  0.04    0.13    0.31 ^ clkbuf_1_1__f_io_in[0]/X (sky130_fd_sc_hd__clkbuf_16)
     3    0.02                           clknet_1_1__leaf_io_in[0] (net)
                  0.04    0.00    0.31 ^ _253_/A (sky130_fd_sc_hd__buf_1)
                  0.12    0.14    0.46 ^ _253_/X (sky130_fd_sc_hd__buf_1)
     1    0.01                           _063_ (net)
                  0.12    0.00    0.46 ^ clkbuf_0__063_/A (sky130_fd_sc_hd__clkbuf_16)
                  0.04    0.16    0.62 ^ clkbuf_0__063_/X (sky130_fd_sc_hd__clkbuf_16)
     2    0.02                           clknet_0__063_ (net)
                  0.04    0.00    0.62 ^ clkbuf_1_1__f__063_/A (sky130_fd_sc_hd__clkbuf_16)
                  0.03    0.12    0.74 ^ clkbuf_1_1__f__063_/X (sky130_fd_sc_hd__clkbuf_16)
     2    0.01                           clknet_1_1__leaf__063_ (net)
                  0.03    0.00    0.74 ^ _263_/A (sky130_fd_sc_hd__and3_2)
                  0.06    0.18    0.91 ^ _263_/X (sky130_fd_sc_hd__and3_2)
     1    0.01                           _073_ (net)
                  0.06    0.00    0.91 ^ _264_/A (sky130_fd_sc_hd__buf_1)
                  0.15    0.17    1.08 ^ _264_/X (sky130_fd_sc_hd__buf_1)
     1    0.01                           CIRCUIT_0.int_memory_1.GATES_12.result (net)
                  0.15    0.00    1.08 ^ clkbuf_0_CIRCUIT_0.int_memory_1.GATES_12.result/A (sky130_fd_sc_hd__clkbuf_16)
                  0.04    0.17    1.25 ^ clkbuf_0_CIRCUIT_0.int_memory_1.GATES_12.result/X (sky130_fd_sc_hd__clkbuf_16)
     2    0.02                           clknet_0_CIRCUIT_0.int_memory_1.GATES_12.result (net)
                  0.04    0.00    1.25 ^ clkbuf_1_1__f_CIRCUIT_0.int_memory_1.GATES_12.result/A (sky130_fd_sc_hd__clkbuf_16)
                  0.03    0.12    1.37 ^ clkbuf_1_1__f_CIRCUIT_0.int_memory_1.GATES_12.result/X (sky130_fd_sc_hd__clkbuf_16)
     2    0.01                           clknet_1_1__leaf_CIRCUIT_0.int_memory_1.GATES_12.result (net)
                  0.03    0.00    1.37 ^ _489_/CLK (sky130_fd_sc_hd__dfxtp_1)
                          0.25    1.62   clock uncertainty
                         -0.13    1.49   clock reconvergence pessimism
                         -0.03    1.45   library hold time
                                  1.45   data required time
-----------------------------------------------------------------------------
                                  1.45   data required time
                                 -1.66   data arrival time
-----------------------------------------------------------------------------
                                  0.21   slack (MET)


Startpoint: _505_ (rising edge-triggered flip-flop clocked by io_in[0])
Endpoint: _505_ (rising edge-triggered flip-flop clocked by io_in[0])
Path Group: io_in[0]
Path Type: min

Fanout     Cap    Slew   Delay    Time   Description
-----------------------------------------------------------------------------
                          0.00    0.00   clock io_in[0] (rise edge)
                          0.00    0.00   clock source latency
                  0.06    0.04    0.04 ^ io_in[0] (in)
     1    0.01                           io_in[0] (net)
                  0.06    0.00    0.04 ^ clkbuf_0_io_in[0]/A (sky130_fd_sc_hd__clkbuf_16)
                  0.04    0.13    0.17 ^ clkbuf_0_io_in[0]/X (sky130_fd_sc_hd__clkbuf_16)
     2    0.02                           clknet_0_io_in[0] (net)
                  0.04    0.00    0.17 ^ clkbuf_1_0__f_io_in[0]/A (sky130_fd_sc_hd__clkbuf_16)
                  0.03    0.11    0.28 ^ clkbuf_1_0__f_io_in[0]/X (sky130_fd_sc_hd__clkbuf_16)
     3    0.01                           clknet_1_0__leaf_io_in[0] (net)
                  0.03    0.00    0.28 ^ _276_/A (sky130_fd_sc_hd__and3_2)
                  0.09    0.19    0.47 ^ _276_/X (sky130_fd_sc_hd__and3_2)
     1    0.01                           _082_ (net)
                  0.09    0.00    0.47 ^ _277_/A (sky130_fd_sc_hd__buf_1)
                  0.19    0.19    0.66 ^ _277_/X (sky130_fd_sc_hd__buf_1)
     1    0.02                           CIRCUIT_0.int_memory_1.GATES_16.result (net)
                  0.19    0.00    0.66 ^ clkbuf_0_CIRCUIT_0.int_memory_1.GATES_16.result/A (sky130_fd_sc_hd__clkbuf_16)
                  0.04    0.16    0.82 ^ clkbuf_0_CIRCUIT_0.int_memory_1.GATES_16.result/X (sky130_fd_sc_hd__clkbuf_16)
     2    0.02                           clknet_0_CIRCUIT_0.int_memory_1.GATES_16.result (net)
                  0.04    0.00    0.82 ^ clkbuf_1_1__f_CIRCUIT_0.int_memory_1.GATES_16.result/A (sky130_fd_sc_hd__clkbuf_16)
                  0.03    0.11    0.93 ^ clkbuf_1_1__f_CIRCUIT_0.int_memory_1.GATES_16.result/X (sky130_fd_sc_hd__clkbuf_16)
     2    0.01                           clknet_1_1__leaf_CIRCUIT_0.int_memory_1.GATES_16.result (net)
                  0.03    0.00    0.93 ^ _505_/CLK (sky130_fd_sc_hd__dfxtp_1)
                  0.09    0.32    1.25 ^ _505_/Q (sky130_fd_sc_hd__dfxtp_1)
     2    0.01                           CIRCUIT_0.int_memory_1.GATES_4.input2[1] (net)
                  0.09    0.00    1.25 ^ _459_/A1 (sky130_fd_sc_hd__a21o_1)
                  0.04    0.11    1.36 ^ _459_/X (sky130_fd_sc_hd__a21o_1)
     1    0.00                           _032_ (net)
                  0.04    0.00    1.36 ^ _505_/D (sky130_fd_sc_hd__dfxtp_1)
                                  1.36   data arrival time

                          0.00    0.00   clock io_in[0] (rise edge)
                          0.00    0.00   clock source latency
                  0.06    0.05    0.05 ^ io_in[0] (in)
     1    0.01                           io_in[0] (net)
                  0.06    0.00    0.05 ^ clkbuf_0_io_in[0]/A (sky130_fd_sc_hd__clkbuf_16)
                  0.04    0.14    0.18 ^ clkbuf_0_io_in[0]/X (sky130_fd_sc_hd__clkbuf_16)
     2    0.02                           clknet_0_io_in[0] (net)
                  0.04    0.00    0.18 ^ clkbuf_1_0__f_io_in[0]/A (sky130_fd_sc_hd__clkbuf_16)
                  0.03    0.12    0.31 ^ clkbuf_1_0__f_io_in[0]/X (sky130_fd_sc_hd__clkbuf_16)
     3    0.01                           clknet_1_0__leaf_io_in[0] (net)
                  0.03    0.00    0.31 ^ _276_/A (sky130_fd_sc_hd__and3_2)
                  0.10    0.21    0.52 ^ _276_/X (sky130_fd_sc_hd__and3_2)
     1    0.01                           _082_ (net)
                  0.10    0.00    0.52 ^ _277_/A (sky130_fd_sc_hd__buf_1)
                  0.19    0.21    0.73 ^ _277_/X (sky130_fd_sc_hd__buf_1)
     1    0.02                           CIRCUIT_0.int_memory_1.GATES_16.result (net)
                  0.19    0.00    0.73 ^ clkbuf_0_CIRCUIT_0.int_memory_1.GATES_16.result/A (sky130_fd_sc_hd__clkbuf_16)
                  0.04    0.18    0.91 ^ clkbuf_0_CIRCUIT_0.int_memory_1.GATES_16.result/X (sky130_fd_sc_hd__clkbuf_16)
     2    0.02                           clknet_0_CIRCUIT_0.int_memory_1.GATES_16.result (net)
                  0.04    0.00    0.91 ^ clkbuf_1_1__f_CIRCUIT_0.int_memory_1.GATES_16.result/A (sky130_fd_sc_hd__clkbuf_16)
                  0.03    0.12    1.03 ^ clkbuf_1_1__f_CIRCUIT_0.int_memory_1.GATES_16.result/X (sky130_fd_sc_hd__clkbuf_16)
     2    0.01                           clknet_1_1__leaf_CIRCUIT_0.int_memory_1.GATES_16.result (net)
                  0.03    0.00    1.03 ^ _505_/CLK (sky130_fd_sc_hd__dfxtp_1)
                          0.25    1.28   clock uncertainty
                         -0.10    1.18   clock reconvergence pessimism
                         -0.03    1.15   library hold time
                                  1.15   data required time
-----------------------------------------------------------------------------
                                  1.15   data required time
                                 -1.36   data arrival time
-----------------------------------------------------------------------------
                                  0.22   slack (MET)


min_report_end
max_report

===========================================================================
report_checks -path_delay max (Setup)
============================================================================
Startpoint: io_in[0] (clock source 'io_in[0]')
Endpoint: _513_ (recovery check against rising-edge clock io_in[0])
Path Group: **async_default**
Path Type: max

Fanout     Cap    Slew   Delay    Time   Description
-----------------------------------------------------------------------------
                       5000.00 5000.00   clock io_in[0] (fall edge)
                          0.00 5000.00   clock source latency
                  0.03    0.02 5000.02 v io_in[0] (in)
     1    0.01                           io_in[0] (net)
                  0.03    0.00 5000.02 v clkbuf_0_io_in[0]/A (sky130_fd_sc_hd__clkbuf_16)
                  0.03    0.14 5000.16 v clkbuf_0_io_in[0]/X (sky130_fd_sc_hd__clkbuf_16)
     2    0.02                           clknet_0_io_in[0] (net)
                  0.03    0.00 5000.17 v clkbuf_1_1__f_io_in[0]/A (sky130_fd_sc_hd__clkbuf_16)
                  0.03    0.15 5000.31 v clkbuf_1_1__f_io_in[0]/X (sky130_fd_sc_hd__clkbuf_16)
     3    0.02                           clknet_1_1__leaf_io_in[0] (net)
                  0.03    0.00 5000.31 v _225_/A (sky130_fd_sc_hd__buf_1)
                  0.11    0.16 5000.47 v _225_/X (sky130_fd_sc_hd__buf_1)
     1    0.02                           _045_ (net)
                  0.11    0.00 5000.47 v clkbuf_0__045_/A (sky130_fd_sc_hd__clkbuf_16)
                  0.03    0.18 5000.66 v clkbuf_0__045_/X (sky130_fd_sc_hd__clkbuf_16)
     2    0.02                           clknet_0__045_ (net)
                  0.03    0.00 5000.66 v clkbuf_1_1__f__045_/A (sky130_fd_sc_hd__clkbuf_16)
                  0.03    0.15 5000.80 v clkbuf_1_1__f__045_/X (sky130_fd_sc_hd__clkbuf_16)
     3    0.02                           clknet_1_1__leaf__045_ (net)
                  0.03    0.00 5000.80 v _226_/A (sky130_fd_sc_hd__buf_1)
                  0.10    0.15 5000.95 v _226_/X (sky130_fd_sc_hd__buf_1)
     1    0.02                           _046_ (net)
                  0.10    0.00 5000.95 v clkbuf_0__046_/A (sky130_fd_sc_hd__clkbuf_16)
                  0.03    0.18 5001.13 v clkbuf_0__046_/X (sky130_fd_sc_hd__clkbuf_16)
     2    0.02                           clknet_0__046_ (net)
                  0.03    0.00 5001.13 v clkbuf_1_0__f__046_/A (sky130_fd_sc_hd__clkbuf_16)
                  0.03    0.15 5001.27 v clkbuf_1_0__f__046_/X (sky130_fd_sc_hd__clkbuf_16)
     3    0.02                           clknet_1_0__leaf__046_ (net)
                  0.03    0.00 5001.27 v _467_/B (sky130_fd_sc_hd__nand2_2)
                  0.07    0.08 5001.35 ^ _467_/Y (sky130_fd_sc_hd__nand2_2)
     1    0.01                           _001_ (net)
                  0.07    0.00 5001.35 ^ _513_/RESET_B (sky130_fd_sc_hd__dfrtp_1)
                               5001.35   data arrival time

                       10000.00 10000.00   clock io_in[0] (rise edge)
                          0.00 10000.00   clock source latency
                  0.06    0.04 10000.04 ^ io_in[0] (in)
     1    0.01                           io_in[0] (net)
                  0.06    0.00 10000.04 ^ clkbuf_0_io_in[0]/A (sky130_fd_sc_hd__clkbuf_16)
                  0.04    0.13 10000.17 ^ clkbuf_0_io_in[0]/X (sky130_fd_sc_hd__clkbuf_16)
     2    0.02                           clknet_0_io_in[0] (net)
                  0.04    0.00 10000.17 ^ clkbuf_1_0__f_io_in[0]/A (sky130_fd_sc_hd__clkbuf_16)
                  0.03    0.11 10000.28 ^ clkbuf_1_0__f_io_in[0]/X (sky130_fd_sc_hd__clkbuf_16)
     3    0.01                           clknet_1_0__leaf_io_in[0] (net)
                  0.03    0.00 10000.28 ^ _513_/CLK (sky130_fd_sc_hd__dfrtp_1)
                         -0.25 10000.03   clock uncertainty
                          0.00 10000.03   clock reconvergence pessimism
                          0.22 10000.25   library recovery time
                               10000.25   data required time
-----------------------------------------------------------------------------
                               10000.25   data required time
                               -5001.35   data arrival time
-----------------------------------------------------------------------------
                               4998.89   slack (MET)


Startpoint: io_in[0] (clock source 'io_in[0]')
Endpoint: _519_ (recovery check against rising-edge clock io_in[0])
Path Group: **async_default**
Path Type: max

Fanout     Cap    Slew   Delay    Time   Description
-----------------------------------------------------------------------------
                       5000.00 5000.00   clock io_in[0] (fall edge)
                          0.00 5000.00   clock source latency
                  0.03    0.02 5000.02 v io_in[0] (in)
     1    0.01                           io_in[0] (net)
                  0.03    0.00 5000.02 v clkbuf_0_io_in[0]/A (sky130_fd_sc_hd__clkbuf_16)
                  0.03    0.14 5000.16 v clkbuf_0_io_in[0]/X (sky130_fd_sc_hd__clkbuf_16)
     2    0.02                           clknet_0_io_in[0] (net)
                  0.03    0.00 5000.17 v clkbuf_1_1__f_io_in[0]/A (sky130_fd_sc_hd__clkbuf_16)
                  0.03    0.15 5000.31 v clkbuf_1_1__f_io_in[0]/X (sky130_fd_sc_hd__clkbuf_16)
     3    0.02                           clknet_1_1__leaf_io_in[0] (net)
                  0.03    0.00 5000.31 v _225_/A (sky130_fd_sc_hd__buf_1)
                  0.11    0.16 5000.47 v _225_/X (sky130_fd_sc_hd__buf_1)
     1    0.02                           _045_ (net)
                  0.11    0.00 5000.47 v clkbuf_0__045_/A (sky130_fd_sc_hd__clkbuf_16)
                  0.03    0.18 5000.66 v clkbuf_0__045_/X (sky130_fd_sc_hd__clkbuf_16)
     2    0.02                           clknet_0__045_ (net)
                  0.03    0.00 5000.66 v clkbuf_1_1__f__045_/A (sky130_fd_sc_hd__clkbuf_16)
                  0.03    0.15 5000.80 v clkbuf_1_1__f__045_/X (sky130_fd_sc_hd__clkbuf_16)
     3    0.02                           clknet_1_1__leaf__045_ (net)
                  0.03    0.00 5000.80 v _472_/A (sky130_fd_sc_hd__buf_1)
                  0.08    0.14 5000.94 v _472_/X (sky130_fd_sc_hd__buf_1)
     1    0.01                           _220_ (net)
                  0.08    0.00 5000.94 v clkbuf_0__220_/A (sky130_fd_sc_hd__clkbuf_16)
                  0.03    0.17 5001.11 v clkbuf_0__220_/X (sky130_fd_sc_hd__clkbuf_16)
     2    0.02                           clknet_0__220_ (net)
                  0.03    0.00 5001.11 v clkbuf_1_0__f__220_/A (sky130_fd_sc_hd__clkbuf_16)
                  0.04    0.15 5001.26 v clkbuf_1_0__f__220_/X (sky130_fd_sc_hd__clkbuf_16)
     4    0.02                           clknet_1_0__leaf__220_ (net)
                  0.04    0.00 5001.27 v _475_/B (sky130_fd_sc_hd__nand2_2)
                  0.07    0.08 5001.35 ^ _475_/Y (sky130_fd_sc_hd__nand2_2)
     1    0.01                           _008_ (net)
                  0.07    0.00 5001.35 ^ _519_/RESET_B (sky130_fd_sc_hd__dfrtp_1)
                               5001.35   data arrival time

                       10000.00 10000.00   clock io_in[0] (rise edge)
                          0.00 10000.00   clock source latency
                  0.06    0.04 10000.04 ^ io_in[0] (in)
     1    0.01                           io_in[0] (net)
                  0.06    0.00 10000.04 ^ clkbuf_0_io_in[0]/A (sky130_fd_sc_hd__clkbuf_16)
                  0.04    0.13 10000.17 ^ clkbuf_0_io_in[0]/X (sky130_fd_sc_hd__clkbuf_16)
     2    0.02                           clknet_0_io_in[0] (net)
                  0.04    0.00 10000.17 ^ clkbuf_1_0__f_io_in[0]/A (sky130_fd_sc_hd__clkbuf_16)
                  0.03    0.11 10000.28 ^ clkbuf_1_0__f_io_in[0]/X (sky130_fd_sc_hd__clkbuf_16)
     3    0.01                           clknet_1_0__leaf_io_in[0] (net)
                  0.03    0.00 10000.28 ^ _519_/CLK (sky130_fd_sc_hd__dfrtp_1)
                         -0.25 10000.03   clock uncertainty
                          0.00 10000.03   clock reconvergence pessimism
                          0.22 10000.25   library recovery time
                               10000.25   data required time
-----------------------------------------------------------------------------
                               10000.25   data required time
                               -5001.35   data arrival time
-----------------------------------------------------------------------------
                               4998.90   slack (MET)


Startpoint: _515_ (rising edge-triggered flip-flop)
Endpoint: io_out[5] (output port clocked by io_in[0])
Path Group: io_in[0]
Path Type: max

Fanout     Cap    Slew   Delay    Time   Description
-----------------------------------------------------------------------------
                  0.25    0.00    0.00 ^ _515_/CLK (sky130_fd_sc_hd__dfrtp_1)
                  0.13    0.54    0.54 v _515_/Q (sky130_fd_sc_hd__dfrtp_1)
     5    0.02                           CIRCUIT_0.inst_dec_1.MEMORY_21.s_currentState (net)
                  0.13    0.00    0.54 v _231_/A (sky130_fd_sc_hd__inv_2)
                  0.10    0.14    0.68 ^ _231_/Y (sky130_fd_sc_hd__inv_2)
     4    0.02                           _048_ (net)
                  0.10    0.00    0.68 ^ _232_/B (sky130_fd_sc_hd__nor2_1)
                  0.11    0.13    0.81 v _232_/Y (sky130_fd_sc_hd__nor2_1)
     4    0.02                           _049_ (net)
                  0.11    0.00    0.81 v _285_/B (sky130_fd_sc_hd__or3b_1)
                  0.07    0.38    1.19 v _285_/X (sky130_fd_sc_hd__or3b_1)
     1    0.00                           _089_ (net)
                  0.07    0.00    1.19 v _286_/C1 (sky130_fd_sc_hd__a221o_2)
                  0.11    0.40    1.59 v _286_/X (sky130_fd_sc_hd__a221o_2)
     5    0.03                           _090_ (net)
                  0.11    0.00    1.59 v _312_/S (sky130_fd_sc_hd__mux2_1)
                  0.07    0.37    1.96 v _312_/X (sky130_fd_sc_hd__mux2_1)
     1    0.01                           _111_ (net)
                  0.07    0.00    1.96 v _313_/A1 (sky130_fd_sc_hd__mux2_1)
                  0.08    0.35    2.30 v _313_/X (sky130_fd_sc_hd__mux2_1)
     1    0.01                           _112_ (net)
                  0.08    0.00    2.30 v _314_/A (sky130_fd_sc_hd__clkbuf_1)
                  0.03    0.11    2.41 v _314_/X (sky130_fd_sc_hd__clkbuf_1)
     1    0.00                           CIRCUIT_0.O_5_WRITE (net)
                  0.03    0.00    2.41 v _551_/A (sky130_fd_sc_hd__buf_2)
                  0.09    0.18    2.60 v _551_/X (sky130_fd_sc_hd__buf_2)
     1    0.03                           io_out[5] (net)
                  0.09    0.00    2.60 v io_out[5] (out)
                                  2.60   data arrival time

                       10000.00 10000.00   clock io_in[0] (rise edge)
                          0.00 10000.00   clock network delay (propagated)
                         -0.25 9999.75   clock uncertainty
                          0.00 9999.75   clock reconvergence pessimism
                       -2000.00 7999.75   output external delay
                               7999.75   data required time
-----------------------------------------------------------------------------
                               7999.75   data required time
                                 -2.60   data arrival time
-----------------------------------------------------------------------------
                               7997.15   slack (MET)


Startpoint: _515_ (rising edge-triggered flip-flop)
Endpoint: io_out[7] (output port clocked by io_in[0])
Path Group: io_in[0]
Path Type: max

Fanout     Cap    Slew   Delay    Time   Description
-----------------------------------------------------------------------------
                  0.25    0.00    0.00 ^ _515_/CLK (sky130_fd_sc_hd__dfrtp_1)
                  0.13    0.54    0.54 v _515_/Q (sky130_fd_sc_hd__dfrtp_1)
     5    0.02                           CIRCUIT_0.inst_dec_1.MEMORY_21.s_currentState (net)
                  0.13    0.00    0.54 v _231_/A (sky130_fd_sc_hd__inv_2)
                  0.10    0.14    0.68 ^ _231_/Y (sky130_fd_sc_hd__inv_2)
     4    0.02                           _048_ (net)
                  0.10    0.00    0.68 ^ _232_/B (sky130_fd_sc_hd__nor2_1)
                  0.11    0.13    0.81 v _232_/Y (sky130_fd_sc_hd__nor2_1)
     4    0.02                           _049_ (net)
                  0.11    0.00    0.81 v _285_/B (sky130_fd_sc_hd__or3b_1)
                  0.07    0.38    1.19 v _285_/X (sky130_fd_sc_hd__or3b_1)
     1    0.00                           _089_ (net)
                  0.07    0.00    1.19 v _286_/C1 (sky130_fd_sc_hd__a221o_2)
                  0.11    0.40    1.59 v _286_/X (sky130_fd_sc_hd__a221o_2)
     5    0.03                           _090_ (net)
                  0.11    0.00    1.59 v _318_/S (sky130_fd_sc_hd__mux2_1)
                  0.07    0.36    1.95 v _318_/X (sky130_fd_sc_hd__mux2_1)
     1    0.01                           _115_ (net)
                  0.07    0.00    1.95 v _319_/A1 (sky130_fd_sc_hd__mux2_1)
                  0.06    0.32    2.28 v _319_/X (sky130_fd_sc_hd__mux2_1)
     1    0.00                           _116_ (net)
                  0.06    0.00    2.28 v _320_/A (sky130_fd_sc_hd__clkbuf_1)
                  0.05    0.12    2.39 v _320_/X (sky130_fd_sc_hd__clkbuf_1)
     1    0.01                           CIRCUIT_0.O_7_I (net)
                  0.05    0.00    2.39 v _553_/A (sky130_fd_sc_hd__buf_2)
                  0.09    0.19    2.59 v _553_/X (sky130_fd_sc_hd__buf_2)
     1    0.03                           io_out[7] (net)
                  0.09    0.00    2.59 v io_out[7] (out)
                                  2.59   data arrival time

                       10000.00 10000.00   clock io_in[0] (rise edge)
                          0.00 10000.00   clock network delay (propagated)
                         -0.25 9999.75   clock uncertainty
                          0.00 9999.75   clock reconvergence pessimism
                       -2000.00 7999.75   output external delay
                               7999.75   data required time
-----------------------------------------------------------------------------
                               7999.75   data required time
                                 -2.59   data arrival time
-----------------------------------------------------------------------------
                               7997.16   slack (MET)


Startpoint: _515_ (rising edge-triggered flip-flop)
Endpoint: io_out[4] (output port clocked by io_in[0])
Path Group: io_in[0]
Path Type: max

Fanout     Cap    Slew   Delay    Time   Description
-----------------------------------------------------------------------------
                  0.25    0.00    0.00 ^ _515_/CLK (sky130_fd_sc_hd__dfrtp_1)
                  0.13    0.54    0.54 v _515_/Q (sky130_fd_sc_hd__dfrtp_1)
     5    0.02                           CIRCUIT_0.inst_dec_1.MEMORY_21.s_currentState (net)
                  0.13    0.00    0.54 v _231_/A (sky130_fd_sc_hd__inv_2)
                  0.10    0.14    0.68 ^ _231_/Y (sky130_fd_sc_hd__inv_2)
     4    0.02                           _048_ (net)
                  0.10    0.00    0.68 ^ _232_/B (sky130_fd_sc_hd__nor2_1)
                  0.11    0.13    0.81 v _232_/Y (sky130_fd_sc_hd__nor2_1)
     4    0.02                           _049_ (net)
                  0.11    0.00    0.81 v _285_/B (sky130_fd_sc_hd__or3b_1)
                  0.07    0.38    1.19 v _285_/X (sky130_fd_sc_hd__or3b_1)
     1    0.00                           _089_ (net)
                  0.07    0.00    1.19 v _286_/C1 (sky130_fd_sc_hd__a221o_2)
                  0.11    0.40    1.59 v _286_/X (sky130_fd_sc_hd__a221o_2)
     5    0.03                           _090_ (net)
                  0.11    0.00    1.59 v _305_/S (sky130_fd_sc_hd__mux2_1)
                  0.07    0.37    1.96 v _305_/X (sky130_fd_sc_hd__mux2_1)
     1    0.01                           _105_ (net)
                  0.07    0.00    1.96 v _306_/A1 (sky130_fd_sc_hd__mux2_1)
                  0.06    0.32    2.28 v _306_/X (sky130_fd_sc_hd__mux2_1)
     1    0.00                           _106_ (net)
                  0.06    0.00    2.28 v _307_/A (sky130_fd_sc_hd__clkbuf_1)
                  0.02    0.10    2.38 v _307_/X (sky130_fd_sc_hd__clkbuf_1)
     1    0.00                           CIRCUIT_0.O_4_MAR (net)
                  0.02    0.00    2.38 v _550_/A (sky130_fd_sc_hd__buf_2)
                  0.09    0.18    2.56 v _550_/X (sky130_fd_sc_hd__buf_2)
     1    0.03                           io_out[4] (net)
                  0.09    0.00    2.56 v io_out[4] (out)
                                  2.56   data arrival time

                       10000.00 10000.00   clock io_in[0] (rise edge)
                          0.00 10000.00   clock network delay (propagated)
                         -0.25 9999.75   clock uncertainty
                          0.00 9999.75   clock reconvergence pessimism
                       -2000.00 7999.75   output external delay
                               7999.75   data required time
-----------------------------------------------------------------------------
                               7999.75   data required time
                                 -2.56   data arrival time
-----------------------------------------------------------------------------
                               7997.19   slack (MET)


Startpoint: _515_ (rising edge-triggered flip-flop)
Endpoint: io_out[2] (output port clocked by io_in[0])
Path Group: io_in[0]
Path Type: max

Fanout     Cap    Slew   Delay    Time   Description
-----------------------------------------------------------------------------
                  0.25    0.00    0.00 ^ _515_/CLK (sky130_fd_sc_hd__dfrtp_1)
                  0.13    0.54    0.54 v _515_/Q (sky130_fd_sc_hd__dfrtp_1)
     5    0.02                           CIRCUIT_0.inst_dec_1.MEMORY_21.s_currentState (net)
                  0.13    0.00    0.54 v _231_/A (sky130_fd_sc_hd__inv_2)
                  0.10    0.14    0.68 ^ _231_/Y (sky130_fd_sc_hd__inv_2)
     4    0.02                           _048_ (net)
                  0.10    0.00    0.68 ^ _232_/B (sky130_fd_sc_hd__nor2_1)
                  0.11    0.13    0.81 v _232_/Y (sky130_fd_sc_hd__nor2_1)
     4    0.02                           _049_ (net)
                  0.11    0.00    0.81 v _285_/B (sky130_fd_sc_hd__or3b_1)
                  0.07    0.38    1.19 v _285_/X (sky130_fd_sc_hd__or3b_1)
     1    0.00                           _089_ (net)
                  0.07    0.00    1.19 v _286_/C1 (sky130_fd_sc_hd__a221o_2)
                  0.11    0.40    1.59 v _286_/X (sky130_fd_sc_hd__a221o_2)
     5    0.03                           _090_ (net)
                  0.11    0.00    1.59 v _287_/A (sky130_fd_sc_hd__dlymetal6s2s_1)
                  0.11    0.24    1.83 v _287_/X (sky130_fd_sc_hd__dlymetal6s2s_1)
     5    0.02                           _091_ (net)
                  0.11    0.00    1.83 v _294_/S1 (sky130_fd_sc_hd__mux4_1)
                  0.09    0.27    2.10 ^ _294_/X (sky130_fd_sc_hd__mux4_1)
     1    0.01                           _096_ (net)
                  0.09    0.00    2.10 ^ _295_/A (sky130_fd_sc_hd__clkbuf_1)
                  0.11    0.15    2.25 ^ _295_/X (sky130_fd_sc_hd__clkbuf_1)
     1    0.01                           CIRCUIT_0.O_D2_RR2 (net)
                  0.11    0.00    2.25 ^ _548_/A (sky130_fd_sc_hd__buf_2)
                  0.19    0.24    2.49 ^ _548_/X (sky130_fd_sc_hd__buf_2)
     1    0.03                           io_out[2] (net)
                  0.19    0.00    2.50 ^ io_out[2] (out)
                                  2.50   data arrival time

                       10000.00 10000.00   clock io_in[0] (rise edge)
                          0.00 10000.00   clock network delay (propagated)
                         -0.25 9999.75   clock uncertainty
                          0.00 9999.75   clock reconvergence pessimism
                       -2000.00 7999.75   output external delay
                               7999.75   data required time
-----------------------------------------------------------------------------
                               7999.75   data required time
                                 -2.50   data arrival time
-----------------------------------------------------------------------------
                               7997.26   slack (MET)


Startpoint: _515_ (rising edge-triggered flip-flop)
Endpoint: io_out[0] (output port clocked by io_in[0])
Path Group: io_in[0]
Path Type: max

Fanout     Cap    Slew   Delay    Time   Description
-----------------------------------------------------------------------------
                  0.25    0.00    0.00 ^ _515_/CLK (sky130_fd_sc_hd__dfrtp_1)
                  0.13    0.54    0.54 v _515_/Q (sky130_fd_sc_hd__dfrtp_1)
     5    0.02                           CIRCUIT_0.inst_dec_1.MEMORY_21.s_currentState (net)
                  0.13    0.00    0.54 v _231_/A (sky130_fd_sc_hd__inv_2)
                  0.10    0.14    0.68 ^ _231_/Y (sky130_fd_sc_hd__inv_2)
     4    0.02                           _048_ (net)
                  0.10    0.00    0.68 ^ _232_/B (sky130_fd_sc_hd__nor2_1)
                  0.11    0.13    0.81 v _232_/Y (sky130_fd_sc_hd__nor2_1)
     4    0.02                           _049_ (net)
                  0.11    0.00    0.81 v _285_/B (sky130_fd_sc_hd__or3b_1)
                  0.07    0.38    1.19 v _285_/X (sky130_fd_sc_hd__or3b_1)
     1    0.00                           _089_ (net)
                  0.07    0.00    1.19 v _286_/C1 (sky130_fd_sc_hd__a221o_2)
                  0.11    0.40    1.59 v _286_/X (sky130_fd_sc_hd__a221o_2)
     5    0.03                           _090_ (net)
                  0.11    0.00    1.59 v _287_/A (sky130_fd_sc_hd__dlymetal6s2s_1)
                  0.11    0.24    1.83 v _287_/X (sky130_fd_sc_hd__dlymetal6s2s_1)
     5    0.02                           _091_ (net)
                  0.11    0.00    1.83 v _288_/S1 (sky130_fd_sc_hd__mux4_1)
                  0.10    0.28    2.10 ^ _288_/X (sky130_fd_sc_hd__mux4_1)
     1    0.01                           _092_ (net)
                  0.10    0.00    2.11 ^ _289_/A (sky130_fd_sc_hd__clkbuf_1)
                  0.05    0.11    2.21 ^ _289_/X (sky130_fd_sc_hd__clkbuf_1)
     1    0.00                           CIRCUIT_0.O_D0_RR0 (net)
                  0.05    0.00    2.21 ^ _546_/A (sky130_fd_sc_hd__buf_2)
                  0.19    0.23    2.44 ^ _546_/X (sky130_fd_sc_hd__buf_2)
     1    0.03                           io_out[0] (net)
                  0.19    0.00    2.44 ^ io_out[0] (out)
                                  2.44   data arrival time

                       10000.00 10000.00   clock io_in[0] (rise edge)
                          0.00 10000.00   clock network delay (propagated)
                         -0.25 9999.75   clock uncertainty
                          0.00 9999.75   clock reconvergence pessimism
                       -2000.00 7999.75   output external delay
                               7999.75   data required time
-----------------------------------------------------------------------------
                               7999.75   data required time
                                 -2.44   data arrival time
-----------------------------------------------------------------------------
                               7997.31   slack (MET)


max_report_end
check_report

===========================================================================
report_checks -unconstrained
============================================================================
Startpoint: io_in[0] (clock source 'io_in[0]')
Endpoint: _513_ (recovery check against rising-edge clock io_in[0])
Path Group: **async_default**
Path Type: max

Fanout     Cap    Slew   Delay    Time   Description
-----------------------------------------------------------------------------
                       5000.00 5000.00   clock io_in[0] (fall edge)
                          0.00 5000.00   clock source latency
                  0.03    0.02 5000.02 v io_in[0] (in)
     1    0.01                           io_in[0] (net)
                  0.03    0.00 5000.02 v clkbuf_0_io_in[0]/A (sky130_fd_sc_hd__clkbuf_16)
                  0.03    0.14 5000.16 v clkbuf_0_io_in[0]/X (sky130_fd_sc_hd__clkbuf_16)
     2    0.02                           clknet_0_io_in[0] (net)
                  0.03    0.00 5000.17 v clkbuf_1_1__f_io_in[0]/A (sky130_fd_sc_hd__clkbuf_16)
                  0.03    0.15 5000.31 v clkbuf_1_1__f_io_in[0]/X (sky130_fd_sc_hd__clkbuf_16)
     3    0.02                           clknet_1_1__leaf_io_in[0] (net)
                  0.03    0.00 5000.31 v _225_/A (sky130_fd_sc_hd__buf_1)
                  0.11    0.16 5000.47 v _225_/X (sky130_fd_sc_hd__buf_1)
     1    0.02                           _045_ (net)
                  0.11    0.00 5000.47 v clkbuf_0__045_/A (sky130_fd_sc_hd__clkbuf_16)
                  0.03    0.18 5000.66 v clkbuf_0__045_/X (sky130_fd_sc_hd__clkbuf_16)
     2    0.02                           clknet_0__045_ (net)
                  0.03    0.00 5000.66 v clkbuf_1_1__f__045_/A (sky130_fd_sc_hd__clkbuf_16)
                  0.03    0.15 5000.80 v clkbuf_1_1__f__045_/X (sky130_fd_sc_hd__clkbuf_16)
     3    0.02                           clknet_1_1__leaf__045_ (net)
                  0.03    0.00 5000.80 v _226_/A (sky130_fd_sc_hd__buf_1)
                  0.10    0.15 5000.95 v _226_/X (sky130_fd_sc_hd__buf_1)
     1    0.02                           _046_ (net)
                  0.10    0.00 5000.95 v clkbuf_0__046_/A (sky130_fd_sc_hd__clkbuf_16)
                  0.03    0.18 5001.13 v clkbuf_0__046_/X (sky130_fd_sc_hd__clkbuf_16)
     2    0.02                           clknet_0__046_ (net)
                  0.03    0.00 5001.13 v clkbuf_1_0__f__046_/A (sky130_fd_sc_hd__clkbuf_16)
                  0.03    0.15 5001.27 v clkbuf_1_0__f__046_/X (sky130_fd_sc_hd__clkbuf_16)
     3    0.02                           clknet_1_0__leaf__046_ (net)
                  0.03    0.00 5001.27 v _467_/B (sky130_fd_sc_hd__nand2_2)
                  0.07    0.08 5001.35 ^ _467_/Y (sky130_fd_sc_hd__nand2_2)
     1    0.01                           _001_ (net)
                  0.07    0.00 5001.35 ^ _513_/RESET_B (sky130_fd_sc_hd__dfrtp_1)
                               5001.35   data arrival time

                       10000.00 10000.00   clock io_in[0] (rise edge)
                          0.00 10000.00   clock source latency
                  0.06    0.04 10000.04 ^ io_in[0] (in)
     1    0.01                           io_in[0] (net)
                  0.06    0.00 10000.04 ^ clkbuf_0_io_in[0]/A (sky130_fd_sc_hd__clkbuf_16)
                  0.04    0.13 10000.17 ^ clkbuf_0_io_in[0]/X (sky130_fd_sc_hd__clkbuf_16)
     2    0.02                           clknet_0_io_in[0] (net)
                  0.04    0.00 10000.17 ^ clkbuf_1_0__f_io_in[0]/A (sky130_fd_sc_hd__clkbuf_16)
                  0.03    0.11 10000.28 ^ clkbuf_1_0__f_io_in[0]/X (sky130_fd_sc_hd__clkbuf_16)
     3    0.01                           clknet_1_0__leaf_io_in[0] (net)
                  0.03    0.00 10000.28 ^ _513_/CLK (sky130_fd_sc_hd__dfrtp_1)
                         -0.25 10000.03   clock uncertainty
                          0.00 10000.03   clock reconvergence pessimism
                          0.22 10000.25   library recovery time
                               10000.25   data required time
-----------------------------------------------------------------------------
                               10000.25   data required time
                               -5001.35   data arrival time
-----------------------------------------------------------------------------
                               4998.89   slack (MET)


Startpoint: _515_ (rising edge-triggered flip-flop)
Endpoint: io_out[5] (output port clocked by io_in[0])
Path Group: io_in[0]
Path Type: max

Fanout     Cap    Slew   Delay    Time   Description
-----------------------------------------------------------------------------
                  0.25    0.00    0.00 ^ _515_/CLK (sky130_fd_sc_hd__dfrtp_1)
                  0.13    0.54    0.54 v _515_/Q (sky130_fd_sc_hd__dfrtp_1)
     5    0.02                           CIRCUIT_0.inst_dec_1.MEMORY_21.s_currentState (net)
                  0.13    0.00    0.54 v _231_/A (sky130_fd_sc_hd__inv_2)
                  0.10    0.14    0.68 ^ _231_/Y (sky130_fd_sc_hd__inv_2)
     4    0.02                           _048_ (net)
                  0.10    0.00    0.68 ^ _232_/B (sky130_fd_sc_hd__nor2_1)
                  0.11    0.13    0.81 v _232_/Y (sky130_fd_sc_hd__nor2_1)
     4    0.02                           _049_ (net)
                  0.11    0.00    0.81 v _285_/B (sky130_fd_sc_hd__or3b_1)
                  0.07    0.38    1.19 v _285_/X (sky130_fd_sc_hd__or3b_1)
     1    0.00                           _089_ (net)
                  0.07    0.00    1.19 v _286_/C1 (sky130_fd_sc_hd__a221o_2)
                  0.11    0.40    1.59 v _286_/X (sky130_fd_sc_hd__a221o_2)
     5    0.03                           _090_ (net)
                  0.11    0.00    1.59 v _312_/S (sky130_fd_sc_hd__mux2_1)
                  0.07    0.37    1.96 v _312_/X (sky130_fd_sc_hd__mux2_1)
     1    0.01                           _111_ (net)
                  0.07    0.00    1.96 v _313_/A1 (sky130_fd_sc_hd__mux2_1)
                  0.08    0.35    2.30 v _313_/X (sky130_fd_sc_hd__mux2_1)
     1    0.01                           _112_ (net)
                  0.08    0.00    2.30 v _314_/A (sky130_fd_sc_hd__clkbuf_1)
                  0.03    0.11    2.41 v _314_/X (sky130_fd_sc_hd__clkbuf_1)
     1    0.00                           CIRCUIT_0.O_5_WRITE (net)
                  0.03    0.00    2.41 v _551_/A (sky130_fd_sc_hd__buf_2)
                  0.09    0.18    2.60 v _551_/X (sky130_fd_sc_hd__buf_2)
     1    0.03                           io_out[5] (net)
                  0.09    0.00    2.60 v io_out[5] (out)
                                  2.60   data arrival time

                       10000.00 10000.00   clock io_in[0] (rise edge)
                          0.00 10000.00   clock network delay (propagated)
                         -0.25 9999.75   clock uncertainty
                          0.00 9999.75   clock reconvergence pessimism
                       -2000.00 7999.75   output external delay
                               7999.75   data required time
-----------------------------------------------------------------------------
                               7999.75   data required time
                                 -2.60   data arrival time
-----------------------------------------------------------------------------
                               7997.15   slack (MET)



===========================================================================
report_checks --slack_max -0.01
============================================================================
No paths found.
check_report_end
check_slew

===========================================================================
 report_check_types -max_slew -max_cap -max_fanout -violators
============================================================================

===========================================================================
max slew violation count 0
max fanout violation count 0
max cap violation count 0
============================================================================
check_slew_end
tns_report

===========================================================================
 report_tns
============================================================================
tns 0.00
tns_report_end
wns_report

===========================================================================
 report_wns
============================================================================
wns 0.00
wns_report_end
worst_slack

===========================================================================
 report_worst_slack -max (Setup)
============================================================================
worst slack 4998.89

===========================================================================
 report_worst_slack -min (Hold)
============================================================================
worst slack 0.20
worst_slack_end
clock_skew

===========================================================================
 report_clock_skew
============================================================================
Clock io_in[0]
Latency      CRPR       Skew
_516_/CLK ^
   1.52
_519_/CLK ^
   0.28     -0.03       1.21

clock_skew_end
power_report

===========================================================================
 report_power
============================================================================
Group                  Internal  Switching    Leakage      Total
                          Power      Power      Power      Power (Watts)
----------------------------------------------------------------
Sequential             1.22e-07   1.42e-08   4.94e-10   1.37e-07  11.7%
Combinational          7.07e-07   3.27e-07   1.80e-09   1.04e-06  88.3%
Macro                  0.00e+00   0.00e+00   0.00e+00   0.00e+00   0.0%
Pad                    0.00e+00   0.00e+00   0.00e+00   0.00e+00   0.0%
----------------------------------------------------------------
Total                  8.29e-07   3.41e-07   2.30e-09   1.17e-06 100.0%
                          70.7%      29.1%       0.2%
power_report_end
area_report

===========================================================================
 report_design_area
============================================================================
Design area 4573 u^2 53% utilization.
area_report_end
