OpenROAD 0b8b7ae255f8fbbbefa57d443949b84e73eed757 
This program is licensed under the BSD-3 license. See the LICENSE file for details.
Components of this program may be licensed under more restrictive licenses which must be honored.
[INFO ODB-0222] Reading LEF file: /work/runs/wokwi/tmp/merged.unpadded.nom.lef
[INFO ODB-0223]     Created 13 technology layers
[INFO ODB-0224]     Created 25 technology vias
[INFO ODB-0225]     Created 441 library cells
[INFO ODB-0226] Finished LEF file:  /work/runs/wokwi/tmp/merged.unpadded.nom.lef
[INFO ODB-0127] Reading DEF file: /work/runs/wokwi/tmp/routing/15-resizer_timing.def
[INFO ODB-0128] Design: tholin_avalonsemi_5401
[INFO ODB-0130]     Created 18 pins.
[INFO ODB-0131]     Created 585 components and 3367 component-terminals.
[INFO ODB-0132]     Created 2 special nets and 2130 connections.
[INFO ODB-0133]     Created 416 nets and 1235 connections.
[INFO ODB-0134] Finished DEF file: /work/runs/wokwi/tmp/routing/15-resizer_timing.def
Placement Analysis
---------------------------------
total displacement        192.7 u
average displacement        0.3 u
max displacement           59.8 u
original HPWL           23685.4 u
legalized HPWL          24319.5 u
delta HPWL                    3 %

[INFO DPL-0020] Mirrored 208 instances
[INFO DPL-0021] HPWL before           24319.5 u
[INFO DPL-0022] HPWL after            23887.6 u
[INFO DPL-0023] HPWL delta               -1.8 %
