OpenROAD 0b8b7ae255f8fbbbefa57d443949b84e73eed757 
This program is licensed under the BSD-3 license. See the LICENSE file for details.
Components of this program may be licensed under more restrictive licenses which must be honored.
[INFO ODB-0222] Reading LEF file: /work/runs/wokwi/tmp/merged.unpadded.nom.lef
[INFO ODB-0223]     Created 13 technology layers
[INFO ODB-0224]     Created 25 technology vias
[INFO ODB-0225]     Created 441 library cells
[INFO ODB-0226] Finished LEF file:  /work/runs/wokwi/tmp/merged.unpadded.nom.lef
[INFO ODB-0127] Reading DEF file: /work/runs/wokwi/results/placement/tholin_avalonsemi_5401.def
[INFO ODB-0128] Design: tholin_avalonsemi_5401
[INFO ODB-0130]     Created 18 pins.
[INFO ODB-0131]     Created 524 components and 3009 component-terminals.
[INFO ODB-0132]     Created 2 special nets and 1886 connections.
[INFO ODB-0133]     Created 347 nets and 1123 connections.
[INFO ODB-0134] Finished DEF file: /work/runs/wokwi/results/placement/tholin_avalonsemi_5401.def
###############################################################################
# Created by write_sdc
# Thu Nov 10 11:26:42 2022
###############################################################################
current_design tholin_avalonsemi_5401
###############################################################################
# Timing Constraints
###############################################################################
create_clock -name io_in[0] -period 10000.0000 [get_ports {io_in[0]}]
set_clock_transition 0.1500 [get_clocks {io_in[0]}]
set_clock_uncertainty 0.2500 io_in[0]
set_input_delay 2000.0000 -clock [get_clocks {io_in[0]}] -add_delay [get_ports {io_in[1]}]
set_input_delay 2000.0000 -clock [get_clocks {io_in[0]}] -add_delay [get_ports {io_in[2]}]
set_input_delay 2000.0000 -clock [get_clocks {io_in[0]}] -add_delay [get_ports {io_in[3]}]
set_input_delay 2000.0000 -clock [get_clocks {io_in[0]}] -add_delay [get_ports {io_in[4]}]
set_input_delay 2000.0000 -clock [get_clocks {io_in[0]}] -add_delay [get_ports {io_in[5]}]
set_input_delay 2000.0000 -clock [get_clocks {io_in[0]}] -add_delay [get_ports {io_in[6]}]
set_input_delay 2000.0000 -clock [get_clocks {io_in[0]}] -add_delay [get_ports {io_in[7]}]
set_output_delay 2000.0000 -clock [get_clocks {io_in[0]}] -add_delay [get_ports {io_out[0]}]
set_output_delay 2000.0000 -clock [get_clocks {io_in[0]}] -add_delay [get_ports {io_out[1]}]
set_output_delay 2000.0000 -clock [get_clocks {io_in[0]}] -add_delay [get_ports {io_out[2]}]
set_output_delay 2000.0000 -clock [get_clocks {io_in[0]}] -add_delay [get_ports {io_out[3]}]
set_output_delay 2000.0000 -clock [get_clocks {io_in[0]}] -add_delay [get_ports {io_out[4]}]
set_output_delay 2000.0000 -clock [get_clocks {io_in[0]}] -add_delay [get_ports {io_out[5]}]
set_output_delay 2000.0000 -clock [get_clocks {io_in[0]}] -add_delay [get_ports {io_out[6]}]
set_output_delay 2000.0000 -clock [get_clocks {io_in[0]}] -add_delay [get_ports {io_out[7]}]
###############################################################################
# Environment
###############################################################################
set_load -pin_load 0.0334 [get_ports {io_out[7]}]
set_load -pin_load 0.0334 [get_ports {io_out[6]}]
set_load -pin_load 0.0334 [get_ports {io_out[5]}]
set_load -pin_load 0.0334 [get_ports {io_out[4]}]
set_load -pin_load 0.0334 [get_ports {io_out[3]}]
set_load -pin_load 0.0334 [get_ports {io_out[2]}]
set_load -pin_load 0.0334 [get_ports {io_out[1]}]
set_load -pin_load 0.0334 [get_ports {io_out[0]}]
set_driving_cell -lib_cell sky130_fd_sc_hd__inv_2 -pin {Y} -input_transition_rise 0.0000 -input_transition_fall 0.0000 [get_ports {io_in[7]}]
set_driving_cell -lib_cell sky130_fd_sc_hd__inv_2 -pin {Y} -input_transition_rise 0.0000 -input_transition_fall 0.0000 [get_ports {io_in[6]}]
set_driving_cell -lib_cell sky130_fd_sc_hd__inv_2 -pin {Y} -input_transition_rise 0.0000 -input_transition_fall 0.0000 [get_ports {io_in[5]}]
set_driving_cell -lib_cell sky130_fd_sc_hd__inv_2 -pin {Y} -input_transition_rise 0.0000 -input_transition_fall 0.0000 [get_ports {io_in[4]}]
set_driving_cell -lib_cell sky130_fd_sc_hd__inv_2 -pin {Y} -input_transition_rise 0.0000 -input_transition_fall 0.0000 [get_ports {io_in[3]}]
set_driving_cell -lib_cell sky130_fd_sc_hd__inv_2 -pin {Y} -input_transition_rise 0.0000 -input_transition_fall 0.0000 [get_ports {io_in[2]}]
set_driving_cell -lib_cell sky130_fd_sc_hd__inv_2 -pin {Y} -input_transition_rise 0.0000 -input_transition_fall 0.0000 [get_ports {io_in[1]}]
set_driving_cell -lib_cell sky130_fd_sc_hd__inv_2 -pin {Y} -input_transition_rise 0.0000 -input_transition_fall 0.0000 [get_ports {io_in[0]}]
set_timing_derate -early 0.9500
set_timing_derate -late 1.0500
###############################################################################
# Design Rules
###############################################################################
set_max_fanout 5.0000 [current_design]
[INFO]: Setting RC values...
[INFO]: Configuring cts characterization...
[INFO]: Performing clock tree synthesis...
[INFO]: Looking for the following net(s): io_in[0]
[INFO]: Running Clock Tree Synthesis...
[INFO CTS-0049] Characterization buffer is: sky130_fd_sc_hd__clkbuf_8.
[INFO CTS-0038] Number of created patterns = 50000.
[INFO CTS-0038] Number of created patterns = 100000.
[INFO CTS-0039] Number of created patterns = 137808.
[INFO CTS-0084] Compiling LUT.
Min. len    Max. len    Min. cap    Max. cap    Min. slew   Max. slew
2           8           1           35          1           48          
[WARNING CTS-0043] 4752 wires are pure wire and no slew degradation.
TritonCTS forced slew degradation on these wires.
[INFO CTS-0046]     Number of wire segments: 137808.
[INFO CTS-0047]     Number of keys in characterization LUT: 1760.
[INFO CTS-0048]     Actual min input cap: 1.
[INFO CTS-0007] Net "io_in[0]" found for clock "io_in[0]".
[INFO CTS-0010]  Clock net "io_in[0]" has 6 sinks.
[WARNING CTS-0041] Net "_084_" has 1 sinks. Skipping...
[INFO CTS-0010]  Clock net "CIRCUIT_0.int_memory_1.GATES_17.result" has 4 sinks.
[WARNING CTS-0041] Net "_082_" has 1 sinks. Skipping...
[INFO CTS-0010]  Clock net "CIRCUIT_0.int_memory_1.GATES_16.result" has 4 sinks.
[INFO CTS-0010]  Clock net "_063_" has 5 sinks.
[INFO CTS-0010]  Clock net "_222_" has 5 sinks.
[WARNING CTS-0041] Net "_015_" has 1 sinks. Skipping...
[WARNING CTS-0041] Net "_014_" has 1 sinks. Skipping...
[WARNING CTS-0041] Net "_013_" has 1 sinks. Skipping...
[WARNING CTS-0041] Net "_012_" has 1 sinks. Skipping...
[WARNING CTS-0041] Net "_011_" has 1 sinks. Skipping...
[WARNING CTS-0041] Net "_080_" has 1 sinks. Skipping...
[INFO CTS-0010]  Clock net "CIRCUIT_0.int_memory_1.GATES_15.result" has 4 sinks.
[WARNING CTS-0041] Net "_078_" has 1 sinks. Skipping...
[INFO CTS-0010]  Clock net "CIRCUIT_0.int_memory_1.GATES_14.result" has 4 sinks.
[WARNING CTS-0041] Net "_076_" has 1 sinks. Skipping...
[INFO CTS-0010]  Clock net "CIRCUIT_0.int_memory_1.GATES_13.result" has 4 sinks.
[WARNING CTS-0041] Net "_073_" has 1 sinks. Skipping...
[INFO CTS-0010]  Clock net "CIRCUIT_0.int_memory_1.GATES_12.result" has 4 sinks.
[INFO CTS-0010]  Clock net "_045_" has 5 sinks.
[WARNING CTS-0041] Net "_018_" has 1 sinks. Skipping...
[WARNING CTS-0041] Net "_017_" has 1 sinks. Skipping...
[WARNING CTS-0041] Net "_016_" has 1 sinks. Skipping...
[INFO CTS-0010]  Clock net "_220_" has 5 sinks.
[WARNING CTS-0041] Net "_010_" has 1 sinks. Skipping...
[WARNING CTS-0041] Net "_009_" has 1 sinks. Skipping...
[WARNING CTS-0041] Net "_008_" has 1 sinks. Skipping...
[WARNING CTS-0041] Net "_007_" has 1 sinks. Skipping...
[WARNING CTS-0041] Net "_006_" has 1 sinks. Skipping...
[INFO CTS-0010]  Clock net "_046_" has 5 sinks.
[WARNING CTS-0041] Net "_005_" has 1 sinks. Skipping...
[WARNING CTS-0041] Net "_004_" has 1 sinks. Skipping...
[WARNING CTS-0041] Net "_001_" has 1 sinks. Skipping...
[WARNING CTS-0041] Net "_000_" has 1 sinks. Skipping...
[WARNING CTS-0041] Net "_002_" has 1 sinks. Skipping...
[INFO CTS-0008] TritonCTS found 12 clock nets.
[INFO CTS-0097] Characterization used 2 buffer(s) types.
[INFO CTS-0027] Generating H-Tree topology for net io_in[0].
[INFO CTS-0028]  Total number of sinks: 6.
[INFO CTS-0029]  Sinks will be clustered in groups of up to 25 and with maximum cluster diameter of 50.0 um.
[INFO CTS-0030]  Number of static layers: 0.
[INFO CTS-0020]  Wire segment unit: 13000  dbu (13 um).
[INFO CTS-0023]  Original sink region: [(7625, 12050), (71485, 39380)].
[INFO CTS-0024]  Normalized sink region: [(0.586538, 0.926923), (5.49885, 3.02923)].
[INFO CTS-0025]     Width:  4.9123.
[INFO CTS-0026]     Height: 2.1023.
[WARNING CTS-0045] Creating fake entries in the LUT.
 Level 1
    Direction: Horizontal
    Sinks per sub-region: 3
    Sub-region size: 2.4562 X 2.1023
[INFO CTS-0034]     Segment length (rounded): 1.
    Key: 137808 outSlew: 2 load: 1 length: 1 isBuffered: false
[INFO CTS-0032]  Stop criterion found. Max number of sinks is 15.
[INFO CTS-0035]  Number of sinks covered: 6.
[INFO CTS-0027] Generating H-Tree topology for net CIRCUIT_0.int_memory_1.GATES_17.result.
[INFO CTS-0028]  Total number of sinks: 4.
[INFO CTS-0029]  Sinks will be clustered in groups of up to 25 and with maximum cluster diameter of 50.0 um.
[INFO CTS-0030]  Number of static layers: 0.
[INFO CTS-0020]  Wire segment unit: 13000  dbu (13 um).
[INFO CTS-0023]  Original sink region: [(34235, 33940), (54085, 63980)].
[INFO CTS-0024]  Normalized sink region: [(2.63346, 2.61077), (4.16038, 4.92154)].
[INFO CTS-0025]     Width:  1.5269.
[INFO CTS-0026]     Height: 2.3108.
[WARNING CTS-0045] Creating fake entries in the LUT.
 Level 1
    Direction: Vertical
    Sinks per sub-region: 2
    Sub-region size: 1.5269 X 1.1554
[INFO CTS-0034]     Segment length (rounded): 1.
    Key: 137808 outSlew: 2 load: 1 length: 1 isBuffered: false
[INFO CTS-0032]  Stop criterion found. Max number of sinks is 15.
[INFO CTS-0035]  Number of sinks covered: 4.
[INFO CTS-0027] Generating H-Tree topology for net CIRCUIT_0.int_memory_1.GATES_16.result.
[INFO CTS-0028]  Total number of sinks: 4.
[INFO CTS-0029]  Sinks will be clustered in groups of up to 25 and with maximum cluster diameter of 50.0 um.
[INFO CTS-0030]  Number of static layers: 0.
[INFO CTS-0020]  Wire segment unit: 13000  dbu (13 um).
[INFO CTS-0023]  Original sink region: [(30625, 36780), (57765, 53100)].
[INFO CTS-0024]  Normalized sink region: [(2.35577, 2.82923), (4.44346, 4.08462)].
[INFO CTS-0025]     Width:  2.0877.
[INFO CTS-0026]     Height: 1.2554.
[WARNING CTS-0045] Creating fake entries in the LUT.
 Level 1
    Direction: Horizontal
    Sinks per sub-region: 2
    Sub-region size: 1.0438 X 1.2554
[INFO CTS-0034]     Segment length (rounded): 1.
    Key: 137808 outSlew: 2 load: 1 length: 1 isBuffered: false
[INFO CTS-0032]  Stop criterion found. Max number of sinks is 15.
[INFO CTS-0035]  Number of sinks covered: 4.
[INFO CTS-0027] Generating H-Tree topology for net _063_.
[INFO CTS-0028]  Total number of sinks: 5.
[INFO CTS-0029]  Sinks will be clustered in groups of up to 25 and with maximum cluster diameter of 50.0 um.
[INFO CTS-0030]  Number of static layers: 0.
[INFO CTS-0020]  Wire segment unit: 13000  dbu (13 um).
[INFO CTS-0023]  Original sink region: [(26865, 69715), (57777, 93650)].
[INFO CTS-0024]  Normalized sink region: [(2.06654, 5.36269), (4.44438, 7.20385)].
[INFO CTS-0025]     Width:  2.3778.
[INFO CTS-0026]     Height: 1.8412.
[WARNING CTS-0045] Creating fake entries in the LUT.
 Level 1
    Direction: Horizontal
    Sinks per sub-region: 3
    Sub-region size: 1.1889 X 1.8412
[INFO CTS-0034]     Segment length (rounded): 1.
    Key: 137808 outSlew: 2 load: 1 length: 1 isBuffered: false
[INFO CTS-0032]  Stop criterion found. Max number of sinks is 15.
[INFO CTS-0035]  Number of sinks covered: 5.
[INFO CTS-0027] Generating H-Tree topology for net _222_.
[INFO CTS-0028]  Total number of sinks: 5.
[INFO CTS-0029]  Sinks will be clustered in groups of up to 25 and with maximum cluster diameter of 50.0 um.
[INFO CTS-0030]  Number of static layers: 0.
[INFO CTS-0020]  Wire segment unit: 13000  dbu (13 um).
[INFO CTS-0023]  Original sink region: [(9655, 61040), (70845, 91280)].
[INFO CTS-0024]  Normalized sink region: [(0.742692, 4.69538), (5.44962, 7.02154)].
[INFO CTS-0025]     Width:  4.7069.
[INFO CTS-0026]     Height: 2.3262.
[WARNING CTS-0045] Creating fake entries in the LUT.
 Level 1
    Direction: Horizontal
    Sinks per sub-region: 3
    Sub-region size: 2.3535 X 2.3262
[INFO CTS-0034]     Segment length (rounded): 1.
    Key: 137808 outSlew: 2 load: 1 length: 1 isBuffered: false
[INFO CTS-0032]  Stop criterion found. Max number of sinks is 15.
[INFO CTS-0035]  Number of sinks covered: 5.
[INFO CTS-0027] Generating H-Tree topology for net CIRCUIT_0.int_memory_1.GATES_15.result.
[INFO CTS-0028]  Total number of sinks: 4.
[INFO CTS-0029]  Sinks will be clustered in groups of up to 25 and with maximum cluster diameter of 50.0 um.
[INFO CTS-0030]  Number of static layers: 0.
[INFO CTS-0020]  Wire segment unit: 13000  dbu (13 um).
[INFO CTS-0023]  Original sink region: [(32005, 47660), (51715, 69420)].
[INFO CTS-0024]  Normalized sink region: [(2.46192, 3.66615), (3.97808, 5.34)].
[INFO CTS-0025]     Width:  1.5162.
[INFO CTS-0026]     Height: 1.6738.
[WARNING CTS-0045] Creating fake entries in the LUT.
 Level 1
    Direction: Vertical
    Sinks per sub-region: 2
    Sub-region size: 1.5162 X 0.8369
[INFO CTS-0034]     Segment length (rounded): 1.
    Key: 137808 outSlew: 2 load: 1 length: 1 isBuffered: false
[INFO CTS-0032]  Stop criterion found. Max number of sinks is 15.
[INFO CTS-0035]  Number of sinks covered: 4.
[INFO CTS-0027] Generating H-Tree topology for net CIRCUIT_0.int_memory_1.GATES_14.result.
[INFO CTS-0028]  Total number of sinks: 4.
[INFO CTS-0029]  Sinks will be clustered in groups of up to 25 and with maximum cluster diameter of 50.0 um.
[INFO CTS-0030]  Number of static layers: 0.
[INFO CTS-0020]  Wire segment unit: 13000  dbu (13 um).
[INFO CTS-0023]  Original sink region: [(30165, 50260), (48035, 66580)].
[INFO CTS-0024]  Normalized sink region: [(2.32038, 3.86615), (3.695, 5.12154)].
[INFO CTS-0025]     Width:  1.3746.
[INFO CTS-0026]     Height: 1.2554.
[WARNING CTS-0045] Creating fake entries in the LUT.
 Level 1
    Direction: Horizontal
    Sinks per sub-region: 2
    Sub-region size: 0.6873 X 1.2554
[INFO CTS-0034]     Segment length (rounded): 1.
    Key: 137808 outSlew: 2 load: 1 length: 1 isBuffered: false
[INFO CTS-0032]  Stop criterion found. Max number of sinks is 15.
[INFO CTS-0035]  Number of sinks covered: 4.
[INFO CTS-0027] Generating H-Tree topology for net CIRCUIT_0.int_memory_1.GATES_13.result.
[INFO CTS-0028]  Total number of sinks: 4.
[INFO CTS-0029]  Sinks will be clustered in groups of up to 25 and with maximum cluster diameter of 50.0 um.
[INFO CTS-0030]  Number of static layers: 0.
[INFO CTS-0020]  Wire segment unit: 13000  dbu (13 um).
[INFO CTS-0023]  Original sink region: [(32005, 55700), (44885, 63980)].
[INFO CTS-0024]  Normalized sink region: [(2.46192, 4.28462), (3.45269, 4.92154)].
[INFO CTS-0025]     Width:  0.9908.
[INFO CTS-0026]     Height: 0.6369.
[WARNING CTS-0045] Creating fake entries in the LUT.
 Level 1
    Direction: Horizontal
    Sinks per sub-region: 2
    Sub-region size: 0.4954 X 0.6369
[INFO CTS-0034]     Segment length (rounded): 1.
    Key: 137808 outSlew: 2 load: 1 length: 1 isBuffered: false
 Out of 4 sinks, 1 sinks closer to other cluster.
[INFO CTS-0032]  Stop criterion found. Max number of sinks is 15.
[INFO CTS-0035]  Number of sinks covered: 4.
[INFO CTS-0027] Generating H-Tree topology for net CIRCUIT_0.int_memory_1.GATES_12.result.
[INFO CTS-0028]  Total number of sinks: 4.
[INFO CTS-0029]  Sinks will be clustered in groups of up to 25 and with maximum cluster diameter of 50.0 um.
[INFO CTS-0030]  Number of static layers: 0.
[INFO CTS-0020]  Wire segment unit: 13000  dbu (13 um).
[INFO CTS-0023]  Original sink region: [(38835, 42220), (54085, 55700)].
[INFO CTS-0024]  Normalized sink region: [(2.98731, 3.24769), (4.16038, 4.28462)].
[INFO CTS-0025]     Width:  1.1731.
[INFO CTS-0026]     Height: 1.0369.
[WARNING CTS-0045] Creating fake entries in the LUT.
 Level 1
    Direction: Horizontal
    Sinks per sub-region: 2
    Sub-region size: 0.5865 X 1.0369
[INFO CTS-0034]     Segment length (rounded): 1.
    Key: 137808 outSlew: 2 load: 1 length: 1 isBuffered: false
[INFO CTS-0032]  Stop criterion found. Max number of sinks is 15.
[INFO CTS-0035]  Number of sinks covered: 4.
[INFO CTS-0027] Generating H-Tree topology for net _045_.
[INFO CTS-0028]  Total number of sinks: 5.
[INFO CTS-0029]  Sinks will be clustered in groups of up to 25 and with maximum cluster diameter of 50.0 um.
[INFO CTS-0030]  Number of static layers: 0.
[INFO CTS-0020]  Wire segment unit: 13000  dbu (13 um).
[INFO CTS-0023]  Original sink region: [(47375, 26000), (78845, 42320)].
[INFO CTS-0024]  Normalized sink region: [(3.64423, 2), (6.065, 3.25538)].
[INFO CTS-0025]     Width:  2.4208.
[INFO CTS-0026]     Height: 1.2554.
[WARNING CTS-0045] Creating fake entries in the LUT.
 Level 1
    Direction: Horizontal
    Sinks per sub-region: 3
    Sub-region size: 1.2104 X 1.2554
[INFO CTS-0034]     Segment length (rounded): 1.
    Key: 137808 outSlew: 2 load: 1 length: 1 isBuffered: false
[INFO CTS-0032]  Stop criterion found. Max number of sinks is 15.
[INFO CTS-0035]  Number of sinks covered: 5.
[INFO CTS-0027] Generating H-Tree topology for net _220_.
[INFO CTS-0028]  Total number of sinks: 5.
[INFO CTS-0029]  Sinks will be clustered in groups of up to 25 and with maximum cluster diameter of 50.0 um.
[INFO CTS-0030]  Number of static layers: 0.
[INFO CTS-0020]  Wire segment unit: 13000  dbu (13 um).
[INFO CTS-0023]  Original sink region: [(10115, 9680), (67615, 88240)].
[INFO CTS-0024]  Normalized sink region: [(0.778077, 0.744615), (5.20115, 6.78769)].
[INFO CTS-0025]     Width:  4.4231.
[INFO CTS-0026]     Height: 6.0431.
[WARNING CTS-0045] Creating fake entries in the LUT.
 Level 1
    Direction: Vertical
    Sinks per sub-region: 3
    Sub-region size: 4.4231 X 3.0215
[INFO CTS-0034]     Segment length (rounded): 1.
    Key: 137808 outSlew: 2 load: 1 length: 1 isBuffered: false
[INFO CTS-0032]  Stop criterion found. Max number of sinks is 15.
[INFO CTS-0035]  Number of sinks covered: 5.
[INFO CTS-0027] Generating H-Tree topology for net _046_.
[INFO CTS-0028]  Total number of sinks: 5.
[INFO CTS-0029]  Sinks will be clustered in groups of up to 25 and with maximum cluster diameter of 50.0 um.
[INFO CTS-0030]  Number of static layers: 0.
[INFO CTS-0020]  Wire segment unit: 13000  dbu (13 um).
[INFO CTS-0023]  Original sink region: [(20695, 6640), (72215, 39280)].
[INFO CTS-0024]  Normalized sink region: [(1.59192, 0.510769), (5.555, 3.02154)].
[INFO CTS-0025]     Width:  3.9631.
[INFO CTS-0026]     Height: 2.5108.
[WARNING CTS-0045] Creating fake entries in the LUT.
 Level 1
    Direction: Horizontal
    Sinks per sub-region: 3
    Sub-region size: 1.9815 X 2.5108
[INFO CTS-0034]     Segment length (rounded): 1.
    Key: 137808 outSlew: 2 load: 1 length: 1 isBuffered: false
[INFO CTS-0032]  Stop criterion found. Max number of sinks is 15.
[INFO CTS-0035]  Number of sinks covered: 5.
[INFO CTS-0036]  Average source sink dist: 19528.17 dbu.
[INFO CTS-0037]  Number of outlier sinks: 0.
[INFO CTS-0036]  Average source sink dist: 13135.00 dbu.
[INFO CTS-0037]  Number of outlier sinks: 0.
[INFO CTS-0036]  Average source sink dist: 11777.50 dbu.
[INFO CTS-0037]  Number of outlier sinks: 0.
[INFO CTS-0036]  Average source sink dist: 16656.60 dbu.
[INFO CTS-0037]  Number of outlier sinks: 0.
[INFO CTS-0036]  Average source sink dist: 26347.00 dbu.
[INFO CTS-0037]  Number of outlier sinks: 0.
[INFO CTS-0036]  Average source sink dist: 17990.00 dbu.
[INFO CTS-0037]  Number of outlier sinks: 0.
[INFO CTS-0036]  Average source sink dist: 7907.50 dbu.
[INFO CTS-0037]  Number of outlier sinks: 0.
[INFO CTS-0036]  Average source sink dist: 12470.00 dbu.
[INFO CTS-0037]  Number of outlier sinks: 0.
[INFO CTS-0036]  Average source sink dist: 13640.00 dbu.
[INFO CTS-0037]  Number of outlier sinks: 0.
[INFO CTS-0036]  Average source sink dist: 15935.00 dbu.
[INFO CTS-0037]  Number of outlier sinks: 0.
[INFO CTS-0036]  Average source sink dist: 33223.00 dbu.
[INFO CTS-0037]  Number of outlier sinks: 0.
[INFO CTS-0036]  Average source sink dist: 15913.00 dbu.
[INFO CTS-0037]  Number of outlier sinks: 0.
[INFO CTS-0018]     Created 3 clock buffers.
[INFO CTS-0012]     Minimum number of buffers in the clock path: 2.
[INFO CTS-0013]     Maximum number of buffers in the clock path: 2.
[INFO CTS-0015]     Created 3 clock nets.
[INFO CTS-0016]     Fanout distribution for the current clock = 3:2..
[INFO CTS-0017]     Max level of the clock tree: 1.
[INFO CTS-0018]     Created 3 clock buffers.
[INFO CTS-0012]     Minimum number of buffers in the clock path: 2.
[INFO CTS-0013]     Maximum number of buffers in the clock path: 2.
[INFO CTS-0015]     Created 3 clock nets.
[INFO CTS-0016]     Fanout distribution for the current clock = 2:2..
[INFO CTS-0017]     Max level of the clock tree: 1.
[INFO CTS-0018]     Created 3 clock buffers.
[INFO CTS-0012]     Minimum number of buffers in the clock path: 2.
[INFO CTS-0013]     Maximum number of buffers in the clock path: 2.
[INFO CTS-0015]     Created 3 clock nets.
[INFO CTS-0016]     Fanout distribution for the current clock = 2:2..
[INFO CTS-0017]     Max level of the clock tree: 1.
[INFO CTS-0018]     Created 3 clock buffers.
[INFO CTS-0012]     Minimum number of buffers in the clock path: 2.
[INFO CTS-0013]     Maximum number of buffers in the clock path: 2.
[INFO CTS-0015]     Created 3 clock nets.
[INFO CTS-0016]     Fanout distribution for the current clock = 2:1, 3:1..
[INFO CTS-0017]     Max level of the clock tree: 1.
[INFO CTS-0018]     Created 3 clock buffers.
[INFO CTS-0012]     Minimum number of buffers in the clock path: 2.
[INFO CTS-0013]     Maximum number of buffers in the clock path: 2.
[INFO CTS-0015]     Created 3 clock nets.
[INFO CTS-0016]     Fanout distribution for the current clock = 2:1, 3:1..
[INFO CTS-0017]     Max level of the clock tree: 1.
[INFO CTS-0018]     Created 3 clock buffers.
[INFO CTS-0012]     Minimum number of buffers in the clock path: 2.
[INFO CTS-0013]     Maximum number of buffers in the clock path: 2.
[INFO CTS-0015]     Created 3 clock nets.
[INFO CTS-0016]     Fanout distribution for the current clock = 2:2..
[INFO CTS-0017]     Max level of the clock tree: 1.
[INFO CTS-0018]     Created 3 clock buffers.
[INFO CTS-0012]     Minimum number of buffers in the clock path: 2.
[INFO CTS-0013]     Maximum number of buffers in the clock path: 2.
[INFO CTS-0015]     Created 3 clock nets.
[INFO CTS-0016]     Fanout distribution for the current clock = 2:2..
[INFO CTS-0017]     Max level of the clock tree: 1.
[INFO CTS-0018]     Created 3 clock buffers.
[INFO CTS-0012]     Minimum number of buffers in the clock path: 2.
[INFO CTS-0013]     Maximum number of buffers in the clock path: 2.
[INFO CTS-0015]     Created 3 clock nets.
[INFO CTS-0016]     Fanout distribution for the current clock = 2:2..
[INFO CTS-0017]     Max level of the clock tree: 1.
[INFO CTS-0018]     Created 3 clock buffers.
[INFO CTS-0012]     Minimum number of buffers in the clock path: 2.
[INFO CTS-0013]     Maximum number of buffers in the clock path: 2.
[INFO CTS-0015]     Created 3 clock nets.
[INFO CTS-0016]     Fanout distribution for the current clock = 2:2..
[INFO CTS-0017]     Max level of the clock tree: 1.
[INFO CTS-0018]     Created 3 clock buffers.
[INFO CTS-0012]     Minimum number of buffers in the clock path: 2.
[INFO CTS-0013]     Maximum number of buffers in the clock path: 2.
[INFO CTS-0015]     Created 3 clock nets.
[INFO CTS-0016]     Fanout distribution for the current clock = 2:1, 3:1..
[INFO CTS-0017]     Max level of the clock tree: 1.
[INFO CTS-0018]     Created 3 clock buffers.
[INFO CTS-0012]     Minimum number of buffers in the clock path: 2.
[INFO CTS-0013]     Maximum number of buffers in the clock path: 2.
[INFO CTS-0015]     Created 3 clock nets.
[INFO CTS-0016]     Fanout distribution for the current clock = 1:1, 4:1..
[INFO CTS-0017]     Max level of the clock tree: 1.
[INFO CTS-0018]     Created 3 clock buffers.
[INFO CTS-0012]     Minimum number of buffers in the clock path: 2.
[INFO CTS-0013]     Maximum number of buffers in the clock path: 2.
[INFO CTS-0015]     Created 3 clock nets.
[INFO CTS-0016]     Fanout distribution for the current clock = 2:1, 3:1..
[INFO CTS-0017]     Max level of the clock tree: 1.
[INFO CTS-0098] Clock net "io_in[0]"
[INFO CTS-0099]  Sinks 6
[INFO CTS-0100]  Leaf buffers 0
[INFO CTS-0101]  Average sink wire length 102.72 um
[INFO CTS-0102]  Path depth 2 - 2
[INFO CTS-0098] Clock net "CIRCUIT_0.int_memory_1.GATES_17.result"
[INFO CTS-0099]  Sinks 4
[INFO CTS-0100]  Leaf buffers 0
[INFO CTS-0101]  Average sink wire length 72.25 um
[INFO CTS-0102]  Path depth 2 - 2
[INFO CTS-0098] Clock net "CIRCUIT_0.int_memory_1.GATES_16.result"
[INFO CTS-0099]  Sinks 4
[INFO CTS-0100]  Leaf buffers 0
[INFO CTS-0101]  Average sink wire length 81.82 um
[INFO CTS-0102]  Path depth 2 - 2
[INFO CTS-0098] Clock net "_063_"
[INFO CTS-0099]  Sinks 5
[INFO CTS-0100]  Leaf buffers 0
[INFO CTS-0101]  Average sink wire length 115.24 um
[INFO CTS-0102]  Path depth 2 - 2
[INFO CTS-0098] Clock net "_222_"
[INFO CTS-0099]  Sinks 5
[INFO CTS-0100]  Leaf buffers 0
[INFO CTS-0101]  Average sink wire length 78.12 um
[INFO CTS-0102]  Path depth 2 - 2
[INFO CTS-0098] Clock net "CIRCUIT_0.int_memory_1.GATES_15.result"
[INFO CTS-0099]  Sinks 4
[INFO CTS-0100]  Leaf buffers 0
[INFO CTS-0101]  Average sink wire length 72.35 um
[INFO CTS-0102]  Path depth 2 - 2
[INFO CTS-0098] Clock net "CIRCUIT_0.int_memory_1.GATES_14.result"
[INFO CTS-0099]  Sinks 4
[INFO CTS-0100]  Leaf buffers 0
[INFO CTS-0101]  Average sink wire length 61.34 um
[INFO CTS-0102]  Path depth 2 - 2
[INFO CTS-0098] Clock net "CIRCUIT_0.int_memory_1.GATES_13.result"
[INFO CTS-0099]  Sinks 4
[INFO CTS-0100]  Leaf buffers 0
[INFO CTS-0101]  Average sink wire length 55.76 um
[INFO CTS-0102]  Path depth 2 - 2
[INFO CTS-0098] Clock net "CIRCUIT_0.int_memory_1.GATES_12.result"
[INFO CTS-0099]  Sinks 4
[INFO CTS-0100]  Leaf buffers 0
[INFO CTS-0101]  Average sink wire length 70.29 um
[INFO CTS-0102]  Path depth 2 - 2
[INFO CTS-0098] Clock net "_045_"
[INFO CTS-0099]  Sinks 5
[INFO CTS-0100]  Leaf buffers 0
[INFO CTS-0101]  Average sink wire length 78.19 um
[INFO CTS-0102]  Path depth 2 - 2
[INFO CTS-0098] Clock net "_220_"
[INFO CTS-0099]  Sinks 5
[INFO CTS-0100]  Leaf buffers 0
[INFO CTS-0101]  Average sink wire length 119.31 um
[INFO CTS-0102]  Path depth 2 - 2
[INFO CTS-0098] Clock net "_046_"
[INFO CTS-0099]  Sinks 5
[INFO CTS-0100]  Leaf buffers 0
[INFO CTS-0101]  Average sink wire length 85.45 um
[INFO CTS-0102]  Path depth 2 - 2
[INFO]: Repairing long wires on clock nets...
[INFO RSZ-0058] Using max wire length 3048um.
[INFO]: Legalizing...
Placement Analysis
---------------------------------
total displacement       1451.0 u
average displacement        2.6 u
max displacement           31.3 u
original HPWL           18845.6 u
legalized HPWL          20429.5 u
delta HPWL                    8 %

[INFO DPL-0020] Mirrored 175 instances
[INFO DPL-0021] HPWL before           20429.5 u
[INFO DPL-0022] HPWL after            19912.3 u
[INFO DPL-0023] HPWL delta               -2.5 %
cts_report
[INFO CTS-0003] Total number of Clock Roots: 12.
[INFO CTS-0004] Total number of Buffers Inserted: 36.
[INFO CTS-0005] Total number of Clock Subnets: 36.
[INFO CTS-0006] Total number of Sinks: 55.
cts_report_end
min_report

===========================================================================
report_checks -path_delay min (Hold)
============================================================================
Startpoint: io_in[1] (input port clocked by io_in[0])
Endpoint: _513_ (removal check against rising-edge clock io_in[0])
Path Group: **async_default**
Path Type: min

Fanout     Cap    Slew   Delay    Time   Description
-----------------------------------------------------------------------------
                          0.00    0.00   clock io_in[0] (rise edge)
                          0.00    0.00   clock network delay (propagated)
                       2000.00 2000.00 v input external delay
                  0.01    0.01 2000.01 v io_in[1] (in)
     1    0.01                           io_in[1] (net)
                  0.01    0.00 2000.01 v input1/A (sky130_fd_sc_hd__clkbuf_1)
                  0.09    0.12 2000.13 v input1/X (sky130_fd_sc_hd__clkbuf_1)
     4    0.02                           net1 (net)
                  0.09    0.00 2000.13 v _223_/A (sky130_fd_sc_hd__clkbuf_2)
                  0.10    0.17 2000.31 v _223_/X (sky130_fd_sc_hd__clkbuf_2)
     5    0.02                           _043_ (net)
                  0.10    0.00 2000.31 v _224_/A (sky130_fd_sc_hd__clkbuf_2)
                  0.11    0.19 2000.49 v _224_/X (sky130_fd_sc_hd__clkbuf_2)
     5    0.03                           _044_ (net)
                  0.11    0.00 2000.49 v _467_/A (sky130_fd_sc_hd__nand2_2)
                  0.06    0.09 2000.58 ^ _467_/Y (sky130_fd_sc_hd__nand2_2)
     1    0.01                           _001_ (net)
                  0.06    0.00 2000.58 ^ _513_/RESET_B (sky130_fd_sc_hd__dfrtp_1)
                               2000.58   data arrival time

                          0.00    0.00   clock io_in[0] (rise edge)
                          0.00    0.00   clock source latency
                  0.06    0.05    0.05 ^ io_in[0] (in)
     1    0.01                           io_in[0] (net)
                  0.06    0.00    0.05 ^ clkbuf_0_io_in[0]/A (sky130_fd_sc_hd__clkbuf_16)
                  0.04    0.14    0.18 ^ clkbuf_0_io_in[0]/X (sky130_fd_sc_hd__clkbuf_16)
     2    0.02                           clknet_0_io_in[0] (net)
                  0.04    0.00    0.18 ^ clkbuf_1_0__f_io_in[0]/A (sky130_fd_sc_hd__clkbuf_16)
                  0.03    0.12    0.30 ^ clkbuf_1_0__f_io_in[0]/X (sky130_fd_sc_hd__clkbuf_16)
     3    0.01                           clknet_1_0__leaf_io_in[0] (net)
                  0.03    0.00    0.30 ^ _513_/CLK (sky130_fd_sc_hd__dfrtp_1)
                          0.25    0.55   clock uncertainty
                          0.00    0.55   clock reconvergence pessimism
                          0.32    0.87   library removal time
                                  0.87   data required time
-----------------------------------------------------------------------------
                                  0.87   data required time
                               -2000.58   data arrival time
-----------------------------------------------------------------------------
                               1999.71   slack (MET)


Startpoint: io_in[1] (input port clocked by io_in[0])
Endpoint: _519_ (removal check against rising-edge clock io_in[0])
Path Group: **async_default**
Path Type: min

Fanout     Cap    Slew   Delay    Time   Description
-----------------------------------------------------------------------------
                          0.00    0.00   clock io_in[0] (rise edge)
                          0.00    0.00   clock network delay (propagated)
                       2000.00 2000.00 v input external delay
                  0.01    0.01 2000.01 v io_in[1] (in)
     1    0.01                           io_in[1] (net)
                  0.01    0.00 2000.01 v input1/A (sky130_fd_sc_hd__clkbuf_1)
                  0.09    0.12 2000.13 v input1/X (sky130_fd_sc_hd__clkbuf_1)
     4    0.02                           net1 (net)
                  0.09    0.00 2000.13 v _223_/A (sky130_fd_sc_hd__clkbuf_2)
                  0.10    0.17 2000.31 v _223_/X (sky130_fd_sc_hd__clkbuf_2)
     5    0.02                           _043_ (net)
                  0.10    0.00 2000.31 v _471_/A (sky130_fd_sc_hd__clkbuf_2)
                  0.14    0.21 2000.51 v _471_/X (sky130_fd_sc_hd__clkbuf_2)
     5    0.04                           _219_ (net)
                  0.14    0.00 2000.51 v _475_/A (sky130_fd_sc_hd__nand2_2)
                  0.06    0.10 2000.61 ^ _475_/Y (sky130_fd_sc_hd__nand2_2)
     1    0.01                           _008_ (net)
                  0.06    0.00 2000.61 ^ _519_/RESET_B (sky130_fd_sc_hd__dfrtp_1)
                               2000.61   data arrival time

                          0.00    0.00   clock io_in[0] (rise edge)
                          0.00    0.00   clock source latency
                  0.06    0.05    0.05 ^ io_in[0] (in)
     1    0.01                           io_in[0] (net)
                  0.06    0.00    0.05 ^ clkbuf_0_io_in[0]/A (sky130_fd_sc_hd__clkbuf_16)
                  0.04    0.14    0.18 ^ clkbuf_0_io_in[0]/X (sky130_fd_sc_hd__clkbuf_16)
     2    0.02                           clknet_0_io_in[0] (net)
                  0.04    0.00    0.18 ^ clkbuf_1_0__f_io_in[0]/A (sky130_fd_sc_hd__clkbuf_16)
                  0.03    0.12    0.30 ^ clkbuf_1_0__f_io_in[0]/X (sky130_fd_sc_hd__clkbuf_16)
     3    0.01                           clknet_1_0__leaf_io_in[0] (net)
                  0.03    0.00    0.30 ^ _519_/CLK (sky130_fd_sc_hd__dfrtp_1)
                          0.25    0.55   clock uncertainty
                          0.00    0.55   clock reconvergence pessimism
                          0.32    0.87   library removal time
                                  0.87   data required time
-----------------------------------------------------------------------------
                                  0.87   data required time
                               -2000.61   data arrival time
-----------------------------------------------------------------------------
                               1999.74   slack (MET)


Startpoint: _504_ (rising edge-triggered flip-flop clocked by io_in[0])
Endpoint: _504_ (rising edge-triggered flip-flop clocked by io_in[0])
Path Group: io_in[0]
Path Type: min

Fanout     Cap    Slew   Delay    Time   Description
-----------------------------------------------------------------------------
                          0.00    0.00   clock io_in[0] (rise edge)
                          0.00    0.00   clock source latency
                  0.06    0.04    0.04 ^ io_in[0] (in)
     1    0.01                           io_in[0] (net)
                  0.06    0.00    0.04 ^ clkbuf_0_io_in[0]/A (sky130_fd_sc_hd__clkbuf_16)
                  0.04    0.12    0.17 ^ clkbuf_0_io_in[0]/X (sky130_fd_sc_hd__clkbuf_16)
     2    0.02                           clknet_0_io_in[0] (net)
                  0.04    0.00    0.17 ^ clkbuf_1_0__f_io_in[0]/A (sky130_fd_sc_hd__clkbuf_16)
                  0.03    0.11    0.27 ^ clkbuf_1_0__f_io_in[0]/X (sky130_fd_sc_hd__clkbuf_16)
     3    0.01                           clknet_1_0__leaf_io_in[0] (net)
                  0.03    0.00    0.27 ^ _276_/A (sky130_fd_sc_hd__and3_2)
                  0.07    0.17    0.44 ^ _276_/X (sky130_fd_sc_hd__and3_2)
     1    0.01                           _082_ (net)
                  0.07    0.00    0.44 ^ _277_/A (sky130_fd_sc_hd__buf_1)
                  0.16    0.16    0.60 ^ _277_/X (sky130_fd_sc_hd__buf_1)
     1    0.01                           CIRCUIT_0.int_memory_1.GATES_16.result (net)
                  0.16    0.00    0.60 ^ clkbuf_0_CIRCUIT_0.int_memory_1.GATES_16.result/A (sky130_fd_sc_hd__clkbuf_16)
                  0.04    0.15    0.75 ^ clkbuf_0_CIRCUIT_0.int_memory_1.GATES_16.result/X (sky130_fd_sc_hd__clkbuf_16)
     2    0.02                           clknet_0_CIRCUIT_0.int_memory_1.GATES_16.result (net)
                  0.04    0.00    0.75 ^ clkbuf_1_0__f_CIRCUIT_0.int_memory_1.GATES_16.result/A (sky130_fd_sc_hd__clkbuf_16)
                  0.03    0.10    0.86 ^ clkbuf_1_0__f_CIRCUIT_0.int_memory_1.GATES_16.result/X (sky130_fd_sc_hd__clkbuf_16)
     2    0.00                           clknet_1_0__leaf_CIRCUIT_0.int_memory_1.GATES_16.result (net)
                  0.03    0.00    0.86 ^ _504_/CLK (sky130_fd_sc_hd__dfxtp_1)
                  0.07    0.30    1.16 ^ _504_/Q (sky130_fd_sc_hd__dfxtp_1)
     2    0.01                           CIRCUIT_0.int_memory_1.GATES_4.input2[0] (net)
                  0.07    0.00    1.16 ^ _458_/A1 (sky130_fd_sc_hd__a21o_1)
                  0.04    0.10    1.26 ^ _458_/X (sky130_fd_sc_hd__a21o_1)
     1    0.00                           _031_ (net)
                  0.04    0.00    1.26 ^ _504_/D (sky130_fd_sc_hd__dfxtp_1)
                                  1.26   data arrival time

                          0.00    0.00   clock io_in[0] (rise edge)
                          0.00    0.00   clock source latency
                  0.06    0.05    0.05 ^ io_in[0] (in)
     1    0.01                           io_in[0] (net)
                  0.06    0.00    0.05 ^ clkbuf_0_io_in[0]/A (sky130_fd_sc_hd__clkbuf_16)
                  0.04    0.14    0.18 ^ clkbuf_0_io_in[0]/X (sky130_fd_sc_hd__clkbuf_16)
     2    0.02                           clknet_0_io_in[0] (net)
                  0.04    0.00    0.18 ^ clkbuf_1_0__f_io_in[0]/A (sky130_fd_sc_hd__clkbuf_16)
                  0.03    0.12    0.30 ^ clkbuf_1_0__f_io_in[0]/X (sky130_fd_sc_hd__clkbuf_16)
     3    0.01                           clknet_1_0__leaf_io_in[0] (net)
                  0.03    0.00    0.30 ^ _276_/A (sky130_fd_sc_hd__and3_2)
                  0.07    0.19    0.49 ^ _276_/X (sky130_fd_sc_hd__and3_2)
     1    0.01                           _082_ (net)
                  0.07    0.00    0.49 ^ _277_/A (sky130_fd_sc_hd__buf_1)
                  0.16    0.17    0.66 ^ _277_/X (sky130_fd_sc_hd__buf_1)
     1    0.01                           CIRCUIT_0.int_memory_1.GATES_16.result (net)
                  0.16    0.00    0.66 ^ clkbuf_0_CIRCUIT_0.int_memory_1.GATES_16.result/A (sky130_fd_sc_hd__clkbuf_16)
                  0.04    0.17    0.83 ^ clkbuf_0_CIRCUIT_0.int_memory_1.GATES_16.result/X (sky130_fd_sc_hd__clkbuf_16)
     2    0.02                           clknet_0_CIRCUIT_0.int_memory_1.GATES_16.result (net)
                  0.04    0.00    0.83 ^ clkbuf_1_0__f_CIRCUIT_0.int_memory_1.GATES_16.result/A (sky130_fd_sc_hd__clkbuf_16)
                  0.03    0.11    0.95 ^ clkbuf_1_0__f_CIRCUIT_0.int_memory_1.GATES_16.result/X (sky130_fd_sc_hd__clkbuf_16)
     2    0.00                           clknet_1_0__leaf_CIRCUIT_0.int_memory_1.GATES_16.result (net)
                  0.03    0.00    0.95 ^ _504_/CLK (sky130_fd_sc_hd__dfxtp_1)
                          0.25    1.20   clock uncertainty
                         -0.09    1.11   clock reconvergence pessimism
                         -0.03    1.08   library hold time
                                  1.08   data required time
-----------------------------------------------------------------------------
                                  1.08   data required time
                                 -1.26   data arrival time
-----------------------------------------------------------------------------
                                  0.18   slack (MET)


Startpoint: _510_ (rising edge-triggered flip-flop clocked by io_in[0])
Endpoint: _510_ (rising edge-triggered flip-flop clocked by io_in[0])
Path Group: io_in[0]
Path Type: min

Fanout     Cap    Slew   Delay    Time   Description
-----------------------------------------------------------------------------
                          0.00    0.00   clock io_in[0] (rise edge)
                          0.00    0.00   clock source latency
                  0.06    0.04    0.04 ^ io_in[0] (in)
     1    0.01                           io_in[0] (net)
                  0.06    0.00    0.04 ^ clkbuf_0_io_in[0]/A (sky130_fd_sc_hd__clkbuf_16)
                  0.04    0.12    0.17 ^ clkbuf_0_io_in[0]/X (sky130_fd_sc_hd__clkbuf_16)
     2    0.02                           clknet_0_io_in[0] (net)
                  0.04    0.00    0.17 ^ clkbuf_1_1__f_io_in[0]/A (sky130_fd_sc_hd__clkbuf_16)
                  0.03    0.11    0.28 ^ clkbuf_1_1__f_io_in[0]/X (sky130_fd_sc_hd__clkbuf_16)
     3    0.01                           clknet_1_1__leaf_io_in[0] (net)
                  0.03    0.00    0.28 ^ _279_/A (sky130_fd_sc_hd__and3_2)
                  0.04    0.14    0.42 ^ _279_/X (sky130_fd_sc_hd__and3_2)
     1    0.00                           _084_ (net)
                  0.04    0.00    0.42 ^ _280_/A (sky130_fd_sc_hd__buf_1)
                  0.14    0.14    0.56 ^ _280_/X (sky130_fd_sc_hd__buf_1)
     1    0.01                           CIRCUIT_0.int_memory_1.GATES_17.result (net)
                  0.14    0.00    0.56 ^ clkbuf_0_CIRCUIT_0.int_memory_1.GATES_17.result/A (sky130_fd_sc_hd__clkbuf_16)
                  0.04    0.15    0.71 ^ clkbuf_0_CIRCUIT_0.int_memory_1.GATES_17.result/X (sky130_fd_sc_hd__clkbuf_16)
     2    0.02                           clknet_0_CIRCUIT_0.int_memory_1.GATES_17.result (net)
                  0.04    0.00    0.71 ^ clkbuf_1_0__f_CIRCUIT_0.int_memory_1.GATES_17.result/A (sky130_fd_sc_hd__clkbuf_16)
                  0.03    0.11    0.81 ^ clkbuf_1_0__f_CIRCUIT_0.int_memory_1.GATES_17.result/X (sky130_fd_sc_hd__clkbuf_16)
     2    0.01                           clknet_1_0__leaf_CIRCUIT_0.int_memory_1.GATES_17.result (net)
                  0.03    0.00    0.81 ^ _510_/CLK (sky130_fd_sc_hd__dfxtp_1)
                  0.07    0.30    1.12 ^ _510_/Q (sky130_fd_sc_hd__dfxtp_1)
     2    0.01                           CIRCUIT_0.int_memory_1.GATES_5.input2[2] (net)
                  0.07    0.00    1.12 ^ _464_/A1 (sky130_fd_sc_hd__a21o_1)
                  0.04    0.10    1.22 ^ _464_/X (sky130_fd_sc_hd__a21o_1)
     1    0.00                           _037_ (net)
                  0.04    0.00    1.22 ^ _510_/D (sky130_fd_sc_hd__dfxtp_1)
                                  1.22   data arrival time

                          0.00    0.00   clock io_in[0] (rise edge)
                          0.00    0.00   clock source latency
                  0.06    0.05    0.05 ^ io_in[0] (in)
     1    0.01                           io_in[0] (net)
                  0.06    0.00    0.05 ^ clkbuf_0_io_in[0]/A (sky130_fd_sc_hd__clkbuf_16)
                  0.04    0.14    0.18 ^ clkbuf_0_io_in[0]/X (sky130_fd_sc_hd__clkbuf_16)
     2    0.02                           clknet_0_io_in[0] (net)
                  0.04    0.00    0.18 ^ clkbuf_1_1__f_io_in[0]/A (sky130_fd_sc_hd__clkbuf_16)
                  0.03    0.12    0.31 ^ clkbuf_1_1__f_io_in[0]/X (sky130_fd_sc_hd__clkbuf_16)
     3    0.01                           clknet_1_1__leaf_io_in[0] (net)
                  0.03    0.00    0.31 ^ _279_/A (sky130_fd_sc_hd__and3_2)
                  0.05    0.16    0.46 ^ _279_/X (sky130_fd_sc_hd__and3_2)
     1    0.00                           _084_ (net)
                  0.05    0.00    0.46 ^ _280_/A (sky130_fd_sc_hd__buf_1)
                  0.14    0.16    0.62 ^ _280_/X (sky130_fd_sc_hd__buf_1)
     1    0.01                           CIRCUIT_0.int_memory_1.GATES_17.result (net)
                  0.14    0.00    0.62 ^ clkbuf_0_CIRCUIT_0.int_memory_1.GATES_17.result/A (sky130_fd_sc_hd__clkbuf_16)
                  0.04    0.17    0.78 ^ clkbuf_0_CIRCUIT_0.int_memory_1.GATES_17.result/X (sky130_fd_sc_hd__clkbuf_16)
     2    0.02                           clknet_0_CIRCUIT_0.int_memory_1.GATES_17.result (net)
                  0.04    0.00    0.78 ^ clkbuf_1_0__f_CIRCUIT_0.int_memory_1.GATES_17.result/A (sky130_fd_sc_hd__clkbuf_16)
                  0.03    0.12    0.90 ^ clkbuf_1_0__f_CIRCUIT_0.int_memory_1.GATES_17.result/X (sky130_fd_sc_hd__clkbuf_16)
     2    0.01                           clknet_1_0__leaf_CIRCUIT_0.int_memory_1.GATES_17.result (net)
                  0.03    0.00    0.90 ^ _510_/CLK (sky130_fd_sc_hd__dfxtp_1)
                          0.25    1.15   clock uncertainty
                         -0.09    1.06   clock reconvergence pessimism
                         -0.03    1.03   library hold time
                                  1.03   data required time
-----------------------------------------------------------------------------
                                  1.03   data required time
                                 -1.22   data arrival time
-----------------------------------------------------------------------------
                                  0.19   slack (MET)


Startpoint: _505_ (rising edge-triggered flip-flop clocked by io_in[0])
Endpoint: _505_ (rising edge-triggered flip-flop clocked by io_in[0])
Path Group: io_in[0]
Path Type: min

Fanout     Cap    Slew   Delay    Time   Description
-----------------------------------------------------------------------------
                          0.00    0.00   clock io_in[0] (rise edge)
                          0.00    0.00   clock source latency
                  0.06    0.04    0.04 ^ io_in[0] (in)
     1    0.01                           io_in[0] (net)
                  0.06    0.00    0.04 ^ clkbuf_0_io_in[0]/A (sky130_fd_sc_hd__clkbuf_16)
                  0.04    0.12    0.17 ^ clkbuf_0_io_in[0]/X (sky130_fd_sc_hd__clkbuf_16)
     2    0.02                           clknet_0_io_in[0] (net)
                  0.04    0.00    0.17 ^ clkbuf_1_0__f_io_in[0]/A (sky130_fd_sc_hd__clkbuf_16)
                  0.03    0.11    0.27 ^ clkbuf_1_0__f_io_in[0]/X (sky130_fd_sc_hd__clkbuf_16)
     3    0.01                           clknet_1_0__leaf_io_in[0] (net)
                  0.03    0.00    0.27 ^ _276_/A (sky130_fd_sc_hd__and3_2)
                  0.07    0.17    0.44 ^ _276_/X (sky130_fd_sc_hd__and3_2)
     1    0.01                           _082_ (net)
                  0.07    0.00    0.44 ^ _277_/A (sky130_fd_sc_hd__buf_1)
                  0.16    0.16    0.60 ^ _277_/X (sky130_fd_sc_hd__buf_1)
     1    0.01                           CIRCUIT_0.int_memory_1.GATES_16.result (net)
                  0.16    0.00    0.60 ^ clkbuf_0_CIRCUIT_0.int_memory_1.GATES_16.result/A (sky130_fd_sc_hd__clkbuf_16)
                  0.04    0.15    0.75 ^ clkbuf_0_CIRCUIT_0.int_memory_1.GATES_16.result/X (sky130_fd_sc_hd__clkbuf_16)
     2    0.02                           clknet_0_CIRCUIT_0.int_memory_1.GATES_16.result (net)
                  0.04    0.00    0.75 ^ clkbuf_1_1__f_CIRCUIT_0.int_memory_1.GATES_16.result/A (sky130_fd_sc_hd__clkbuf_16)
                  0.03    0.10    0.86 ^ clkbuf_1_1__f_CIRCUIT_0.int_memory_1.GATES_16.result/X (sky130_fd_sc_hd__clkbuf_16)
     2    0.01                           clknet_1_1__leaf_CIRCUIT_0.int_memory_1.GATES_16.result (net)
                  0.03    0.00    0.86 ^ _505_/CLK (sky130_fd_sc_hd__dfxtp_1)
                  0.08    0.31    1.17 ^ _505_/Q (sky130_fd_sc_hd__dfxtp_1)
     2    0.01                           CIRCUIT_0.int_memory_1.GATES_4.input2[1] (net)
                  0.08    0.00    1.17 ^ _459_/A1 (sky130_fd_sc_hd__a21o_1)
                  0.04    0.10    1.27 ^ _459_/X (sky130_fd_sc_hd__a21o_1)
     1    0.00                           _032_ (net)
                  0.04    0.00    1.27 ^ _505_/D (sky130_fd_sc_hd__dfxtp_1)
                                  1.27   data arrival time

                          0.00    0.00   clock io_in[0] (rise edge)
                          0.00    0.00   clock source latency
                  0.06    0.05    0.05 ^ io_in[0] (in)
     1    0.01                           io_in[0] (net)
                  0.06    0.00    0.05 ^ clkbuf_0_io_in[0]/A (sky130_fd_sc_hd__clkbuf_16)
                  0.04    0.14    0.18 ^ clkbuf_0_io_in[0]/X (sky130_fd_sc_hd__clkbuf_16)
     2    0.02                           clknet_0_io_in[0] (net)
                  0.04    0.00    0.18 ^ clkbuf_1_0__f_io_in[0]/A (sky130_fd_sc_hd__clkbuf_16)
                  0.03    0.12    0.30 ^ clkbuf_1_0__f_io_in[0]/X (sky130_fd_sc_hd__clkbuf_16)
     3    0.01                           clknet_1_0__leaf_io_in[0] (net)
                  0.03    0.00    0.30 ^ _276_/A (sky130_fd_sc_hd__and3_2)
                  0.07    0.19    0.49 ^ _276_/X (sky130_fd_sc_hd__and3_2)
     1    0.01                           _082_ (net)
                  0.07    0.00    0.49 ^ _277_/A (sky130_fd_sc_hd__buf_1)
                  0.16    0.17    0.66 ^ _277_/X (sky130_fd_sc_hd__buf_1)
     1    0.01                           CIRCUIT_0.int_memory_1.GATES_16.result (net)
                  0.16    0.00    0.66 ^ clkbuf_0_CIRCUIT_0.int_memory_1.GATES_16.result/A (sky130_fd_sc_hd__clkbuf_16)
                  0.04    0.17    0.83 ^ clkbuf_0_CIRCUIT_0.int_memory_1.GATES_16.result/X (sky130_fd_sc_hd__clkbuf_16)
     2    0.02                           clknet_0_CIRCUIT_0.int_memory_1.GATES_16.result (net)
                  0.04    0.00    0.83 ^ clkbuf_1_1__f_CIRCUIT_0.int_memory_1.GATES_16.result/A (sky130_fd_sc_hd__clkbuf_16)
                  0.03    0.12    0.95 ^ clkbuf_1_1__f_CIRCUIT_0.int_memory_1.GATES_16.result/X (sky130_fd_sc_hd__clkbuf_16)
     2    0.01                           clknet_1_1__leaf_CIRCUIT_0.int_memory_1.GATES_16.result (net)
                  0.03    0.00    0.95 ^ _505_/CLK (sky130_fd_sc_hd__dfxtp_1)
                          0.25    1.20   clock uncertainty
                         -0.09    1.11   clock reconvergence pessimism
                         -0.03    1.08   library hold time
                                  1.08   data required time
-----------------------------------------------------------------------------
                                  1.08   data required time
                                 -1.27   data arrival time
-----------------------------------------------------------------------------
                                  0.19   slack (MET)


Startpoint: _492_ (rising edge-triggered flip-flop clocked by io_in[0])
Endpoint: _492_ (rising edge-triggered flip-flop clocked by io_in[0])
Path Group: io_in[0]
Path Type: min

Fanout     Cap    Slew   Delay    Time   Description
-----------------------------------------------------------------------------
                          0.00    0.00   clock io_in[0] (rise edge)
                          0.00    0.00   clock source latency
                  0.06    0.04    0.04 ^ io_in[0] (in)
     1    0.01                           io_in[0] (net)
                  0.06    0.00    0.04 ^ clkbuf_0_io_in[0]/A (sky130_fd_sc_hd__clkbuf_16)
                  0.04    0.12    0.17 ^ clkbuf_0_io_in[0]/X (sky130_fd_sc_hd__clkbuf_16)
     2    0.02                           clknet_0_io_in[0] (net)
                  0.04    0.00    0.17 ^ clkbuf_1_1__f_io_in[0]/A (sky130_fd_sc_hd__clkbuf_16)
                  0.03    0.11    0.28 ^ clkbuf_1_1__f_io_in[0]/X (sky130_fd_sc_hd__clkbuf_16)
     3    0.01                           clknet_1_1__leaf_io_in[0] (net)
                  0.03    0.00    0.28 ^ _253_/A (sky130_fd_sc_hd__buf_1)
                  0.16    0.15    0.43 ^ _253_/X (sky130_fd_sc_hd__buf_1)
     1    0.01                           _063_ (net)
                  0.16    0.00    0.43 ^ clkbuf_0__063_/A (sky130_fd_sc_hd__clkbuf_16)
                  0.04    0.16    0.59 ^ clkbuf_0__063_/X (sky130_fd_sc_hd__clkbuf_16)
     2    0.02                           clknet_0__063_ (net)
                  0.04    0.00    0.59 ^ clkbuf_1_0__f__063_/A (sky130_fd_sc_hd__clkbuf_16)
                  0.03    0.11    0.69 ^ clkbuf_1_0__f__063_/X (sky130_fd_sc_hd__clkbuf_16)
     3    0.01                           clknet_1_0__leaf__063_ (net)
                  0.03    0.00    0.69 ^ _267_/A (sky130_fd_sc_hd__and3_2)
                  0.05    0.15    0.85 ^ _267_/X (sky130_fd_sc_hd__and3_2)
     1    0.01                           _076_ (net)
                  0.05    0.00    0.85 ^ _268_/A (sky130_fd_sc_hd__buf_1)
                  0.13    0.13    0.98 ^ _268_/X (sky130_fd_sc_hd__buf_1)
     1    0.01                           CIRCUIT_0.int_memory_1.GATES_13.result (net)
                  0.13    0.00    0.98 ^ clkbuf_0_CIRCUIT_0.int_memory_1.GATES_13.result/A (sky130_fd_sc_hd__clkbuf_16)
                  0.04    0.14    1.13 ^ clkbuf_0_CIRCUIT_0.int_memory_1.GATES_13.result/X (sky130_fd_sc_hd__clkbuf_16)
     2    0.02                           clknet_0_CIRCUIT_0.int_memory_1.GATES_13.result (net)
                  0.04    0.00    1.13 ^ clkbuf_1_1__f_CIRCUIT_0.int_memory_1.GATES_13.result/A (sky130_fd_sc_hd__clkbuf_16)
                  0.03    0.10    1.23 ^ clkbuf_1_1__f_CIRCUIT_0.int_memory_1.GATES_13.result/X (sky130_fd_sc_hd__clkbuf_16)
     2    0.01                           clknet_1_1__leaf_CIRCUIT_0.int_memory_1.GATES_13.result (net)
                  0.03    0.00    1.23 ^ _492_/CLK (sky130_fd_sc_hd__dfxtp_1)
                  0.07    0.30    1.53 ^ _492_/Q (sky130_fd_sc_hd__dfxtp_1)
     2    0.01                           CIRCUIT_0.int_memory_1.GATES_1.input2[0] (net)
                  0.07    0.00    1.53 ^ _443_/A1 (sky130_fd_sc_hd__a21o_1)
                  0.04    0.11    1.64 ^ _443_/X (sky130_fd_sc_hd__a21o_1)
     1    0.00                           _019_ (net)
                  0.04    0.00    1.64 ^ _492_/D (sky130_fd_sc_hd__dfxtp_1)
                                  1.64   data arrival time

                          0.00    0.00   clock io_in[0] (rise edge)
                          0.00    0.00   clock source latency
                  0.06    0.05    0.05 ^ io_in[0] (in)
     1    0.01                           io_in[0] (net)
                  0.06    0.00    0.05 ^ clkbuf_0_io_in[0]/A (sky130_fd_sc_hd__clkbuf_16)
                  0.04    0.14    0.18 ^ clkbuf_0_io_in[0]/X (sky130_fd_sc_hd__clkbuf_16)
     2    0.02                           clknet_0_io_in[0] (net)
                  0.04    0.00    0.18 ^ clkbuf_1_1__f_io_in[0]/A (sky130_fd_sc_hd__clkbuf_16)
                  0.03    0.12    0.31 ^ clkbuf_1_1__f_io_in[0]/X (sky130_fd_sc_hd__clkbuf_16)
     3    0.01                           clknet_1_1__leaf_io_in[0] (net)
                  0.03    0.00    0.31 ^ _253_/A (sky130_fd_sc_hd__buf_1)
                  0.16    0.17    0.47 ^ _253_/X (sky130_fd_sc_hd__buf_1)
     1    0.01                           _063_ (net)
                  0.16    0.00    0.48 ^ clkbuf_0__063_/A (sky130_fd_sc_hd__clkbuf_16)
                  0.04    0.17    0.65 ^ clkbuf_0__063_/X (sky130_fd_sc_hd__clkbuf_16)
     2    0.02                           clknet_0__063_ (net)
                  0.04    0.00    0.65 ^ clkbuf_1_0__f__063_/A (sky130_fd_sc_hd__clkbuf_16)
                  0.03    0.12    0.77 ^ clkbuf_1_0__f__063_/X (sky130_fd_sc_hd__clkbuf_16)
     3    0.01                           clknet_1_0__leaf__063_ (net)
                  0.03    0.00    0.77 ^ _267_/A (sky130_fd_sc_hd__and3_2)
                  0.06    0.17    0.94 ^ _267_/X (sky130_fd_sc_hd__and3_2)
     1    0.01                           _076_ (net)
                  0.06    0.00    0.94 ^ _268_/A (sky130_fd_sc_hd__buf_1)
                  0.13    0.15    1.08 ^ _268_/X (sky130_fd_sc_hd__buf_1)
     1    0.01                           CIRCUIT_0.int_memory_1.GATES_13.result (net)
                  0.13    0.00    1.09 ^ clkbuf_0_CIRCUIT_0.int_memory_1.GATES_13.result/A (sky130_fd_sc_hd__clkbuf_16)
                  0.04    0.16    1.24 ^ clkbuf_0_CIRCUIT_0.int_memory_1.GATES_13.result/X (sky130_fd_sc_hd__clkbuf_16)
     2    0.02                           clknet_0_CIRCUIT_0.int_memory_1.GATES_13.result (net)
                  0.04    0.00    1.25 ^ clkbuf_1_1__f_CIRCUIT_0.int_memory_1.GATES_13.result/A (sky130_fd_sc_hd__clkbuf_16)
                  0.03    0.11    1.36 ^ clkbuf_1_1__f_CIRCUIT_0.int_memory_1.GATES_13.result/X (sky130_fd_sc_hd__clkbuf_16)
     2    0.01                           clknet_1_1__leaf_CIRCUIT_0.int_memory_1.GATES_13.result (net)
                  0.03    0.00    1.36 ^ _492_/CLK (sky130_fd_sc_hd__dfxtp_1)
                          0.25    1.61   clock uncertainty
                         -0.13    1.48   clock reconvergence pessimism
                         -0.03    1.45   library hold time
                                  1.45   data required time
-----------------------------------------------------------------------------
                                  1.45   data required time
                                 -1.64   data arrival time
-----------------------------------------------------------------------------
                                  0.19   slack (MET)


Startpoint: _499_ (rising edge-triggered flip-flop clocked by io_in[0])
Endpoint: _499_ (rising edge-triggered flip-flop clocked by io_in[0])
Path Group: io_in[0]
Path Type: min

Fanout     Cap    Slew   Delay    Time   Description
-----------------------------------------------------------------------------
                          0.00    0.00   clock io_in[0] (rise edge)
                          0.00    0.00   clock source latency
                  0.06    0.04    0.04 ^ io_in[0] (in)
     1    0.01                           io_in[0] (net)
                  0.06    0.00    0.04 ^ clkbuf_0_io_in[0]/A (sky130_fd_sc_hd__clkbuf_16)
                  0.04    0.12    0.17 ^ clkbuf_0_io_in[0]/X (sky130_fd_sc_hd__clkbuf_16)
     2    0.02                           clknet_0_io_in[0] (net)
                  0.04    0.00    0.17 ^ clkbuf_1_1__f_io_in[0]/A (sky130_fd_sc_hd__clkbuf_16)
                  0.03    0.11    0.28 ^ clkbuf_1_1__f_io_in[0]/X (sky130_fd_sc_hd__clkbuf_16)
     3    0.01                           clknet_1_1__leaf_io_in[0] (net)
                  0.03    0.00    0.28 ^ _253_/A (sky130_fd_sc_hd__buf_1)
                  0.16    0.15    0.43 ^ _253_/X (sky130_fd_sc_hd__buf_1)
     1    0.01                           _063_ (net)
                  0.16    0.00    0.43 ^ clkbuf_0__063_/A (sky130_fd_sc_hd__clkbuf_16)
                  0.04    0.16    0.59 ^ clkbuf_0__063_/X (sky130_fd_sc_hd__clkbuf_16)
     2    0.02                           clknet_0__063_ (net)
                  0.04    0.00    0.59 ^ clkbuf_1_0__f__063_/A (sky130_fd_sc_hd__clkbuf_16)
                  0.03    0.11    0.69 ^ clkbuf_1_0__f__063_/X (sky130_fd_sc_hd__clkbuf_16)
     3    0.01                           clknet_1_0__leaf__063_ (net)
                  0.03    0.00    0.69 ^ _270_/A (sky130_fd_sc_hd__and3_2)
                  0.06    0.16    0.86 ^ _270_/X (sky130_fd_sc_hd__and3_2)
     1    0.01                           _078_ (net)
                  0.06    0.00    0.86 ^ _271_/A (sky130_fd_sc_hd__buf_1)
                  0.13    0.14    1.00 ^ _271_/X (sky130_fd_sc_hd__buf_1)
     1    0.01                           CIRCUIT_0.int_memory_1.GATES_14.result (net)
                  0.13    0.00    1.00 ^ clkbuf_0_CIRCUIT_0.int_memory_1.GATES_14.result/A (sky130_fd_sc_hd__clkbuf_16)
                  0.04    0.15    1.15 ^ clkbuf_0_CIRCUIT_0.int_memory_1.GATES_14.result/X (sky130_fd_sc_hd__clkbuf_16)
     2    0.02                           clknet_0_CIRCUIT_0.int_memory_1.GATES_14.result (net)
                  0.04    0.00    1.15 ^ clkbuf_1_1__f_CIRCUIT_0.int_memory_1.GATES_14.result/A (sky130_fd_sc_hd__clkbuf_16)
                  0.03    0.10    1.25 ^ clkbuf_1_1__f_CIRCUIT_0.int_memory_1.GATES_14.result/X (sky130_fd_sc_hd__clkbuf_16)
     2    0.01                           clknet_1_1__leaf_CIRCUIT_0.int_memory_1.GATES_14.result (net)
                  0.03    0.00    1.25 ^ _499_/CLK (sky130_fd_sc_hd__dfxtp_1)
                  0.09    0.31    1.57 ^ _499_/Q (sky130_fd_sc_hd__dfxtp_1)
     2    0.01                           CIRCUIT_0.int_memory_1.GATES_2.input2[3] (net)
                  0.09    0.00    1.57 ^ _452_/A1 (sky130_fd_sc_hd__a21o_1)
                  0.04    0.11    1.67 ^ _452_/X (sky130_fd_sc_hd__a21o_1)
     1    0.00                           _026_ (net)
                  0.04    0.00    1.67 ^ _499_/D (sky130_fd_sc_hd__dfxtp_1)
                                  1.67   data arrival time

                          0.00    0.00   clock io_in[0] (rise edge)
                          0.00    0.00   clock source latency
                  0.06    0.05    0.05 ^ io_in[0] (in)
     1    0.01                           io_in[0] (net)
                  0.06    0.00    0.05 ^ clkbuf_0_io_in[0]/A (sky130_fd_sc_hd__clkbuf_16)
                  0.04    0.14    0.18 ^ clkbuf_0_io_in[0]/X (sky130_fd_sc_hd__clkbuf_16)
     2    0.02                           clknet_0_io_in[0] (net)
                  0.04    0.00    0.18 ^ clkbuf_1_1__f_io_in[0]/A (sky130_fd_sc_hd__clkbuf_16)
                  0.03    0.12    0.31 ^ clkbuf_1_1__f_io_in[0]/X (sky130_fd_sc_hd__clkbuf_16)
     3    0.01                           clknet_1_1__leaf_io_in[0] (net)
                  0.03    0.00    0.31 ^ _253_/A (sky130_fd_sc_hd__buf_1)
                  0.16    0.17    0.47 ^ _253_/X (sky130_fd_sc_hd__buf_1)
     1    0.01                           _063_ (net)
                  0.16    0.00    0.48 ^ clkbuf_0__063_/A (sky130_fd_sc_hd__clkbuf_16)
                  0.04    0.17    0.65 ^ clkbuf_0__063_/X (sky130_fd_sc_hd__clkbuf_16)
     2    0.02                           clknet_0__063_ (net)
                  0.04    0.00    0.65 ^ clkbuf_1_0__f__063_/A (sky130_fd_sc_hd__clkbuf_16)
                  0.03    0.12    0.77 ^ clkbuf_1_0__f__063_/X (sky130_fd_sc_hd__clkbuf_16)
     3    0.01                           clknet_1_0__leaf__063_ (net)
                  0.03    0.00    0.77 ^ _270_/A (sky130_fd_sc_hd__and3_2)
                  0.07    0.18    0.95 ^ _270_/X (sky130_fd_sc_hd__and3_2)
     1    0.01                           _078_ (net)
                  0.07    0.00    0.95 ^ _271_/A (sky130_fd_sc_hd__buf_1)
                  0.13    0.16    1.11 ^ _271_/X (sky130_fd_sc_hd__buf_1)
     1    0.01                           CIRCUIT_0.int_memory_1.GATES_14.result (net)
                  0.13    0.00    1.11 ^ clkbuf_0_CIRCUIT_0.int_memory_1.GATES_14.result/A (sky130_fd_sc_hd__clkbuf_16)
                  0.04    0.16    1.27 ^ clkbuf_0_CIRCUIT_0.int_memory_1.GATES_14.result/X (sky130_fd_sc_hd__clkbuf_16)
     2    0.02                           clknet_0_CIRCUIT_0.int_memory_1.GATES_14.result (net)
                  0.04    0.00    1.27 ^ clkbuf_1_1__f_CIRCUIT_0.int_memory_1.GATES_14.result/A (sky130_fd_sc_hd__clkbuf_16)
                  0.03    0.12    1.39 ^ clkbuf_1_1__f_CIRCUIT_0.int_memory_1.GATES_14.result/X (sky130_fd_sc_hd__clkbuf_16)
     2    0.01                           clknet_1_1__leaf_CIRCUIT_0.int_memory_1.GATES_14.result (net)
                  0.03    0.00    1.39 ^ _499_/CLK (sky130_fd_sc_hd__dfxtp_1)
                          0.25    1.64   clock uncertainty
                         -0.13    1.50   clock reconvergence pessimism
                         -0.03    1.47   library hold time
                                  1.47   data required time
-----------------------------------------------------------------------------
                                  1.47   data required time
                                 -1.67   data arrival time
-----------------------------------------------------------------------------
                                  0.20   slack (MET)


min_report_end
max_report

===========================================================================
report_checks -path_delay max (Setup)
============================================================================
Startpoint: io_in[0] (clock source 'io_in[0]')
Endpoint: _519_ (recovery check against rising-edge clock io_in[0])
Path Group: **async_default**
Path Type: max

Fanout     Cap    Slew   Delay    Time   Description
-----------------------------------------------------------------------------
                       5000.00 5000.00   clock io_in[0] (fall edge)
                          0.00 5000.00   clock source latency
                  0.03    0.02 5000.02 v io_in[0] (in)
     1    0.01                           io_in[0] (net)
                  0.03    0.00 5000.02 v clkbuf_0_io_in[0]/A (sky130_fd_sc_hd__clkbuf_16)
                  0.03    0.14 5000.16 v clkbuf_0_io_in[0]/X (sky130_fd_sc_hd__clkbuf_16)
     2    0.02                           clknet_0_io_in[0] (net)
                  0.03    0.00 5000.16 v clkbuf_1_1__f_io_in[0]/A (sky130_fd_sc_hd__clkbuf_16)
                  0.03    0.14 5000.31 v clkbuf_1_1__f_io_in[0]/X (sky130_fd_sc_hd__clkbuf_16)
     3    0.01                           clknet_1_1__leaf_io_in[0] (net)
                  0.03    0.00 5000.31 v _225_/A (sky130_fd_sc_hd__buf_1)
                  0.07    0.12 5000.43 v _225_/X (sky130_fd_sc_hd__buf_1)
     1    0.01                           _045_ (net)
                  0.07    0.00 5000.43 v clkbuf_0__045_/A (sky130_fd_sc_hd__clkbuf_16)
                  0.03    0.16 5000.59 v clkbuf_0__045_/X (sky130_fd_sc_hd__clkbuf_16)
     2    0.02                           clknet_0__045_ (net)
                  0.03    0.00 5000.59 v clkbuf_1_1__f__045_/A (sky130_fd_sc_hd__clkbuf_16)
                  0.03    0.14 5000.73 v clkbuf_1_1__f__045_/X (sky130_fd_sc_hd__clkbuf_16)
     3    0.01                           clknet_1_1__leaf__045_ (net)
                  0.03    0.00 5000.73 v _472_/A (sky130_fd_sc_hd__buf_1)
                  0.07    0.12 5000.85 v _472_/X (sky130_fd_sc_hd__buf_1)
     1    0.01                           _220_ (net)
                  0.07    0.00 5000.86 v clkbuf_0__220_/A (sky130_fd_sc_hd__clkbuf_16)
                  0.03    0.16 5001.02 v clkbuf_0__220_/X (sky130_fd_sc_hd__clkbuf_16)
     2    0.02                           clknet_0__220_ (net)
                  0.03    0.00 5001.02 v clkbuf_1_0__f__220_/A (sky130_fd_sc_hd__clkbuf_16)
                  0.04    0.15 5001.17 v clkbuf_1_0__f__220_/X (sky130_fd_sc_hd__clkbuf_16)
     4    0.02                           clknet_1_0__leaf__220_ (net)
                  0.04    0.00 5001.17 v _475_/B (sky130_fd_sc_hd__nand2_2)
                  0.06    0.07 5001.24 ^ _475_/Y (sky130_fd_sc_hd__nand2_2)
     1    0.01                           _008_ (net)
                  0.06    0.00 5001.25 ^ _519_/RESET_B (sky130_fd_sc_hd__dfrtp_1)
                               5001.25   data arrival time

                       10000.00 10000.00   clock io_in[0] (rise edge)
                          0.00 10000.00   clock source latency
                  0.06    0.04 10000.04 ^ io_in[0] (in)
     1    0.01                           io_in[0] (net)
                  0.06    0.00 10000.04 ^ clkbuf_0_io_in[0]/A (sky130_fd_sc_hd__clkbuf_16)
                  0.04    0.12 10000.17 ^ clkbuf_0_io_in[0]/X (sky130_fd_sc_hd__clkbuf_16)
     2    0.02                           clknet_0_io_in[0] (net)
                  0.04    0.00 10000.17 ^ clkbuf_1_0__f_io_in[0]/A (sky130_fd_sc_hd__clkbuf_16)
                  0.03    0.11 10000.27 ^ clkbuf_1_0__f_io_in[0]/X (sky130_fd_sc_hd__clkbuf_16)
     3    0.01                           clknet_1_0__leaf_io_in[0] (net)
                  0.03    0.00 10000.27 ^ _519_/CLK (sky130_fd_sc_hd__dfrtp_1)
                         -0.25 10000.02   clock uncertainty
                          0.00 10000.02   clock reconvergence pessimism
                          0.22 10000.25   library recovery time
                               10000.25   data required time
-----------------------------------------------------------------------------
                               10000.25   data required time
                               -5001.25   data arrival time
-----------------------------------------------------------------------------
                               4999.00   slack (MET)


Startpoint: io_in[0] (clock source 'io_in[0]')
Endpoint: _513_ (recovery check against rising-edge clock io_in[0])
Path Group: **async_default**
Path Type: max

Fanout     Cap    Slew   Delay    Time   Description
-----------------------------------------------------------------------------
                       5000.00 5000.00   clock io_in[0] (fall edge)
                          0.00 5000.00   clock source latency
                  0.03    0.02 5000.02 v io_in[0] (in)
     1    0.01                           io_in[0] (net)
                  0.03    0.00 5000.02 v clkbuf_0_io_in[0]/A (sky130_fd_sc_hd__clkbuf_16)
                  0.03    0.14 5000.16 v clkbuf_0_io_in[0]/X (sky130_fd_sc_hd__clkbuf_16)
     2    0.02                           clknet_0_io_in[0] (net)
                  0.03    0.00 5000.16 v clkbuf_1_1__f_io_in[0]/A (sky130_fd_sc_hd__clkbuf_16)
                  0.03    0.14 5000.31 v clkbuf_1_1__f_io_in[0]/X (sky130_fd_sc_hd__clkbuf_16)
     3    0.01                           clknet_1_1__leaf_io_in[0] (net)
                  0.03    0.00 5000.31 v _225_/A (sky130_fd_sc_hd__buf_1)
                  0.07    0.12 5000.43 v _225_/X (sky130_fd_sc_hd__buf_1)
     1    0.01                           _045_ (net)
                  0.07    0.00 5000.43 v clkbuf_0__045_/A (sky130_fd_sc_hd__clkbuf_16)
                  0.03    0.16 5000.59 v clkbuf_0__045_/X (sky130_fd_sc_hd__clkbuf_16)
     2    0.02                           clknet_0__045_ (net)
                  0.03    0.00 5000.59 v clkbuf_1_1__f__045_/A (sky130_fd_sc_hd__clkbuf_16)
                  0.03    0.14 5000.73 v clkbuf_1_1__f__045_/X (sky130_fd_sc_hd__clkbuf_16)
     3    0.01                           clknet_1_1__leaf__045_ (net)
                  0.03    0.00 5000.73 v _226_/A (sky130_fd_sc_hd__buf_1)
                  0.07    0.12 5000.86 v _226_/X (sky130_fd_sc_hd__buf_1)
     1    0.01                           _046_ (net)
                  0.07    0.00 5000.86 v clkbuf_0__046_/A (sky130_fd_sc_hd__clkbuf_16)
                  0.03    0.16 5001.02 v clkbuf_0__046_/X (sky130_fd_sc_hd__clkbuf_16)
     2    0.02                           clknet_0__046_ (net)
                  0.03    0.00 5001.02 v clkbuf_1_0__f__046_/A (sky130_fd_sc_hd__clkbuf_16)
                  0.03    0.14 5001.16 v clkbuf_1_0__f__046_/X (sky130_fd_sc_hd__clkbuf_16)
     3    0.01                           clknet_1_0__leaf__046_ (net)
                  0.03    0.00 5001.16 v _467_/B (sky130_fd_sc_hd__nand2_2)
                  0.06    0.07 5001.23 ^ _467_/Y (sky130_fd_sc_hd__nand2_2)
     1    0.01                           _001_ (net)
                  0.06    0.00 5001.23 ^ _513_/RESET_B (sky130_fd_sc_hd__dfrtp_1)
                               5001.23   data arrival time

                       10000.00 10000.00   clock io_in[0] (rise edge)
                          0.00 10000.00   clock source latency
                  0.06    0.04 10000.04 ^ io_in[0] (in)
     1    0.01                           io_in[0] (net)
                  0.06    0.00 10000.04 ^ clkbuf_0_io_in[0]/A (sky130_fd_sc_hd__clkbuf_16)
                  0.04    0.12 10000.17 ^ clkbuf_0_io_in[0]/X (sky130_fd_sc_hd__clkbuf_16)
     2    0.02                           clknet_0_io_in[0] (net)
                  0.04    0.00 10000.17 ^ clkbuf_1_0__f_io_in[0]/A (sky130_fd_sc_hd__clkbuf_16)
                  0.03    0.11 10000.27 ^ clkbuf_1_0__f_io_in[0]/X (sky130_fd_sc_hd__clkbuf_16)
     3    0.01                           clknet_1_0__leaf_io_in[0] (net)
                  0.03    0.00 10000.27 ^ _513_/CLK (sky130_fd_sc_hd__dfrtp_1)
                         -0.25 10000.02   clock uncertainty
                          0.00 10000.02   clock reconvergence pessimism
                          0.22 10000.25   library recovery time
                               10000.25   data required time
-----------------------------------------------------------------------------
                               10000.25   data required time
                               -5001.23   data arrival time
-----------------------------------------------------------------------------
                               4999.02   slack (MET)


Startpoint: _515_ (rising edge-triggered flip-flop)
Endpoint: io_out[5] (output port clocked by io_in[0])
Path Group: io_in[0]
Path Type: max

Fanout     Cap    Slew   Delay    Time   Description
-----------------------------------------------------------------------------
                  0.18    0.00    0.00 ^ _515_/CLK (sky130_fd_sc_hd__dfrtp_1)
                  0.12    0.51    0.51 v _515_/Q (sky130_fd_sc_hd__dfrtp_1)
     5    0.02                           CIRCUIT_0.inst_dec_1.MEMORY_21.s_currentState (net)
                  0.12    0.00    0.51 v _231_/A (sky130_fd_sc_hd__inv_2)
                  0.09    0.13    0.64 ^ _231_/Y (sky130_fd_sc_hd__inv_2)
     4    0.02                           _048_ (net)
                  0.09    0.00    0.64 ^ _232_/B (sky130_fd_sc_hd__nor2_1)
                  0.09    0.11    0.76 v _232_/Y (sky130_fd_sc_hd__nor2_1)
     4    0.02                           _049_ (net)
                  0.09    0.00    0.76 v _285_/B (sky130_fd_sc_hd__or3b_1)
                  0.06    0.37    1.13 v _285_/X (sky130_fd_sc_hd__or3b_1)
     1    0.00                           _089_ (net)
                  0.06    0.00    1.13 v _286_/C1 (sky130_fd_sc_hd__a221o_2)
                  0.11    0.40    1.52 v _286_/X (sky130_fd_sc_hd__a221o_2)
     5    0.02                           _090_ (net)
                  0.11    0.00    1.52 v _312_/S (sky130_fd_sc_hd__mux2_1)
                  0.07    0.36    1.88 v _312_/X (sky130_fd_sc_hd__mux2_1)
     1    0.01                           _111_ (net)
                  0.07    0.00    1.88 v _313_/A1 (sky130_fd_sc_hd__mux2_1)
                  0.08    0.35    2.23 v _313_/X (sky130_fd_sc_hd__mux2_1)
     1    0.01                           _112_ (net)
                  0.08    0.00    2.23 v _314_/A (sky130_fd_sc_hd__clkbuf_1)
                  0.03    0.11    2.34 v _314_/X (sky130_fd_sc_hd__clkbuf_1)
     1    0.00                           CIRCUIT_0.O_5_WRITE (net)
                  0.03    0.00    2.34 v _551_/A (sky130_fd_sc_hd__buf_2)
                  0.09    0.18    2.52 v _551_/X (sky130_fd_sc_hd__buf_2)
     1    0.03                           io_out[5] (net)
                  0.09    0.00    2.52 v io_out[5] (out)
                                  2.52   data arrival time

                       10000.00 10000.00   clock io_in[0] (rise edge)
                          0.00 10000.00   clock network delay (propagated)
                         -0.25 9999.75   clock uncertainty
                          0.00 9999.75   clock reconvergence pessimism
                       -2000.00 7999.75   output external delay
                               7999.75   data required time
-----------------------------------------------------------------------------
                               7999.75   data required time
                                 -2.52   data arrival time
-----------------------------------------------------------------------------
                               7997.23   slack (MET)


Startpoint: _515_ (rising edge-triggered flip-flop)
Endpoint: io_out[7] (output port clocked by io_in[0])
Path Group: io_in[0]
Path Type: max

Fanout     Cap    Slew   Delay    Time   Description
-----------------------------------------------------------------------------
                  0.18    0.00    0.00 ^ _515_/CLK (sky130_fd_sc_hd__dfrtp_1)
                  0.12    0.51    0.51 v _515_/Q (sky130_fd_sc_hd__dfrtp_1)
     5    0.02                           CIRCUIT_0.inst_dec_1.MEMORY_21.s_currentState (net)
                  0.12    0.00    0.51 v _231_/A (sky130_fd_sc_hd__inv_2)
                  0.09    0.13    0.64 ^ _231_/Y (sky130_fd_sc_hd__inv_2)
     4    0.02                           _048_ (net)
                  0.09    0.00    0.64 ^ _232_/B (sky130_fd_sc_hd__nor2_1)
                  0.09    0.11    0.76 v _232_/Y (sky130_fd_sc_hd__nor2_1)
     4    0.02                           _049_ (net)
                  0.09    0.00    0.76 v _285_/B (sky130_fd_sc_hd__or3b_1)
                  0.06    0.37    1.13 v _285_/X (sky130_fd_sc_hd__or3b_1)
     1    0.00                           _089_ (net)
                  0.06    0.00    1.13 v _286_/C1 (sky130_fd_sc_hd__a221o_2)
                  0.11    0.40    1.52 v _286_/X (sky130_fd_sc_hd__a221o_2)
     5    0.02                           _090_ (net)
                  0.11    0.00    1.52 v _318_/S (sky130_fd_sc_hd__mux2_1)
                  0.06    0.36    1.88 v _318_/X (sky130_fd_sc_hd__mux2_1)
     1    0.00                           _115_ (net)
                  0.06    0.00    1.88 v _319_/A1 (sky130_fd_sc_hd__mux2_1)
                  0.06    0.31    2.19 v _319_/X (sky130_fd_sc_hd__mux2_1)
     1    0.00                           _116_ (net)
                  0.06    0.00    2.19 v _320_/A (sky130_fd_sc_hd__clkbuf_1)
                  0.04    0.11    2.30 v _320_/X (sky130_fd_sc_hd__clkbuf_1)
     1    0.01                           CIRCUIT_0.O_7_I (net)
                  0.04    0.00    2.30 v _553_/A (sky130_fd_sc_hd__buf_2)
                  0.09    0.19    2.49 v _553_/X (sky130_fd_sc_hd__buf_2)
     1    0.03                           io_out[7] (net)
                  0.09    0.00    2.49 v io_out[7] (out)
                                  2.49   data arrival time

                       10000.00 10000.00   clock io_in[0] (rise edge)
                          0.00 10000.00   clock network delay (propagated)
                         -0.25 9999.75   clock uncertainty
                          0.00 9999.75   clock reconvergence pessimism
                       -2000.00 7999.75   output external delay
                               7999.75   data required time
-----------------------------------------------------------------------------
                               7999.75   data required time
                                 -2.49   data arrival time
-----------------------------------------------------------------------------
                               7997.26   slack (MET)


Startpoint: _515_ (rising edge-triggered flip-flop)
Endpoint: io_out[4] (output port clocked by io_in[0])
Path Group: io_in[0]
Path Type: max

Fanout     Cap    Slew   Delay    Time   Description
-----------------------------------------------------------------------------
                  0.18    0.00    0.00 ^ _515_/CLK (sky130_fd_sc_hd__dfrtp_1)
                  0.12    0.51    0.51 v _515_/Q (sky130_fd_sc_hd__dfrtp_1)
     5    0.02                           CIRCUIT_0.inst_dec_1.MEMORY_21.s_currentState (net)
                  0.12    0.00    0.51 v _231_/A (sky130_fd_sc_hd__inv_2)
                  0.09    0.13    0.64 ^ _231_/Y (sky130_fd_sc_hd__inv_2)
     4    0.02                           _048_ (net)
                  0.09    0.00    0.64 ^ _232_/B (sky130_fd_sc_hd__nor2_1)
                  0.09    0.11    0.76 v _232_/Y (sky130_fd_sc_hd__nor2_1)
     4    0.02                           _049_ (net)
                  0.09    0.00    0.76 v _285_/B (sky130_fd_sc_hd__or3b_1)
                  0.06    0.37    1.13 v _285_/X (sky130_fd_sc_hd__or3b_1)
     1    0.00                           _089_ (net)
                  0.06    0.00    1.13 v _286_/C1 (sky130_fd_sc_hd__a221o_2)
                  0.11    0.40    1.52 v _286_/X (sky130_fd_sc_hd__a221o_2)
     5    0.02                           _090_ (net)
                  0.11    0.00    1.52 v _305_/S (sky130_fd_sc_hd__mux2_1)
                  0.07    0.36    1.88 v _305_/X (sky130_fd_sc_hd__mux2_1)
     1    0.01                           _105_ (net)
                  0.07    0.00    1.88 v _306_/A1 (sky130_fd_sc_hd__mux2_1)
                  0.06    0.31    2.20 v _306_/X (sky130_fd_sc_hd__mux2_1)
     1    0.00                           _106_ (net)
                  0.06    0.00    2.20 v _307_/A (sky130_fd_sc_hd__clkbuf_1)
                  0.02    0.09    2.29 v _307_/X (sky130_fd_sc_hd__clkbuf_1)
     1    0.00                           CIRCUIT_0.O_4_MAR (net)
                  0.02    0.00    2.29 v _550_/A (sky130_fd_sc_hd__buf_2)
                  0.09    0.18    2.47 v _550_/X (sky130_fd_sc_hd__buf_2)
     1    0.03                           io_out[4] (net)
                  0.09    0.00    2.47 v io_out[4] (out)
                                  2.47   data arrival time

                       10000.00 10000.00   clock io_in[0] (rise edge)
                          0.00 10000.00   clock network delay (propagated)
                         -0.25 9999.75   clock uncertainty
                          0.00 9999.75   clock reconvergence pessimism
                       -2000.00 7999.75   output external delay
                               7999.75   data required time
-----------------------------------------------------------------------------
                               7999.75   data required time
                                 -2.47   data arrival time
-----------------------------------------------------------------------------
                               7997.28   slack (MET)


Startpoint: _515_ (rising edge-triggered flip-flop)
Endpoint: io_out[2] (output port clocked by io_in[0])
Path Group: io_in[0]
Path Type: max

Fanout     Cap    Slew   Delay    Time   Description
-----------------------------------------------------------------------------
                  0.18    0.00    0.00 ^ _515_/CLK (sky130_fd_sc_hd__dfrtp_1)
                  0.12    0.51    0.51 v _515_/Q (sky130_fd_sc_hd__dfrtp_1)
     5    0.02                           CIRCUIT_0.inst_dec_1.MEMORY_21.s_currentState (net)
                  0.12    0.00    0.51 v _231_/A (sky130_fd_sc_hd__inv_2)
                  0.09    0.13    0.64 ^ _231_/Y (sky130_fd_sc_hd__inv_2)
     4    0.02                           _048_ (net)
                  0.09    0.00    0.64 ^ _232_/B (sky130_fd_sc_hd__nor2_1)
                  0.09    0.11    0.76 v _232_/Y (sky130_fd_sc_hd__nor2_1)
     4    0.02                           _049_ (net)
                  0.09    0.00    0.76 v _285_/B (sky130_fd_sc_hd__or3b_1)
                  0.06    0.37    1.13 v _285_/X (sky130_fd_sc_hd__or3b_1)
     1    0.00                           _089_ (net)
                  0.06    0.00    1.13 v _286_/C1 (sky130_fd_sc_hd__a221o_2)
                  0.11    0.40    1.52 v _286_/X (sky130_fd_sc_hd__a221o_2)
     5    0.02                           _090_ (net)
                  0.11    0.00    1.52 v _287_/A (sky130_fd_sc_hd__dlymetal6s2s_1)
                  0.10    0.23    1.75 v _287_/X (sky130_fd_sc_hd__dlymetal6s2s_1)
     5    0.02                           _091_ (net)
                  0.10    0.00    1.76 v _294_/S1 (sky130_fd_sc_hd__mux4_1)
                  0.08    0.26    2.01 ^ _294_/X (sky130_fd_sc_hd__mux4_1)
     1    0.01                           _096_ (net)
                  0.08    0.00    2.01 ^ _295_/A (sky130_fd_sc_hd__clkbuf_1)
                  0.08    0.13    2.14 ^ _295_/X (sky130_fd_sc_hd__clkbuf_1)
     1    0.01                           CIRCUIT_0.O_D2_RR2 (net)
                  0.08    0.00    2.14 ^ _548_/A (sky130_fd_sc_hd__buf_2)
                  0.18    0.23    2.37 ^ _548_/X (sky130_fd_sc_hd__buf_2)
     1    0.03                           io_out[2] (net)
                  0.18    0.00    2.37 ^ io_out[2] (out)
                                  2.37   data arrival time

                       10000.00 10000.00   clock io_in[0] (rise edge)
                          0.00 10000.00   clock network delay (propagated)
                         -0.25 9999.75   clock uncertainty
                          0.00 9999.75   clock reconvergence pessimism
                       -2000.00 7999.75   output external delay
                               7999.75   data required time
-----------------------------------------------------------------------------
                               7999.75   data required time
                                 -2.37   data arrival time
-----------------------------------------------------------------------------
                               7997.38   slack (MET)


Startpoint: _515_ (rising edge-triggered flip-flop)
Endpoint: io_out[0] (output port clocked by io_in[0])
Path Group: io_in[0]
Path Type: max

Fanout     Cap    Slew   Delay    Time   Description
-----------------------------------------------------------------------------
                  0.18    0.00    0.00 ^ _515_/CLK (sky130_fd_sc_hd__dfrtp_1)
                  0.12    0.51    0.51 v _515_/Q (sky130_fd_sc_hd__dfrtp_1)
     5    0.02                           CIRCUIT_0.inst_dec_1.MEMORY_21.s_currentState (net)
                  0.12    0.00    0.51 v _231_/A (sky130_fd_sc_hd__inv_2)
                  0.09    0.13    0.64 ^ _231_/Y (sky130_fd_sc_hd__inv_2)
     4    0.02                           _048_ (net)
                  0.09    0.00    0.64 ^ _232_/B (sky130_fd_sc_hd__nor2_1)
                  0.09    0.11    0.76 v _232_/Y (sky130_fd_sc_hd__nor2_1)
     4    0.02                           _049_ (net)
                  0.09    0.00    0.76 v _285_/B (sky130_fd_sc_hd__or3b_1)
                  0.06    0.37    1.13 v _285_/X (sky130_fd_sc_hd__or3b_1)
     1    0.00                           _089_ (net)
                  0.06    0.00    1.13 v _286_/C1 (sky130_fd_sc_hd__a221o_2)
                  0.11    0.40    1.52 v _286_/X (sky130_fd_sc_hd__a221o_2)
     5    0.02                           _090_ (net)
                  0.11    0.00    1.52 v _287_/A (sky130_fd_sc_hd__dlymetal6s2s_1)
                  0.10    0.23    1.75 v _287_/X (sky130_fd_sc_hd__dlymetal6s2s_1)
     5    0.02                           _091_ (net)
                  0.10    0.00    1.76 v _288_/S1 (sky130_fd_sc_hd__mux4_1)
                  0.09    0.27    2.02 ^ _288_/X (sky130_fd_sc_hd__mux4_1)
     1    0.01                           _092_ (net)
                  0.09    0.00    2.02 ^ _289_/A (sky130_fd_sc_hd__clkbuf_1)
                  0.04    0.10    2.12 ^ _289_/X (sky130_fd_sc_hd__clkbuf_1)
     1    0.00                           CIRCUIT_0.O_D0_RR0 (net)
                  0.04    0.00    2.12 ^ _546_/A (sky130_fd_sc_hd__buf_2)
                  0.18    0.22    2.34 ^ _546_/X (sky130_fd_sc_hd__buf_2)
     1    0.03                           io_out[0] (net)
                  0.18    0.00    2.34 ^ io_out[0] (out)
                                  2.34   data arrival time

                       10000.00 10000.00   clock io_in[0] (rise edge)
                          0.00 10000.00   clock network delay (propagated)
                         -0.25 9999.75   clock uncertainty
                          0.00 9999.75   clock reconvergence pessimism
                       -2000.00 7999.75   output external delay
                               7999.75   data required time
-----------------------------------------------------------------------------
                               7999.75   data required time
                                 -2.34   data arrival time
-----------------------------------------------------------------------------
                               7997.41   slack (MET)


max_report_end
check_report

===========================================================================
report_checks -unconstrained
============================================================================
Startpoint: io_in[0] (clock source 'io_in[0]')
Endpoint: _519_ (recovery check against rising-edge clock io_in[0])
Path Group: **async_default**
Path Type: max

Fanout     Cap    Slew   Delay    Time   Description
-----------------------------------------------------------------------------
                       5000.00 5000.00   clock io_in[0] (fall edge)
                          0.00 5000.00   clock source latency
                  0.03    0.02 5000.02 v io_in[0] (in)
     1    0.01                           io_in[0] (net)
                  0.03    0.00 5000.02 v clkbuf_0_io_in[0]/A (sky130_fd_sc_hd__clkbuf_16)
                  0.03    0.14 5000.16 v clkbuf_0_io_in[0]/X (sky130_fd_sc_hd__clkbuf_16)
     2    0.02                           clknet_0_io_in[0] (net)
                  0.03    0.00 5000.16 v clkbuf_1_1__f_io_in[0]/A (sky130_fd_sc_hd__clkbuf_16)
                  0.03    0.14 5000.31 v clkbuf_1_1__f_io_in[0]/X (sky130_fd_sc_hd__clkbuf_16)
     3    0.01                           clknet_1_1__leaf_io_in[0] (net)
                  0.03    0.00 5000.31 v _225_/A (sky130_fd_sc_hd__buf_1)
                  0.07    0.12 5000.43 v _225_/X (sky130_fd_sc_hd__buf_1)
     1    0.01                           _045_ (net)
                  0.07    0.00 5000.43 v clkbuf_0__045_/A (sky130_fd_sc_hd__clkbuf_16)
                  0.03    0.16 5000.59 v clkbuf_0__045_/X (sky130_fd_sc_hd__clkbuf_16)
     2    0.02                           clknet_0__045_ (net)
                  0.03    0.00 5000.59 v clkbuf_1_1__f__045_/A (sky130_fd_sc_hd__clkbuf_16)
                  0.03    0.14 5000.73 v clkbuf_1_1__f__045_/X (sky130_fd_sc_hd__clkbuf_16)
     3    0.01                           clknet_1_1__leaf__045_ (net)
                  0.03    0.00 5000.73 v _472_/A (sky130_fd_sc_hd__buf_1)
                  0.07    0.12 5000.85 v _472_/X (sky130_fd_sc_hd__buf_1)
     1    0.01                           _220_ (net)
                  0.07    0.00 5000.86 v clkbuf_0__220_/A (sky130_fd_sc_hd__clkbuf_16)
                  0.03    0.16 5001.02 v clkbuf_0__220_/X (sky130_fd_sc_hd__clkbuf_16)
     2    0.02                           clknet_0__220_ (net)
                  0.03    0.00 5001.02 v clkbuf_1_0__f__220_/A (sky130_fd_sc_hd__clkbuf_16)
                  0.04    0.15 5001.17 v clkbuf_1_0__f__220_/X (sky130_fd_sc_hd__clkbuf_16)
     4    0.02                           clknet_1_0__leaf__220_ (net)
                  0.04    0.00 5001.17 v _475_/B (sky130_fd_sc_hd__nand2_2)
                  0.06    0.07 5001.24 ^ _475_/Y (sky130_fd_sc_hd__nand2_2)
     1    0.01                           _008_ (net)
                  0.06    0.00 5001.25 ^ _519_/RESET_B (sky130_fd_sc_hd__dfrtp_1)
                               5001.25   data arrival time

                       10000.00 10000.00   clock io_in[0] (rise edge)
                          0.00 10000.00   clock source latency
                  0.06    0.04 10000.04 ^ io_in[0] (in)
     1    0.01                           io_in[0] (net)
                  0.06    0.00 10000.04 ^ clkbuf_0_io_in[0]/A (sky130_fd_sc_hd__clkbuf_16)
                  0.04    0.12 10000.17 ^ clkbuf_0_io_in[0]/X (sky130_fd_sc_hd__clkbuf_16)
     2    0.02                           clknet_0_io_in[0] (net)
                  0.04    0.00 10000.17 ^ clkbuf_1_0__f_io_in[0]/A (sky130_fd_sc_hd__clkbuf_16)
                  0.03    0.11 10000.27 ^ clkbuf_1_0__f_io_in[0]/X (sky130_fd_sc_hd__clkbuf_16)
     3    0.01                           clknet_1_0__leaf_io_in[0] (net)
                  0.03    0.00 10000.27 ^ _519_/CLK (sky130_fd_sc_hd__dfrtp_1)
                         -0.25 10000.02   clock uncertainty
                          0.00 10000.02   clock reconvergence pessimism
                          0.22 10000.25   library recovery time
                               10000.25   data required time
-----------------------------------------------------------------------------
                               10000.25   data required time
                               -5001.25   data arrival time
-----------------------------------------------------------------------------
                               4999.00   slack (MET)


Startpoint: _515_ (rising edge-triggered flip-flop)
Endpoint: io_out[5] (output port clocked by io_in[0])
Path Group: io_in[0]
Path Type: max

Fanout     Cap    Slew   Delay    Time   Description
-----------------------------------------------------------------------------
                  0.18    0.00    0.00 ^ _515_/CLK (sky130_fd_sc_hd__dfrtp_1)
                  0.12    0.51    0.51 v _515_/Q (sky130_fd_sc_hd__dfrtp_1)
     5    0.02                           CIRCUIT_0.inst_dec_1.MEMORY_21.s_currentState (net)
                  0.12    0.00    0.51 v _231_/A (sky130_fd_sc_hd__inv_2)
                  0.09    0.13    0.64 ^ _231_/Y (sky130_fd_sc_hd__inv_2)
     4    0.02                           _048_ (net)
                  0.09    0.00    0.64 ^ _232_/B (sky130_fd_sc_hd__nor2_1)
                  0.09    0.11    0.76 v _232_/Y (sky130_fd_sc_hd__nor2_1)
     4    0.02                           _049_ (net)
                  0.09    0.00    0.76 v _285_/B (sky130_fd_sc_hd__or3b_1)
                  0.06    0.37    1.13 v _285_/X (sky130_fd_sc_hd__or3b_1)
     1    0.00                           _089_ (net)
                  0.06    0.00    1.13 v _286_/C1 (sky130_fd_sc_hd__a221o_2)
                  0.11    0.40    1.52 v _286_/X (sky130_fd_sc_hd__a221o_2)
     5    0.02                           _090_ (net)
                  0.11    0.00    1.52 v _312_/S (sky130_fd_sc_hd__mux2_1)
                  0.07    0.36    1.88 v _312_/X (sky130_fd_sc_hd__mux2_1)
     1    0.01                           _111_ (net)
                  0.07    0.00    1.88 v _313_/A1 (sky130_fd_sc_hd__mux2_1)
                  0.08    0.35    2.23 v _313_/X (sky130_fd_sc_hd__mux2_1)
     1    0.01                           _112_ (net)
                  0.08    0.00    2.23 v _314_/A (sky130_fd_sc_hd__clkbuf_1)
                  0.03    0.11    2.34 v _314_/X (sky130_fd_sc_hd__clkbuf_1)
     1    0.00                           CIRCUIT_0.O_5_WRITE (net)
                  0.03    0.00    2.34 v _551_/A (sky130_fd_sc_hd__buf_2)
                  0.09    0.18    2.52 v _551_/X (sky130_fd_sc_hd__buf_2)
     1    0.03                           io_out[5] (net)
                  0.09    0.00    2.52 v io_out[5] (out)
                                  2.52   data arrival time

                       10000.00 10000.00   clock io_in[0] (rise edge)
                          0.00 10000.00   clock network delay (propagated)
                         -0.25 9999.75   clock uncertainty
                          0.00 9999.75   clock reconvergence pessimism
                       -2000.00 7999.75   output external delay
                               7999.75   data required time
-----------------------------------------------------------------------------
                               7999.75   data required time
                                 -2.52   data arrival time
-----------------------------------------------------------------------------
                               7997.23   slack (MET)



===========================================================================
report_checks --slack_max -0.01
============================================================================
No paths found.
check_report_end
check_slew

===========================================================================
 report_check_types -max_slew -max_cap -max_fanout -violators
============================================================================

===========================================================================
max slew violation count 0
max fanout violation count 0
max cap violation count 0
============================================================================
check_slew_end
tns_report

===========================================================================
 report_tns
============================================================================
tns 0.00
tns_report_end
wns_report

===========================================================================
 report_wns
============================================================================
wns 0.00
wns_report_end
worst_slack

===========================================================================
 report_worst_slack -max (Setup)
============================================================================
worst slack 4999.00

===========================================================================
 report_worst_slack -min (Hold)
============================================================================
worst slack 0.18
worst_slack_end
clock_skew

===========================================================================
 report_clock_skew
============================================================================
Clock io_in[0]
Latency      CRPR       Skew
_515_/CLK ^
   1.38
_519_/CLK ^
   0.27     -0.03       1.08

clock_skew_end
power_report

===========================================================================
 report_power
============================================================================
Group                  Internal  Switching    Leakage      Total
                          Power      Power      Power      Power (Watts)
----------------------------------------------------------------
Sequential             1.22e-07   1.19e-08   4.94e-10   1.35e-07  12.1%
Combinational          7.05e-07   2.71e-07   1.80e-09   9.77e-07  87.9%
Macro                  0.00e+00   0.00e+00   0.00e+00   0.00e+00   0.0%
Pad                    0.00e+00   0.00e+00   0.00e+00   0.00e+00   0.0%
----------------------------------------------------------------
Total                  8.27e-07   2.83e-07   2.30e-09   1.11e-06 100.0%
                          74.4%      25.4%       0.2%
power_report_end
area_report

===========================================================================
 report_design_area
============================================================================
Design area 4573 u^2 53% utilization.
area_report_end
