
===========================================================================
report_checks -path_delay max (Setup)
============================================================================
Startpoint: io_in[0] (clock source 'io_in[0]')
Endpoint: _519_ (recovery check against rising-edge clock io_in[0])
Path Group: **async_default**
Path Type: max

Fanout     Cap    Slew   Delay    Time   Description
-----------------------------------------------------------------------------
                       5000.00 5000.00   clock io_in[0] (fall edge)
                          0.00 5000.00   clock source latency
                  0.03    0.02 5000.02 v io_in[0] (in)
     1    0.01                           io_in[0] (net)
                  0.03    0.00 5000.02 v clkbuf_0_io_in[0]/A (sky130_fd_sc_hd__clkbuf_16)
                  0.03    0.14 5000.16 v clkbuf_0_io_in[0]/X (sky130_fd_sc_hd__clkbuf_16)
     2    0.02                           clknet_0_io_in[0] (net)
                  0.03    0.00 5000.16 v clkbuf_1_1__f_io_in[0]/A (sky130_fd_sc_hd__clkbuf_16)
                  0.03    0.14 5000.31 v clkbuf_1_1__f_io_in[0]/X (sky130_fd_sc_hd__clkbuf_16)
     3    0.01                           clknet_1_1__leaf_io_in[0] (net)
                  0.03    0.00 5000.31 v _225_/A (sky130_fd_sc_hd__buf_1)
                  0.07    0.12 5000.43 v _225_/X (sky130_fd_sc_hd__buf_1)
     1    0.01                           _045_ (net)
                  0.07    0.00 5000.43 v clkbuf_0__045_/A (sky130_fd_sc_hd__clkbuf_16)
                  0.03    0.16 5000.59 v clkbuf_0__045_/X (sky130_fd_sc_hd__clkbuf_16)
     2    0.02                           clknet_0__045_ (net)
                  0.03    0.00 5000.59 v clkbuf_1_1__f__045_/A (sky130_fd_sc_hd__clkbuf_16)
                  0.03    0.14 5000.73 v clkbuf_1_1__f__045_/X (sky130_fd_sc_hd__clkbuf_16)
     3    0.01                           clknet_1_1__leaf__045_ (net)
                  0.03    0.00 5000.73 v _472_/A (sky130_fd_sc_hd__buf_1)
                  0.07    0.12 5000.85 v _472_/X (sky130_fd_sc_hd__buf_1)
     1    0.01                           _220_ (net)
                  0.07    0.00 5000.86 v clkbuf_0__220_/A (sky130_fd_sc_hd__clkbuf_16)
                  0.03    0.16 5001.02 v clkbuf_0__220_/X (sky130_fd_sc_hd__clkbuf_16)
     2    0.02                           clknet_0__220_ (net)
                  0.03    0.00 5001.02 v clkbuf_1_0__f__220_/A (sky130_fd_sc_hd__clkbuf_16)
                  0.04    0.15 5001.17 v clkbuf_1_0__f__220_/X (sky130_fd_sc_hd__clkbuf_16)
     4    0.02                           clknet_1_0__leaf__220_ (net)
                  0.04    0.00 5001.17 v _475_/B (sky130_fd_sc_hd__nand2_2)
                  0.06    0.07 5001.24 ^ _475_/Y (sky130_fd_sc_hd__nand2_2)
     1    0.01                           _008_ (net)
                  0.06    0.00 5001.25 ^ _519_/RESET_B (sky130_fd_sc_hd__dfrtp_1)
                               5001.25   data arrival time

                       10000.00 10000.00   clock io_in[0] (rise edge)
                          0.00 10000.00   clock source latency
                  0.06    0.04 10000.04 ^ io_in[0] (in)
     1    0.01                           io_in[0] (net)
                  0.06    0.00 10000.04 ^ clkbuf_0_io_in[0]/A (sky130_fd_sc_hd__clkbuf_16)
                  0.04    0.12 10000.17 ^ clkbuf_0_io_in[0]/X (sky130_fd_sc_hd__clkbuf_16)
     2    0.02                           clknet_0_io_in[0] (net)
                  0.04    0.00 10000.17 ^ clkbuf_1_0__f_io_in[0]/A (sky130_fd_sc_hd__clkbuf_16)
                  0.03    0.11 10000.27 ^ clkbuf_1_0__f_io_in[0]/X (sky130_fd_sc_hd__clkbuf_16)
     3    0.01                           clknet_1_0__leaf_io_in[0] (net)
                  0.03    0.00 10000.27 ^ _519_/CLK (sky130_fd_sc_hd__dfrtp_1)
                         -0.25 10000.02   clock uncertainty
                          0.00 10000.02   clock reconvergence pessimism
                          0.22 10000.25   library recovery time
                               10000.25   data required time
-----------------------------------------------------------------------------
                               10000.25   data required time
                               -5001.25   data arrival time
-----------------------------------------------------------------------------
                               4999.00   slack (MET)


Startpoint: io_in[0] (clock source 'io_in[0]')
Endpoint: _513_ (recovery check against rising-edge clock io_in[0])
Path Group: **async_default**
Path Type: max

Fanout     Cap    Slew   Delay    Time   Description
-----------------------------------------------------------------------------
                       5000.00 5000.00   clock io_in[0] (fall edge)
                          0.00 5000.00   clock source latency
                  0.03    0.02 5000.02 v io_in[0] (in)
     1    0.01                           io_in[0] (net)
                  0.03    0.00 5000.02 v clkbuf_0_io_in[0]/A (sky130_fd_sc_hd__clkbuf_16)
                  0.03    0.14 5000.16 v clkbuf_0_io_in[0]/X (sky130_fd_sc_hd__clkbuf_16)
     2    0.02                           clknet_0_io_in[0] (net)
                  0.03    0.00 5000.16 v clkbuf_1_1__f_io_in[0]/A (sky130_fd_sc_hd__clkbuf_16)
                  0.03    0.14 5000.31 v clkbuf_1_1__f_io_in[0]/X (sky130_fd_sc_hd__clkbuf_16)
     3    0.01                           clknet_1_1__leaf_io_in[0] (net)
                  0.03    0.00 5000.31 v _225_/A (sky130_fd_sc_hd__buf_1)
                  0.07    0.12 5000.43 v _225_/X (sky130_fd_sc_hd__buf_1)
     1    0.01                           _045_ (net)
                  0.07    0.00 5000.43 v clkbuf_0__045_/A (sky130_fd_sc_hd__clkbuf_16)
                  0.03    0.16 5000.59 v clkbuf_0__045_/X (sky130_fd_sc_hd__clkbuf_16)
     2    0.02                           clknet_0__045_ (net)
                  0.03    0.00 5000.59 v clkbuf_1_1__f__045_/A (sky130_fd_sc_hd__clkbuf_16)
                  0.03    0.14 5000.73 v clkbuf_1_1__f__045_/X (sky130_fd_sc_hd__clkbuf_16)
     3    0.01                           clknet_1_1__leaf__045_ (net)
                  0.03    0.00 5000.73 v _226_/A (sky130_fd_sc_hd__buf_1)
                  0.07    0.12 5000.86 v _226_/X (sky130_fd_sc_hd__buf_1)
     1    0.01                           _046_ (net)
                  0.07    0.00 5000.86 v clkbuf_0__046_/A (sky130_fd_sc_hd__clkbuf_16)
                  0.03    0.16 5001.02 v clkbuf_0__046_/X (sky130_fd_sc_hd__clkbuf_16)
     2    0.02                           clknet_0__046_ (net)
                  0.03    0.00 5001.02 v clkbuf_1_0__f__046_/A (sky130_fd_sc_hd__clkbuf_16)
                  0.03    0.14 5001.16 v clkbuf_1_0__f__046_/X (sky130_fd_sc_hd__clkbuf_16)
     3    0.01                           clknet_1_0__leaf__046_ (net)
                  0.03    0.00 5001.16 v _467_/B (sky130_fd_sc_hd__nand2_2)
                  0.06    0.07 5001.23 ^ _467_/Y (sky130_fd_sc_hd__nand2_2)
     1    0.01                           _001_ (net)
                  0.06    0.00 5001.23 ^ _513_/RESET_B (sky130_fd_sc_hd__dfrtp_1)
                               5001.23   data arrival time

                       10000.00 10000.00   clock io_in[0] (rise edge)
                          0.00 10000.00   clock source latency
                  0.06    0.04 10000.04 ^ io_in[0] (in)
     1    0.01                           io_in[0] (net)
                  0.06    0.00 10000.04 ^ clkbuf_0_io_in[0]/A (sky130_fd_sc_hd__clkbuf_16)
                  0.04    0.12 10000.17 ^ clkbuf_0_io_in[0]/X (sky130_fd_sc_hd__clkbuf_16)
     2    0.02                           clknet_0_io_in[0] (net)
                  0.04    0.00 10000.17 ^ clkbuf_1_0__f_io_in[0]/A (sky130_fd_sc_hd__clkbuf_16)
                  0.03    0.11 10000.27 ^ clkbuf_1_0__f_io_in[0]/X (sky130_fd_sc_hd__clkbuf_16)
     3    0.01                           clknet_1_0__leaf_io_in[0] (net)
                  0.03    0.00 10000.27 ^ _513_/CLK (sky130_fd_sc_hd__dfrtp_1)
                         -0.25 10000.02   clock uncertainty
                          0.00 10000.02   clock reconvergence pessimism
                          0.22 10000.25   library recovery time
                               10000.25   data required time
-----------------------------------------------------------------------------
                               10000.25   data required time
                               -5001.23   data arrival time
-----------------------------------------------------------------------------
                               4999.02   slack (MET)


Startpoint: _515_ (rising edge-triggered flip-flop)
Endpoint: io_out[5] (output port clocked by io_in[0])
Path Group: io_in[0]
Path Type: max

Fanout     Cap    Slew   Delay    Time   Description
-----------------------------------------------------------------------------
                  0.18    0.00    0.00 ^ _515_/CLK (sky130_fd_sc_hd__dfrtp_1)
                  0.12    0.51    0.51 v _515_/Q (sky130_fd_sc_hd__dfrtp_1)
     5    0.02                           CIRCUIT_0.inst_dec_1.MEMORY_21.s_currentState (net)
                  0.12    0.00    0.51 v _231_/A (sky130_fd_sc_hd__inv_2)
                  0.09    0.13    0.64 ^ _231_/Y (sky130_fd_sc_hd__inv_2)
     4    0.02                           _048_ (net)
                  0.09    0.00    0.64 ^ _232_/B (sky130_fd_sc_hd__nor2_1)
                  0.09    0.11    0.76 v _232_/Y (sky130_fd_sc_hd__nor2_1)
     4    0.02                           _049_ (net)
                  0.09    0.00    0.76 v _285_/B (sky130_fd_sc_hd__or3b_1)
                  0.06    0.37    1.13 v _285_/X (sky130_fd_sc_hd__or3b_1)
     1    0.00                           _089_ (net)
                  0.06    0.00    1.13 v _286_/C1 (sky130_fd_sc_hd__a221o_2)
                  0.11    0.40    1.52 v _286_/X (sky130_fd_sc_hd__a221o_2)
     5    0.02                           _090_ (net)
                  0.11    0.00    1.52 v _312_/S (sky130_fd_sc_hd__mux2_1)
                  0.07    0.36    1.88 v _312_/X (sky130_fd_sc_hd__mux2_1)
     1    0.01                           _111_ (net)
                  0.07    0.00    1.88 v _313_/A1 (sky130_fd_sc_hd__mux2_1)
                  0.08    0.35    2.23 v _313_/X (sky130_fd_sc_hd__mux2_1)
     1    0.01                           _112_ (net)
                  0.08    0.00    2.23 v _314_/A (sky130_fd_sc_hd__clkbuf_1)
                  0.03    0.11    2.34 v _314_/X (sky130_fd_sc_hd__clkbuf_1)
     1    0.00                           CIRCUIT_0.O_5_WRITE (net)
                  0.03    0.00    2.34 v _551_/A (sky130_fd_sc_hd__buf_2)
                  0.09    0.18    2.52 v _551_/X (sky130_fd_sc_hd__buf_2)
     1    0.03                           io_out[5] (net)
                  0.09    0.00    2.52 v io_out[5] (out)
                                  2.52   data arrival time

                       10000.00 10000.00   clock io_in[0] (rise edge)
                          0.00 10000.00   clock network delay (propagated)
                         -0.25 9999.75   clock uncertainty
                          0.00 9999.75   clock reconvergence pessimism
                       -2000.00 7999.75   output external delay
                               7999.75   data required time
-----------------------------------------------------------------------------
                               7999.75   data required time
                                 -2.52   data arrival time
-----------------------------------------------------------------------------
                               7997.23   slack (MET)


Startpoint: _515_ (rising edge-triggered flip-flop)
Endpoint: io_out[7] (output port clocked by io_in[0])
Path Group: io_in[0]
Path Type: max

Fanout     Cap    Slew   Delay    Time   Description
-----------------------------------------------------------------------------
                  0.18    0.00    0.00 ^ _515_/CLK (sky130_fd_sc_hd__dfrtp_1)
                  0.12    0.51    0.51 v _515_/Q (sky130_fd_sc_hd__dfrtp_1)
     5    0.02                           CIRCUIT_0.inst_dec_1.MEMORY_21.s_currentState (net)
                  0.12    0.00    0.51 v _231_/A (sky130_fd_sc_hd__inv_2)
                  0.09    0.13    0.64 ^ _231_/Y (sky130_fd_sc_hd__inv_2)
     4    0.02                           _048_ (net)
                  0.09    0.00    0.64 ^ _232_/B (sky130_fd_sc_hd__nor2_1)
                  0.09    0.11    0.76 v _232_/Y (sky130_fd_sc_hd__nor2_1)
     4    0.02                           _049_ (net)
                  0.09    0.00    0.76 v _285_/B (sky130_fd_sc_hd__or3b_1)
                  0.06    0.37    1.13 v _285_/X (sky130_fd_sc_hd__or3b_1)
     1    0.00                           _089_ (net)
                  0.06    0.00    1.13 v _286_/C1 (sky130_fd_sc_hd__a221o_2)
                  0.11    0.40    1.52 v _286_/X (sky130_fd_sc_hd__a221o_2)
     5    0.02                           _090_ (net)
                  0.11    0.00    1.52 v _318_/S (sky130_fd_sc_hd__mux2_1)
                  0.06    0.36    1.88 v _318_/X (sky130_fd_sc_hd__mux2_1)
     1    0.00                           _115_ (net)
                  0.06    0.00    1.88 v _319_/A1 (sky130_fd_sc_hd__mux2_1)
                  0.06    0.31    2.19 v _319_/X (sky130_fd_sc_hd__mux2_1)
     1    0.00                           _116_ (net)
                  0.06    0.00    2.19 v _320_/A (sky130_fd_sc_hd__clkbuf_1)
                  0.04    0.11    2.30 v _320_/X (sky130_fd_sc_hd__clkbuf_1)
     1    0.01                           CIRCUIT_0.O_7_I (net)
                  0.04    0.00    2.30 v _553_/A (sky130_fd_sc_hd__buf_2)
                  0.09    0.19    2.49 v _553_/X (sky130_fd_sc_hd__buf_2)
     1    0.03                           io_out[7] (net)
                  0.09    0.00    2.49 v io_out[7] (out)
                                  2.49   data arrival time

                       10000.00 10000.00   clock io_in[0] (rise edge)
                          0.00 10000.00   clock network delay (propagated)
                         -0.25 9999.75   clock uncertainty
                          0.00 9999.75   clock reconvergence pessimism
                       -2000.00 7999.75   output external delay
                               7999.75   data required time
-----------------------------------------------------------------------------
                               7999.75   data required time
                                 -2.49   data arrival time
-----------------------------------------------------------------------------
                               7997.26   slack (MET)


Startpoint: _515_ (rising edge-triggered flip-flop)
Endpoint: io_out[4] (output port clocked by io_in[0])
Path Group: io_in[0]
Path Type: max

Fanout     Cap    Slew   Delay    Time   Description
-----------------------------------------------------------------------------
                  0.18    0.00    0.00 ^ _515_/CLK (sky130_fd_sc_hd__dfrtp_1)
                  0.12    0.51    0.51 v _515_/Q (sky130_fd_sc_hd__dfrtp_1)
     5    0.02                           CIRCUIT_0.inst_dec_1.MEMORY_21.s_currentState (net)
                  0.12    0.00    0.51 v _231_/A (sky130_fd_sc_hd__inv_2)
                  0.09    0.13    0.64 ^ _231_/Y (sky130_fd_sc_hd__inv_2)
     4    0.02                           _048_ (net)
                  0.09    0.00    0.64 ^ _232_/B (sky130_fd_sc_hd__nor2_1)
                  0.09    0.11    0.76 v _232_/Y (sky130_fd_sc_hd__nor2_1)
     4    0.02                           _049_ (net)
                  0.09    0.00    0.76 v _285_/B (sky130_fd_sc_hd__or3b_1)
                  0.06    0.37    1.13 v _285_/X (sky130_fd_sc_hd__or3b_1)
     1    0.00                           _089_ (net)
                  0.06    0.00    1.13 v _286_/C1 (sky130_fd_sc_hd__a221o_2)
                  0.11    0.40    1.52 v _286_/X (sky130_fd_sc_hd__a221o_2)
     5    0.02                           _090_ (net)
                  0.11    0.00    1.52 v _305_/S (sky130_fd_sc_hd__mux2_1)
                  0.07    0.36    1.88 v _305_/X (sky130_fd_sc_hd__mux2_1)
     1    0.01                           _105_ (net)
                  0.07    0.00    1.88 v _306_/A1 (sky130_fd_sc_hd__mux2_1)
                  0.06    0.31    2.20 v _306_/X (sky130_fd_sc_hd__mux2_1)
     1    0.00                           _106_ (net)
                  0.06    0.00    2.20 v _307_/A (sky130_fd_sc_hd__clkbuf_1)
                  0.02    0.09    2.29 v _307_/X (sky130_fd_sc_hd__clkbuf_1)
     1    0.00                           CIRCUIT_0.O_4_MAR (net)
                  0.02    0.00    2.29 v _550_/A (sky130_fd_sc_hd__buf_2)
                  0.09    0.18    2.47 v _550_/X (sky130_fd_sc_hd__buf_2)
     1    0.03                           io_out[4] (net)
                  0.09    0.00    2.47 v io_out[4] (out)
                                  2.47   data arrival time

                       10000.00 10000.00   clock io_in[0] (rise edge)
                          0.00 10000.00   clock network delay (propagated)
                         -0.25 9999.75   clock uncertainty
                          0.00 9999.75   clock reconvergence pessimism
                       -2000.00 7999.75   output external delay
                               7999.75   data required time
-----------------------------------------------------------------------------
                               7999.75   data required time
                                 -2.47   data arrival time
-----------------------------------------------------------------------------
                               7997.28   slack (MET)


Startpoint: _515_ (rising edge-triggered flip-flop)
Endpoint: io_out[2] (output port clocked by io_in[0])
Path Group: io_in[0]
Path Type: max

Fanout     Cap    Slew   Delay    Time   Description
-----------------------------------------------------------------------------
                  0.18    0.00    0.00 ^ _515_/CLK (sky130_fd_sc_hd__dfrtp_1)
                  0.12    0.51    0.51 v _515_/Q (sky130_fd_sc_hd__dfrtp_1)
     5    0.02                           CIRCUIT_0.inst_dec_1.MEMORY_21.s_currentState (net)
                  0.12    0.00    0.51 v _231_/A (sky130_fd_sc_hd__inv_2)
                  0.09    0.13    0.64 ^ _231_/Y (sky130_fd_sc_hd__inv_2)
     4    0.02                           _048_ (net)
                  0.09    0.00    0.64 ^ _232_/B (sky130_fd_sc_hd__nor2_1)
                  0.09    0.11    0.76 v _232_/Y (sky130_fd_sc_hd__nor2_1)
     4    0.02                           _049_ (net)
                  0.09    0.00    0.76 v _285_/B (sky130_fd_sc_hd__or3b_1)
                  0.06    0.37    1.13 v _285_/X (sky130_fd_sc_hd__or3b_1)
     1    0.00                           _089_ (net)
                  0.06    0.00    1.13 v _286_/C1 (sky130_fd_sc_hd__a221o_2)
                  0.11    0.40    1.52 v _286_/X (sky130_fd_sc_hd__a221o_2)
     5    0.02                           _090_ (net)
                  0.11    0.00    1.52 v _287_/A (sky130_fd_sc_hd__dlymetal6s2s_1)
                  0.10    0.23    1.75 v _287_/X (sky130_fd_sc_hd__dlymetal6s2s_1)
     5    0.02                           _091_ (net)
                  0.10    0.00    1.76 v _294_/S1 (sky130_fd_sc_hd__mux4_1)
                  0.08    0.26    2.01 ^ _294_/X (sky130_fd_sc_hd__mux4_1)
     1    0.01                           _096_ (net)
                  0.08    0.00    2.01 ^ _295_/A (sky130_fd_sc_hd__clkbuf_1)
                  0.08    0.13    2.14 ^ _295_/X (sky130_fd_sc_hd__clkbuf_1)
     1    0.01                           CIRCUIT_0.O_D2_RR2 (net)
                  0.08    0.00    2.14 ^ _548_/A (sky130_fd_sc_hd__buf_2)
                  0.18    0.23    2.37 ^ _548_/X (sky130_fd_sc_hd__buf_2)
     1    0.03                           io_out[2] (net)
                  0.18    0.00    2.37 ^ io_out[2] (out)
                                  2.37   data arrival time

                       10000.00 10000.00   clock io_in[0] (rise edge)
                          0.00 10000.00   clock network delay (propagated)
                         -0.25 9999.75   clock uncertainty
                          0.00 9999.75   clock reconvergence pessimism
                       -2000.00 7999.75   output external delay
                               7999.75   data required time
-----------------------------------------------------------------------------
                               7999.75   data required time
                                 -2.37   data arrival time
-----------------------------------------------------------------------------
                               7997.38   slack (MET)


Startpoint: _515_ (rising edge-triggered flip-flop)
Endpoint: io_out[0] (output port clocked by io_in[0])
Path Group: io_in[0]
Path Type: max

Fanout     Cap    Slew   Delay    Time   Description
-----------------------------------------------------------------------------
                  0.18    0.00    0.00 ^ _515_/CLK (sky130_fd_sc_hd__dfrtp_1)
                  0.12    0.51    0.51 v _515_/Q (sky130_fd_sc_hd__dfrtp_1)
     5    0.02                           CIRCUIT_0.inst_dec_1.MEMORY_21.s_currentState (net)
                  0.12    0.00    0.51 v _231_/A (sky130_fd_sc_hd__inv_2)
                  0.09    0.13    0.64 ^ _231_/Y (sky130_fd_sc_hd__inv_2)
     4    0.02                           _048_ (net)
                  0.09    0.00    0.64 ^ _232_/B (sky130_fd_sc_hd__nor2_1)
                  0.09    0.11    0.76 v _232_/Y (sky130_fd_sc_hd__nor2_1)
     4    0.02                           _049_ (net)
                  0.09    0.00    0.76 v _285_/B (sky130_fd_sc_hd__or3b_1)
                  0.06    0.37    1.13 v _285_/X (sky130_fd_sc_hd__or3b_1)
     1    0.00                           _089_ (net)
                  0.06    0.00    1.13 v _286_/C1 (sky130_fd_sc_hd__a221o_2)
                  0.11    0.40    1.52 v _286_/X (sky130_fd_sc_hd__a221o_2)
     5    0.02                           _090_ (net)
                  0.11    0.00    1.52 v _287_/A (sky130_fd_sc_hd__dlymetal6s2s_1)
                  0.10    0.23    1.75 v _287_/X (sky130_fd_sc_hd__dlymetal6s2s_1)
     5    0.02                           _091_ (net)
                  0.10    0.00    1.76 v _288_/S1 (sky130_fd_sc_hd__mux4_1)
                  0.09    0.27    2.02 ^ _288_/X (sky130_fd_sc_hd__mux4_1)
     1    0.01                           _092_ (net)
                  0.09    0.00    2.02 ^ _289_/A (sky130_fd_sc_hd__clkbuf_1)
                  0.04    0.10    2.12 ^ _289_/X (sky130_fd_sc_hd__clkbuf_1)
     1    0.00                           CIRCUIT_0.O_D0_RR0 (net)
                  0.04    0.00    2.12 ^ _546_/A (sky130_fd_sc_hd__buf_2)
                  0.18    0.22    2.34 ^ _546_/X (sky130_fd_sc_hd__buf_2)
     1    0.03                           io_out[0] (net)
                  0.18    0.00    2.34 ^ io_out[0] (out)
                                  2.34   data arrival time

                       10000.00 10000.00   clock io_in[0] (rise edge)
                          0.00 10000.00   clock network delay (propagated)
                         -0.25 9999.75   clock uncertainty
                          0.00 9999.75   clock reconvergence pessimism
                       -2000.00 7999.75   output external delay
                               7999.75   data required time
-----------------------------------------------------------------------------
                               7999.75   data required time
                                 -2.34   data arrival time
-----------------------------------------------------------------------------
                               7997.41   slack (MET)


