
45. Printing statistics.

=== tholin_avalonsemi_5401 ===

   Number of wires:                348
   Number of wire bits:            362
   Number of public wires:         110
   Number of public wire bits:     124
   Number of memories:               0
   Number of memory bits:            0
   Number of processes:              0
   Number of cells:                346
     sky130_fd_sc_hd__a21boi_2       1
     sky130_fd_sc_hd__a21o_2        13
     sky130_fd_sc_hd__a21oi_2        7
     sky130_fd_sc_hd__a221o_2        2
     sky130_fd_sc_hd__a22o_2         2
     sky130_fd_sc_hd__a31o_2         6
     sky130_fd_sc_hd__a32o_2         1
     sky130_fd_sc_hd__and2_2         6
     sky130_fd_sc_hd__and2b_2        1
     sky130_fd_sc_hd__and3_2        13
     sky130_fd_sc_hd__and3b_2        3
     sky130_fd_sc_hd__and4_2         5
     sky130_fd_sc_hd__and4b_2        1
     sky130_fd_sc_hd__and4bb_2       1
     sky130_fd_sc_hd__buf_1         61
     sky130_fd_sc_hd__buf_2          8
     sky130_fd_sc_hd__conb_1         2
     sky130_fd_sc_hd__dfbbn_2        8
     sky130_fd_sc_hd__dfrtp_2       22
     sky130_fd_sc_hd__dfstp_2        2
     sky130_fd_sc_hd__dfxtp_2       27
     sky130_fd_sc_hd__inv_2         31
     sky130_fd_sc_hd__mux2_2        15
     sky130_fd_sc_hd__mux4_2         4
     sky130_fd_sc_hd__nand2_2       34
     sky130_fd_sc_hd__nand3_2        5
     sky130_fd_sc_hd__nand4b_2       1
     sky130_fd_sc_hd__nor2_2        16
     sky130_fd_sc_hd__nor3_2         2
     sky130_fd_sc_hd__o211a_2        1
     sky130_fd_sc_hd__o21a_2         2
     sky130_fd_sc_hd__o21ba_2        4
     sky130_fd_sc_hd__o21bai_2       2
     sky130_fd_sc_hd__o221a_2        3
     sky130_fd_sc_hd__o22a_2         1
     sky130_fd_sc_hd__or2_2         13
     sky130_fd_sc_hd__or3b_2         6
     sky130_fd_sc_hd__or4_2          1
     sky130_fd_sc_hd__xnor2_2        8
     sky130_fd_sc_hd__xor2_2         5

   Chip area for module '\tholin_avalonsemi_5401': 3570.924800

