Instance name,  X location,  Y location,  Voltage 
PHY_76, 5.4, 111.52, 1.8
PHY_78, 5.4, 111.52, 1.8
PHY_77, 81, 111.52, 1.8
PHY_79, 81, 111.52, 1.8
PHY_72, 5.4, 106.08, 1.8
PHY_74, 5.4, 106.08, 1.8
PHY_73, 81, 106.08, 1.8
PHY_75, 81, 106.08, 1.8
PHY_68, 5.4, 100.64, 1.8
PHY_70, 5.4, 100.64, 1.8
PHY_69, 81, 100.64, 1.8
PHY_71, 81, 100.64, 1.8
PHY_64, 5.4, 95.2, 1.8
PHY_66, 5.4, 95.2, 1.8
PHY_65, 81, 95.2, 1.8
PHY_67, 81, 95.2, 1.8
PHY_60, 5.4, 89.76, 1.8
PHY_62, 5.4, 89.76, 1.8
PHY_61, 81, 89.76, 1.8
PHY_63, 81, 89.76, 1.8
PHY_56, 5.4, 84.32, 1.8
PHY_58, 5.4, 84.32, 1.8
PHY_57, 81, 84.32, 1.8
PHY_59, 81, 84.32, 1.8
PHY_52, 5.4, 78.88, 1.8
PHY_54, 5.4, 78.88, 1.8
PHY_53, 81, 78.88, 1.8
PHY_55, 81, 78.88, 1.8
PHY_48, 5.4, 73.44, 1.8
PHY_50, 5.4, 73.44, 1.8
PHY_49, 81, 73.44, 1.8
PHY_51, 81, 73.44, 1.8
PHY_44, 5.4, 68, 1.8
PHY_46, 5.4, 68, 1.8
PHY_45, 81, 68, 1.8
PHY_47, 81, 68, 1.8
PHY_40, 5.4, 62.56, 1.8
PHY_42, 5.4, 62.56, 1.8
PHY_41, 81, 62.56, 1.8
PHY_43, 81, 62.56, 1.8
PHY_36, 5.4, 57.12, 1.8
PHY_38, 5.4, 57.12, 1.8
PHY_37, 81, 57.12, 1.8
PHY_39, 81, 57.12, 1.8
PHY_32, 5.4, 51.68, 1.8
PHY_34, 5.4, 51.68, 1.8
PHY_33, 81, 51.68, 1.8
PHY_35, 81, 51.68, 1.8
PHY_28, 5.4, 46.24, 1.8
PHY_30, 5.4, 46.24, 1.8
PHY_29, 81, 46.24, 1.8
PHY_31, 81, 46.24, 1.8
PHY_24, 5.4, 40.8, 1.8
PHY_26, 5.4, 40.8, 1.8
PHY_25, 81, 40.8, 1.8
PHY_27, 81, 40.8, 1.8
PHY_20, 5.4, 35.36, 1.8
PHY_22, 5.4, 35.36, 1.8
PHY_21, 81, 35.36, 1.8
PHY_23, 81, 35.36, 1.8
PHY_16, 5.4, 29.92, 1.8
PHY_18, 5.4, 29.92, 1.8
PHY_17, 81, 29.92, 1.8
PHY_19, 81, 29.92, 1.8
PHY_12, 5.4, 24.48, 1.8
PHY_14, 5.4, 24.48, 1.8
PHY_13, 81, 24.48, 1.8
PHY_15, 81, 24.48, 1.8
PHY_10, 5.4, 19.04, 1.8
PHY_8, 5.4, 19.04, 1.8
PHY_11, 81, 19.04, 1.8
PHY_9, 81, 19.04, 1.8
PHY_4, 5.4, 13.6, 1.8
PHY_6, 5.4, 13.6, 1.8
PHY_5, 81, 13.6, 1.8
PHY_7, 81, 13.6, 1.8
PHY_0, 5.4, 8.16, 1.8
PHY_2, 5.4, 8.16, 1.8
PHY_1, 81, 8.16, 1.8
PHY_3, 81, 8.16, 1.8

