
===========================================================================
 report_power
============================================================================


======================= Slowest Corner =================================

Group                  Internal  Switching    Leakage      Total
                          Power      Power      Power      Power (Watts)
----------------------------------------------------------------
Sequential             9.57e-08   1.09e-08   8.42e-07   9.49e-07  24.1%
Combinational          5.74e-07   2.40e-07   2.18e-06   2.99e-06  75.9%
Macro                  0.00e+00   0.00e+00   0.00e+00   0.00e+00   0.0%
Pad                    0.00e+00   0.00e+00   0.00e+00   0.00e+00   0.0%
----------------------------------------------------------------
Total                  6.69e-07   2.51e-07   3.02e-06   3.94e-06 100.0%
                          17.0%       6.4%      76.6%

======================= Typical Corner ===================================

Group                  Internal  Switching    Leakage      Total
                          Power      Power      Power      Power (Watts)
----------------------------------------------------------------
Sequential             1.22e-07   1.39e-08   4.94e-10   1.37e-07  11.8%
Combinational          7.06e-07   3.08e-07   3.08e-09   1.02e-06  88.2%
Macro                  0.00e+00   0.00e+00   0.00e+00   0.00e+00   0.0%
Pad                    0.00e+00   0.00e+00   0.00e+00   0.00e+00   0.0%
----------------------------------------------------------------
Total                  8.28e-07   3.22e-07   3.57e-09   1.15e-06 100.0%
                          71.8%      27.9%       0.3%


======================= Fastest Corner =================================

Group                  Internal  Switching    Leakage      Total
                          Power      Power      Power      Power (Watts)
----------------------------------------------------------------
Sequential             1.41e-07   1.65e-08   7.73e-10   1.59e-07  11.9%
Combinational          8.09e-07   3.64e-07   5.32e-09   1.18e-06  88.1%
Macro                  0.00e+00   0.00e+00   0.00e+00   0.00e+00   0.0%
Pad                    0.00e+00   0.00e+00   0.00e+00   0.00e+00   0.0%
----------------------------------------------------------------
Total                  9.50e-07   3.80e-07   6.10e-09   1.34e-06 100.0%
                          71.1%      28.5%       0.5%
