
===========================================================================
 report_clock_skew
============================================================================

======================== Slowest Corner ==================================

Clock io_in[0]
Latency      CRPR       Skew
_515_/CLK ^
   2.65
_519_/CLK ^
   0.39     -0.04       2.22


======================= Typical Corner ===================================

Clock io_in[0]
Latency      CRPR       Skew
_515_/CLK ^
   1.41
_519_/CLK ^
   0.22     -0.02       1.17


======================= Fastest Corner ===================================

Clock io_in[0]
Latency      CRPR       Skew
_515_/CLK ^
   0.92
_519_/CLK ^
   0.15     -0.02       0.76

