OpenROAD 0b8b7ae255f8fbbbefa57d443949b84e73eed757 
This program is licensed under the BSD-3 license. See the LICENSE file for details.
Components of this program may be licensed under more restrictive licenses which must be honored.
[INFO ODB-0222] Reading LEF file: /work/runs/wokwi/tmp/merged.unpadded.nom.lef
[INFO ODB-0223]     Created 13 technology layers
[INFO ODB-0224]     Created 25 technology vias
[INFO ODB-0225]     Created 441 library cells
[INFO ODB-0226] Finished LEF file:  /work/runs/wokwi/tmp/merged.unpadded.nom.lef
[INFO ODB-0127] Reading DEF file: /work/runs/wokwi/tmp/floorplan/6-pdn.def
[INFO ODB-0128] Design: tholin_avalonsemi_5401
[INFO ODB-0130]     Created 18 pins.
[INFO ODB-0131]     Created 377 components and 1936 component-terminals.
[INFO ODB-0132]     Created 2 special nets and 1298 connections.
[INFO ODB-0133]     Created 200 nets and 638 connections.
[INFO ODB-0134] Finished DEF file: /work/runs/wokwi/tmp/floorplan/6-pdn.def
[INFO]: Setting RC values...
[INFO]: Setting signal min routing layer to: met1 and clock min routing layer to met1. 
[INFO]: Setting signal max routing layer to: met4 and clock max routing layer to met4. 
[INFO GPL-0002] DBU: 1000
[INFO GPL-0003] SiteSize: 460 2720
[INFO GPL-0004] CoreAreaLxLy: 5520 5440
[INFO GPL-0005] CoreAreaUxUy: 84180 114240
[INFO GPL-0006] NumInstances: 377
[INFO GPL-0007] NumPlaceInstances: 192
[INFO GPL-0008] NumFixedInstances: 185
[INFO GPL-0009] NumDummyInstances: 0
[INFO GPL-0010] NumNets: 200
[INFO GPL-0011] NumPins: 654
[INFO GPL-0012] DieAreaLxLy: 0 0
[INFO GPL-0013] DieAreaUxUy: 90000 120000
[INFO GPL-0014] CoreAreaLxLy: 5520 5440
[INFO GPL-0015] CoreAreaUxUy: 84180 114240
[INFO GPL-0016] CoreArea: 8558208000
[INFO GPL-0017] NonPlaceInstsArea: 431664000
[INFO GPL-0018] PlaceInstsArea: 2069484800
[INFO GPL-0019] Util(%): 25.47
[INFO GPL-0020] StdInstsArea: 2069484800
[INFO GPL-0021] MacroInstsArea: 0
[InitialPlace]  Iter: 1 CG residual: 0.00000012 HPWL: 2532740
[InitialPlace]  Iter: 2 CG residual: 0.00000009 HPWL: 2365839
[InitialPlace]  Iter: 3 CG residual: 0.00000003 HPWL: 2349242
[InitialPlace]  Iter: 4 CG residual: 0.00000010 HPWL: 2351612
[InitialPlace]  Iter: 5 CG residual: 0.00000012 HPWL: 2349014
[INFO GPL-0031] FillerInit: NumGCells: 426
[INFO GPL-0032] FillerInit: NumGNets: 200
[INFO GPL-0033] FillerInit: NumGPins: 654
[INFO GPL-0023] TargetDensity: 0.55
[INFO GPL-0024] AveragePlaceInstArea: 10778566
[INFO GPL-0025] IdealBinArea: 19597392
[INFO GPL-0026] IdealBinCnt: 436
[INFO GPL-0027] TotalBinArea: 8558208000
[INFO GPL-0028] BinCnt: 64 64
[INFO GPL-0029] BinSize: 1230 1700
[INFO GPL-0030] NumBins: 4096
[NesterovSolve] Iter: 1 overflow: 0.97539 HPWL: 1063749
[NesterovSolve] Iter: 10 overflow: 0.941243 HPWL: 1237259
[NesterovSolve] Iter: 20 overflow: 0.935519 HPWL: 1255524
[NesterovSolve] Iter: 30 overflow: 0.935788 HPWL: 1250197
[NesterovSolve] Iter: 40 overflow: 0.935855 HPWL: 1260210
[NesterovSolve] Iter: 50 overflow: 0.935303 HPWL: 1263710
[NesterovSolve] Iter: 60 overflow: 0.93546 HPWL: 1263542
[NesterovSolve] Iter: 70 overflow: 0.935565 HPWL: 1262259
[NesterovSolve] Iter: 80 overflow: 0.935935 HPWL: 1260322
[NesterovSolve] Iter: 90 overflow: 0.93528 HPWL: 1260333
[NesterovSolve] Iter: 100 overflow: 0.935242 HPWL: 1261505
[NesterovSolve] Iter: 110 overflow: 0.934921 HPWL: 1264158
[NesterovSolve] Iter: 120 overflow: 0.933576 HPWL: 1268913
[NesterovSolve] Iter: 130 overflow: 0.933088 HPWL: 1276128
[NesterovSolve] Iter: 140 overflow: 0.931328 HPWL: 1286041
[NesterovSolve] Iter: 150 overflow: 0.928937 HPWL: 1299719
[NesterovSolve] Iter: 160 overflow: 0.926633 HPWL: 1317769
[NesterovSolve] Iter: 170 overflow: 0.91682 HPWL: 1340687
[NesterovSolve] Iter: 180 overflow: 0.907204 HPWL: 1378638
[NesterovSolve] Finished with Overflow: 0.899635
###############################################################################
# Created by write_sdc
# Mon Oct 31 00:52:14 2022
###############################################################################
current_design tholin_avalonsemi_5401
###############################################################################
# Timing Constraints
###############################################################################
create_clock -name __VIRTUAL_CLK__ -period 10.0000 
set_clock_uncertainty 0.2500 __VIRTUAL_CLK__
set_input_delay 2.0000 -clock [get_clocks {__VIRTUAL_CLK__}] -add_delay [get_ports {io_in[0]}]
set_input_delay 2.0000 -clock [get_clocks {__VIRTUAL_CLK__}] -add_delay [get_ports {io_in[1]}]
set_input_delay 2.0000 -clock [get_clocks {__VIRTUAL_CLK__}] -add_delay [get_ports {io_in[2]}]
set_input_delay 2.0000 -clock [get_clocks {__VIRTUAL_CLK__}] -add_delay [get_ports {io_in[3]}]
set_input_delay 2.0000 -clock [get_clocks {__VIRTUAL_CLK__}] -add_delay [get_ports {io_in[4]}]
set_input_delay 2.0000 -clock [get_clocks {__VIRTUAL_CLK__}] -add_delay [get_ports {io_in[5]}]
set_input_delay 2.0000 -clock [get_clocks {__VIRTUAL_CLK__}] -add_delay [get_ports {io_in[6]}]
set_input_delay 2.0000 -clock [get_clocks {__VIRTUAL_CLK__}] -add_delay [get_ports {io_in[7]}]
set_output_delay 2.0000 -clock [get_clocks {__VIRTUAL_CLK__}] -add_delay [get_ports {io_out[0]}]
set_output_delay 2.0000 -clock [get_clocks {__VIRTUAL_CLK__}] -add_delay [get_ports {io_out[1]}]
set_output_delay 2.0000 -clock [get_clocks {__VIRTUAL_CLK__}] -add_delay [get_ports {io_out[2]}]
set_output_delay 2.0000 -clock [get_clocks {__VIRTUAL_CLK__}] -add_delay [get_ports {io_out[3]}]
set_output_delay 2.0000 -clock [get_clocks {__VIRTUAL_CLK__}] -add_delay [get_ports {io_out[4]}]
set_output_delay 2.0000 -clock [get_clocks {__VIRTUAL_CLK__}] -add_delay [get_ports {io_out[5]}]
set_output_delay 2.0000 -clock [get_clocks {__VIRTUAL_CLK__}] -add_delay [get_ports {io_out[6]}]
set_output_delay 2.0000 -clock [get_clocks {__VIRTUAL_CLK__}] -add_delay [get_ports {io_out[7]}]
###############################################################################
# Environment
###############################################################################
set_load -pin_load 0.0334 [get_ports {io_out[7]}]
set_load -pin_load 0.0334 [get_ports {io_out[6]}]
set_load -pin_load 0.0334 [get_ports {io_out[5]}]
set_load -pin_load 0.0334 [get_ports {io_out[4]}]
set_load -pin_load 0.0334 [get_ports {io_out[3]}]
set_load -pin_load 0.0334 [get_ports {io_out[2]}]
set_load -pin_load 0.0334 [get_ports {io_out[1]}]
set_load -pin_load 0.0334 [get_ports {io_out[0]}]
set_driving_cell -lib_cell sky130_fd_sc_hd__inv_2 -pin {Y} -input_transition_rise 0.0000 -input_transition_fall 0.0000 [get_ports {io_in[7]}]
set_driving_cell -lib_cell sky130_fd_sc_hd__inv_2 -pin {Y} -input_transition_rise 0.0000 -input_transition_fall 0.0000 [get_ports {io_in[6]}]
set_driving_cell -lib_cell sky130_fd_sc_hd__inv_2 -pin {Y} -input_transition_rise 0.0000 -input_transition_fall 0.0000 [get_ports {io_in[5]}]
set_driving_cell -lib_cell sky130_fd_sc_hd__inv_2 -pin {Y} -input_transition_rise 0.0000 -input_transition_fall 0.0000 [get_ports {io_in[4]}]
set_driving_cell -lib_cell sky130_fd_sc_hd__inv_2 -pin {Y} -input_transition_rise 0.0000 -input_transition_fall 0.0000 [get_ports {io_in[3]}]
set_driving_cell -lib_cell sky130_fd_sc_hd__inv_2 -pin {Y} -input_transition_rise 0.0000 -input_transition_fall 0.0000 [get_ports {io_in[2]}]
set_driving_cell -lib_cell sky130_fd_sc_hd__inv_2 -pin {Y} -input_transition_rise 0.0000 -input_transition_fall 0.0000 [get_ports {io_in[1]}]
set_driving_cell -lib_cell sky130_fd_sc_hd__inv_2 -pin {Y} -input_transition_rise 0.0000 -input_transition_fall 0.0000 [get_ports {io_in[0]}]
set_timing_derate -early 0.9500
set_timing_derate -late 1.0500
###############################################################################
# Design Rules
###############################################################################
set_max_fanout 5.0000 [current_design]
[INFO]: Setting RC values...
min_report

===========================================================================
report_checks -path_delay min (Hold)
============================================================================
Startpoint: _287_ (rising edge-triggered flip-flop)
Endpoint: io_out[6] (output port clocked by __VIRTUAL_CLK__)
Path Group: __VIRTUAL_CLK__
Path Type: min

Fanout     Cap    Slew   Delay    Time   Description
-----------------------------------------------------------------------------
                  0.20    0.00    0.00 ^ _287_/CLK (sky130_fd_sc_hd__dfxtp_2)
                  0.03    0.34    0.34 ^ _287_/Q (sky130_fd_sc_hd__dfxtp_2)
     1    0.00                           CIRCUIT_0.MEMORY_51.s_currentState (net)
                  0.03    0.00    0.34 ^ _164_/A2 (sky130_fd_sc_hd__a31o_2)
                  0.04    0.13    0.47 ^ _164_/X (sky130_fd_sc_hd__a31o_2)
     1    0.00                           CIRCUIT_0.O_6_JMP (net)
                  0.04    0.00    0.47 ^ _305_/A (sky130_fd_sc_hd__buf_2)
                  0.18    0.19    0.66 ^ _305_/X (sky130_fd_sc_hd__buf_2)
     1    0.03                           io_out[6] (net)
                  0.18    0.00    0.66 ^ io_out[6] (out)
                                  0.66   data arrival time

                  0.00    0.00    0.00   clock __VIRTUAL_CLK__ (rise edge)
                          0.00    0.00   clock network delay (ideal)
                          0.25    0.25   clock uncertainty
                          0.00    0.25   clock reconvergence pessimism
                         -2.00   -1.75   output external delay
                                 -1.75   data required time
-----------------------------------------------------------------------------
                                 -1.75   data required time
                                 -0.66   data arrival time
-----------------------------------------------------------------------------
                                  2.41   slack (MET)


Startpoint: _280_ (rising edge-triggered flip-flop)
Endpoint: io_out[5] (output port clocked by __VIRTUAL_CLK__)
Path Group: __VIRTUAL_CLK__
Path Type: min

Fanout     Cap    Slew   Delay    Time   Description
-----------------------------------------------------------------------------
                  0.11    0.00    0.00 ^ _280_/CLK (sky130_fd_sc_hd__dfxtp_2)
                  0.03    0.31    0.31 ^ _280_/Q (sky130_fd_sc_hd__dfxtp_2)
     1    0.00                           CIRCUIT_0.MEMORY_58.s_currentState (net)
                  0.03    0.00    0.31 ^ _160_/A0 (sky130_fd_sc_hd__mux2_2)
                  0.04    0.12    0.43 ^ _160_/X (sky130_fd_sc_hd__mux2_2)
     1    0.00                           _038_ (net)
                  0.04    0.00    0.43 ^ _162_/A2 (sky130_fd_sc_hd__a21bo_2)
                  0.03    0.11    0.54 ^ _162_/X (sky130_fd_sc_hd__a21bo_2)
     1    0.00                           CIRCUIT_0.O_5_WRITE (net)
                  0.03    0.00    0.54 ^ _304_/A (sky130_fd_sc_hd__buf_2)
                  0.17    0.19    0.72 ^ _304_/X (sky130_fd_sc_hd__buf_2)
     1    0.03                           io_out[5] (net)
                  0.17    0.00    0.73 ^ io_out[5] (out)
                                  0.73   data arrival time

                  0.00    0.00    0.00   clock __VIRTUAL_CLK__ (rise edge)
                          0.00    0.00   clock network delay (ideal)
                          0.25    0.25   clock uncertainty
                          0.00    0.25   clock reconvergence pessimism
                         -2.00   -1.75   output external delay
                                 -1.75   data required time
-----------------------------------------------------------------------------
                                 -1.75   data required time
                                 -0.73   data arrival time
-----------------------------------------------------------------------------
                                  2.48   slack (MET)


Startpoint: _285_ (rising edge-triggered flip-flop)
Endpoint: io_out[0] (output port clocked by __VIRTUAL_CLK__)
Path Group: __VIRTUAL_CLK__
Path Type: min

Fanout     Cap    Slew   Delay    Time   Description
-----------------------------------------------------------------------------
                  0.11    0.00    0.00 ^ _285_/CLK (sky130_fd_sc_hd__dfxtp_2)
                  0.03    0.31    0.31 ^ _285_/Q (sky130_fd_sc_hd__dfxtp_2)
     1    0.00                           CIRCUIT_0.MEMORY_53.s_currentState (net)
                  0.03    0.00    0.31 ^ _144_/A0 (sky130_fd_sc_hd__mux4_2)
                  0.05    0.20    0.51 ^ _144_/X (sky130_fd_sc_hd__mux4_2)
     1    0.00                           _027_ (net)
                  0.05    0.00    0.51 ^ _145_/A (sky130_fd_sc_hd__buf_1)
                  0.04    0.07    0.58 ^ _145_/X (sky130_fd_sc_hd__buf_1)
     1    0.00                           CIRCUIT_0.O_D0_RR0 (net)
                  0.04    0.00    0.58 ^ _299_/A (sky130_fd_sc_hd__buf_2)
                  0.17    0.19    0.77 ^ _299_/X (sky130_fd_sc_hd__buf_2)
     1    0.03                           io_out[0] (net)
                  0.17    0.00    0.77 ^ io_out[0] (out)
                                  0.77   data arrival time

                  0.00    0.00    0.00   clock __VIRTUAL_CLK__ (rise edge)
                          0.00    0.00   clock network delay (ideal)
                          0.25    0.25   clock uncertainty
                          0.00    0.25   clock reconvergence pessimism
                         -2.00   -1.75   output external delay
                                 -1.75   data required time
-----------------------------------------------------------------------------
                                 -1.75   data required time
                                 -0.77   data arrival time
-----------------------------------------------------------------------------
                                  2.52   slack (MET)


Startpoint: _284_ (rising edge-triggered flip-flop)
Endpoint: io_out[1] (output port clocked by __VIRTUAL_CLK__)
Path Group: __VIRTUAL_CLK__
Path Type: min

Fanout     Cap    Slew   Delay    Time   Description
-----------------------------------------------------------------------------
                  0.11    0.00    0.00 ^ _284_/CLK (sky130_fd_sc_hd__dfxtp_2)
                  0.03    0.31    0.31 ^ _284_/Q (sky130_fd_sc_hd__dfxtp_2)
     1    0.00                           CIRCUIT_0.MEMORY_54.s_currentState (net)
                  0.03    0.00    0.31 ^ _147_/A0 (sky130_fd_sc_hd__mux4_2)
                  0.05    0.20    0.51 ^ _147_/X (sky130_fd_sc_hd__mux4_2)
     1    0.00                           _029_ (net)
                  0.05    0.00    0.51 ^ _148_/A (sky130_fd_sc_hd__buf_1)
                  0.04    0.08    0.58 ^ _148_/X (sky130_fd_sc_hd__buf_1)
     1    0.00                           CIRCUIT_0.O_D1_RR1 (net)
                  0.04    0.00    0.58 ^ _300_/A (sky130_fd_sc_hd__buf_2)
                  0.17    0.19    0.77 ^ _300_/X (sky130_fd_sc_hd__buf_2)
     1    0.03                           io_out[1] (net)
                  0.17    0.00    0.77 ^ io_out[1] (out)
                                  0.77   data arrival time

                  0.00    0.00    0.00   clock __VIRTUAL_CLK__ (rise edge)
                          0.00    0.00   clock network delay (ideal)
                          0.25    0.25   clock uncertainty
                          0.00    0.25   clock reconvergence pessimism
                         -2.00   -1.75   output external delay
                                 -1.75   data required time
-----------------------------------------------------------------------------
                                 -1.75   data required time
                                 -0.77   data arrival time
-----------------------------------------------------------------------------
                                  2.52   slack (MET)


Startpoint: _283_ (rising edge-triggered flip-flop)
Endpoint: io_out[2] (output port clocked by __VIRTUAL_CLK__)
Path Group: __VIRTUAL_CLK__
Path Type: min

Fanout     Cap    Slew   Delay    Time   Description
-----------------------------------------------------------------------------
                  0.11    0.00    0.00 ^ _283_/CLK (sky130_fd_sc_hd__dfxtp_2)
                  0.03    0.31    0.31 ^ _283_/Q (sky130_fd_sc_hd__dfxtp_2)
     1    0.00                           CIRCUIT_0.MEMORY_55.s_currentState (net)
                  0.03    0.00    0.31 ^ _150_/A0 (sky130_fd_sc_hd__mux4_2)
                  0.05    0.20    0.51 ^ _150_/X (sky130_fd_sc_hd__mux4_2)
     1    0.00                           _031_ (net)
                  0.05    0.00    0.51 ^ _151_/A (sky130_fd_sc_hd__buf_1)
                  0.04    0.08    0.59 ^ _151_/X (sky130_fd_sc_hd__buf_1)
     1    0.00                           CIRCUIT_0.O_D2_RR2 (net)
                  0.04    0.00    0.59 ^ _301_/A (sky130_fd_sc_hd__buf_2)
                  0.17    0.19    0.77 ^ _301_/X (sky130_fd_sc_hd__buf_2)
     1    0.03                           io_out[2] (net)
                  0.17    0.00    0.77 ^ io_out[2] (out)
                                  0.77   data arrival time

                  0.00    0.00    0.00   clock __VIRTUAL_CLK__ (rise edge)
                          0.00    0.00   clock network delay (ideal)
                          0.25    0.25   clock uncertainty
                          0.00    0.25   clock reconvergence pessimism
                         -2.00   -1.75   output external delay
                                 -1.75   data required time
-----------------------------------------------------------------------------
                                 -1.75   data required time
                                 -0.77   data arrival time
-----------------------------------------------------------------------------
                                  2.52   slack (MET)


min_report_end
max_report

===========================================================================
report_checks -path_delay max (Setup)
============================================================================
Startpoint: _297_ (rising edge-triggered flip-flop)
Endpoint: io_out[7] (output port clocked by __VIRTUAL_CLK__)
Path Group: __VIRTUAL_CLK__
Path Type: max

Fanout     Cap    Slew   Delay    Time   Description
-----------------------------------------------------------------------------
                  0.05    0.00    0.00 ^ _297_/CLK (sky130_fd_sc_hd__dfxtp_2)
                  0.03    0.33    0.33 v _297_/Q (sky130_fd_sc_hd__dfxtp_2)
     3    0.01                           CIRCUIT_0.MEMORY_41.s_currentState (net)
                  0.03    0.00    0.33 v _138_/A (sky130_fd_sc_hd__or4_2)
                  0.10    0.67    1.01 v _138_/X (sky130_fd_sc_hd__or4_2)
     1    0.00                           _021_ (net)
                  0.10    0.00    1.01 v _142_/B1 (sky130_fd_sc_hd__a221o_2)
                  0.09    0.42    1.42 v _142_/X (sky130_fd_sc_hd__a221o_2)
     5    0.02                           _025_ (net)
                  0.09    0.00    1.42 v _165_/S (sky130_fd_sc_hd__mux2_2)
                  0.05    0.29    1.71 v _165_/X (sky130_fd_sc_hd__mux2_2)
     1    0.00                           _041_ (net)
                  0.05    0.00    1.71 v _166_/A1 (sky130_fd_sc_hd__mux2_2)
                  0.05    0.27    1.99 v _166_/X (sky130_fd_sc_hd__mux2_2)
     1    0.00                           _042_ (net)
                  0.05    0.00    1.99 v _167_/A (sky130_fd_sc_hd__buf_1)
                  0.03    0.10    2.08 v _167_/X (sky130_fd_sc_hd__buf_1)
     1    0.00                           CIRCUIT_0.O_7_I (net)
                  0.03    0.00    2.08 v _306_/A (sky130_fd_sc_hd__buf_2)
                  0.09    0.18    2.27 v _306_/X (sky130_fd_sc_hd__buf_2)
     1    0.03                           io_out[7] (net)
                  0.09    0.00    2.27 v io_out[7] (out)
                                  2.27   data arrival time

                  0.00   10.00   10.00   clock __VIRTUAL_CLK__ (rise edge)
                          0.00   10.00   clock network delay (ideal)
                         -0.25    9.75   clock uncertainty
                          0.00    9.75   clock reconvergence pessimism
                         -2.00    7.75   output external delay
                                  7.75   data required time
-----------------------------------------------------------------------------
                                  7.75   data required time
                                 -2.27   data arrival time
-----------------------------------------------------------------------------
                                  5.48   slack (MET)


Startpoint: _297_ (rising edge-triggered flip-flop)
Endpoint: io_out[4] (output port clocked by __VIRTUAL_CLK__)
Path Group: __VIRTUAL_CLK__
Path Type: max

Fanout     Cap    Slew   Delay    Time   Description
-----------------------------------------------------------------------------
                  0.05    0.00    0.00 ^ _297_/CLK (sky130_fd_sc_hd__dfxtp_2)
                  0.03    0.33    0.33 v _297_/Q (sky130_fd_sc_hd__dfxtp_2)
     3    0.01                           CIRCUIT_0.MEMORY_41.s_currentState (net)
                  0.03    0.00    0.33 v _138_/A (sky130_fd_sc_hd__or4_2)
                  0.10    0.67    1.01 v _138_/X (sky130_fd_sc_hd__or4_2)
     1    0.00                           _021_ (net)
                  0.10    0.00    1.01 v _142_/B1 (sky130_fd_sc_hd__a221o_2)
                  0.09    0.42    1.42 v _142_/X (sky130_fd_sc_hd__a221o_2)
     5    0.02                           _025_ (net)
                  0.09    0.00    1.42 v _157_/S (sky130_fd_sc_hd__mux2_2)
                  0.05    0.29    1.71 v _157_/X (sky130_fd_sc_hd__mux2_2)
     1    0.00                           _036_ (net)
                  0.05    0.00    1.71 v _158_/A1 (sky130_fd_sc_hd__mux2_2)
                  0.05    0.27    1.98 v _158_/X (sky130_fd_sc_hd__mux2_2)
     1    0.00                           _037_ (net)
                  0.05    0.00    1.98 v _159_/A (sky130_fd_sc_hd__buf_1)
                  0.03    0.09    2.07 v _159_/X (sky130_fd_sc_hd__buf_1)
     1    0.00                           CIRCUIT_0.O_4_MAR (net)
                  0.03    0.00    2.07 v _303_/A (sky130_fd_sc_hd__buf_2)
                  0.09    0.18    2.25 v _303_/X (sky130_fd_sc_hd__buf_2)
     1    0.03                           io_out[4] (net)
                  0.09    0.00    2.25 v io_out[4] (out)
                                  2.25   data arrival time

                  0.00   10.00   10.00   clock __VIRTUAL_CLK__ (rise edge)
                          0.00   10.00   clock network delay (ideal)
                         -0.25    9.75   clock uncertainty
                          0.00    9.75   clock reconvergence pessimism
                         -2.00    7.75   output external delay
                                  7.75   data required time
-----------------------------------------------------------------------------
                                  7.75   data required time
                                 -2.25   data arrival time
-----------------------------------------------------------------------------
                                  5.50   slack (MET)


Startpoint: _297_ (rising edge-triggered flip-flop)
Endpoint: io_out[2] (output port clocked by __VIRTUAL_CLK__)
Path Group: __VIRTUAL_CLK__
Path Type: max

Fanout     Cap    Slew   Delay    Time   Description
-----------------------------------------------------------------------------
                  0.05    0.00    0.00 ^ _297_/CLK (sky130_fd_sc_hd__dfxtp_2)
                  0.03    0.33    0.33 v _297_/Q (sky130_fd_sc_hd__dfxtp_2)
     3    0.01                           CIRCUIT_0.MEMORY_41.s_currentState (net)
                  0.03    0.00    0.33 v _138_/A (sky130_fd_sc_hd__or4_2)
                  0.10    0.67    1.01 v _138_/X (sky130_fd_sc_hd__or4_2)
     1    0.00                           _021_ (net)
                  0.10    0.00    1.01 v _142_/B1 (sky130_fd_sc_hd__a221o_2)
                  0.09    0.42    1.42 v _142_/X (sky130_fd_sc_hd__a221o_2)
     5    0.02                           _025_ (net)
                  0.09    0.00    1.42 v _143_/A (sky130_fd_sc_hd__buf_1)
                  0.09    0.16    1.59 v _143_/X (sky130_fd_sc_hd__buf_1)
     5    0.01                           _026_ (net)
                  0.09    0.00    1.59 v _150_/S1 (sky130_fd_sc_hd__mux4_2)
                  0.08    0.30    1.89 v _150_/X (sky130_fd_sc_hd__mux4_2)
     1    0.00                           _031_ (net)
                  0.08    0.00    1.89 v _151_/A (sky130_fd_sc_hd__buf_1)
                  0.03    0.11    2.00 v _151_/X (sky130_fd_sc_hd__buf_1)
     1    0.00                           CIRCUIT_0.O_D2_RR2 (net)
                  0.03    0.00    2.00 v _301_/A (sky130_fd_sc_hd__buf_2)
                  0.09    0.18    2.18 v _301_/X (sky130_fd_sc_hd__buf_2)
     1    0.03                           io_out[2] (net)
                  0.09    0.00    2.18 v io_out[2] (out)
                                  2.18   data arrival time

                  0.00   10.00   10.00   clock __VIRTUAL_CLK__ (rise edge)
                          0.00   10.00   clock network delay (ideal)
                         -0.25    9.75   clock uncertainty
                          0.00    9.75   clock reconvergence pessimism
                         -2.00    7.75   output external delay
                                  7.75   data required time
-----------------------------------------------------------------------------
                                  7.75   data required time
                                 -2.18   data arrival time
-----------------------------------------------------------------------------
                                  5.57   slack (MET)


Startpoint: _297_ (rising edge-triggered flip-flop)
Endpoint: io_out[1] (output port clocked by __VIRTUAL_CLK__)
Path Group: __VIRTUAL_CLK__
Path Type: max

Fanout     Cap    Slew   Delay    Time   Description
-----------------------------------------------------------------------------
                  0.05    0.00    0.00 ^ _297_/CLK (sky130_fd_sc_hd__dfxtp_2)
                  0.03    0.33    0.33 v _297_/Q (sky130_fd_sc_hd__dfxtp_2)
     3    0.01                           CIRCUIT_0.MEMORY_41.s_currentState (net)
                  0.03    0.00    0.33 v _138_/A (sky130_fd_sc_hd__or4_2)
                  0.10    0.67    1.01 v _138_/X (sky130_fd_sc_hd__or4_2)
     1    0.00                           _021_ (net)
                  0.10    0.00    1.01 v _142_/B1 (sky130_fd_sc_hd__a221o_2)
                  0.09    0.42    1.42 v _142_/X (sky130_fd_sc_hd__a221o_2)
     5    0.02                           _025_ (net)
                  0.09    0.00    1.42 v _143_/A (sky130_fd_sc_hd__buf_1)
                  0.09    0.16    1.59 v _143_/X (sky130_fd_sc_hd__buf_1)
     5    0.01                           _026_ (net)
                  0.09    0.00    1.59 v _147_/S1 (sky130_fd_sc_hd__mux4_2)
                  0.08    0.30    1.89 v _147_/X (sky130_fd_sc_hd__mux4_2)
     1    0.00                           _029_ (net)
                  0.08    0.00    1.89 v _148_/A (sky130_fd_sc_hd__buf_1)
                  0.02    0.11    2.00 v _148_/X (sky130_fd_sc_hd__buf_1)
     1    0.00                           CIRCUIT_0.O_D1_RR1 (net)
                  0.02    0.00    2.00 v _300_/A (sky130_fd_sc_hd__buf_2)
                  0.09    0.18    2.18 v _300_/X (sky130_fd_sc_hd__buf_2)
     1    0.03                           io_out[1] (net)
                  0.09    0.00    2.18 v io_out[1] (out)
                                  2.18   data arrival time

                  0.00   10.00   10.00   clock __VIRTUAL_CLK__ (rise edge)
                          0.00   10.00   clock network delay (ideal)
                         -0.25    9.75   clock uncertainty
                          0.00    9.75   clock reconvergence pessimism
                         -2.00    7.75   output external delay
                                  7.75   data required time
-----------------------------------------------------------------------------
                                  7.75   data required time
                                 -2.18   data arrival time
-----------------------------------------------------------------------------
                                  5.57   slack (MET)


Startpoint: _297_ (rising edge-triggered flip-flop)
Endpoint: io_out[0] (output port clocked by __VIRTUAL_CLK__)
Path Group: __VIRTUAL_CLK__
Path Type: max

Fanout     Cap    Slew   Delay    Time   Description
-----------------------------------------------------------------------------
                  0.05    0.00    0.00 ^ _297_/CLK (sky130_fd_sc_hd__dfxtp_2)
                  0.03    0.33    0.33 v _297_/Q (sky130_fd_sc_hd__dfxtp_2)
     3    0.01                           CIRCUIT_0.MEMORY_41.s_currentState (net)
                  0.03    0.00    0.33 v _138_/A (sky130_fd_sc_hd__or4_2)
                  0.10    0.67    1.01 v _138_/X (sky130_fd_sc_hd__or4_2)
     1    0.00                           _021_ (net)
                  0.10    0.00    1.01 v _142_/B1 (sky130_fd_sc_hd__a221o_2)
                  0.09    0.42    1.42 v _142_/X (sky130_fd_sc_hd__a221o_2)
     5    0.02                           _025_ (net)
                  0.09    0.00    1.42 v _143_/A (sky130_fd_sc_hd__buf_1)
                  0.09    0.16    1.59 v _143_/X (sky130_fd_sc_hd__buf_1)
     5    0.01                           _026_ (net)
                  0.09    0.00    1.59 v _144_/S1 (sky130_fd_sc_hd__mux4_2)
                  0.08    0.30    1.89 v _144_/X (sky130_fd_sc_hd__mux4_2)
     1    0.00                           _027_ (net)
                  0.08    0.00    1.89 v _145_/A (sky130_fd_sc_hd__buf_1)
                  0.02    0.10    1.99 v _145_/X (sky130_fd_sc_hd__buf_1)
     1    0.00                           CIRCUIT_0.O_D0_RR0 (net)
                  0.02    0.00    1.99 v _299_/A (sky130_fd_sc_hd__buf_2)
                  0.09    0.18    2.17 v _299_/X (sky130_fd_sc_hd__buf_2)
     1    0.03                           io_out[0] (net)
                  0.09    0.00    2.17 v io_out[0] (out)
                                  2.17   data arrival time

                  0.00   10.00   10.00   clock __VIRTUAL_CLK__ (rise edge)
                          0.00   10.00   clock network delay (ideal)
                         -0.25    9.75   clock uncertainty
                          0.00    9.75   clock reconvergence pessimism
                         -2.00    7.75   output external delay
                                  7.75   data required time
-----------------------------------------------------------------------------
                                  7.75   data required time
                                 -2.17   data arrival time
-----------------------------------------------------------------------------
                                  5.58   slack (MET)


max_report_end
check_report

===========================================================================
report_checks -unconstrained
============================================================================
Startpoint: _297_ (rising edge-triggered flip-flop)
Endpoint: io_out[7] (output port clocked by __VIRTUAL_CLK__)
Path Group: __VIRTUAL_CLK__
Path Type: max

Fanout     Cap    Slew   Delay    Time   Description
-----------------------------------------------------------------------------
                  0.05    0.00    0.00 ^ _297_/CLK (sky130_fd_sc_hd__dfxtp_2)
                  0.03    0.33    0.33 v _297_/Q (sky130_fd_sc_hd__dfxtp_2)
     3    0.01                           CIRCUIT_0.MEMORY_41.s_currentState (net)
                  0.03    0.00    0.33 v _138_/A (sky130_fd_sc_hd__or4_2)
                  0.10    0.67    1.01 v _138_/X (sky130_fd_sc_hd__or4_2)
     1    0.00                           _021_ (net)
                  0.10    0.00    1.01 v _142_/B1 (sky130_fd_sc_hd__a221o_2)
                  0.09    0.42    1.42 v _142_/X (sky130_fd_sc_hd__a221o_2)
     5    0.02                           _025_ (net)
                  0.09    0.00    1.42 v _165_/S (sky130_fd_sc_hd__mux2_2)
                  0.05    0.29    1.71 v _165_/X (sky130_fd_sc_hd__mux2_2)
     1    0.00                           _041_ (net)
                  0.05    0.00    1.71 v _166_/A1 (sky130_fd_sc_hd__mux2_2)
                  0.05    0.27    1.99 v _166_/X (sky130_fd_sc_hd__mux2_2)
     1    0.00                           _042_ (net)
                  0.05    0.00    1.99 v _167_/A (sky130_fd_sc_hd__buf_1)
                  0.03    0.10    2.08 v _167_/X (sky130_fd_sc_hd__buf_1)
     1    0.00                           CIRCUIT_0.O_7_I (net)
                  0.03    0.00    2.08 v _306_/A (sky130_fd_sc_hd__buf_2)
                  0.09    0.18    2.27 v _306_/X (sky130_fd_sc_hd__buf_2)
     1    0.03                           io_out[7] (net)
                  0.09    0.00    2.27 v io_out[7] (out)
                                  2.27   data arrival time

                  0.00   10.00   10.00   clock __VIRTUAL_CLK__ (rise edge)
                          0.00   10.00   clock network delay (ideal)
                         -0.25    9.75   clock uncertainty
                          0.00    9.75   clock reconvergence pessimism
                         -2.00    7.75   output external delay
                                  7.75   data required time
-----------------------------------------------------------------------------
                                  7.75   data required time
                                 -2.27   data arrival time
-----------------------------------------------------------------------------
                                  5.48   slack (MET)



===========================================================================
report_checks --slack_max -0.01
============================================================================
No paths found.
check_report_end
check_slew

===========================================================================
 report_check_types -max_slew -max_cap -max_fanout -violators
============================================================================
max fanout

Pin                                   Limit Fanout  Slack
---------------------------------------------------------
io_in[0]                                  5     10     -5 (VIOLATED)
_265_/Q                                   5      9     -4 (VIOLATED)


===========================================================================
max slew violation count 0
max fanout violation count 2
max cap violation count 0
============================================================================
check_slew_end
tns_report

===========================================================================
 report_tns
============================================================================
tns 0.00
tns_report_end
wns_report

===========================================================================
 report_wns
============================================================================
wns 0.00
wns_report_end
worst_slack

===========================================================================
 report_worst_slack -max (Setup)
============================================================================
worst slack 5.48

===========================================================================
 report_worst_slack -min (Hold)
============================================================================
worst slack 2.41
worst_slack_end
power_report

===========================================================================
 report_power
============================================================================
Group                  Internal  Switching    Leakage      Total
                          Power      Power      Power      Power (Watts)
----------------------------------------------------------------
Sequential             1.94e-05   4.72e-06   3.23e-10   2.41e-05  40.1%
Combinational          2.27e-05   1.34e-05   7.22e-10   3.61e-05  59.9%
Macro                  0.00e+00   0.00e+00   0.00e+00   0.00e+00   0.0%
Pad                    0.00e+00   0.00e+00   0.00e+00   0.00e+00   0.0%
----------------------------------------------------------------
Total                  4.21e-05   1.81e-05   1.04e-09   6.03e-05 100.0%
                          69.9%      30.1%       0.0%
power_report_end
area_report

===========================================================================
 report_design_area
============================================================================
Design area 2501 u^2 29% utilization.
area_report_end
