OpenROAD 0b8b7ae255f8fbbbefa57d443949b84e73eed757 
This program is licensed under the BSD-3 license. See the LICENSE file for details.
Components of this program may be licensed under more restrictive licenses which must be honored.
[INFO ODB-0222] Reading LEF file: /work/runs/wokwi/tmp/merged.unpadded.nom.lef
[INFO ODB-0223]     Created 13 technology layers
[INFO ODB-0224]     Created 25 technology vias
[INFO ODB-0225]     Created 441 library cells
[INFO ODB-0226] Finished LEF file:  /work/runs/wokwi/tmp/merged.unpadded.nom.lef
[INFO ODB-0127] Reading DEF file: /work/runs/wokwi/tmp/placement/7-global.def
[INFO ODB-0128] Design: tholin_avalonsemi_5401
[INFO ODB-0130]     Created 18 pins.
[INFO ODB-0131]     Created 516 components and 2961 component-terminals.
[INFO ODB-0132]     Created 2 special nets and 1854 connections.
[INFO ODB-0133]     Created 339 nets and 1107 connections.
[INFO ODB-0134] Finished DEF file: /work/runs/wokwi/tmp/placement/7-global.def
###############################################################################
# Created by write_sdc
# Thu Nov 10 11:26:34 2022
###############################################################################
current_design tholin_avalonsemi_5401
###############################################################################
# Timing Constraints
###############################################################################
create_clock -name io_in[0] -period 10000.0000 [get_ports {io_in[0]}]
set_clock_transition 0.1500 [get_clocks {io_in[0]}]
set_clock_uncertainty 0.2500 io_in[0]
set_input_delay 2000.0000 -clock [get_clocks {io_in[0]}] -add_delay [get_ports {io_in[1]}]
set_input_delay 2000.0000 -clock [get_clocks {io_in[0]}] -add_delay [get_ports {io_in[2]}]
set_input_delay 2000.0000 -clock [get_clocks {io_in[0]}] -add_delay [get_ports {io_in[3]}]
set_input_delay 2000.0000 -clock [get_clocks {io_in[0]}] -add_delay [get_ports {io_in[4]}]
set_input_delay 2000.0000 -clock [get_clocks {io_in[0]}] -add_delay [get_ports {io_in[5]}]
set_input_delay 2000.0000 -clock [get_clocks {io_in[0]}] -add_delay [get_ports {io_in[6]}]
set_input_delay 2000.0000 -clock [get_clocks {io_in[0]}] -add_delay [get_ports {io_in[7]}]
set_output_delay 2000.0000 -clock [get_clocks {io_in[0]}] -add_delay [get_ports {io_out[0]}]
set_output_delay 2000.0000 -clock [get_clocks {io_in[0]}] -add_delay [get_ports {io_out[1]}]
set_output_delay 2000.0000 -clock [get_clocks {io_in[0]}] -add_delay [get_ports {io_out[2]}]
set_output_delay 2000.0000 -clock [get_clocks {io_in[0]}] -add_delay [get_ports {io_out[3]}]
set_output_delay 2000.0000 -clock [get_clocks {io_in[0]}] -add_delay [get_ports {io_out[4]}]
set_output_delay 2000.0000 -clock [get_clocks {io_in[0]}] -add_delay [get_ports {io_out[5]}]
set_output_delay 2000.0000 -clock [get_clocks {io_in[0]}] -add_delay [get_ports {io_out[6]}]
set_output_delay 2000.0000 -clock [get_clocks {io_in[0]}] -add_delay [get_ports {io_out[7]}]
###############################################################################
# Environment
###############################################################################
set_load -pin_load 0.0334 [get_ports {io_out[7]}]
set_load -pin_load 0.0334 [get_ports {io_out[6]}]
set_load -pin_load 0.0334 [get_ports {io_out[5]}]
set_load -pin_load 0.0334 [get_ports {io_out[4]}]
set_load -pin_load 0.0334 [get_ports {io_out[3]}]
set_load -pin_load 0.0334 [get_ports {io_out[2]}]
set_load -pin_load 0.0334 [get_ports {io_out[1]}]
set_load -pin_load 0.0334 [get_ports {io_out[0]}]
set_driving_cell -lib_cell sky130_fd_sc_hd__inv_2 -pin {Y} -input_transition_rise 0.0000 -input_transition_fall 0.0000 [get_ports {io_in[7]}]
set_driving_cell -lib_cell sky130_fd_sc_hd__inv_2 -pin {Y} -input_transition_rise 0.0000 -input_transition_fall 0.0000 [get_ports {io_in[6]}]
set_driving_cell -lib_cell sky130_fd_sc_hd__inv_2 -pin {Y} -input_transition_rise 0.0000 -input_transition_fall 0.0000 [get_ports {io_in[5]}]
set_driving_cell -lib_cell sky130_fd_sc_hd__inv_2 -pin {Y} -input_transition_rise 0.0000 -input_transition_fall 0.0000 [get_ports {io_in[4]}]
set_driving_cell -lib_cell sky130_fd_sc_hd__inv_2 -pin {Y} -input_transition_rise 0.0000 -input_transition_fall 0.0000 [get_ports {io_in[3]}]
set_driving_cell -lib_cell sky130_fd_sc_hd__inv_2 -pin {Y} -input_transition_rise 0.0000 -input_transition_fall 0.0000 [get_ports {io_in[2]}]
set_driving_cell -lib_cell sky130_fd_sc_hd__inv_2 -pin {Y} -input_transition_rise 0.0000 -input_transition_fall 0.0000 [get_ports {io_in[1]}]
set_driving_cell -lib_cell sky130_fd_sc_hd__inv_2 -pin {Y} -input_transition_rise 0.0000 -input_transition_fall 0.0000 [get_ports {io_in[0]}]
set_timing_derate -early 0.9500
set_timing_derate -late 1.0500
###############################################################################
# Design Rules
###############################################################################
set_max_fanout 5.0000 [current_design]
[INFO]: Setting RC values...
[INFO RSZ-0027] Inserted 7 input buffers.
[INFO RSZ-0058] Using max wire length 3048um.
[INFO RSZ-0035] Found 1 fanout violations.
[INFO RSZ-0038] Inserted 1 buffers in 1 nets.
[INFO RSZ-0039] Resized 270 instances.
Placement Analysis
---------------------------------
total displacement      12376.1 u
average displacement       23.6 u
max displacement           81.4 u
original HPWL            2395.0 u
legalized HPWL          18573.8 u
delta HPWL                  676 %

[INFO DPL-0020] Mirrored 160 instances
[INFO DPL-0021] HPWL before           18573.8 u
[INFO DPL-0022] HPWL after            18224.0 u
[INFO DPL-0023] HPWL delta               -1.9 %
min_report

===========================================================================
report_checks -path_delay min (Hold)
============================================================================
Startpoint: io_in[1] (input port clocked by io_in[0])
Endpoint: _513_ (removal check against rising-edge clock io_in[0])
Path Group: **async_default**
Path Type: min

Fanout     Cap    Slew   Delay    Time   Description
-----------------------------------------------------------------------------
                  0.15    0.00    0.00   clock io_in[0] (rise edge)
                          0.00    0.00   clock network delay (ideal)
                       2000.00 2000.00 v input external delay
                  0.01    0.01 2000.01 v io_in[1] (in)
     1    0.01                           io_in[1] (net)
                  0.01    0.00 2000.01 v input1/A (sky130_fd_sc_hd__clkbuf_1)
                  0.09    0.12 2000.13 v input1/X (sky130_fd_sc_hd__clkbuf_1)
     4    0.01                           net1 (net)
                  0.09    0.00 2000.13 v _223_/A (sky130_fd_sc_hd__clkbuf_2)
                  0.09    0.17 2000.30 v _223_/X (sky130_fd_sc_hd__clkbuf_2)
     5    0.02                           _043_ (net)
                  0.09    0.00 2000.30 v _224_/A (sky130_fd_sc_hd__clkbuf_2)
                  0.11    0.19 2000.49 v _224_/X (sky130_fd_sc_hd__clkbuf_2)
     5    0.03                           _044_ (net)
                  0.11    0.00 2000.49 v _467_/A (sky130_fd_sc_hd__nand2_2)
                  0.05    0.07 2000.56 ^ _467_/Y (sky130_fd_sc_hd__nand2_2)
     1    0.00                           _001_ (net)
                  0.05    0.01 2000.57 ^ _513_/RESET_B (sky130_fd_sc_hd__dfrtp_1)
                               2000.57   data arrival time

                  0.15    0.00    0.00   clock io_in[0] (rise edge)
                          0.00    0.00   clock network delay (ideal)
                          0.25    0.25   clock uncertainty
                          0.00    0.25   clock reconvergence pessimism
                                  0.25 ^ _513_/CLK (sky130_fd_sc_hd__dfrtp_1)
                          0.35    0.60   library removal time
                                  0.60   data required time
-----------------------------------------------------------------------------
                                  0.60   data required time
                               -2000.57   data arrival time
-----------------------------------------------------------------------------
                               1999.97   slack (MET)


Startpoint: io_in[1] (input port clocked by io_in[0])
Endpoint: _519_ (removal check against rising-edge clock io_in[0])
Path Group: **async_default**
Path Type: min

Fanout     Cap    Slew   Delay    Time   Description
-----------------------------------------------------------------------------
                  0.15    0.00    0.00   clock io_in[0] (rise edge)
                          0.00    0.00   clock network delay (ideal)
                       2000.00 2000.00 v input external delay
                  0.01    0.01 2000.01 v io_in[1] (in)
     1    0.01                           io_in[1] (net)
                  0.01    0.00 2000.01 v input1/A (sky130_fd_sc_hd__clkbuf_1)
                  0.09    0.12 2000.13 v input1/X (sky130_fd_sc_hd__clkbuf_1)
     4    0.01                           net1 (net)
                  0.09    0.00 2000.13 v _223_/A (sky130_fd_sc_hd__clkbuf_2)
                  0.09    0.17 2000.30 v _223_/X (sky130_fd_sc_hd__clkbuf_2)
     5    0.02                           _043_ (net)
                  0.09    0.00 2000.30 v _471_/A (sky130_fd_sc_hd__clkbuf_2)
                  0.14    0.20 2000.50 v _471_/X (sky130_fd_sc_hd__clkbuf_2)
     5    0.04                           _219_ (net)
                  0.14    0.00 2000.51 v _475_/A (sky130_fd_sc_hd__nand2_2)
                  0.05    0.08 2000.59 ^ _475_/Y (sky130_fd_sc_hd__nand2_2)
     1    0.00                           _008_ (net)
                  0.05    0.01 2000.59 ^ _519_/RESET_B (sky130_fd_sc_hd__dfrtp_1)
                               2000.59   data arrival time

                  0.15    0.00    0.00   clock io_in[0] (rise edge)
                          0.00    0.00   clock network delay (ideal)
                          0.25    0.25   clock uncertainty
                          0.00    0.25   clock reconvergence pessimism
                                  0.25 ^ _519_/CLK (sky130_fd_sc_hd__dfrtp_1)
                          0.35    0.60   library removal time
                                  0.60   data required time
-----------------------------------------------------------------------------
                                  0.60   data required time
                               -2000.59   data arrival time
-----------------------------------------------------------------------------
                               1999.99   slack (MET)


Startpoint: _504_ (rising edge-triggered flip-flop clocked by io_in[0])
Endpoint: _504_ (rising edge-triggered flip-flop clocked by io_in[0])
Path Group: io_in[0]
Path Type: min

Fanout     Cap    Slew   Delay    Time   Description
-----------------------------------------------------------------------------
                  0.15    0.00    0.00   clock io_in[0] (rise edge)
                          0.00    0.00   clock network delay (ideal)
                  0.15    0.00    0.00 ^ _504_/CLK (sky130_fd_sc_hd__dfxtp_1)
                  0.07    0.34    0.34 ^ _504_/Q (sky130_fd_sc_hd__dfxtp_1)
     2    0.01                           CIRCUIT_0.int_memory_1.GATES_4.input2[0] (net)
                  0.07    0.00    0.34 ^ _458_/A1 (sky130_fd_sc_hd__a21o_1)
                  0.04    0.10    0.44 ^ _458_/X (sky130_fd_sc_hd__a21o_1)
     1    0.00                           _031_ (net)
                  0.04    0.00    0.44 ^ _504_/D (sky130_fd_sc_hd__dfxtp_1)
                                  0.44   data arrival time

                  0.15    0.00    0.00   clock io_in[0] (rise edge)
                          0.00    0.00   clock network delay (ideal)
                          0.25    0.25   clock uncertainty
                          0.00    0.25   clock reconvergence pessimism
                                  0.25 ^ _504_/CLK (sky130_fd_sc_hd__dfxtp_1)
                         -0.02    0.23   library hold time
                                  0.23   data required time
-----------------------------------------------------------------------------
                                  0.23   data required time
                                 -0.44   data arrival time
-----------------------------------------------------------------------------
                                  0.21   slack (MET)


Startpoint: _505_ (rising edge-triggered flip-flop clocked by io_in[0])
Endpoint: _505_ (rising edge-triggered flip-flop clocked by io_in[0])
Path Group: io_in[0]
Path Type: min

Fanout     Cap    Slew   Delay    Time   Description
-----------------------------------------------------------------------------
                  0.15    0.00    0.00   clock io_in[0] (rise edge)
                          0.00    0.00   clock network delay (ideal)
                  0.15    0.00    0.00 ^ _505_/CLK (sky130_fd_sc_hd__dfxtp_1)
                  0.07    0.34    0.34 ^ _505_/Q (sky130_fd_sc_hd__dfxtp_1)
     2    0.01                           CIRCUIT_0.int_memory_1.GATES_4.input2[1] (net)
                  0.07    0.00    0.34 ^ _459_/A1 (sky130_fd_sc_hd__a21o_1)
                  0.04    0.10    0.45 ^ _459_/X (sky130_fd_sc_hd__a21o_1)
     1    0.00                           _032_ (net)
                  0.04    0.00    0.45 ^ _505_/D (sky130_fd_sc_hd__dfxtp_1)
                                  0.45   data arrival time

                  0.15    0.00    0.00   clock io_in[0] (rise edge)
                          0.00    0.00   clock network delay (ideal)
                          0.25    0.25   clock uncertainty
                          0.00    0.25   clock reconvergence pessimism
                                  0.25 ^ _505_/CLK (sky130_fd_sc_hd__dfxtp_1)
                         -0.02    0.23   library hold time
                                  0.23   data required time
-----------------------------------------------------------------------------
                                  0.23   data required time
                                 -0.45   data arrival time
-----------------------------------------------------------------------------
                                  0.21   slack (MET)


Startpoint: _494_ (rising edge-triggered flip-flop clocked by io_in[0])
Endpoint: _494_ (rising edge-triggered flip-flop clocked by io_in[0])
Path Group: io_in[0]
Path Type: min

Fanout     Cap    Slew   Delay    Time   Description
-----------------------------------------------------------------------------
                  0.15    0.00    0.00   clock io_in[0] (rise edge)
                          0.00    0.00   clock network delay (ideal)
                  0.15    0.00    0.00 ^ _494_/CLK (sky130_fd_sc_hd__dfxtp_1)
                  0.07    0.34    0.34 ^ _494_/Q (sky130_fd_sc_hd__dfxtp_1)
     2    0.01                           CIRCUIT_0.int_memory_1.GATES_1.input2[2] (net)
                  0.07    0.00    0.34 ^ _446_/A1 (sky130_fd_sc_hd__a21o_1)
                  0.04    0.10    0.45 ^ _446_/X (sky130_fd_sc_hd__a21o_1)
     1    0.00                           _021_ (net)
                  0.04    0.00    0.45 ^ _494_/D (sky130_fd_sc_hd__dfxtp_1)
                                  0.45   data arrival time

                  0.15    0.00    0.00   clock io_in[0] (rise edge)
                          0.00    0.00   clock network delay (ideal)
                          0.25    0.25   clock uncertainty
                          0.00    0.25   clock reconvergence pessimism
                                  0.25 ^ _494_/CLK (sky130_fd_sc_hd__dfxtp_1)
                         -0.02    0.23   library hold time
                                  0.23   data required time
-----------------------------------------------------------------------------
                                  0.23   data required time
                                 -0.45   data arrival time
-----------------------------------------------------------------------------
                                  0.21   slack (MET)


Startpoint: _492_ (rising edge-triggered flip-flop clocked by io_in[0])
Endpoint: _492_ (rising edge-triggered flip-flop clocked by io_in[0])
Path Group: io_in[0]
Path Type: min

Fanout     Cap    Slew   Delay    Time   Description
-----------------------------------------------------------------------------
                  0.15    0.00    0.00   clock io_in[0] (rise edge)
                          0.00    0.00   clock network delay (ideal)
                  0.15    0.00    0.00 ^ _492_/CLK (sky130_fd_sc_hd__dfxtp_1)
                  0.07    0.34    0.34 ^ _492_/Q (sky130_fd_sc_hd__dfxtp_1)
     2    0.01                           CIRCUIT_0.int_memory_1.GATES_1.input2[0] (net)
                  0.07    0.00    0.34 ^ _443_/A1 (sky130_fd_sc_hd__a21o_1)
                  0.04    0.11    0.45 ^ _443_/X (sky130_fd_sc_hd__a21o_1)
     1    0.00                           _019_ (net)
                  0.04    0.00    0.45 ^ _492_/D (sky130_fd_sc_hd__dfxtp_1)
                                  0.45   data arrival time

                  0.15    0.00    0.00   clock io_in[0] (rise edge)
                          0.00    0.00   clock network delay (ideal)
                          0.25    0.25   clock uncertainty
                          0.00    0.25   clock reconvergence pessimism
                                  0.25 ^ _492_/CLK (sky130_fd_sc_hd__dfxtp_1)
                         -0.02    0.23   library hold time
                                  0.23   data required time
-----------------------------------------------------------------------------
                                  0.23   data required time
                                 -0.45   data arrival time
-----------------------------------------------------------------------------
                                  0.22   slack (MET)


Startpoint: _498_ (rising edge-triggered flip-flop clocked by io_in[0])
Endpoint: _498_ (rising edge-triggered flip-flop clocked by io_in[0])
Path Group: io_in[0]
Path Type: min

Fanout     Cap    Slew   Delay    Time   Description
-----------------------------------------------------------------------------
                  0.15    0.00    0.00   clock io_in[0] (rise edge)
                          0.00    0.00   clock network delay (ideal)
                  0.15    0.00    0.00 ^ _498_/CLK (sky130_fd_sc_hd__dfxtp_1)
                  0.08    0.35    0.35 ^ _498_/Q (sky130_fd_sc_hd__dfxtp_1)
     2    0.01                           CIRCUIT_0.int_memory_1.GATES_2.input2[2] (net)
                  0.08    0.00    0.35 ^ _451_/A1 (sky130_fd_sc_hd__a21o_1)
                  0.04    0.11    0.45 ^ _451_/X (sky130_fd_sc_hd__a21o_1)
     1    0.00                           _025_ (net)
                  0.04    0.00    0.45 ^ _498_/D (sky130_fd_sc_hd__dfxtp_1)
                                  0.45   data arrival time

                  0.15    0.00    0.00   clock io_in[0] (rise edge)
                          0.00    0.00   clock network delay (ideal)
                          0.25    0.25   clock uncertainty
                          0.00    0.25   clock reconvergence pessimism
                                  0.25 ^ _498_/CLK (sky130_fd_sc_hd__dfxtp_1)
                         -0.02    0.23   library hold time
                                  0.23   data required time
-----------------------------------------------------------------------------
                                  0.23   data required time
                                 -0.45   data arrival time
-----------------------------------------------------------------------------
                                  0.22   slack (MET)


min_report_end
max_report

===========================================================================
report_checks -path_delay max (Setup)
============================================================================
Startpoint: io_in[0] (clock source 'io_in[0]')
Endpoint: _513_ (recovery check against rising-edge clock io_in[0])
Path Group: **async_default**
Path Type: max

Fanout     Cap    Slew   Delay    Time   Description
-----------------------------------------------------------------------------
                  0.15 5000.00 5000.00   clock io_in[0] (fall edge)
                  0.03    0.02 5000.02 v io_in[0] (in)
     6    0.01                           io_in[0] (net)
                  0.03    0.00 5000.02 v _225_/A (sky130_fd_sc_hd__buf_1)
                  0.11    0.15 5000.17 v _225_/X (sky130_fd_sc_hd__buf_1)
     5    0.02                           _045_ (net)
                  0.11    0.00 5000.17 v _226_/A (sky130_fd_sc_hd__buf_1)
                  0.14    0.21 5000.38 v _226_/X (sky130_fd_sc_hd__buf_1)
     5    0.02                           _046_ (net)
                  0.14    0.01 5000.39 v _467_/B (sky130_fd_sc_hd__nand2_2)
                  0.06    0.11 5000.49 ^ _467_/Y (sky130_fd_sc_hd__nand2_2)
     1    0.00                           _001_ (net)
                  0.06    0.01 5000.50 ^ _513_/RESET_B (sky130_fd_sc_hd__dfrtp_1)
                               5000.50   data arrival time

                  0.15 10000.00 10000.00   clock io_in[0] (rise edge)
                          0.00 10000.00   clock network delay (ideal)
                         -0.25 9999.75   clock uncertainty
                          0.00 9999.75   clock reconvergence pessimism
                               9999.75 ^ _513_/CLK (sky130_fd_sc_hd__dfrtp_1)
                          0.26 10000.01   library recovery time
                               10000.01   data required time
-----------------------------------------------------------------------------
                               10000.01   data required time
                               -5000.50   data arrival time
-----------------------------------------------------------------------------
                               4999.51   slack (MET)


Startpoint: io_in[0] (clock source 'io_in[0]')
Endpoint: _519_ (recovery check against rising-edge clock io_in[0])
Path Group: **async_default**
Path Type: max

Fanout     Cap    Slew   Delay    Time   Description
-----------------------------------------------------------------------------
                  0.15 5000.00 5000.00   clock io_in[0] (fall edge)
                  0.03    0.02 5000.02 v io_in[0] (in)
     6    0.01                           io_in[0] (net)
                  0.03    0.00 5000.02 v _225_/A (sky130_fd_sc_hd__buf_1)
                  0.11    0.15 5000.17 v _225_/X (sky130_fd_sc_hd__buf_1)
     5    0.02                           _045_ (net)
                  0.11    0.00 5000.17 v _472_/A (sky130_fd_sc_hd__buf_1)
                  0.14    0.21 5000.38 v _472_/X (sky130_fd_sc_hd__buf_1)
     5    0.02                           _220_ (net)
                  0.14    0.01 5000.39 v _475_/B (sky130_fd_sc_hd__nand2_2)
                  0.06    0.11 5000.49 ^ _475_/Y (sky130_fd_sc_hd__nand2_2)
     1    0.00                           _008_ (net)
                  0.06    0.01 5000.50 ^ _519_/RESET_B (sky130_fd_sc_hd__dfrtp_1)
                               5000.50   data arrival time

                  0.15 10000.00 10000.00   clock io_in[0] (rise edge)
                          0.00 10000.00   clock network delay (ideal)
                         -0.25 9999.75   clock uncertainty
                          0.00 9999.75   clock reconvergence pessimism
                               9999.75 ^ _519_/CLK (sky130_fd_sc_hd__dfrtp_1)
                          0.26 10000.01   library recovery time
                               10000.01   data required time
-----------------------------------------------------------------------------
                               10000.01   data required time
                               -5000.50   data arrival time
-----------------------------------------------------------------------------
                               4999.51   slack (MET)


Startpoint: _515_ (rising edge-triggered flip-flop)
Endpoint: io_out[5] (output port clocked by io_in[0])
Path Group: io_in[0]
Path Type: max

Fanout     Cap    Slew   Delay    Time   Description
-----------------------------------------------------------------------------
                  0.19    0.00    0.00 ^ _515_/CLK (sky130_fd_sc_hd__dfrtp_1)
                  0.12    0.51    0.51 v _515_/Q (sky130_fd_sc_hd__dfrtp_1)
     5    0.02                           CIRCUIT_0.inst_dec_1.MEMORY_21.s_currentState (net)
                  0.12    0.00    0.51 v _231_/A (sky130_fd_sc_hd__inv_2)
                  0.10    0.13    0.65 ^ _231_/Y (sky130_fd_sc_hd__inv_2)
     4    0.02                           _048_ (net)
                  0.10    0.00    0.65 ^ _232_/B (sky130_fd_sc_hd__nor2_1)
                  0.09    0.11    0.75 v _232_/Y (sky130_fd_sc_hd__nor2_1)
     4    0.02                           _049_ (net)
                  0.09    0.00    0.75 v _285_/B (sky130_fd_sc_hd__or3b_1)
                  0.06    0.37    1.12 v _285_/X (sky130_fd_sc_hd__or3b_1)
     1    0.00                           _089_ (net)
                  0.06    0.00    1.12 v _286_/C1 (sky130_fd_sc_hd__a221o_2)
                  0.10    0.39    1.51 v _286_/X (sky130_fd_sc_hd__a221o_2)
     5    0.02                           _090_ (net)
                  0.10    0.00    1.51 v _312_/S (sky130_fd_sc_hd__mux2_1)
                  0.06    0.36    1.87 v _312_/X (sky130_fd_sc_hd__mux2_1)
     1    0.00                           _111_ (net)
                  0.06    0.00    1.87 v _313_/A1 (sky130_fd_sc_hd__mux2_1)
                  0.08    0.34    2.21 v _313_/X (sky130_fd_sc_hd__mux2_1)
     1    0.01                           _112_ (net)
                  0.08    0.00    2.21 v _314_/A (sky130_fd_sc_hd__clkbuf_1)
                  0.03    0.11    2.32 v _314_/X (sky130_fd_sc_hd__clkbuf_1)
     1    0.00                           CIRCUIT_0.O_5_WRITE (net)
                  0.03    0.00    2.32 v _551_/A (sky130_fd_sc_hd__buf_2)
                  0.09    0.18    2.50 v _551_/X (sky130_fd_sc_hd__buf_2)
     1    0.03                           io_out[5] (net)
                  0.09    0.00    2.50 v io_out[5] (out)
                                  2.50   data arrival time

                  0.15 10000.00 10000.00   clock io_in[0] (rise edge)
                          0.00 10000.00   clock network delay (ideal)
                         -0.25 9999.75   clock uncertainty
                          0.00 9999.75   clock reconvergence pessimism
                       -2000.00 7999.75   output external delay
                               7999.75   data required time
-----------------------------------------------------------------------------
                               7999.75   data required time
                                 -2.50   data arrival time
-----------------------------------------------------------------------------
                               7997.25   slack (MET)


Startpoint: _515_ (rising edge-triggered flip-flop)
Endpoint: io_out[4] (output port clocked by io_in[0])
Path Group: io_in[0]
Path Type: max

Fanout     Cap    Slew   Delay    Time   Description
-----------------------------------------------------------------------------
                  0.19    0.00    0.00 ^ _515_/CLK (sky130_fd_sc_hd__dfrtp_1)
                  0.12    0.51    0.51 v _515_/Q (sky130_fd_sc_hd__dfrtp_1)
     5    0.02                           CIRCUIT_0.inst_dec_1.MEMORY_21.s_currentState (net)
                  0.12    0.00    0.51 v _231_/A (sky130_fd_sc_hd__inv_2)
                  0.10    0.13    0.65 ^ _231_/Y (sky130_fd_sc_hd__inv_2)
     4    0.02                           _048_ (net)
                  0.10    0.00    0.65 ^ _232_/B (sky130_fd_sc_hd__nor2_1)
                  0.09    0.11    0.75 v _232_/Y (sky130_fd_sc_hd__nor2_1)
     4    0.02                           _049_ (net)
                  0.09    0.00    0.75 v _285_/B (sky130_fd_sc_hd__or3b_1)
                  0.06    0.37    1.12 v _285_/X (sky130_fd_sc_hd__or3b_1)
     1    0.00                           _089_ (net)
                  0.06    0.00    1.12 v _286_/C1 (sky130_fd_sc_hd__a221o_2)
                  0.10    0.39    1.51 v _286_/X (sky130_fd_sc_hd__a221o_2)
     5    0.02                           _090_ (net)
                  0.10    0.00    1.51 v _305_/S (sky130_fd_sc_hd__mux2_1)
                  0.07    0.37    1.88 v _305_/X (sky130_fd_sc_hd__mux2_1)
     1    0.01                           _105_ (net)
                  0.07    0.00    1.88 v _306_/A1 (sky130_fd_sc_hd__mux2_1)
                  0.06    0.32    2.20 v _306_/X (sky130_fd_sc_hd__mux2_1)
     1    0.00                           _106_ (net)
                  0.06    0.00    2.20 v _307_/A (sky130_fd_sc_hd__clkbuf_1)
                  0.02    0.09    2.29 v _307_/X (sky130_fd_sc_hd__clkbuf_1)
     1    0.00                           CIRCUIT_0.O_4_MAR (net)
                  0.02    0.00    2.29 v _550_/A (sky130_fd_sc_hd__buf_2)
                  0.09    0.18    2.47 v _550_/X (sky130_fd_sc_hd__buf_2)
     1    0.03                           io_out[4] (net)
                  0.09    0.00    2.47 v io_out[4] (out)
                                  2.47   data arrival time

                  0.15 10000.00 10000.00   clock io_in[0] (rise edge)
                          0.00 10000.00   clock network delay (ideal)
                         -0.25 9999.75   clock uncertainty
                          0.00 9999.75   clock reconvergence pessimism
                       -2000.00 7999.75   output external delay
                               7999.75   data required time
-----------------------------------------------------------------------------
                               7999.75   data required time
                                 -2.47   data arrival time
-----------------------------------------------------------------------------
                               7997.28   slack (MET)


Startpoint: _515_ (rising edge-triggered flip-flop)
Endpoint: io_out[7] (output port clocked by io_in[0])
Path Group: io_in[0]
Path Type: max

Fanout     Cap    Slew   Delay    Time   Description
-----------------------------------------------------------------------------
                  0.19    0.00    0.00 ^ _515_/CLK (sky130_fd_sc_hd__dfrtp_1)
                  0.12    0.51    0.51 v _515_/Q (sky130_fd_sc_hd__dfrtp_1)
     5    0.02                           CIRCUIT_0.inst_dec_1.MEMORY_21.s_currentState (net)
                  0.12    0.00    0.51 v _231_/A (sky130_fd_sc_hd__inv_2)
                  0.10    0.13    0.65 ^ _231_/Y (sky130_fd_sc_hd__inv_2)
     4    0.02                           _048_ (net)
                  0.10    0.00    0.65 ^ _232_/B (sky130_fd_sc_hd__nor2_1)
                  0.09    0.11    0.75 v _232_/Y (sky130_fd_sc_hd__nor2_1)
     4    0.02                           _049_ (net)
                  0.09    0.00    0.75 v _285_/B (sky130_fd_sc_hd__or3b_1)
                  0.06    0.37    1.12 v _285_/X (sky130_fd_sc_hd__or3b_1)
     1    0.00                           _089_ (net)
                  0.06    0.00    1.12 v _286_/C1 (sky130_fd_sc_hd__a221o_2)
                  0.10    0.39    1.51 v _286_/X (sky130_fd_sc_hd__a221o_2)
     5    0.02                           _090_ (net)
                  0.10    0.00    1.51 v _318_/S (sky130_fd_sc_hd__mux2_1)
                  0.06    0.35    1.87 v _318_/X (sky130_fd_sc_hd__mux2_1)
     1    0.00                           _115_ (net)
                  0.06    0.00    1.87 v _319_/A1 (sky130_fd_sc_hd__mux2_1)
                  0.06    0.31    2.18 v _319_/X (sky130_fd_sc_hd__mux2_1)
     1    0.00                           _116_ (net)
                  0.06    0.00    2.18 v _320_/A (sky130_fd_sc_hd__clkbuf_1)
                  0.04    0.11    2.29 v _320_/X (sky130_fd_sc_hd__clkbuf_1)
     1    0.01                           CIRCUIT_0.O_7_I (net)
                  0.04    0.00    2.29 v _553_/A (sky130_fd_sc_hd__buf_2)
                  0.09    0.19    2.47 v _553_/X (sky130_fd_sc_hd__buf_2)
     1    0.03                           io_out[7] (net)
                  0.09    0.00    2.48 v io_out[7] (out)
                                  2.48   data arrival time

                  0.15 10000.00 10000.00   clock io_in[0] (rise edge)
                          0.00 10000.00   clock network delay (ideal)
                         -0.25 9999.75   clock uncertainty
                          0.00 9999.75   clock reconvergence pessimism
                       -2000.00 7999.75   output external delay
                               7999.75   data required time
-----------------------------------------------------------------------------
                               7999.75   data required time
                                 -2.48   data arrival time
-----------------------------------------------------------------------------
                               7997.27   slack (MET)


Startpoint: _515_ (rising edge-triggered flip-flop)
Endpoint: io_out[2] (output port clocked by io_in[0])
Path Group: io_in[0]
Path Type: max

Fanout     Cap    Slew   Delay    Time   Description
-----------------------------------------------------------------------------
                  0.19    0.00    0.00 ^ _515_/CLK (sky130_fd_sc_hd__dfrtp_1)
                  0.12    0.51    0.51 v _515_/Q (sky130_fd_sc_hd__dfrtp_1)
     5    0.02                           CIRCUIT_0.inst_dec_1.MEMORY_21.s_currentState (net)
                  0.12    0.00    0.51 v _231_/A (sky130_fd_sc_hd__inv_2)
                  0.10    0.13    0.65 ^ _231_/Y (sky130_fd_sc_hd__inv_2)
     4    0.02                           _048_ (net)
                  0.10    0.00    0.65 ^ _232_/B (sky130_fd_sc_hd__nor2_1)
                  0.09    0.11    0.75 v _232_/Y (sky130_fd_sc_hd__nor2_1)
     4    0.02                           _049_ (net)
                  0.09    0.00    0.75 v _285_/B (sky130_fd_sc_hd__or3b_1)
                  0.06    0.37    1.12 v _285_/X (sky130_fd_sc_hd__or3b_1)
     1    0.00                           _089_ (net)
                  0.06    0.00    1.12 v _286_/C1 (sky130_fd_sc_hd__a221o_2)
                  0.10    0.39    1.51 v _286_/X (sky130_fd_sc_hd__a221o_2)
     5    0.02                           _090_ (net)
                  0.10    0.00    1.51 v _287_/A (sky130_fd_sc_hd__dlymetal6s2s_1)
                  0.10    0.23    1.74 v _287_/X (sky130_fd_sc_hd__dlymetal6s2s_1)
     5    0.02                           _091_ (net)
                  0.10    0.00    1.74 v _294_/S1 (sky130_fd_sc_hd__mux4_1)
                  0.08    0.26    2.00 ^ _294_/X (sky130_fd_sc_hd__mux4_1)
     1    0.01                           _096_ (net)
                  0.08    0.00    2.00 ^ _295_/A (sky130_fd_sc_hd__clkbuf_1)
                  0.08    0.12    2.12 ^ _295_/X (sky130_fd_sc_hd__clkbuf_1)
     1    0.01                           CIRCUIT_0.O_D2_RR2 (net)
                  0.08    0.00    2.12 ^ _548_/A (sky130_fd_sc_hd__buf_2)
                  0.18    0.23    2.35 ^ _548_/X (sky130_fd_sc_hd__buf_2)
     1    0.03                           io_out[2] (net)
                  0.18    0.00    2.35 ^ io_out[2] (out)
                                  2.35   data arrival time

                  0.15 10000.00 10000.00   clock io_in[0] (rise edge)
                          0.00 10000.00   clock network delay (ideal)
                         -0.25 9999.75   clock uncertainty
                          0.00 9999.75   clock reconvergence pessimism
                       -2000.00 7999.75   output external delay
                               7999.75   data required time
-----------------------------------------------------------------------------
                               7999.75   data required time
                                 -2.35   data arrival time
-----------------------------------------------------------------------------
                               7997.40   slack (MET)


Startpoint: _515_ (rising edge-triggered flip-flop)
Endpoint: io_out[0] (output port clocked by io_in[0])
Path Group: io_in[0]
Path Type: max

Fanout     Cap    Slew   Delay    Time   Description
-----------------------------------------------------------------------------
                  0.19    0.00    0.00 ^ _515_/CLK (sky130_fd_sc_hd__dfrtp_1)
                  0.12    0.51    0.51 v _515_/Q (sky130_fd_sc_hd__dfrtp_1)
     5    0.02                           CIRCUIT_0.inst_dec_1.MEMORY_21.s_currentState (net)
                  0.12    0.00    0.51 v _231_/A (sky130_fd_sc_hd__inv_2)
                  0.10    0.13    0.65 ^ _231_/Y (sky130_fd_sc_hd__inv_2)
     4    0.02                           _048_ (net)
                  0.10    0.00    0.65 ^ _232_/B (sky130_fd_sc_hd__nor2_1)
                  0.09    0.11    0.75 v _232_/Y (sky130_fd_sc_hd__nor2_1)
     4    0.02                           _049_ (net)
                  0.09    0.00    0.75 v _285_/B (sky130_fd_sc_hd__or3b_1)
                  0.06    0.37    1.12 v _285_/X (sky130_fd_sc_hd__or3b_1)
     1    0.00                           _089_ (net)
                  0.06    0.00    1.12 v _286_/C1 (sky130_fd_sc_hd__a221o_2)
                  0.10    0.39    1.51 v _286_/X (sky130_fd_sc_hd__a221o_2)
     5    0.02                           _090_ (net)
                  0.10    0.00    1.51 v _287_/A (sky130_fd_sc_hd__dlymetal6s2s_1)
                  0.10    0.23    1.74 v _287_/X (sky130_fd_sc_hd__dlymetal6s2s_1)
     5    0.02                           _091_ (net)
                  0.10    0.00    1.74 v _288_/S1 (sky130_fd_sc_hd__mux4_1)
                  0.10    0.28    2.02 v _288_/X (sky130_fd_sc_hd__mux4_1)
     1    0.01                           _092_ (net)
                  0.10    0.00    2.03 v _289_/A (sky130_fd_sc_hd__clkbuf_1)
                  0.03    0.12    2.14 v _289_/X (sky130_fd_sc_hd__clkbuf_1)
     1    0.00                           CIRCUIT_0.O_D0_RR0 (net)
                  0.03    0.00    2.14 v _546_/A (sky130_fd_sc_hd__buf_2)
                  0.09    0.19    2.33 v _546_/X (sky130_fd_sc_hd__buf_2)
     1    0.03                           io_out[0] (net)
                  0.09    0.00    2.33 v io_out[0] (out)
                                  2.33   data arrival time

                  0.15 10000.00 10000.00   clock io_in[0] (rise edge)
                          0.00 10000.00   clock network delay (ideal)
                         -0.25 9999.75   clock uncertainty
                          0.00 9999.75   clock reconvergence pessimism
                       -2000.00 7999.75   output external delay
                               7999.75   data required time
-----------------------------------------------------------------------------
                               7999.75   data required time
                                 -2.33   data arrival time
-----------------------------------------------------------------------------
                               7997.42   slack (MET)


max_report_end
check_report

===========================================================================
report_checks -unconstrained
============================================================================
Startpoint: io_in[0] (clock source 'io_in[0]')
Endpoint: _513_ (recovery check against rising-edge clock io_in[0])
Path Group: **async_default**
Path Type: max

Fanout     Cap    Slew   Delay    Time   Description
-----------------------------------------------------------------------------
                  0.15 5000.00 5000.00   clock io_in[0] (fall edge)
                  0.03    0.02 5000.02 v io_in[0] (in)
     6    0.01                           io_in[0] (net)
                  0.03    0.00 5000.02 v _225_/A (sky130_fd_sc_hd__buf_1)
                  0.11    0.15 5000.17 v _225_/X (sky130_fd_sc_hd__buf_1)
     5    0.02                           _045_ (net)
                  0.11    0.00 5000.17 v _226_/A (sky130_fd_sc_hd__buf_1)
                  0.14    0.21 5000.38 v _226_/X (sky130_fd_sc_hd__buf_1)
     5    0.02                           _046_ (net)
                  0.14    0.01 5000.39 v _467_/B (sky130_fd_sc_hd__nand2_2)
                  0.06    0.11 5000.49 ^ _467_/Y (sky130_fd_sc_hd__nand2_2)
     1    0.00                           _001_ (net)
                  0.06    0.01 5000.50 ^ _513_/RESET_B (sky130_fd_sc_hd__dfrtp_1)
                               5000.50   data arrival time

                  0.15 10000.00 10000.00   clock io_in[0] (rise edge)
                          0.00 10000.00   clock network delay (ideal)
                         -0.25 9999.75   clock uncertainty
                          0.00 9999.75   clock reconvergence pessimism
                               9999.75 ^ _513_/CLK (sky130_fd_sc_hd__dfrtp_1)
                          0.26 10000.01   library recovery time
                               10000.01   data required time
-----------------------------------------------------------------------------
                               10000.01   data required time
                               -5000.50   data arrival time
-----------------------------------------------------------------------------
                               4999.51   slack (MET)


Startpoint: _515_ (rising edge-triggered flip-flop)
Endpoint: io_out[5] (output port clocked by io_in[0])
Path Group: io_in[0]
Path Type: max

Fanout     Cap    Slew   Delay    Time   Description
-----------------------------------------------------------------------------
                  0.19    0.00    0.00 ^ _515_/CLK (sky130_fd_sc_hd__dfrtp_1)
                  0.12    0.51    0.51 v _515_/Q (sky130_fd_sc_hd__dfrtp_1)
     5    0.02                           CIRCUIT_0.inst_dec_1.MEMORY_21.s_currentState (net)
                  0.12    0.00    0.51 v _231_/A (sky130_fd_sc_hd__inv_2)
                  0.10    0.13    0.65 ^ _231_/Y (sky130_fd_sc_hd__inv_2)
     4    0.02                           _048_ (net)
                  0.10    0.00    0.65 ^ _232_/B (sky130_fd_sc_hd__nor2_1)
                  0.09    0.11    0.75 v _232_/Y (sky130_fd_sc_hd__nor2_1)
     4    0.02                           _049_ (net)
                  0.09    0.00    0.75 v _285_/B (sky130_fd_sc_hd__or3b_1)
                  0.06    0.37    1.12 v _285_/X (sky130_fd_sc_hd__or3b_1)
     1    0.00                           _089_ (net)
                  0.06    0.00    1.12 v _286_/C1 (sky130_fd_sc_hd__a221o_2)
                  0.10    0.39    1.51 v _286_/X (sky130_fd_sc_hd__a221o_2)
     5    0.02                           _090_ (net)
                  0.10    0.00    1.51 v _312_/S (sky130_fd_sc_hd__mux2_1)
                  0.06    0.36    1.87 v _312_/X (sky130_fd_sc_hd__mux2_1)
     1    0.00                           _111_ (net)
                  0.06    0.00    1.87 v _313_/A1 (sky130_fd_sc_hd__mux2_1)
                  0.08    0.34    2.21 v _313_/X (sky130_fd_sc_hd__mux2_1)
     1    0.01                           _112_ (net)
                  0.08    0.00    2.21 v _314_/A (sky130_fd_sc_hd__clkbuf_1)
                  0.03    0.11    2.32 v _314_/X (sky130_fd_sc_hd__clkbuf_1)
     1    0.00                           CIRCUIT_0.O_5_WRITE (net)
                  0.03    0.00    2.32 v _551_/A (sky130_fd_sc_hd__buf_2)
                  0.09    0.18    2.50 v _551_/X (sky130_fd_sc_hd__buf_2)
     1    0.03                           io_out[5] (net)
                  0.09    0.00    2.50 v io_out[5] (out)
                                  2.50   data arrival time

                  0.15 10000.00 10000.00   clock io_in[0] (rise edge)
                          0.00 10000.00   clock network delay (ideal)
                         -0.25 9999.75   clock uncertainty
                          0.00 9999.75   clock reconvergence pessimism
                       -2000.00 7999.75   output external delay
                               7999.75   data required time
-----------------------------------------------------------------------------
                               7999.75   data required time
                                 -2.50   data arrival time
-----------------------------------------------------------------------------
                               7997.25   slack (MET)



===========================================================================
report_checks --slack_max -0.01
============================================================================
No paths found.
check_report_end
check_slew

===========================================================================
 report_check_types -max_slew -max_cap -max_fanout -violators
============================================================================

===========================================================================
max slew violation count 0
max fanout violation count 0
max cap violation count 0
============================================================================
check_slew_end
tns_report

===========================================================================
 report_tns
============================================================================
tns 0.00
tns_report_end
wns_report

===========================================================================
 report_wns
============================================================================
wns 0.00
wns_report_end
worst_slack

===========================================================================
 report_worst_slack -max (Setup)
============================================================================
worst slack 4999.51

===========================================================================
 report_worst_slack -min (Hold)
============================================================================
worst slack 0.21
worst_slack_end
clock_skew

===========================================================================
 report_clock_skew
============================================================================
Clock io_in[0]
Latency      CRPR       Skew
_516_/CLK ^
   1.13
_519_/CLK ^
   0.04      0.00       1.09

clock_skew_end
power_report

===========================================================================
 report_power
============================================================================
Group                  Internal  Switching    Leakage      Total
                          Power      Power      Power      Power (Watts)
----------------------------------------------------------------
Sequential             1.22e-07   1.13e-08   4.94e-10   1.33e-07  39.8%
Combinational          9.10e-08   1.09e-07   1.36e-09   2.02e-07  60.2%
Macro                  0.00e+00   0.00e+00   0.00e+00   0.00e+00   0.0%
Pad                    0.00e+00   0.00e+00   0.00e+00   0.00e+00   0.0%
----------------------------------------------------------------
Total                  2.13e-07   1.21e-07   1.85e-09   3.35e-07 100.0%
                          63.4%      36.0%       0.6%
power_report_end
area_report

===========================================================================
 report_design_area
============================================================================
Design area 3672 u^2 43% utilization.
area_report_end
