OpenROAD 0b8b7ae255f8fbbbefa57d443949b84e73eed757 
This program is licensed under the BSD-3 license. See the LICENSE file for details.
Components of this program may be licensed under more restrictive licenses which must be honored.
[INFO ODB-0222] Reading LEF file: /work/runs/wokwi/tmp/merged.max.lef
[INFO ODB-0223]     Created 13 technology layers
[INFO ODB-0224]     Created 25 technology vias
[INFO ODB-0225]     Created 441 library cells
[INFO ODB-0226] Finished LEF file:  /work/runs/wokwi/tmp/merged.max.lef
[INFO ODB-0127] Reading DEF file: /work/runs/wokwi/results/routing/tholin_avalonsemi_5401.def
[INFO ODB-0128] Design: tholin_avalonsemi_5401
[INFO ODB-0130]     Created 18 pins.
[INFO ODB-0131]     Created 1203 components and 5807 component-terminals.
[INFO ODB-0132]     Created 2 special nets and 4602 connections.
[INFO ODB-0133]     Created 383 nets and 1205 connections.
[INFO ODB-0134] Finished DEF file: /work/runs/wokwi/results/routing/tholin_avalonsemi_5401.def
Using RCX ruleset '/home/tholin/tt2-AvalonSemi-5401/pdk/sky130A/libs.tech/openlane/rules.openrcx.sky130A.max.spef_extractor'...
[INFO RCX-0431] Defined process_corner X with ext_model_index 0
[INFO RCX-0029] Defined extraction corner X
[INFO RCX-0008] extracting parasitics of tholin_avalonsemi_5401 ...
Notice 0: Split top of 101 T shapes.
[INFO RCX-0435] Reading extraction model file /home/tholin/tt2-AvalonSemi-5401/pdk/sky130A/libs.tech/openlane/rules.openrcx.sky130A.max.spef_extractor ...
[INFO RCX-0436] RC segment generation tholin_avalonsemi_5401 (max_merge_res 50.0) ...
[INFO RCX-0040] Final 2536 rc segments
[INFO RCX-0439] Coupling Cap extraction tholin_avalonsemi_5401 ...
[INFO RCX-0440] Coupling threshhold is 0.1000 fF, coupling capacitance less than 0.1000 fF will be grounded.
[INFO RCX-0043] 5826 wires to be extracted
[INFO RCX-0442] 54% completion -- 3148 wires have been extracted
[INFO RCX-0442] 100% completion -- 5826 wires have been extracted
[INFO RCX-0045] Extract 383 nets, 2919 rsegs, 2919 caps, 5109 ccs
[INFO RCX-0015] Finished extracting tholin_avalonsemi_5401.
Writing result to /work/runs/wokwi/results/routing/tholin_avalonsemi_5401.max.spef...
[INFO RCX-0016] Writing SPEF ...
[INFO RCX-0443] 383 nets finished
[INFO RCX-0017] Finished writing SPEF ...
