OpenROAD 0b8b7ae255f8fbbbefa57d443949b84e73eed757 
This program is licensed under the BSD-3 license. See the LICENSE file for details.
Components of this program may be licensed under more restrictive licenses which must be honored.
[INFO ODB-0222] Reading LEF file: /work/runs/wokwi/tmp/merged.nom.lef
[INFO ODB-0223]     Created 13 technology layers
[INFO ODB-0224]     Created 25 technology vias
[INFO ODB-0225]     Created 441 library cells
[INFO ODB-0226] Finished LEF file:  /work/runs/wokwi/tmp/merged.nom.lef
[INFO ODB-0127] Reading DEF file: /work/runs/wokwi/results/routing/tholin_avalonsemi_5401.def
[INFO ODB-0128] Design: tholin_avalonsemi_5401
[INFO ODB-0130]     Created 18 pins.
[INFO ODB-0131]     Created 1046 components and 4634 component-terminals.
[INFO ODB-0132]     Created 2 special nets and 3974 connections.
[INFO ODB-0133]     Created 211 nets and 660 connections.
[INFO ODB-0134] Finished DEF file: /work/runs/wokwi/results/routing/tholin_avalonsemi_5401.def
###############################################################################
# Created by write_sdc
# Mon Oct 31 00:52:21 2022
###############################################################################
current_design tholin_avalonsemi_5401
###############################################################################
# Timing Constraints
###############################################################################
create_clock -name __VIRTUAL_CLK__ -period 10.0000 
set_clock_uncertainty 0.2500 __VIRTUAL_CLK__
set_input_delay 2.0000 -clock [get_clocks {__VIRTUAL_CLK__}] -add_delay [get_ports {io_in[0]}]
set_input_delay 2.0000 -clock [get_clocks {__VIRTUAL_CLK__}] -add_delay [get_ports {io_in[1]}]
set_input_delay 2.0000 -clock [get_clocks {__VIRTUAL_CLK__}] -add_delay [get_ports {io_in[2]}]
set_input_delay 2.0000 -clock [get_clocks {__VIRTUAL_CLK__}] -add_delay [get_ports {io_in[3]}]
set_input_delay 2.0000 -clock [get_clocks {__VIRTUAL_CLK__}] -add_delay [get_ports {io_in[4]}]
set_input_delay 2.0000 -clock [get_clocks {__VIRTUAL_CLK__}] -add_delay [get_ports {io_in[5]}]
set_input_delay 2.0000 -clock [get_clocks {__VIRTUAL_CLK__}] -add_delay [get_ports {io_in[6]}]
set_input_delay 2.0000 -clock [get_clocks {__VIRTUAL_CLK__}] -add_delay [get_ports {io_in[7]}]
set_output_delay 2.0000 -clock [get_clocks {__VIRTUAL_CLK__}] -add_delay [get_ports {io_out[0]}]
set_output_delay 2.0000 -clock [get_clocks {__VIRTUAL_CLK__}] -add_delay [get_ports {io_out[1]}]
set_output_delay 2.0000 -clock [get_clocks {__VIRTUAL_CLK__}] -add_delay [get_ports {io_out[2]}]
set_output_delay 2.0000 -clock [get_clocks {__VIRTUAL_CLK__}] -add_delay [get_ports {io_out[3]}]
set_output_delay 2.0000 -clock [get_clocks {__VIRTUAL_CLK__}] -add_delay [get_ports {io_out[4]}]
set_output_delay 2.0000 -clock [get_clocks {__VIRTUAL_CLK__}] -add_delay [get_ports {io_out[5]}]
set_output_delay 2.0000 -clock [get_clocks {__VIRTUAL_CLK__}] -add_delay [get_ports {io_out[6]}]
set_output_delay 2.0000 -clock [get_clocks {__VIRTUAL_CLK__}] -add_delay [get_ports {io_out[7]}]
###############################################################################
# Environment
###############################################################################
set_load -pin_load 0.0334 [get_ports {io_out[7]}]
set_load -pin_load 0.0334 [get_ports {io_out[6]}]
set_load -pin_load 0.0334 [get_ports {io_out[5]}]
set_load -pin_load 0.0334 [get_ports {io_out[4]}]
set_load -pin_load 0.0334 [get_ports {io_out[3]}]
set_load -pin_load 0.0334 [get_ports {io_out[2]}]
set_load -pin_load 0.0334 [get_ports {io_out[1]}]
set_load -pin_load 0.0334 [get_ports {io_out[0]}]
set_driving_cell -lib_cell sky130_fd_sc_hd__inv_2 -pin {Y} -input_transition_rise 0.0000 -input_transition_fall 0.0000 [get_ports {io_in[7]}]
set_driving_cell -lib_cell sky130_fd_sc_hd__inv_2 -pin {Y} -input_transition_rise 0.0000 -input_transition_fall 0.0000 [get_ports {io_in[6]}]
set_driving_cell -lib_cell sky130_fd_sc_hd__inv_2 -pin {Y} -input_transition_rise 0.0000 -input_transition_fall 0.0000 [get_ports {io_in[5]}]
set_driving_cell -lib_cell sky130_fd_sc_hd__inv_2 -pin {Y} -input_transition_rise 0.0000 -input_transition_fall 0.0000 [get_ports {io_in[4]}]
set_driving_cell -lib_cell sky130_fd_sc_hd__inv_2 -pin {Y} -input_transition_rise 0.0000 -input_transition_fall 0.0000 [get_ports {io_in[3]}]
set_driving_cell -lib_cell sky130_fd_sc_hd__inv_2 -pin {Y} -input_transition_rise 0.0000 -input_transition_fall 0.0000 [get_ports {io_in[2]}]
set_driving_cell -lib_cell sky130_fd_sc_hd__inv_2 -pin {Y} -input_transition_rise 0.0000 -input_transition_fall 0.0000 [get_ports {io_in[1]}]
set_driving_cell -lib_cell sky130_fd_sc_hd__inv_2 -pin {Y} -input_transition_rise 0.0000 -input_transition_fall 0.0000 [get_ports {io_in[0]}]
set_timing_derate -early 0.9500
set_timing_derate -late 1.0500
###############################################################################
# Design Rules
###############################################################################
set_max_fanout 5.0000 [current_design]
[WARNING STA-0357] virtual clock __VIRTUAL_CLK__ can not be propagated.
min_report

===========================================================================
report_checks -path_delay min (Hold)
============================================================================
Startpoint: _280_ (rising edge-triggered flip-flop)
Endpoint: io_out[5] (output port clocked by __VIRTUAL_CLK__)
Path Group: __VIRTUAL_CLK__
Path Type: min

Fanout     Cap    Slew   Delay    Time   Description
-----------------------------------------------------------------------------
                  0.14    0.00    0.00 ^ _280_/CLK (sky130_fd_sc_hd__dfxtp_1)
                  0.04    0.31    0.31 ^ _280_/Q (sky130_fd_sc_hd__dfxtp_1)
     1    0.00                           CIRCUIT_0.MEMORY_58.s_currentState (net)
                  0.04    0.00    0.31 ^ _160_/A0 (sky130_fd_sc_hd__mux2_1)
                  0.05    0.11    0.42 ^ _160_/X (sky130_fd_sc_hd__mux2_1)
     1    0.00                           _038_ (net)
                  0.05    0.00    0.42 ^ _162_/A2 (sky130_fd_sc_hd__a21bo_1)
                  0.04    0.10    0.52 ^ _162_/X (sky130_fd_sc_hd__a21bo_1)
     1    0.00                           CIRCUIT_0.O_5_WRITE (net)
                  0.04    0.00    0.52 ^ _304_/A (sky130_fd_sc_hd__buf_2)
                  0.18    0.19    0.71 ^ _304_/X (sky130_fd_sc_hd__buf_2)
     1    0.03                           io_out[5] (net)
                  0.18    0.00    0.71 ^ io_out[5] (out)
                                  0.71   data arrival time

                  0.00    0.00    0.00   clock __VIRTUAL_CLK__ (rise edge)
                          0.00    0.00   clock network delay (ideal)
                          0.25    0.25   clock uncertainty
                          0.00    0.25   clock reconvergence pessimism
                         -2.00   -1.75   output external delay
                                 -1.75   data required time
-----------------------------------------------------------------------------
                                 -1.75   data required time
                                 -0.71   data arrival time
-----------------------------------------------------------------------------
                                  2.46   slack (MET)


Startpoint: _287_ (rising edge-triggered flip-flop)
Endpoint: io_out[6] (output port clocked by __VIRTUAL_CLK__)
Path Group: __VIRTUAL_CLK__
Path Type: min

Fanout     Cap    Slew   Delay    Time   Description
-----------------------------------------------------------------------------
                  0.39    0.00    0.00 ^ _287_/CLK (sky130_fd_sc_hd__dfxtp_1)
                  0.05    0.38    0.38 ^ _287_/Q (sky130_fd_sc_hd__dfxtp_1)
     1    0.00                           CIRCUIT_0.MEMORY_51.s_currentState (net)
                  0.05    0.00    0.38 ^ _164_/A2 (sky130_fd_sc_hd__a31o_1)
                  0.05    0.14    0.52 ^ _164_/X (sky130_fd_sc_hd__a31o_1)
     1    0.00                           CIRCUIT_0.O_6_JMP (net)
                  0.05    0.00    0.52 ^ _305_/A (sky130_fd_sc_hd__buf_2)
                  0.17    0.19    0.71 ^ _305_/X (sky130_fd_sc_hd__buf_2)
     1    0.03                           io_out[6] (net)
                  0.17    0.00    0.72 ^ io_out[6] (out)
                                  0.72   data arrival time

                  0.00    0.00    0.00   clock __VIRTUAL_CLK__ (rise edge)
                          0.00    0.00   clock network delay (ideal)
                          0.25    0.25   clock uncertainty
                          0.00    0.25   clock reconvergence pessimism
                         -2.00   -1.75   output external delay
                                 -1.75   data required time
-----------------------------------------------------------------------------
                                 -1.75   data required time
                                 -0.72   data arrival time
-----------------------------------------------------------------------------
                                  2.47   slack (MET)


Startpoint: _284_ (rising edge-triggered flip-flop)
Endpoint: io_out[1] (output port clocked by __VIRTUAL_CLK__)
Path Group: __VIRTUAL_CLK__
Path Type: min

Fanout     Cap    Slew   Delay    Time   Description
-----------------------------------------------------------------------------
                  0.14    0.00    0.00 ^ _284_/CLK (sky130_fd_sc_hd__dfxtp_1)
                  0.03    0.31    0.31 ^ _284_/Q (sky130_fd_sc_hd__dfxtp_1)
     1    0.00                           CIRCUIT_0.MEMORY_54.s_currentState (net)
                  0.03    0.00    0.31 ^ _147_/A0 (sky130_fd_sc_hd__mux4_1)
                  0.05    0.19    0.50 ^ _147_/X (sky130_fd_sc_hd__mux4_1)
     1    0.00                           _029_ (net)
                  0.05    0.00    0.50 ^ _148_/A (sky130_fd_sc_hd__clkbuf_1)
                  0.05    0.09    0.59 ^ _148_/X (sky130_fd_sc_hd__clkbuf_1)
     1    0.00                           CIRCUIT_0.O_D1_RR1 (net)
                  0.05    0.00    0.59 ^ _300_/A (sky130_fd_sc_hd__buf_2)
                  0.18    0.20    0.79 ^ _300_/X (sky130_fd_sc_hd__buf_2)
     1    0.03                           io_out[1] (net)
                  0.18    0.00    0.79 ^ io_out[1] (out)
                                  0.79   data arrival time

                  0.00    0.00    0.00   clock __VIRTUAL_CLK__ (rise edge)
                          0.00    0.00   clock network delay (ideal)
                          0.25    0.25   clock uncertainty
                          0.00    0.25   clock reconvergence pessimism
                         -2.00   -1.75   output external delay
                                 -1.75   data required time
-----------------------------------------------------------------------------
                                 -1.75   data required time
                                 -0.79   data arrival time
-----------------------------------------------------------------------------
                                  2.54   slack (MET)


Startpoint: _282_ (rising edge-triggered flip-flop)
Endpoint: io_out[3] (output port clocked by __VIRTUAL_CLK__)
Path Group: __VIRTUAL_CLK__
Path Type: min

Fanout     Cap    Slew   Delay    Time   Description
-----------------------------------------------------------------------------
                  0.14    0.00    0.00 ^ _282_/CLK (sky130_fd_sc_hd__dfxtp_1)
                  0.04    0.31    0.31 ^ _282_/Q (sky130_fd_sc_hd__dfxtp_1)
     1    0.00                           CIRCUIT_0.MEMORY_56.s_currentState (net)
                  0.04    0.00    0.31 ^ _153_/A0 (sky130_fd_sc_hd__mux4_1)
                  0.07    0.21    0.52 ^ _153_/X (sky130_fd_sc_hd__mux4_1)
     1    0.00                           _033_ (net)
                  0.07    0.00    0.52 ^ _154_/A (sky130_fd_sc_hd__clkbuf_1)
                  0.05    0.09    0.61 ^ _154_/X (sky130_fd_sc_hd__clkbuf_1)
     1    0.00                           CIRCUIT_0.O_D3_RR3 (net)
                  0.05    0.00    0.61 ^ _302_/A (sky130_fd_sc_hd__buf_2)
                  0.17    0.19    0.80 ^ _302_/X (sky130_fd_sc_hd__buf_2)
     1    0.03                           io_out[3] (net)
                  0.17    0.00    0.80 ^ io_out[3] (out)
                                  0.80   data arrival time

                  0.00    0.00    0.00   clock __VIRTUAL_CLK__ (rise edge)
                          0.00    0.00   clock network delay (ideal)
                          0.25    0.25   clock uncertainty
                          0.00    0.25   clock reconvergence pessimism
                         -2.00   -1.75   output external delay
                                 -1.75   data required time
-----------------------------------------------------------------------------
                                 -1.75   data required time
                                 -0.80   data arrival time
-----------------------------------------------------------------------------
                                  2.55   slack (MET)


Startpoint: _272_ (rising edge-triggered flip-flop)
Endpoint: io_out[7] (output port clocked by __VIRTUAL_CLK__)
Path Group: __VIRTUAL_CLK__
Path Type: min

Fanout     Cap    Slew   Delay    Time   Description
-----------------------------------------------------------------------------
                  0.06    0.00    0.00 ^ _272_/CLK (sky130_fd_sc_hd__dfrtp_2)
                  0.13    0.40    0.40 ^ _272_/Q (sky130_fd_sc_hd__dfrtp_2)
     5    0.02                           CIRCUIT_0.MEMORY_66.s_currentState (net)
                  0.13    0.00    0.40 ^ _166_/A0 (sky130_fd_sc_hd__mux2_1)
                  0.04    0.14    0.54 ^ _166_/X (sky130_fd_sc_hd__mux2_1)
     1    0.00                           _042_ (net)
                  0.04    0.00    0.54 ^ _167_/A (sky130_fd_sc_hd__clkbuf_1)
                  0.04    0.07    0.61 ^ _167_/X (sky130_fd_sc_hd__clkbuf_1)
     1    0.00                           CIRCUIT_0.O_7_I (net)
                  0.04    0.00    0.61 ^ _306_/A (sky130_fd_sc_hd__buf_2)
                  0.18    0.19    0.80 ^ _306_/X (sky130_fd_sc_hd__buf_2)
     1    0.03                           io_out[7] (net)
                  0.18    0.00    0.81 ^ io_out[7] (out)
                                  0.81   data arrival time

                  0.00    0.00    0.00   clock __VIRTUAL_CLK__ (rise edge)
                          0.00    0.00   clock network delay (ideal)
                          0.25    0.25   clock uncertainty
                          0.00    0.25   clock reconvergence pessimism
                         -2.00   -1.75   output external delay
                                 -1.75   data required time
-----------------------------------------------------------------------------
                                 -1.75   data required time
                                 -0.81   data arrival time
-----------------------------------------------------------------------------
                                  2.56   slack (MET)


min_report_end
max_report

===========================================================================
report_checks -path_delay max (Setup)
============================================================================
Startpoint: _261_ (rising edge-triggered flip-flop)
Endpoint: io_out[7] (output port clocked by __VIRTUAL_CLK__)
Path Group: __VIRTUAL_CLK__
Path Type: max

Fanout     Cap    Slew   Delay    Time   Description
-----------------------------------------------------------------------------
                  0.18    0.00    0.00 ^ _261_/CLK (sky130_fd_sc_hd__dfrtp_1)
                  0.08    0.47    0.47 v _261_/Q (sky130_fd_sc_hd__dfrtp_1)
     3    0.01                           CIRCUIT_0.inst_dec_1.MEMORY_23.s_currentState (net)
                  0.08    0.00    0.47 v _139_/A (sky130_fd_sc_hd__inv_2)
                  0.07    0.09    0.56 ^ _139_/Y (sky130_fd_sc_hd__inv_2)
     4    0.01                           _022_ (net)
                  0.07    0.00    0.56 ^ _140_/A (sky130_fd_sc_hd__nor2_1)
                  0.08    0.10    0.66 v _140_/Y (sky130_fd_sc_hd__nor2_1)
     4    0.02                           _023_ (net)
                  0.08    0.00    0.66 v _141_/B (sky130_fd_sc_hd__or3b_1)
                  0.07    0.38    1.04 v _141_/X (sky130_fd_sc_hd__or3b_1)
     1    0.00                           _024_ (net)
                  0.07    0.00    1.04 v _142_/C1 (sky130_fd_sc_hd__a221o_2)
                  0.10    0.39    1.43 v _142_/X (sky130_fd_sc_hd__a221o_2)
     5    0.02                           _025_ (net)
                  0.10    0.00    1.43 v _165_/S (sky130_fd_sc_hd__mux2_1)
                  0.07    0.36    1.78 v _165_/X (sky130_fd_sc_hd__mux2_1)
     1    0.01                           _041_ (net)
                  0.07    0.00    1.78 v _166_/A1 (sky130_fd_sc_hd__mux2_1)
                  0.05    0.31    2.09 v _166_/X (sky130_fd_sc_hd__mux2_1)
     1    0.00                           _042_ (net)
                  0.05    0.00    2.09 v _167_/A (sky130_fd_sc_hd__clkbuf_1)
                  0.02    0.09    2.19 v _167_/X (sky130_fd_sc_hd__clkbuf_1)
     1    0.00                           CIRCUIT_0.O_7_I (net)
                  0.02    0.00    2.19 v _306_/A (sky130_fd_sc_hd__buf_2)
                  0.09    0.18    2.37 v _306_/X (sky130_fd_sc_hd__buf_2)
     1    0.03                           io_out[7] (net)
                  0.09    0.00    2.37 v io_out[7] (out)
                                  2.37   data arrival time

                  0.00   10.00   10.00   clock __VIRTUAL_CLK__ (rise edge)
                          0.00   10.00   clock network delay (ideal)
                         -0.25    9.75   clock uncertainty
                          0.00    9.75   clock reconvergence pessimism
                         -2.00    7.75   output external delay
                                  7.75   data required time
-----------------------------------------------------------------------------
                                  7.75   data required time
                                 -2.37   data arrival time
-----------------------------------------------------------------------------
                                  5.38   slack (MET)


Startpoint: _261_ (rising edge-triggered flip-flop)
Endpoint: io_out[4] (output port clocked by __VIRTUAL_CLK__)
Path Group: __VIRTUAL_CLK__
Path Type: max

Fanout     Cap    Slew   Delay    Time   Description
-----------------------------------------------------------------------------
                  0.18    0.00    0.00 ^ _261_/CLK (sky130_fd_sc_hd__dfrtp_1)
                  0.08    0.47    0.47 v _261_/Q (sky130_fd_sc_hd__dfrtp_1)
     3    0.01                           CIRCUIT_0.inst_dec_1.MEMORY_23.s_currentState (net)
                  0.08    0.00    0.47 v _139_/A (sky130_fd_sc_hd__inv_2)
                  0.07    0.09    0.56 ^ _139_/Y (sky130_fd_sc_hd__inv_2)
     4    0.01                           _022_ (net)
                  0.07    0.00    0.56 ^ _140_/A (sky130_fd_sc_hd__nor2_1)
                  0.08    0.10    0.66 v _140_/Y (sky130_fd_sc_hd__nor2_1)
     4    0.02                           _023_ (net)
                  0.08    0.00    0.66 v _141_/B (sky130_fd_sc_hd__or3b_1)
                  0.07    0.38    1.04 v _141_/X (sky130_fd_sc_hd__or3b_1)
     1    0.00                           _024_ (net)
                  0.07    0.00    1.04 v _142_/C1 (sky130_fd_sc_hd__a221o_2)
                  0.10    0.39    1.43 v _142_/X (sky130_fd_sc_hd__a221o_2)
     5    0.02                           _025_ (net)
                  0.10    0.00    1.43 v _157_/S (sky130_fd_sc_hd__mux2_1)
                  0.07    0.36    1.79 v _157_/X (sky130_fd_sc_hd__mux2_1)
     1    0.01                           _036_ (net)
                  0.07    0.00    1.79 v _158_/A1 (sky130_fd_sc_hd__mux2_1)
                  0.06    0.31    2.10 v _158_/X (sky130_fd_sc_hd__mux2_1)
     1    0.00                           _037_ (net)
                  0.06    0.00    2.10 v _159_/A (sky130_fd_sc_hd__clkbuf_1)
                  0.02    0.09    2.19 v _159_/X (sky130_fd_sc_hd__clkbuf_1)
     1    0.00                           CIRCUIT_0.O_4_MAR (net)
                  0.02    0.00    2.19 v _303_/A (sky130_fd_sc_hd__buf_2)
                  0.09    0.18    2.37 v _303_/X (sky130_fd_sc_hd__buf_2)
     1    0.03                           io_out[4] (net)
                  0.09    0.00    2.37 v io_out[4] (out)
                                  2.37   data arrival time

                  0.00   10.00   10.00   clock __VIRTUAL_CLK__ (rise edge)
                          0.00   10.00   clock network delay (ideal)
                         -0.25    9.75   clock uncertainty
                          0.00    9.75   clock reconvergence pessimism
                         -2.00    7.75   output external delay
                                  7.75   data required time
-----------------------------------------------------------------------------
                                  7.75   data required time
                                 -2.37   data arrival time
-----------------------------------------------------------------------------
                                  5.38   slack (MET)


Startpoint: _261_ (rising edge-triggered flip-flop)
Endpoint: io_out[0] (output port clocked by __VIRTUAL_CLK__)
Path Group: __VIRTUAL_CLK__
Path Type: max

Fanout     Cap    Slew   Delay    Time   Description
-----------------------------------------------------------------------------
                  0.18    0.00    0.00 ^ _261_/CLK (sky130_fd_sc_hd__dfrtp_1)
                  0.08    0.47    0.47 v _261_/Q (sky130_fd_sc_hd__dfrtp_1)
     3    0.01                           CIRCUIT_0.inst_dec_1.MEMORY_23.s_currentState (net)
                  0.08    0.00    0.47 v _139_/A (sky130_fd_sc_hd__inv_2)
                  0.07    0.09    0.56 ^ _139_/Y (sky130_fd_sc_hd__inv_2)
     4    0.01                           _022_ (net)
                  0.07    0.00    0.56 ^ _140_/A (sky130_fd_sc_hd__nor2_1)
                  0.08    0.10    0.66 v _140_/Y (sky130_fd_sc_hd__nor2_1)
     4    0.02                           _023_ (net)
                  0.08    0.00    0.66 v _141_/B (sky130_fd_sc_hd__or3b_1)
                  0.07    0.38    1.04 v _141_/X (sky130_fd_sc_hd__or3b_1)
     1    0.00                           _024_ (net)
                  0.07    0.00    1.04 v _142_/C1 (sky130_fd_sc_hd__a221o_2)
                  0.10    0.39    1.43 v _142_/X (sky130_fd_sc_hd__a221o_2)
     5    0.02                           _025_ (net)
                  0.10    0.00    1.43 v _143_/A (sky130_fd_sc_hd__dlymetal6s2s_1)
                  0.10    0.22    1.65 v _143_/X (sky130_fd_sc_hd__dlymetal6s2s_1)
     5    0.02                           _026_ (net)
                  0.10    0.00    1.65 v _144_/S1 (sky130_fd_sc_hd__mux4_1)
                  0.08    0.26    1.91 ^ _144_/X (sky130_fd_sc_hd__mux4_1)
     1    0.01                           _027_ (net)
                  0.08    0.00    1.91 ^ _145_/A (sky130_fd_sc_hd__clkbuf_1)
                  0.09    0.13    2.04 ^ _145_/X (sky130_fd_sc_hd__clkbuf_1)
     1    0.01                           CIRCUIT_0.O_D0_RR0 (net)
                  0.09    0.00    2.04 ^ _299_/A (sky130_fd_sc_hd__buf_2)
                  0.18    0.23    2.28 ^ _299_/X (sky130_fd_sc_hd__buf_2)
     1    0.03                           io_out[0] (net)
                  0.18    0.00    2.28 ^ io_out[0] (out)
                                  2.28   data arrival time

                  0.00   10.00   10.00   clock __VIRTUAL_CLK__ (rise edge)
                          0.00   10.00   clock network delay (ideal)
                         -0.25    9.75   clock uncertainty
                          0.00    9.75   clock reconvergence pessimism
                         -2.00    7.75   output external delay
                                  7.75   data required time
-----------------------------------------------------------------------------
                                  7.75   data required time
                                 -2.28   data arrival time
-----------------------------------------------------------------------------
                                  5.47   slack (MET)


Startpoint: _261_ (rising edge-triggered flip-flop)
Endpoint: io_out[2] (output port clocked by __VIRTUAL_CLK__)
Path Group: __VIRTUAL_CLK__
Path Type: max

Fanout     Cap    Slew   Delay    Time   Description
-----------------------------------------------------------------------------
                  0.18    0.00    0.00 ^ _261_/CLK (sky130_fd_sc_hd__dfrtp_1)
                  0.08    0.47    0.47 v _261_/Q (sky130_fd_sc_hd__dfrtp_1)
     3    0.01                           CIRCUIT_0.inst_dec_1.MEMORY_23.s_currentState (net)
                  0.08    0.00    0.47 v _139_/A (sky130_fd_sc_hd__inv_2)
                  0.07    0.09    0.56 ^ _139_/Y (sky130_fd_sc_hd__inv_2)
     4    0.01                           _022_ (net)
                  0.07    0.00    0.56 ^ _140_/A (sky130_fd_sc_hd__nor2_1)
                  0.08    0.10    0.66 v _140_/Y (sky130_fd_sc_hd__nor2_1)
     4    0.02                           _023_ (net)
                  0.08    0.00    0.66 v _141_/B (sky130_fd_sc_hd__or3b_1)
                  0.07    0.38    1.04 v _141_/X (sky130_fd_sc_hd__or3b_1)
     1    0.00                           _024_ (net)
                  0.07    0.00    1.04 v _142_/C1 (sky130_fd_sc_hd__a221o_2)
                  0.10    0.39    1.43 v _142_/X (sky130_fd_sc_hd__a221o_2)
     5    0.02                           _025_ (net)
                  0.10    0.00    1.43 v _143_/A (sky130_fd_sc_hd__dlymetal6s2s_1)
                  0.10    0.22    1.65 v _143_/X (sky130_fd_sc_hd__dlymetal6s2s_1)
     5    0.02                           _026_ (net)
                  0.10    0.00    1.65 v _150_/S1 (sky130_fd_sc_hd__mux4_1)
                  0.08    0.26    1.91 ^ _150_/X (sky130_fd_sc_hd__mux4_1)
     1    0.01                           _031_ (net)
                  0.08    0.00    1.91 ^ _151_/A (sky130_fd_sc_hd__clkbuf_1)
                  0.07    0.11    2.02 ^ _151_/X (sky130_fd_sc_hd__clkbuf_1)
     1    0.00                           CIRCUIT_0.O_D2_RR2 (net)
                  0.07    0.00    2.02 ^ _301_/A (sky130_fd_sc_hd__buf_2)
                  0.18    0.22    2.24 ^ _301_/X (sky130_fd_sc_hd__buf_2)
     1    0.03                           io_out[2] (net)
                  0.18    0.00    2.24 ^ io_out[2] (out)
                                  2.24   data arrival time

                  0.00   10.00   10.00   clock __VIRTUAL_CLK__ (rise edge)
                          0.00   10.00   clock network delay (ideal)
                         -0.25    9.75   clock uncertainty
                          0.00    9.75   clock reconvergence pessimism
                         -2.00    7.75   output external delay
                                  7.75   data required time
-----------------------------------------------------------------------------
                                  7.75   data required time
                                 -2.24   data arrival time
-----------------------------------------------------------------------------
                                  5.51   slack (MET)


Startpoint: _261_ (rising edge-triggered flip-flop)
Endpoint: io_out[6] (output port clocked by __VIRTUAL_CLK__)
Path Group: __VIRTUAL_CLK__
Path Type: max

Fanout     Cap    Slew   Delay    Time   Description
-----------------------------------------------------------------------------
                  0.18    0.00    0.00 ^ _261_/CLK (sky130_fd_sc_hd__dfrtp_1)
                  0.08    0.47    0.47 v _261_/Q (sky130_fd_sc_hd__dfrtp_1)
     3    0.01                           CIRCUIT_0.inst_dec_1.MEMORY_23.s_currentState (net)
                  0.08    0.00    0.47 v _139_/A (sky130_fd_sc_hd__inv_2)
                  0.07    0.09    0.56 ^ _139_/Y (sky130_fd_sc_hd__inv_2)
     4    0.01                           _022_ (net)
                  0.07    0.00    0.56 ^ _140_/A (sky130_fd_sc_hd__nor2_1)
                  0.08    0.10    0.66 v _140_/Y (sky130_fd_sc_hd__nor2_1)
     4    0.02                           _023_ (net)
                  0.08    0.00    0.66 v _141_/B (sky130_fd_sc_hd__or3b_1)
                  0.07    0.38    1.04 v _141_/X (sky130_fd_sc_hd__or3b_1)
     1    0.00                           _024_ (net)
                  0.07    0.00    1.04 v _142_/C1 (sky130_fd_sc_hd__a221o_2)
                  0.10    0.39    1.43 v _142_/X (sky130_fd_sc_hd__a221o_2)
     5    0.02                           _025_ (net)
                  0.10    0.00    1.43 v _143_/A (sky130_fd_sc_hd__dlymetal6s2s_1)
                  0.10    0.22    1.65 v _143_/X (sky130_fd_sc_hd__dlymetal6s2s_1)
     5    0.02                           _026_ (net)
                  0.10    0.00    1.65 v _163_/B1_N (sky130_fd_sc_hd__o21ba_1)
                  0.05    0.24    1.89 ^ _163_/X (sky130_fd_sc_hd__o21ba_1)
     1    0.00                           _040_ (net)
                  0.05    0.00    1.89 ^ _164_/B1 (sky130_fd_sc_hd__a31o_1)
                  0.06    0.11    2.00 ^ _164_/X (sky130_fd_sc_hd__a31o_1)
     1    0.00                           CIRCUIT_0.O_6_JMP (net)
                  0.06    0.00    2.00 ^ _305_/A (sky130_fd_sc_hd__buf_2)
                  0.17    0.22    2.22 ^ _305_/X (sky130_fd_sc_hd__buf_2)
     1    0.03                           io_out[6] (net)
                  0.17    0.00    2.22 ^ io_out[6] (out)
                                  2.22   data arrival time

                  0.00   10.00   10.00   clock __VIRTUAL_CLK__ (rise edge)
                          0.00   10.00   clock network delay (ideal)
                         -0.25    9.75   clock uncertainty
                          0.00    9.75   clock reconvergence pessimism
                         -2.00    7.75   output external delay
                                  7.75   data required time
-----------------------------------------------------------------------------
                                  7.75   data required time
                                 -2.22   data arrival time
-----------------------------------------------------------------------------
                                  5.53   slack (MET)


max_report_end
check_report

===========================================================================
report_checks -unconstrained
============================================================================
Startpoint: _261_ (rising edge-triggered flip-flop)
Endpoint: io_out[7] (output port clocked by __VIRTUAL_CLK__)
Path Group: __VIRTUAL_CLK__
Path Type: max

Fanout     Cap    Slew   Delay    Time   Description
-----------------------------------------------------------------------------
                  0.18    0.00    0.00 ^ _261_/CLK (sky130_fd_sc_hd__dfrtp_1)
                  0.08    0.47    0.47 v _261_/Q (sky130_fd_sc_hd__dfrtp_1)
     3    0.01                           CIRCUIT_0.inst_dec_1.MEMORY_23.s_currentState (net)
                  0.08    0.00    0.47 v _139_/A (sky130_fd_sc_hd__inv_2)
                  0.07    0.09    0.56 ^ _139_/Y (sky130_fd_sc_hd__inv_2)
     4    0.01                           _022_ (net)
                  0.07    0.00    0.56 ^ _140_/A (sky130_fd_sc_hd__nor2_1)
                  0.08    0.10    0.66 v _140_/Y (sky130_fd_sc_hd__nor2_1)
     4    0.02                           _023_ (net)
                  0.08    0.00    0.66 v _141_/B (sky130_fd_sc_hd__or3b_1)
                  0.07    0.38    1.04 v _141_/X (sky130_fd_sc_hd__or3b_1)
     1    0.00                           _024_ (net)
                  0.07    0.00    1.04 v _142_/C1 (sky130_fd_sc_hd__a221o_2)
                  0.10    0.39    1.43 v _142_/X (sky130_fd_sc_hd__a221o_2)
     5    0.02                           _025_ (net)
                  0.10    0.00    1.43 v _165_/S (sky130_fd_sc_hd__mux2_1)
                  0.07    0.36    1.78 v _165_/X (sky130_fd_sc_hd__mux2_1)
     1    0.01                           _041_ (net)
                  0.07    0.00    1.78 v _166_/A1 (sky130_fd_sc_hd__mux2_1)
                  0.05    0.31    2.09 v _166_/X (sky130_fd_sc_hd__mux2_1)
     1    0.00                           _042_ (net)
                  0.05    0.00    2.09 v _167_/A (sky130_fd_sc_hd__clkbuf_1)
                  0.02    0.09    2.19 v _167_/X (sky130_fd_sc_hd__clkbuf_1)
     1    0.00                           CIRCUIT_0.O_7_I (net)
                  0.02    0.00    2.19 v _306_/A (sky130_fd_sc_hd__buf_2)
                  0.09    0.18    2.37 v _306_/X (sky130_fd_sc_hd__buf_2)
     1    0.03                           io_out[7] (net)
                  0.09    0.00    2.37 v io_out[7] (out)
                                  2.37   data arrival time

                  0.00   10.00   10.00   clock __VIRTUAL_CLK__ (rise edge)
                          0.00   10.00   clock network delay (ideal)
                         -0.25    9.75   clock uncertainty
                          0.00    9.75   clock reconvergence pessimism
                         -2.00    7.75   output external delay
                                  7.75   data required time
-----------------------------------------------------------------------------
                                  7.75   data required time
                                 -2.37   data arrival time
-----------------------------------------------------------------------------
                                  5.38   slack (MET)



===========================================================================
report_checks --slack_max -0.01
============================================================================
No paths found.
check_report_end
check_slew

===========================================================================
 report_check_types -max_slew -max_cap -max_fanout -violators
============================================================================

===========================================================================
max slew violation count 0
max fanout violation count 0
max cap violation count 0
============================================================================
check_slew_end
tns_report

===========================================================================
 report_tns
============================================================================
tns 0.00
tns_report_end
wns_report

===========================================================================
 report_wns
============================================================================
wns 0.00
wns_report_end
worst_slack

===========================================================================
 report_worst_slack -max (Setup)
============================================================================
worst slack 5.38

===========================================================================
 report_worst_slack -min (Hold)
============================================================================
worst slack 2.46
worst_slack_end
power_report

===========================================================================
 report_power
============================================================================
Group                  Internal  Switching    Leakage      Total
                          Power      Power      Power      Power (Watts)
----------------------------------------------------------------
Sequential             1.71e-05   6.31e-06   3.28e-10   2.34e-05  36.9%
Combinational          1.83e-05   2.17e-05   1.77e-09   4.00e-05  63.1%
Macro                  0.00e+00   0.00e+00   0.00e+00   0.00e+00   0.0%
Pad                    0.00e+00   0.00e+00   0.00e+00   0.00e+00   0.0%
----------------------------------------------------------------
Total                  3.54e-05   2.80e-05   2.10e-09   6.34e-05 100.0%
                          55.8%      44.2%       0.0%
power_report_end
area_report

===========================================================================
 report_design_area
============================================================================
Design area 8443 u^2 99% utilization.
area_report_end
