OpenROAD 0b8b7ae255f8fbbbefa57d443949b84e73eed757 
This program is licensed under the BSD-3 license. See the LICENSE file for details.
Components of this program may be licensed under more restrictive licenses which must be honored.
[INFO ODB-0222] Reading LEF file: /work/runs/wokwi/tmp/merged.nom.lef
[INFO ODB-0223]     Created 13 technology layers
[INFO ODB-0224]     Created 25 technology vias
[INFO ODB-0225]     Created 441 library cells
[INFO ODB-0226] Finished LEF file:  /work/runs/wokwi/tmp/merged.nom.lef
[INFO ODB-0127] Reading DEF file: /work/runs/wokwi/results/routing/tholin_avalonsemi_5401.def
[INFO ODB-0128] Design: tholin_avalonsemi_5401
[INFO ODB-0130]     Created 18 pins.
[INFO ODB-0131]     Created 1203 components and 5807 component-terminals.
[INFO ODB-0132]     Created 2 special nets and 4602 connections.
[INFO ODB-0133]     Created 383 nets and 1205 connections.
[INFO ODB-0134] Finished DEF file: /work/runs/wokwi/results/routing/tholin_avalonsemi_5401.def
###############################################################################
# Created by write_sdc
# Thu Nov 10 11:28:20 2022
###############################################################################
current_design tholin_avalonsemi_5401
###############################################################################
# Timing Constraints
###############################################################################
create_clock -name io_in[0] -period 10000.0000 [get_ports {io_in[0]}]
set_clock_transition 0.1500 [get_clocks {io_in[0]}]
set_clock_uncertainty 0.2500 io_in[0]
set_propagated_clock [get_clocks {io_in[0]}]
set_input_delay 2000.0000 -clock [get_clocks {io_in[0]}] -add_delay [get_ports {io_in[1]}]
set_input_delay 2000.0000 -clock [get_clocks {io_in[0]}] -add_delay [get_ports {io_in[2]}]
set_input_delay 2000.0000 -clock [get_clocks {io_in[0]}] -add_delay [get_ports {io_in[3]}]
set_input_delay 2000.0000 -clock [get_clocks {io_in[0]}] -add_delay [get_ports {io_in[4]}]
set_input_delay 2000.0000 -clock [get_clocks {io_in[0]}] -add_delay [get_ports {io_in[5]}]
set_input_delay 2000.0000 -clock [get_clocks {io_in[0]}] -add_delay [get_ports {io_in[6]}]
set_input_delay 2000.0000 -clock [get_clocks {io_in[0]}] -add_delay [get_ports {io_in[7]}]
set_output_delay 2000.0000 -clock [get_clocks {io_in[0]}] -add_delay [get_ports {io_out[0]}]
set_output_delay 2000.0000 -clock [get_clocks {io_in[0]}] -add_delay [get_ports {io_out[1]}]
set_output_delay 2000.0000 -clock [get_clocks {io_in[0]}] -add_delay [get_ports {io_out[2]}]
set_output_delay 2000.0000 -clock [get_clocks {io_in[0]}] -add_delay [get_ports {io_out[3]}]
set_output_delay 2000.0000 -clock [get_clocks {io_in[0]}] -add_delay [get_ports {io_out[4]}]
set_output_delay 2000.0000 -clock [get_clocks {io_in[0]}] -add_delay [get_ports {io_out[5]}]
set_output_delay 2000.0000 -clock [get_clocks {io_in[0]}] -add_delay [get_ports {io_out[6]}]
set_output_delay 2000.0000 -clock [get_clocks {io_in[0]}] -add_delay [get_ports {io_out[7]}]
###############################################################################
# Environment
###############################################################################
set_load -pin_load 0.0334 [get_ports {io_out[7]}]
set_load -pin_load 0.0334 [get_ports {io_out[6]}]
set_load -pin_load 0.0334 [get_ports {io_out[5]}]
set_load -pin_load 0.0334 [get_ports {io_out[4]}]
set_load -pin_load 0.0334 [get_ports {io_out[3]}]
set_load -pin_load 0.0334 [get_ports {io_out[2]}]
set_load -pin_load 0.0334 [get_ports {io_out[1]}]
set_load -pin_load 0.0334 [get_ports {io_out[0]}]
set_driving_cell -lib_cell sky130_fd_sc_hd__inv_2 -pin {Y} -input_transition_rise 0.0000 -input_transition_fall 0.0000 [get_ports {io_in[7]}]
set_driving_cell -lib_cell sky130_fd_sc_hd__inv_2 -pin {Y} -input_transition_rise 0.0000 -input_transition_fall 0.0000 [get_ports {io_in[6]}]
set_driving_cell -lib_cell sky130_fd_sc_hd__inv_2 -pin {Y} -input_transition_rise 0.0000 -input_transition_fall 0.0000 [get_ports {io_in[5]}]
set_driving_cell -lib_cell sky130_fd_sc_hd__inv_2 -pin {Y} -input_transition_rise 0.0000 -input_transition_fall 0.0000 [get_ports {io_in[4]}]
set_driving_cell -lib_cell sky130_fd_sc_hd__inv_2 -pin {Y} -input_transition_rise 0.0000 -input_transition_fall 0.0000 [get_ports {io_in[3]}]
set_driving_cell -lib_cell sky130_fd_sc_hd__inv_2 -pin {Y} -input_transition_rise 0.0000 -input_transition_fall 0.0000 [get_ports {io_in[2]}]
set_driving_cell -lib_cell sky130_fd_sc_hd__inv_2 -pin {Y} -input_transition_rise 0.0000 -input_transition_fall 0.0000 [get_ports {io_in[1]}]
set_driving_cell -lib_cell sky130_fd_sc_hd__inv_2 -pin {Y} -input_transition_rise 0.0000 -input_transition_fall 0.0000 [get_ports {io_in[0]}]
set_timing_derate -early 0.9500
set_timing_derate -late 1.0500
###############################################################################
# Design Rules
###############################################################################
set_max_fanout 5.0000 [current_design]
[WARNING STA-0172] /work/runs/wokwi/results/routing/tholin_avalonsemi_5401.nom.spef line 1625, instance clkbuf_0_io_in\[0\] not found.
[WARNING STA-0174] /work/runs/wokwi/results/routing/tholin_avalonsemi_5401.nom.spef line 1629, net clkbuf_0_io_in\[0\] not found.
[WARNING STA-0174] /work/runs/wokwi/results/routing/tholin_avalonsemi_5401.nom.spef line 1630, net clkbuf_0_io_in\[0\] not found.
[WARNING STA-0174] /work/runs/wokwi/results/routing/tholin_avalonsemi_5401.nom.spef line 1631, net clkbuf_0_io_in\[0\] not found.
[WARNING STA-0174] /work/runs/wokwi/results/routing/tholin_avalonsemi_5401.nom.spef line 1632, net clkbuf_0_io_in\[0\] not found.
[WARNING STA-0174] /work/runs/wokwi/results/routing/tholin_avalonsemi_5401.nom.spef line 1633, net clkbuf_0_io_in\[0\] not found.
[WARNING STA-0174] /work/runs/wokwi/results/routing/tholin_avalonsemi_5401.nom.spef line 1634, net clkbuf_0_io_in\[0\] not found.
[WARNING STA-0174] /work/runs/wokwi/results/routing/tholin_avalonsemi_5401.nom.spef line 1634, net clkbuf_1_1__f_io_in\[0\] not found.
[WARNING STA-0174] /work/runs/wokwi/results/routing/tholin_avalonsemi_5401.nom.spef line 1635, net clkbuf_0_io_in\[0\] not found.
[WARNING STA-0174] /work/runs/wokwi/results/routing/tholin_avalonsemi_5401.nom.spef line 1636, net clkbuf_0_io_in\[0\] not found.
[WARNING STA-0174] /work/runs/wokwi/results/routing/tholin_avalonsemi_5401.nom.spef line 1637, net clkbuf_0_io_in\[0\] not found.
[WARNING STA-0174] /work/runs/wokwi/results/routing/tholin_avalonsemi_5401.nom.spef line 1638, net clkbuf_0_io_in\[0\] not found.
[WARNING STA-0174] /work/runs/wokwi/results/routing/tholin_avalonsemi_5401.nom.spef line 1639, net clkbuf_0_io_in\[0\] not found.
[WARNING STA-0174] /work/runs/wokwi/results/routing/tholin_avalonsemi_5401.nom.spef line 1640, net clkbuf_0_io_in\[0\] not found.
[WARNING STA-0174] /work/runs/wokwi/results/routing/tholin_avalonsemi_5401.nom.spef line 1641, net clkbuf_0_io_in\[0\] not found.
[WARNING STA-0174] /work/runs/wokwi/results/routing/tholin_avalonsemi_5401.nom.spef line 1642, net clkbuf_0_io_in\[0\] not found.
[WARNING STA-0174] /work/runs/wokwi/results/routing/tholin_avalonsemi_5401.nom.spef line 1643, net clkbuf_0_io_in\[0\] not found.
[WARNING STA-0174] /work/runs/wokwi/results/routing/tholin_avalonsemi_5401.nom.spef line 1645, net clkbuf_0_io_in\[0\] not found.
[WARNING STA-0174] /work/runs/wokwi/results/routing/tholin_avalonsemi_5401.nom.spef line 4773, net clkbuf_0_io_in\[0\] not found.
[WARNING STA-0174] /work/runs/wokwi/results/routing/tholin_avalonsemi_5401.nom.spef line 4952, net clkbuf_0_io_in\[0\] not found.
[WARNING STA-0174] /work/runs/wokwi/results/routing/tholin_avalonsemi_5401.nom.spef line 5219, net clkbuf_0_io_in\[0\] not found.
[WARNING STA-0174] /work/runs/wokwi/results/routing/tholin_avalonsemi_5401.nom.spef line 5220, net clkbuf_0_io_in\[0\] not found.
[WARNING STA-0174] /work/runs/wokwi/results/routing/tholin_avalonsemi_5401.nom.spef line 6037, net clkbuf_1_1__f_io_in\[0\] not found.
[WARNING STA-0174] /work/runs/wokwi/results/routing/tholin_avalonsemi_5401.nom.spef line 6444, net clkbuf_1_0__f_io_in\[0\] not found.
[WARNING STA-0174] /work/runs/wokwi/results/routing/tholin_avalonsemi_5401.nom.spef line 6720, net clkbuf_1_0__f_io_in\[0\] not found.
[WARNING STA-0174] /work/runs/wokwi/results/routing/tholin_avalonsemi_5401.nom.spef line 7557, net clkbuf_0_io_in\[0\] not found.
[WARNING STA-0174] /work/runs/wokwi/results/routing/tholin_avalonsemi_5401.nom.spef line 8947, net clkbuf_0_io_in\[0\] not found.
[WARNING STA-0174] /work/runs/wokwi/results/routing/tholin_avalonsemi_5401.nom.spef line 10226, net clkbuf_0_io_in\[0\] not found.
[WARNING STA-0174] /work/runs/wokwi/results/routing/tholin_avalonsemi_5401.nom.spef line 10643, net clkbuf_1_0__f_io_in\[0\] not found.
[WARNING STA-0174] /work/runs/wokwi/results/routing/tholin_avalonsemi_5401.nom.spef line 12527, net clkbuf_1_0__f_io_in\[0\] not found.
[WARNING STA-0174] /work/runs/wokwi/results/routing/tholin_avalonsemi_5401.nom.spef line 13556, net clkbuf_0_io_in\[0\] not found.
[WARNING STA-0174] /work/runs/wokwi/results/routing/tholin_avalonsemi_5401.nom.spef line 13709, net clkbuf_1_0__f_io_in\[0\] not found.
[WARNING STA-0174] /work/runs/wokwi/results/routing/tholin_avalonsemi_5401.nom.spef line 14425, net clkbuf_0_io_in\[0\] not found.
[WARNING STA-0174] /work/runs/wokwi/results/routing/tholin_avalonsemi_5401.nom.spef line 14426, net clkbuf_0_io_in\[0\] not found.
[WARNING STA-0174] /work/runs/wokwi/results/routing/tholin_avalonsemi_5401.nom.spef line 14586, net clkbuf_0_io_in\[0\] not found.
[WARNING STA-0174] /work/runs/wokwi/results/routing/tholin_avalonsemi_5401.nom.spef line 17170, net clkbuf_1_0__f_io_in\[0\] not found.
[WARNING STA-0172] /work/runs/wokwi/results/routing/tholin_avalonsemi_5401.nom.spef line 17398, instance clkbuf_1_0__f_io_in\[0\] not found.
[WARNING STA-0172] /work/runs/wokwi/results/routing/tholin_avalonsemi_5401.nom.spef line 17399, instance clkbuf_1_1__f_io_in\[0\] not found.
[WARNING STA-0172] /work/runs/wokwi/results/routing/tholin_avalonsemi_5401.nom.spef line 17400, instance clkbuf_0_io_in\[0\] not found.
[WARNING STA-0174] /work/runs/wokwi/results/routing/tholin_avalonsemi_5401.nom.spef line 17403, net clkbuf_1_0__f_io_in\[0\] not found.
[WARNING STA-0174] /work/runs/wokwi/results/routing/tholin_avalonsemi_5401.nom.spef line 17404, net clkbuf_1_1__f_io_in\[0\] not found.
[WARNING STA-0174] /work/runs/wokwi/results/routing/tholin_avalonsemi_5401.nom.spef line 17405, net clkbuf_0_io_in\[0\] not found.
[WARNING STA-0174] /work/runs/wokwi/results/routing/tholin_avalonsemi_5401.nom.spef line 17407, net clkbuf_1_0__f_io_in\[0\] not found.
[WARNING STA-0174] /work/runs/wokwi/results/routing/tholin_avalonsemi_5401.nom.spef line 17409, net clkbuf_1_1__f_io_in\[0\] not found.
[WARNING STA-0174] /work/runs/wokwi/results/routing/tholin_avalonsemi_5401.nom.spef line 17411, net clkbuf_1_0__f_io_in\[0\] not found.
[WARNING STA-0174] /work/runs/wokwi/results/routing/tholin_avalonsemi_5401.nom.spef line 17412, net clkbuf_0_io_in\[0\] not found.
[WARNING STA-0174] /work/runs/wokwi/results/routing/tholin_avalonsemi_5401.nom.spef line 17412, net clkbuf_1_1__f_io_in\[0\] not found.
[WARNING STA-0174] /work/runs/wokwi/results/routing/tholin_avalonsemi_5401.nom.spef line 17413, net clkbuf_0_io_in\[0\] not found.
[WARNING STA-0174] /work/runs/wokwi/results/routing/tholin_avalonsemi_5401.nom.spef line 17414, net clkbuf_1_0__f_io_in\[0\] not found.
[WARNING STA-0174] /work/runs/wokwi/results/routing/tholin_avalonsemi_5401.nom.spef line 17415, net clkbuf_1_0__f_io_in\[0\] not found.
[WARNING STA-0174] /work/runs/wokwi/results/routing/tholin_avalonsemi_5401.nom.spef line 17416, net clkbuf_1_0__f_io_in\[0\] not found.
[WARNING STA-0174] /work/runs/wokwi/results/routing/tholin_avalonsemi_5401.nom.spef line 17417, net clkbuf_1_0__f_io_in\[0\] not found.
[WARNING STA-0174] /work/runs/wokwi/results/routing/tholin_avalonsemi_5401.nom.spef line 17419, net clkbuf_1_0__f_io_in\[0\] not found.
[WARNING STA-0174] /work/runs/wokwi/results/routing/tholin_avalonsemi_5401.nom.spef line 17421, net clkbuf_0_io_in\[0\] not found.
[WARNING STA-0174] /work/runs/wokwi/results/routing/tholin_avalonsemi_5401.nom.spef line 17422, net clkbuf_1_1__f_io_in\[0\] not found.
[WARNING STA-0174] /work/runs/wokwi/results/routing/tholin_avalonsemi_5401.nom.spef line 17423, net clkbuf_1_0__f_io_in\[0\] not found.
[WARNING STA-0174] /work/runs/wokwi/results/routing/tholin_avalonsemi_5401.nom.spef line 17446, net clkbuf_1_0__f_io_in\[0\] not found.
[WARNING STA-0172] /work/runs/wokwi/results/routing/tholin_avalonsemi_5401.nom.spef line 17874, instance clkbuf_1_0__f_io_in\[0\] not found.
[WARNING STA-0174] /work/runs/wokwi/results/routing/tholin_avalonsemi_5401.nom.spef line 17880, net clkbuf_1_0__f_io_in\[0\] not found.
[WARNING STA-0174] /work/runs/wokwi/results/routing/tholin_avalonsemi_5401.nom.spef line 17902, net clkbuf_1_0__f_io_in\[0\] not found.
[WARNING STA-0172] /work/runs/wokwi/results/routing/tholin_avalonsemi_5401.nom.spef line 18279, instance clkbuf_1_1__f_io_in\[0\] not found.
[WARNING STA-0174] /work/runs/wokwi/results/routing/tholin_avalonsemi_5401.nom.spef line 18285, net clkbuf_1_1__f_io_in\[0\] not found.
[WARNING STA-0174] /work/runs/wokwi/results/routing/tholin_avalonsemi_5401.nom.spef line 18331, net clkbuf_1_1__f_io_in\[0\] not found.
[WARNING STA-0174] /work/runs/wokwi/results/routing/tholin_avalonsemi_5401.nom.spef line 18442, net clkbuf_0_io_in\[0\] not found.
min_report

===========================================================================
report_checks -path_delay min (Hold)
============================================================================
Startpoint: io_in[1] (input port clocked by io_in[0])
Endpoint: _513_ (removal check against rising-edge clock io_in[0])
Path Group: **async_default**
Path Type: min

Fanout     Cap    Slew   Delay    Time   Description
-----------------------------------------------------------------------------
                          0.00    0.00   clock io_in[0] (rise edge)
                          0.00    0.00   clock network delay (propagated)
                       2000.00 2000.00 v input external delay
                  0.03    0.02 2000.02 v io_in[1] (in)
     2    0.01                           io_in[1] (net)
                  0.03    0.00 2000.02 v input1/A (sky130_fd_sc_hd__clkbuf_1)
                  0.14    0.16 2000.18 v input1/X (sky130_fd_sc_hd__clkbuf_1)
     4    0.02                           net1 (net)
                  0.14    0.00 2000.18 v _223_/A (sky130_fd_sc_hd__clkbuf_2)
                  0.10    0.20 2000.38 v _223_/X (sky130_fd_sc_hd__clkbuf_2)
     5    0.03                           _043_ (net)
                  0.10    0.00 2000.38 v _224_/A (sky130_fd_sc_hd__clkbuf_2)
                  0.10    0.18 2000.56 v _224_/X (sky130_fd_sc_hd__clkbuf_2)
     5    0.03                           _044_ (net)
                  0.10    0.00 2000.57 v _467_/A (sky130_fd_sc_hd__nand2_2)
                  0.06    0.09 2000.65 ^ _467_/Y (sky130_fd_sc_hd__nand2_2)
     1    0.01                           _001_ (net)
                  0.06    0.00 2000.65 ^ _513_/RESET_B (sky130_fd_sc_hd__dfrtp_1)
                               2000.65   data arrival time

                          0.00    0.00   clock io_in[0] (rise edge)
                          0.00    0.00   clock source latency
                  0.02    0.01    0.01 ^ io_in[0] (in)
     1    0.00                           io_in[0] (net)
                  0.02    0.00    0.01 ^ clkbuf_0_io_in[0]/A (sky130_fd_sc_hd__clkbuf_16)
                  0.04    0.12    0.13 ^ clkbuf_0_io_in[0]/X (sky130_fd_sc_hd__clkbuf_16)
     2    0.02                           clknet_0_io_in[0] (net)
                  0.04    0.00    0.13 ^ clkbuf_1_0__f_io_in[0]/A (sky130_fd_sc_hd__clkbuf_16)
                  0.03    0.11    0.24 ^ clkbuf_1_0__f_io_in[0]/X (sky130_fd_sc_hd__clkbuf_16)
     3    0.01                           clknet_1_0__leaf_io_in[0] (net)
                  0.03    0.00    0.24 ^ _513_/CLK (sky130_fd_sc_hd__dfrtp_1)
                          0.25    0.49   clock uncertainty
                          0.00    0.49   clock reconvergence pessimism
                          0.32    0.81   library removal time
                                  0.81   data required time
-----------------------------------------------------------------------------
                                  0.81   data required time
                               -2000.65   data arrival time
-----------------------------------------------------------------------------
                               1999.84   slack (MET)


Startpoint: io_in[1] (input port clocked by io_in[0])
Endpoint: _519_ (removal check against rising-edge clock io_in[0])
Path Group: **async_default**
Path Type: min

Fanout     Cap    Slew   Delay    Time   Description
-----------------------------------------------------------------------------
                          0.00    0.00   clock io_in[0] (rise edge)
                          0.00    0.00   clock network delay (propagated)
                       2000.00 2000.00 v input external delay
                  0.03    0.02 2000.02 v io_in[1] (in)
     2    0.01                           io_in[1] (net)
                  0.03    0.00 2000.02 v input1/A (sky130_fd_sc_hd__clkbuf_1)
                  0.14    0.16 2000.18 v input1/X (sky130_fd_sc_hd__clkbuf_1)
     4    0.02                           net1 (net)
                  0.14    0.00 2000.18 v _223_/A (sky130_fd_sc_hd__clkbuf_2)
                  0.10    0.20 2000.38 v _223_/X (sky130_fd_sc_hd__clkbuf_2)
     5    0.03                           _043_ (net)
                  0.10    0.00 2000.38 v _471_/A (sky130_fd_sc_hd__clkbuf_2)
                  0.15    0.22 2000.60 v _471_/X (sky130_fd_sc_hd__clkbuf_2)
     5    0.04                           _219_ (net)
                  0.15    0.00 2000.60 v _475_/A (sky130_fd_sc_hd__nand2_2)
                  0.06    0.10 2000.70 ^ _475_/Y (sky130_fd_sc_hd__nand2_2)
     1    0.01                           _008_ (net)
                  0.06    0.00 2000.71 ^ _519_/RESET_B (sky130_fd_sc_hd__dfrtp_1)
                               2000.71   data arrival time

                          0.00    0.00   clock io_in[0] (rise edge)
                          0.00    0.00   clock source latency
                  0.02    0.01    0.01 ^ io_in[0] (in)
     1    0.00                           io_in[0] (net)
                  0.02    0.00    0.01 ^ clkbuf_0_io_in[0]/A (sky130_fd_sc_hd__clkbuf_16)
                  0.04    0.12    0.13 ^ clkbuf_0_io_in[0]/X (sky130_fd_sc_hd__clkbuf_16)
     2    0.02                           clknet_0_io_in[0] (net)
                  0.04    0.00    0.13 ^ clkbuf_1_0__f_io_in[0]/A (sky130_fd_sc_hd__clkbuf_16)
                  0.03    0.11    0.24 ^ clkbuf_1_0__f_io_in[0]/X (sky130_fd_sc_hd__clkbuf_16)
     3    0.01                           clknet_1_0__leaf_io_in[0] (net)
                  0.03    0.00    0.24 ^ _519_/CLK (sky130_fd_sc_hd__dfrtp_1)
                          0.25    0.49   clock uncertainty
                          0.00    0.49   clock reconvergence pessimism
                          0.32    0.81   library removal time
                                  0.81   data required time
-----------------------------------------------------------------------------
                                  0.81   data required time
                               -2000.71   data arrival time
-----------------------------------------------------------------------------
                               1999.89   slack (MET)


Startpoint: _489_ (rising edge-triggered flip-flop clocked by io_in[0])
Endpoint: _489_ (rising edge-triggered flip-flop clocked by io_in[0])
Path Group: io_in[0]
Path Type: min

Fanout     Cap    Slew   Delay    Time   Description
-----------------------------------------------------------------------------
                          0.00    0.00   clock io_in[0] (rise edge)
                          0.00    0.00   clock source latency
                  0.02    0.01    0.01 ^ io_in[0] (in)
     1    0.00                           io_in[0] (net)
                  0.02    0.00    0.01 ^ clkbuf_0_io_in[0]/A (sky130_fd_sc_hd__clkbuf_16)
                  0.04    0.11    0.12 ^ clkbuf_0_io_in[0]/X (sky130_fd_sc_hd__clkbuf_16)
     2    0.02                           clknet_0_io_in[0] (net)
                  0.04    0.00    0.12 ^ clkbuf_1_1__f_io_in[0]/A (sky130_fd_sc_hd__clkbuf_16)
                  0.03    0.10    0.22 ^ clkbuf_1_1__f_io_in[0]/X (sky130_fd_sc_hd__clkbuf_16)
     3    0.01                           clknet_1_1__leaf_io_in[0] (net)
                  0.03    0.00    0.22 ^ _253_/A (sky130_fd_sc_hd__buf_1)
                  0.13    0.13    0.35 ^ _253_/X (sky130_fd_sc_hd__buf_1)
     1    0.01                           _063_ (net)
                  0.13    0.00    0.35 ^ clkbuf_0__063_/A (sky130_fd_sc_hd__clkbuf_16)
                  0.04    0.15    0.50 ^ clkbuf_0__063_/X (sky130_fd_sc_hd__clkbuf_16)
     2    0.02                           clknet_0__063_ (net)
                  0.04    0.00    0.50 ^ clkbuf_1_1__f__063_/A (sky130_fd_sc_hd__clkbuf_16)
                  0.03    0.10    0.60 ^ clkbuf_1_1__f__063_/X (sky130_fd_sc_hd__clkbuf_16)
     2    0.01                           clknet_1_1__leaf__063_ (net)
                  0.03    0.00    0.60 ^ _263_/A (sky130_fd_sc_hd__and3_2)
                  0.05    0.15    0.76 ^ _263_/X (sky130_fd_sc_hd__and3_2)
     1    0.01                           _073_ (net)
                  0.05    0.00    0.76 ^ _264_/A (sky130_fd_sc_hd__buf_1)
                  0.15    0.15    0.91 ^ _264_/X (sky130_fd_sc_hd__buf_1)
     1    0.01                           CIRCUIT_0.int_memory_1.GATES_12.result (net)
                  0.15    0.00    0.91 ^ clkbuf_0_CIRCUIT_0.int_memory_1.GATES_12.result/A (sky130_fd_sc_hd__clkbuf_16)
                  0.04    0.15    1.06 ^ clkbuf_0_CIRCUIT_0.int_memory_1.GATES_12.result/X (sky130_fd_sc_hd__clkbuf_16)
     2    0.02                           clknet_0_CIRCUIT_0.int_memory_1.GATES_12.result (net)
                  0.04    0.00    1.06 ^ clkbuf_1_1__f_CIRCUIT_0.int_memory_1.GATES_12.result/A (sky130_fd_sc_hd__clkbuf_16)
                  0.03    0.10    1.17 ^ clkbuf_1_1__f_CIRCUIT_0.int_memory_1.GATES_12.result/X (sky130_fd_sc_hd__clkbuf_16)
     2    0.00                           clknet_1_1__leaf_CIRCUIT_0.int_memory_1.GATES_12.result (net)
                  0.03    0.00    1.17 ^ _489_/CLK (sky130_fd_sc_hd__dfxtp_1)
                  0.07    0.30    1.47 ^ _489_/Q (sky130_fd_sc_hd__dfxtp_1)
     2    0.01                           CIRCUIT_0.int_memory_1.GATES_6.input2[1] (net)
                  0.07    0.00    1.47 ^ _435_/A1 (sky130_fd_sc_hd__a21o_1)
                  0.04    0.10    1.57 ^ _435_/X (sky130_fd_sc_hd__a21o_1)
     1    0.00                           _040_ (net)
                  0.04    0.00    1.57 ^ _489_/D (sky130_fd_sc_hd__dfxtp_1)
                                  1.57   data arrival time

                          0.00    0.00   clock io_in[0] (rise edge)
                          0.00    0.00   clock source latency
                  0.02    0.01    0.01 ^ io_in[0] (in)
     1    0.00                           io_in[0] (net)
                  0.02    0.00    0.01 ^ clkbuf_0_io_in[0]/A (sky130_fd_sc_hd__clkbuf_16)
                  0.04    0.12    0.13 ^ clkbuf_0_io_in[0]/X (sky130_fd_sc_hd__clkbuf_16)
     2    0.02                           clknet_0_io_in[0] (net)
                  0.04    0.00    0.13 ^ clkbuf_1_1__f_io_in[0]/A (sky130_fd_sc_hd__clkbuf_16)
                  0.03    0.11    0.24 ^ clkbuf_1_1__f_io_in[0]/X (sky130_fd_sc_hd__clkbuf_16)
     3    0.01                           clknet_1_1__leaf_io_in[0] (net)
                  0.03    0.00    0.24 ^ _253_/A (sky130_fd_sc_hd__buf_1)
                  0.13    0.14    0.39 ^ _253_/X (sky130_fd_sc_hd__buf_1)
     1    0.01                           _063_ (net)
                  0.13    0.00    0.39 ^ clkbuf_0__063_/A (sky130_fd_sc_hd__clkbuf_16)
                  0.04    0.16    0.55 ^ clkbuf_0__063_/X (sky130_fd_sc_hd__clkbuf_16)
     2    0.02                           clknet_0__063_ (net)
                  0.04    0.00    0.55 ^ clkbuf_1_1__f__063_/A (sky130_fd_sc_hd__clkbuf_16)
                  0.03    0.12    0.67 ^ clkbuf_1_1__f__063_/X (sky130_fd_sc_hd__clkbuf_16)
     2    0.01                           clknet_1_1__leaf__063_ (net)
                  0.03    0.00    0.67 ^ _263_/A (sky130_fd_sc_hd__and3_2)
                  0.05    0.17    0.84 ^ _263_/X (sky130_fd_sc_hd__and3_2)
     1    0.01                           _073_ (net)
                  0.05    0.00    0.84 ^ _264_/A (sky130_fd_sc_hd__buf_1)
                  0.15    0.17    1.00 ^ _264_/X (sky130_fd_sc_hd__buf_1)
     1    0.01                           CIRCUIT_0.int_memory_1.GATES_12.result (net)
                  0.15    0.00    1.00 ^ clkbuf_0_CIRCUIT_0.int_memory_1.GATES_12.result/A (sky130_fd_sc_hd__clkbuf_16)
                  0.04    0.17    1.17 ^ clkbuf_0_CIRCUIT_0.int_memory_1.GATES_12.result/X (sky130_fd_sc_hd__clkbuf_16)
     2    0.02                           clknet_0_CIRCUIT_0.int_memory_1.GATES_12.result (net)
                  0.04    0.00    1.17 ^ clkbuf_1_1__f_CIRCUIT_0.int_memory_1.GATES_12.result/A (sky130_fd_sc_hd__clkbuf_16)
                  0.03    0.11    1.29 ^ clkbuf_1_1__f_CIRCUIT_0.int_memory_1.GATES_12.result/X (sky130_fd_sc_hd__clkbuf_16)
     2    0.00                           clknet_1_1__leaf_CIRCUIT_0.int_memory_1.GATES_12.result (net)
                  0.03    0.00    1.29 ^ _489_/CLK (sky130_fd_sc_hd__dfxtp_1)
                          0.25    1.54   clock uncertainty
                         -0.12    1.42   clock reconvergence pessimism
                         -0.03    1.38   library hold time
                                  1.38   data required time
-----------------------------------------------------------------------------
                                  1.38   data required time
                                 -1.57   data arrival time
-----------------------------------------------------------------------------
                                  0.19   slack (MET)


Startpoint: _498_ (rising edge-triggered flip-flop clocked by io_in[0])
Endpoint: _498_ (rising edge-triggered flip-flop clocked by io_in[0])
Path Group: io_in[0]
Path Type: min

Fanout     Cap    Slew   Delay    Time   Description
-----------------------------------------------------------------------------
                          0.00    0.00   clock io_in[0] (rise edge)
                          0.00    0.00   clock source latency
                  0.02    0.01    0.01 ^ io_in[0] (in)
     1    0.00                           io_in[0] (net)
                  0.02    0.00    0.01 ^ clkbuf_0_io_in[0]/A (sky130_fd_sc_hd__clkbuf_16)
                  0.04    0.11    0.12 ^ clkbuf_0_io_in[0]/X (sky130_fd_sc_hd__clkbuf_16)
     2    0.02                           clknet_0_io_in[0] (net)
                  0.04    0.00    0.12 ^ clkbuf_1_1__f_io_in[0]/A (sky130_fd_sc_hd__clkbuf_16)
                  0.03    0.10    0.22 ^ clkbuf_1_1__f_io_in[0]/X (sky130_fd_sc_hd__clkbuf_16)
     3    0.01                           clknet_1_1__leaf_io_in[0] (net)
                  0.03    0.00    0.22 ^ _253_/A (sky130_fd_sc_hd__buf_1)
                  0.13    0.13    0.35 ^ _253_/X (sky130_fd_sc_hd__buf_1)
     1    0.01                           _063_ (net)
                  0.13    0.00    0.35 ^ clkbuf_0__063_/A (sky130_fd_sc_hd__clkbuf_16)
                  0.04    0.15    0.50 ^ clkbuf_0__063_/X (sky130_fd_sc_hd__clkbuf_16)
     2    0.02                           clknet_0__063_ (net)
                  0.04    0.00    0.50 ^ clkbuf_1_0__f__063_/A (sky130_fd_sc_hd__clkbuf_16)
                  0.03    0.11    0.61 ^ clkbuf_1_0__f__063_/X (sky130_fd_sc_hd__clkbuf_16)
     3    0.01                           clknet_1_0__leaf__063_ (net)
                  0.03    0.00    0.61 ^ _270_/A (sky130_fd_sc_hd__and3_2)
                  0.07    0.17    0.77 ^ _270_/X (sky130_fd_sc_hd__and3_2)
     1    0.01                           _078_ (net)
                  0.07    0.00    0.77 ^ _271_/A (sky130_fd_sc_hd__buf_1)
                  0.16    0.16    0.93 ^ _271_/X (sky130_fd_sc_hd__buf_1)
     1    0.01                           CIRCUIT_0.int_memory_1.GATES_14.result (net)
                  0.16    0.00    0.94 ^ clkbuf_0_CIRCUIT_0.int_memory_1.GATES_14.result/A (sky130_fd_sc_hd__clkbuf_16)
                  0.04    0.16    1.09 ^ clkbuf_0_CIRCUIT_0.int_memory_1.GATES_14.result/X (sky130_fd_sc_hd__clkbuf_16)
     2    0.02                           clknet_0_CIRCUIT_0.int_memory_1.GATES_14.result (net)
                  0.04    0.00    1.09 ^ clkbuf_1_1__f_CIRCUIT_0.int_memory_1.GATES_14.result/A (sky130_fd_sc_hd__clkbuf_16)
                  0.03    0.11    1.20 ^ clkbuf_1_1__f_CIRCUIT_0.int_memory_1.GATES_14.result/X (sky130_fd_sc_hd__clkbuf_16)
     2    0.01                           clknet_1_1__leaf_CIRCUIT_0.int_memory_1.GATES_14.result (net)
                  0.03    0.00    1.20 ^ _498_/CLK (sky130_fd_sc_hd__dfxtp_1)
                  0.08    0.31    1.51 ^ _498_/Q (sky130_fd_sc_hd__dfxtp_1)
     2    0.01                           CIRCUIT_0.int_memory_1.GATES_2.input2[2] (net)
                  0.08    0.00    1.51 ^ _451_/A1 (sky130_fd_sc_hd__a21o_1)
                  0.03    0.10    1.61 ^ _451_/X (sky130_fd_sc_hd__a21o_1)
     1    0.00                           _025_ (net)
                  0.03    0.00    1.61 ^ _498_/D (sky130_fd_sc_hd__dfxtp_1)
                                  1.61   data arrival time

                          0.00    0.00   clock io_in[0] (rise edge)
                          0.00    0.00   clock source latency
                  0.02    0.01    0.01 ^ io_in[0] (in)
     1    0.00                           io_in[0] (net)
                  0.02    0.00    0.01 ^ clkbuf_0_io_in[0]/A (sky130_fd_sc_hd__clkbuf_16)
                  0.04    0.12    0.13 ^ clkbuf_0_io_in[0]/X (sky130_fd_sc_hd__clkbuf_16)
     2    0.02                           clknet_0_io_in[0] (net)
                  0.04    0.00    0.13 ^ clkbuf_1_1__f_io_in[0]/A (sky130_fd_sc_hd__clkbuf_16)
                  0.03    0.11    0.24 ^ clkbuf_1_1__f_io_in[0]/X (sky130_fd_sc_hd__clkbuf_16)
     3    0.01                           clknet_1_1__leaf_io_in[0] (net)
                  0.03    0.00    0.24 ^ _253_/A (sky130_fd_sc_hd__buf_1)
                  0.13    0.14    0.39 ^ _253_/X (sky130_fd_sc_hd__buf_1)
     1    0.01                           _063_ (net)
                  0.13    0.00    0.39 ^ clkbuf_0__063_/A (sky130_fd_sc_hd__clkbuf_16)
                  0.04    0.16    0.55 ^ clkbuf_0__063_/X (sky130_fd_sc_hd__clkbuf_16)
     2    0.02                           clknet_0__063_ (net)
                  0.04    0.00    0.55 ^ clkbuf_1_0__f__063_/A (sky130_fd_sc_hd__clkbuf_16)
                  0.03    0.12    0.67 ^ clkbuf_1_0__f__063_/X (sky130_fd_sc_hd__clkbuf_16)
     3    0.01                           clknet_1_0__leaf__063_ (net)
                  0.03    0.00    0.67 ^ _270_/A (sky130_fd_sc_hd__and3_2)
                  0.07    0.18    0.85 ^ _270_/X (sky130_fd_sc_hd__and3_2)
     1    0.01                           _078_ (net)
                  0.07    0.00    0.85 ^ _271_/A (sky130_fd_sc_hd__buf_1)
                  0.16    0.18    1.03 ^ _271_/X (sky130_fd_sc_hd__buf_1)
     1    0.01                           CIRCUIT_0.int_memory_1.GATES_14.result (net)
                  0.16    0.00    1.04 ^ clkbuf_0_CIRCUIT_0.int_memory_1.GATES_14.result/A (sky130_fd_sc_hd__clkbuf_16)
                  0.04    0.17    1.21 ^ clkbuf_0_CIRCUIT_0.int_memory_1.GATES_14.result/X (sky130_fd_sc_hd__clkbuf_16)
     2    0.02                           clknet_0_CIRCUIT_0.int_memory_1.GATES_14.result (net)
                  0.04    0.00    1.21 ^ clkbuf_1_1__f_CIRCUIT_0.int_memory_1.GATES_14.result/A (sky130_fd_sc_hd__clkbuf_16)
                  0.03    0.12    1.33 ^ clkbuf_1_1__f_CIRCUIT_0.int_memory_1.GATES_14.result/X (sky130_fd_sc_hd__clkbuf_16)
     2    0.01                           clknet_1_1__leaf_CIRCUIT_0.int_memory_1.GATES_14.result (net)
                  0.03    0.00    1.33 ^ _498_/CLK (sky130_fd_sc_hd__dfxtp_1)
                          0.25    1.58   clock uncertainty
                         -0.13    1.45   clock reconvergence pessimism
                         -0.03    1.42   library hold time
                                  1.42   data required time
-----------------------------------------------------------------------------
                                  1.42   data required time
                                 -1.61   data arrival time
-----------------------------------------------------------------------------
                                  0.19   slack (MET)


Startpoint: _504_ (rising edge-triggered flip-flop clocked by io_in[0])
Endpoint: _504_ (rising edge-triggered flip-flop clocked by io_in[0])
Path Group: io_in[0]
Path Type: min

Fanout     Cap    Slew   Delay    Time   Description
-----------------------------------------------------------------------------
                          0.00    0.00   clock io_in[0] (rise edge)
                          0.00    0.00   clock source latency
                  0.02    0.01    0.01 ^ io_in[0] (in)
     1    0.00                           io_in[0] (net)
                  0.02    0.00    0.01 ^ clkbuf_0_io_in[0]/A (sky130_fd_sc_hd__clkbuf_16)
                  0.04    0.11    0.12 ^ clkbuf_0_io_in[0]/X (sky130_fd_sc_hd__clkbuf_16)
     2    0.02                           clknet_0_io_in[0] (net)
                  0.04    0.00    0.12 ^ clkbuf_1_0__f_io_in[0]/A (sky130_fd_sc_hd__clkbuf_16)
                  0.03    0.10    0.22 ^ clkbuf_1_0__f_io_in[0]/X (sky130_fd_sc_hd__clkbuf_16)
     3    0.01                           clknet_1_0__leaf_io_in[0] (net)
                  0.03    0.00    0.22 ^ _276_/A (sky130_fd_sc_hd__and3_2)
                  0.09    0.19    0.41 ^ _276_/X (sky130_fd_sc_hd__and3_2)
     1    0.01                           _082_ (net)
                  0.09    0.00    0.41 ^ _277_/A (sky130_fd_sc_hd__buf_1)
                  0.18    0.18    0.58 ^ _277_/X (sky130_fd_sc_hd__buf_1)
     1    0.01                           CIRCUIT_0.int_memory_1.GATES_16.result (net)
                  0.18    0.00    0.59 ^ clkbuf_0_CIRCUIT_0.int_memory_1.GATES_16.result/A (sky130_fd_sc_hd__clkbuf_16)
                  0.04    0.16    0.75 ^ clkbuf_0_CIRCUIT_0.int_memory_1.GATES_16.result/X (sky130_fd_sc_hd__clkbuf_16)
     2    0.02                           clknet_0_CIRCUIT_0.int_memory_1.GATES_16.result (net)
                  0.04    0.00    0.75 ^ clkbuf_1_0__f_CIRCUIT_0.int_memory_1.GATES_16.result/A (sky130_fd_sc_hd__clkbuf_16)
                  0.03    0.11    0.85 ^ clkbuf_1_0__f_CIRCUIT_0.int_memory_1.GATES_16.result/X (sky130_fd_sc_hd__clkbuf_16)
     2    0.01                           clknet_1_0__leaf_CIRCUIT_0.int_memory_1.GATES_16.result (net)
                  0.03    0.00    0.85 ^ _504_/CLK (sky130_fd_sc_hd__dfxtp_1)
                  0.08    0.31    1.16 ^ _504_/Q (sky130_fd_sc_hd__dfxtp_1)
     2    0.01                           CIRCUIT_0.int_memory_1.GATES_4.input2[0] (net)
                  0.08    0.00    1.16 ^ _458_/A1 (sky130_fd_sc_hd__a21o_1)
                  0.04    0.11    1.27 ^ _458_/X (sky130_fd_sc_hd__a21o_1)
     1    0.00                           _031_ (net)
                  0.04    0.00    1.27 ^ _504_/D (sky130_fd_sc_hd__dfxtp_1)
                                  1.27   data arrival time

                          0.00    0.00   clock io_in[0] (rise edge)
                          0.00    0.00   clock source latency
                  0.02    0.01    0.01 ^ io_in[0] (in)
     1    0.00                           io_in[0] (net)
                  0.02    0.00    0.01 ^ clkbuf_0_io_in[0]/A (sky130_fd_sc_hd__clkbuf_16)
                  0.04    0.12    0.13 ^ clkbuf_0_io_in[0]/X (sky130_fd_sc_hd__clkbuf_16)
     2    0.02                           clknet_0_io_in[0] (net)
                  0.04    0.00    0.13 ^ clkbuf_1_0__f_io_in[0]/A (sky130_fd_sc_hd__clkbuf_16)
                  0.03    0.11    0.24 ^ clkbuf_1_0__f_io_in[0]/X (sky130_fd_sc_hd__clkbuf_16)
     3    0.01                           clknet_1_0__leaf_io_in[0] (net)
                  0.03    0.00    0.24 ^ _276_/A (sky130_fd_sc_hd__and3_2)
                  0.09    0.21    0.45 ^ _276_/X (sky130_fd_sc_hd__and3_2)
     1    0.01                           _082_ (net)
                  0.09    0.00    0.45 ^ _277_/A (sky130_fd_sc_hd__buf_1)
                  0.18    0.20    0.65 ^ _277_/X (sky130_fd_sc_hd__buf_1)
     1    0.01                           CIRCUIT_0.int_memory_1.GATES_16.result (net)
                  0.18    0.00    0.65 ^ clkbuf_0_CIRCUIT_0.int_memory_1.GATES_16.result/A (sky130_fd_sc_hd__clkbuf_16)
                  0.04    0.18    0.83 ^ clkbuf_0_CIRCUIT_0.int_memory_1.GATES_16.result/X (sky130_fd_sc_hd__clkbuf_16)
     2    0.02                           clknet_0_CIRCUIT_0.int_memory_1.GATES_16.result (net)
                  0.04    0.00    0.83 ^ clkbuf_1_0__f_CIRCUIT_0.int_memory_1.GATES_16.result/A (sky130_fd_sc_hd__clkbuf_16)
                  0.03    0.12    0.94 ^ clkbuf_1_0__f_CIRCUIT_0.int_memory_1.GATES_16.result/X (sky130_fd_sc_hd__clkbuf_16)
     2    0.01                           clknet_1_0__leaf_CIRCUIT_0.int_memory_1.GATES_16.result (net)
                  0.03    0.00    0.94 ^ _504_/CLK (sky130_fd_sc_hd__dfxtp_1)
                          0.25    1.19   clock uncertainty
                         -0.09    1.10   clock reconvergence pessimism
                         -0.03    1.07   library hold time
                                  1.07   data required time
-----------------------------------------------------------------------------
                                  1.07   data required time
                                 -1.27   data arrival time
-----------------------------------------------------------------------------
                                  0.20   slack (MET)


Startpoint: _510_ (rising edge-triggered flip-flop clocked by io_in[0])
Endpoint: _510_ (rising edge-triggered flip-flop clocked by io_in[0])
Path Group: io_in[0]
Path Type: min

Fanout     Cap    Slew   Delay    Time   Description
-----------------------------------------------------------------------------
                          0.00    0.00   clock io_in[0] (rise edge)
                          0.00    0.00   clock source latency
                  0.02    0.01    0.01 ^ io_in[0] (in)
     1    0.00                           io_in[0] (net)
                  0.02    0.00    0.01 ^ clkbuf_0_io_in[0]/A (sky130_fd_sc_hd__clkbuf_16)
                  0.04    0.11    0.12 ^ clkbuf_0_io_in[0]/X (sky130_fd_sc_hd__clkbuf_16)
     2    0.02                           clknet_0_io_in[0] (net)
                  0.04    0.00    0.12 ^ clkbuf_1_1__f_io_in[0]/A (sky130_fd_sc_hd__clkbuf_16)
                  0.03    0.10    0.22 ^ clkbuf_1_1__f_io_in[0]/X (sky130_fd_sc_hd__clkbuf_16)
     3    0.01                           clknet_1_1__leaf_io_in[0] (net)
                  0.03    0.00    0.22 ^ _279_/A (sky130_fd_sc_hd__and3_2)
                  0.09    0.19    0.41 ^ _279_/X (sky130_fd_sc_hd__and3_2)
     1    0.01                           _084_ (net)
                  0.09    0.00    0.41 ^ _280_/A (sky130_fd_sc_hd__buf_1)
                  0.15    0.16    0.57 ^ _280_/X (sky130_fd_sc_hd__buf_1)
     1    0.01                           CIRCUIT_0.int_memory_1.GATES_17.result (net)
                  0.15    0.00    0.57 ^ clkbuf_0_CIRCUIT_0.int_memory_1.GATES_17.result/A (sky130_fd_sc_hd__clkbuf_16)
                  0.04    0.15    0.72 ^ clkbuf_0_CIRCUIT_0.int_memory_1.GATES_17.result/X (sky130_fd_sc_hd__clkbuf_16)
     2    0.02                           clknet_0_CIRCUIT_0.int_memory_1.GATES_17.result (net)
                  0.04    0.00    0.72 ^ clkbuf_1_0__f_CIRCUIT_0.int_memory_1.GATES_17.result/A (sky130_fd_sc_hd__clkbuf_16)
                  0.03    0.11    0.83 ^ clkbuf_1_0__f_CIRCUIT_0.int_memory_1.GATES_17.result/X (sky130_fd_sc_hd__clkbuf_16)
     2    0.01                           clknet_1_0__leaf_CIRCUIT_0.int_memory_1.GATES_17.result (net)
                  0.03    0.00    0.83 ^ _510_/CLK (sky130_fd_sc_hd__dfxtp_1)
                  0.08    0.31    1.14 ^ _510_/Q (sky130_fd_sc_hd__dfxtp_1)
     2    0.01                           CIRCUIT_0.int_memory_1.GATES_5.input2[2] (net)
                  0.08    0.00    1.14 ^ _464_/A1 (sky130_fd_sc_hd__a21o_1)
                  0.04    0.11    1.24 ^ _464_/X (sky130_fd_sc_hd__a21o_1)
     1    0.00                           _037_ (net)
                  0.04    0.00    1.24 ^ _510_/D (sky130_fd_sc_hd__dfxtp_1)
                                  1.24   data arrival time

                          0.00    0.00   clock io_in[0] (rise edge)
                          0.00    0.00   clock source latency
                  0.02    0.01    0.01 ^ io_in[0] (in)
     1    0.00                           io_in[0] (net)
                  0.02    0.00    0.01 ^ clkbuf_0_io_in[0]/A (sky130_fd_sc_hd__clkbuf_16)
                  0.04    0.12    0.13 ^ clkbuf_0_io_in[0]/X (sky130_fd_sc_hd__clkbuf_16)
     2    0.02                           clknet_0_io_in[0] (net)
                  0.04    0.00    0.13 ^ clkbuf_1_1__f_io_in[0]/A (sky130_fd_sc_hd__clkbuf_16)
                  0.03    0.11    0.24 ^ clkbuf_1_1__f_io_in[0]/X (sky130_fd_sc_hd__clkbuf_16)
     3    0.01                           clknet_1_1__leaf_io_in[0] (net)
                  0.03    0.00    0.24 ^ _279_/A (sky130_fd_sc_hd__and3_2)
                  0.09    0.21    0.45 ^ _279_/X (sky130_fd_sc_hd__and3_2)
     1    0.01                           _084_ (net)
                  0.09    0.00    0.45 ^ _280_/A (sky130_fd_sc_hd__buf_1)
                  0.15    0.17    0.63 ^ _280_/X (sky130_fd_sc_hd__buf_1)
     1    0.01                           CIRCUIT_0.int_memory_1.GATES_17.result (net)
                  0.15    0.00    0.63 ^ clkbuf_0_CIRCUIT_0.int_memory_1.GATES_17.result/A (sky130_fd_sc_hd__clkbuf_16)
                  0.04    0.17    0.80 ^ clkbuf_0_CIRCUIT_0.int_memory_1.GATES_17.result/X (sky130_fd_sc_hd__clkbuf_16)
     2    0.02                           clknet_0_CIRCUIT_0.int_memory_1.GATES_17.result (net)
                  0.04    0.00    0.80 ^ clkbuf_1_0__f_CIRCUIT_0.int_memory_1.GATES_17.result/A (sky130_fd_sc_hd__clkbuf_16)
                  0.03    0.12    0.92 ^ clkbuf_1_0__f_CIRCUIT_0.int_memory_1.GATES_17.result/X (sky130_fd_sc_hd__clkbuf_16)
     2    0.01                           clknet_1_0__leaf_CIRCUIT_0.int_memory_1.GATES_17.result (net)
                  0.03    0.00    0.92 ^ _510_/CLK (sky130_fd_sc_hd__dfxtp_1)
                          0.25    1.17   clock uncertainty
                         -0.09    1.08   clock reconvergence pessimism
                         -0.03    1.05   library hold time
                                  1.05   data required time
-----------------------------------------------------------------------------
                                  1.05   data required time
                                 -1.24   data arrival time
-----------------------------------------------------------------------------
                                  0.20   slack (MET)


Startpoint: _505_ (rising edge-triggered flip-flop clocked by io_in[0])
Endpoint: _505_ (rising edge-triggered flip-flop clocked by io_in[0])
Path Group: io_in[0]
Path Type: min

Fanout     Cap    Slew   Delay    Time   Description
-----------------------------------------------------------------------------
                          0.00    0.00   clock io_in[0] (rise edge)
                          0.00    0.00   clock source latency
                  0.02    0.01    0.01 ^ io_in[0] (in)
     1    0.00                           io_in[0] (net)
                  0.02    0.00    0.01 ^ clkbuf_0_io_in[0]/A (sky130_fd_sc_hd__clkbuf_16)
                  0.04    0.11    0.12 ^ clkbuf_0_io_in[0]/X (sky130_fd_sc_hd__clkbuf_16)
     2    0.02                           clknet_0_io_in[0] (net)
                  0.04    0.00    0.12 ^ clkbuf_1_0__f_io_in[0]/A (sky130_fd_sc_hd__clkbuf_16)
                  0.03    0.10    0.22 ^ clkbuf_1_0__f_io_in[0]/X (sky130_fd_sc_hd__clkbuf_16)
     3    0.01                           clknet_1_0__leaf_io_in[0] (net)
                  0.03    0.00    0.22 ^ _276_/A (sky130_fd_sc_hd__and3_2)
                  0.09    0.19    0.41 ^ _276_/X (sky130_fd_sc_hd__and3_2)
     1    0.01                           _082_ (net)
                  0.09    0.00    0.41 ^ _277_/A (sky130_fd_sc_hd__buf_1)
                  0.18    0.18    0.58 ^ _277_/X (sky130_fd_sc_hd__buf_1)
     1    0.01                           CIRCUIT_0.int_memory_1.GATES_16.result (net)
                  0.18    0.00    0.59 ^ clkbuf_0_CIRCUIT_0.int_memory_1.GATES_16.result/A (sky130_fd_sc_hd__clkbuf_16)
                  0.04    0.16    0.75 ^ clkbuf_0_CIRCUIT_0.int_memory_1.GATES_16.result/X (sky130_fd_sc_hd__clkbuf_16)
     2    0.02                           clknet_0_CIRCUIT_0.int_memory_1.GATES_16.result (net)
                  0.04    0.00    0.75 ^ clkbuf_1_1__f_CIRCUIT_0.int_memory_1.GATES_16.result/A (sky130_fd_sc_hd__clkbuf_16)
                  0.03    0.11    0.85 ^ clkbuf_1_1__f_CIRCUIT_0.int_memory_1.GATES_16.result/X (sky130_fd_sc_hd__clkbuf_16)
     2    0.01                           clknet_1_1__leaf_CIRCUIT_0.int_memory_1.GATES_16.result (net)
                  0.03    0.00    0.85 ^ _505_/CLK (sky130_fd_sc_hd__dfxtp_1)
                  0.09    0.31    1.17 ^ _505_/Q (sky130_fd_sc_hd__dfxtp_1)
     2    0.01                           CIRCUIT_0.int_memory_1.GATES_4.input2[1] (net)
                  0.09    0.00    1.17 ^ _459_/A1 (sky130_fd_sc_hd__a21o_1)
                  0.04    0.11    1.28 ^ _459_/X (sky130_fd_sc_hd__a21o_1)
     1    0.00                           _032_ (net)
                  0.04    0.00    1.28 ^ _505_/D (sky130_fd_sc_hd__dfxtp_1)
                                  1.28   data arrival time

                          0.00    0.00   clock io_in[0] (rise edge)
                          0.00    0.00   clock source latency
                  0.02    0.01    0.01 ^ io_in[0] (in)
     1    0.00                           io_in[0] (net)
                  0.02    0.00    0.01 ^ clkbuf_0_io_in[0]/A (sky130_fd_sc_hd__clkbuf_16)
                  0.04    0.12    0.13 ^ clkbuf_0_io_in[0]/X (sky130_fd_sc_hd__clkbuf_16)
     2    0.02                           clknet_0_io_in[0] (net)
                  0.04    0.00    0.13 ^ clkbuf_1_0__f_io_in[0]/A (sky130_fd_sc_hd__clkbuf_16)
                  0.03    0.11    0.24 ^ clkbuf_1_0__f_io_in[0]/X (sky130_fd_sc_hd__clkbuf_16)
     3    0.01                           clknet_1_0__leaf_io_in[0] (net)
                  0.03    0.00    0.24 ^ _276_/A (sky130_fd_sc_hd__and3_2)
                  0.09    0.21    0.45 ^ _276_/X (sky130_fd_sc_hd__and3_2)
     1    0.01                           _082_ (net)
                  0.09    0.00    0.45 ^ _277_/A (sky130_fd_sc_hd__buf_1)
                  0.18    0.20    0.65 ^ _277_/X (sky130_fd_sc_hd__buf_1)
     1    0.01                           CIRCUIT_0.int_memory_1.GATES_16.result (net)
                  0.18    0.00    0.65 ^ clkbuf_0_CIRCUIT_0.int_memory_1.GATES_16.result/A (sky130_fd_sc_hd__clkbuf_16)
                  0.04    0.18    0.83 ^ clkbuf_0_CIRCUIT_0.int_memory_1.GATES_16.result/X (sky130_fd_sc_hd__clkbuf_16)
     2    0.02                           clknet_0_CIRCUIT_0.int_memory_1.GATES_16.result (net)
                  0.04    0.00    0.83 ^ clkbuf_1_1__f_CIRCUIT_0.int_memory_1.GATES_16.result/A (sky130_fd_sc_hd__clkbuf_16)
                  0.03    0.12    0.94 ^ clkbuf_1_1__f_CIRCUIT_0.int_memory_1.GATES_16.result/X (sky130_fd_sc_hd__clkbuf_16)
     2    0.01                           clknet_1_1__leaf_CIRCUIT_0.int_memory_1.GATES_16.result (net)
                  0.03    0.00    0.94 ^ _505_/CLK (sky130_fd_sc_hd__dfxtp_1)
                          0.25    1.19   clock uncertainty
                         -0.09    1.10   clock reconvergence pessimism
                         -0.03    1.07   library hold time
                                  1.07   data required time
-----------------------------------------------------------------------------
                                  1.07   data required time
                                 -1.28   data arrival time
-----------------------------------------------------------------------------
                                  0.21   slack (MET)


min_report_end
max_report

===========================================================================
report_checks -path_delay max (Setup)
============================================================================
Startpoint: io_in[0] (clock source 'io_in[0]')
Endpoint: _513_ (recovery check against rising-edge clock io_in[0])
Path Group: **async_default**
Path Type: max

Fanout     Cap    Slew   Delay    Time   Description
-----------------------------------------------------------------------------
                       5000.00 5000.00   clock io_in[0] (fall edge)
                          0.00 5000.00   clock source latency
                  0.01    0.00 5000.00 v io_in[0] (in)
     1    0.00                           io_in[0] (net)
                  0.01    0.00 5000.00 v clkbuf_0_io_in[0]/A (sky130_fd_sc_hd__clkbuf_16)
                  0.03    0.13 5000.14 v clkbuf_0_io_in[0]/X (sky130_fd_sc_hd__clkbuf_16)
     2    0.01                           clknet_0_io_in[0] (net)
                  0.03    0.00 5000.14 v clkbuf_1_1__f_io_in[0]/A (sky130_fd_sc_hd__clkbuf_16)
                  0.03    0.14 5000.27 v clkbuf_1_1__f_io_in[0]/X (sky130_fd_sc_hd__clkbuf_16)
     3    0.01                           clknet_1_1__leaf_io_in[0] (net)
                  0.03    0.00 5000.27 v _225_/A (sky130_fd_sc_hd__buf_1)
                  0.09    0.14 5000.41 v _225_/X (sky130_fd_sc_hd__buf_1)
     1    0.02                           _045_ (net)
                  0.09    0.00 5000.42 v clkbuf_0__045_/A (sky130_fd_sc_hd__clkbuf_16)
                  0.03    0.18 5000.59 v clkbuf_0__045_/X (sky130_fd_sc_hd__clkbuf_16)
     2    0.02                           clknet_0__045_ (net)
                  0.03    0.00 5000.59 v clkbuf_1_1__f__045_/A (sky130_fd_sc_hd__clkbuf_16)
                  0.03    0.14 5000.73 v clkbuf_1_1__f__045_/X (sky130_fd_sc_hd__clkbuf_16)
     3    0.01                           clknet_1_1__leaf__045_ (net)
                  0.03    0.00 5000.74 v _226_/A (sky130_fd_sc_hd__buf_1)
                  0.09    0.14 5000.88 v _226_/X (sky130_fd_sc_hd__buf_1)
     1    0.02                           _046_ (net)
                  0.09    0.00 5000.88 v clkbuf_0__046_/A (sky130_fd_sc_hd__clkbuf_16)
                  0.03    0.18 5001.06 v clkbuf_0__046_/X (sky130_fd_sc_hd__clkbuf_16)
     2    0.02                           clknet_0__046_ (net)
                  0.03    0.00 5001.06 v clkbuf_1_0__f__046_/A (sky130_fd_sc_hd__clkbuf_16)
                  0.03    0.15 5001.20 v clkbuf_1_0__f__046_/X (sky130_fd_sc_hd__clkbuf_16)
     3    0.02                           clknet_1_0__leaf__046_ (net)
                  0.03    0.00 5001.20 v _467_/B (sky130_fd_sc_hd__nand2_2)
                  0.06    0.08 5001.28 ^ _467_/Y (sky130_fd_sc_hd__nand2_2)
     1    0.01                           _001_ (net)
                  0.06    0.00 5001.28 ^ _513_/RESET_B (sky130_fd_sc_hd__dfrtp_1)
                               5001.28   data arrival time

                       10000.00 10000.00   clock io_in[0] (rise edge)
                          0.00 10000.00   clock source latency
                  0.02    0.01 10000.01 ^ io_in[0] (in)
     1    0.00                           io_in[0] (net)
                  0.02    0.00 10000.01 ^ clkbuf_0_io_in[0]/A (sky130_fd_sc_hd__clkbuf_16)
                  0.04    0.11 10000.12 ^ clkbuf_0_io_in[0]/X (sky130_fd_sc_hd__clkbuf_16)
     2    0.02                           clknet_0_io_in[0] (net)
                  0.04    0.00 10000.12 ^ clkbuf_1_0__f_io_in[0]/A (sky130_fd_sc_hd__clkbuf_16)
                  0.03    0.10 10000.22 ^ clkbuf_1_0__f_io_in[0]/X (sky130_fd_sc_hd__clkbuf_16)
     3    0.01                           clknet_1_0__leaf_io_in[0] (net)
                  0.03    0.00 10000.22 ^ _513_/CLK (sky130_fd_sc_hd__dfrtp_1)
                         -0.25 9999.97   clock uncertainty
                          0.00 9999.97   clock reconvergence pessimism
                          0.22 10000.19   library recovery time
                               10000.19   data required time
-----------------------------------------------------------------------------
                               10000.19   data required time
                               -5001.28   data arrival time
-----------------------------------------------------------------------------
                               4998.91   slack (MET)


Startpoint: io_in[0] (clock source 'io_in[0]')
Endpoint: _519_ (recovery check against rising-edge clock io_in[0])
Path Group: **async_default**
Path Type: max

Fanout     Cap    Slew   Delay    Time   Description
-----------------------------------------------------------------------------
                       5000.00 5000.00   clock io_in[0] (fall edge)
                          0.00 5000.00   clock source latency
                  0.01    0.00 5000.00 v io_in[0] (in)
     1    0.00                           io_in[0] (net)
                  0.01    0.00 5000.00 v clkbuf_0_io_in[0]/A (sky130_fd_sc_hd__clkbuf_16)
                  0.03    0.13 5000.14 v clkbuf_0_io_in[0]/X (sky130_fd_sc_hd__clkbuf_16)
     2    0.01                           clknet_0_io_in[0] (net)
                  0.03    0.00 5000.14 v clkbuf_1_1__f_io_in[0]/A (sky130_fd_sc_hd__clkbuf_16)
                  0.03    0.14 5000.27 v clkbuf_1_1__f_io_in[0]/X (sky130_fd_sc_hd__clkbuf_16)
     3    0.01                           clknet_1_1__leaf_io_in[0] (net)
                  0.03    0.00 5000.27 v _225_/A (sky130_fd_sc_hd__buf_1)
                  0.09    0.14 5000.41 v _225_/X (sky130_fd_sc_hd__buf_1)
     1    0.02                           _045_ (net)
                  0.09    0.00 5000.42 v clkbuf_0__045_/A (sky130_fd_sc_hd__clkbuf_16)
                  0.03    0.18 5000.59 v clkbuf_0__045_/X (sky130_fd_sc_hd__clkbuf_16)
     2    0.02                           clknet_0__045_ (net)
                  0.03    0.00 5000.59 v clkbuf_1_1__f__045_/A (sky130_fd_sc_hd__clkbuf_16)
                  0.03    0.14 5000.73 v clkbuf_1_1__f__045_/X (sky130_fd_sc_hd__clkbuf_16)
     3    0.01                           clknet_1_1__leaf__045_ (net)
                  0.03    0.00 5000.74 v _472_/A (sky130_fd_sc_hd__buf_1)
                  0.08    0.14 5000.87 v _472_/X (sky130_fd_sc_hd__buf_1)
     1    0.01                           _220_ (net)
                  0.08    0.00 5000.87 v clkbuf_0__220_/A (sky130_fd_sc_hd__clkbuf_16)
                  0.03    0.17 5001.04 v clkbuf_0__220_/X (sky130_fd_sc_hd__clkbuf_16)
     2    0.02                           clknet_0__220_ (net)
                  0.03    0.00 5001.04 v clkbuf_1_0__f__220_/A (sky130_fd_sc_hd__clkbuf_16)
                  0.04    0.15 5001.19 v clkbuf_1_0__f__220_/X (sky130_fd_sc_hd__clkbuf_16)
     4    0.02                           clknet_1_0__leaf__220_ (net)
                  0.04    0.00 5001.20 v _475_/B (sky130_fd_sc_hd__nand2_2)
                  0.07    0.08 5001.27 ^ _475_/Y (sky130_fd_sc_hd__nand2_2)
     1    0.01                           _008_ (net)
                  0.07    0.00 5001.27 ^ _519_/RESET_B (sky130_fd_sc_hd__dfrtp_1)
                               5001.27   data arrival time

                       10000.00 10000.00   clock io_in[0] (rise edge)
                          0.00 10000.00   clock source latency
                  0.02    0.01 10000.01 ^ io_in[0] (in)
     1    0.00                           io_in[0] (net)
                  0.02    0.00 10000.01 ^ clkbuf_0_io_in[0]/A (sky130_fd_sc_hd__clkbuf_16)
                  0.04    0.11 10000.12 ^ clkbuf_0_io_in[0]/X (sky130_fd_sc_hd__clkbuf_16)
     2    0.02                           clknet_0_io_in[0] (net)
                  0.04    0.00 10000.12 ^ clkbuf_1_0__f_io_in[0]/A (sky130_fd_sc_hd__clkbuf_16)
                  0.03    0.10 10000.22 ^ clkbuf_1_0__f_io_in[0]/X (sky130_fd_sc_hd__clkbuf_16)
     3    0.01                           clknet_1_0__leaf_io_in[0] (net)
                  0.03    0.00 10000.22 ^ _519_/CLK (sky130_fd_sc_hd__dfrtp_1)
                         -0.25 9999.97   clock uncertainty
                          0.00 9999.97   clock reconvergence pessimism
                          0.22 10000.19   library recovery time
                               10000.19   data required time
-----------------------------------------------------------------------------
                               10000.19   data required time
                               -5001.27   data arrival time
-----------------------------------------------------------------------------
                               4998.92   slack (MET)


Startpoint: _515_ (rising edge-triggered flip-flop)
Endpoint: io_out[5] (output port clocked by io_in[0])
Path Group: io_in[0]
Path Type: max

Fanout     Cap    Slew   Delay    Time   Description
-----------------------------------------------------------------------------
                  0.21    0.00    0.00 ^ _515_/CLK (sky130_fd_sc_hd__dfrtp_1)
                  0.13    0.53    0.53 v _515_/Q (sky130_fd_sc_hd__dfrtp_1)
     5    0.02                           CIRCUIT_0.inst_dec_1.MEMORY_21.s_currentState (net)
                  0.13    0.00    0.53 v _231_/A (sky130_fd_sc_hd__inv_2)
                  0.10    0.14    0.67 ^ _231_/Y (sky130_fd_sc_hd__inv_2)
     4    0.02                           _048_ (net)
                  0.10    0.00    0.67 ^ _232_/B (sky130_fd_sc_hd__nor2_1)
                  0.11    0.12    0.79 v _232_/Y (sky130_fd_sc_hd__nor2_1)
     4    0.02                           _049_ (net)
                  0.11    0.00    0.80 v _285_/B (sky130_fd_sc_hd__or3b_1)
                  0.07    0.38    1.18 v _285_/X (sky130_fd_sc_hd__or3b_1)
     1    0.00                           _089_ (net)
                  0.07    0.00    1.18 v _286_/C1 (sky130_fd_sc_hd__a221o_2)
                  0.11    0.40    1.58 v _286_/X (sky130_fd_sc_hd__a221o_2)
     5    0.03                           _090_ (net)
                  0.11    0.00    1.58 v _312_/S (sky130_fd_sc_hd__mux2_1)
                  0.07    0.37    1.95 v _312_/X (sky130_fd_sc_hd__mux2_1)
     1    0.01                           _111_ (net)
                  0.07    0.00    1.95 v _313_/A1 (sky130_fd_sc_hd__mux2_1)
                  0.08    0.34    2.29 v _313_/X (sky130_fd_sc_hd__mux2_1)
     1    0.01                           _112_ (net)
                  0.08    0.00    2.29 v _314_/A (sky130_fd_sc_hd__clkbuf_1)
                  0.02    0.10    2.39 v _314_/X (sky130_fd_sc_hd__clkbuf_1)
     1    0.00                           CIRCUIT_0.O_5_WRITE (net)
                  0.02    0.00    2.39 v _551_/A (sky130_fd_sc_hd__buf_2)
                  0.09    0.18    2.57 v _551_/X (sky130_fd_sc_hd__buf_2)
     1    0.03                           io_out[5] (net)
                  0.09    0.00    2.58 v io_out[5] (out)
                                  2.58   data arrival time

                       10000.00 10000.00   clock io_in[0] (rise edge)
                          0.00 10000.00   clock network delay (propagated)
                         -0.25 9999.75   clock uncertainty
                          0.00 9999.75   clock reconvergence pessimism
                       -2000.00 7999.75   output external delay
                               7999.75   data required time
-----------------------------------------------------------------------------
                               7999.75   data required time
                                 -2.58   data arrival time
-----------------------------------------------------------------------------
                               7997.17   slack (MET)


Startpoint: _515_ (rising edge-triggered flip-flop)
Endpoint: io_out[7] (output port clocked by io_in[0])
Path Group: io_in[0]
Path Type: max

Fanout     Cap    Slew   Delay    Time   Description
-----------------------------------------------------------------------------
                  0.21    0.00    0.00 ^ _515_/CLK (sky130_fd_sc_hd__dfrtp_1)
                  0.13    0.53    0.53 v _515_/Q (sky130_fd_sc_hd__dfrtp_1)
     5    0.02                           CIRCUIT_0.inst_dec_1.MEMORY_21.s_currentState (net)
                  0.13    0.00    0.53 v _231_/A (sky130_fd_sc_hd__inv_2)
                  0.10    0.14    0.67 ^ _231_/Y (sky130_fd_sc_hd__inv_2)
     4    0.02                           _048_ (net)
                  0.10    0.00    0.67 ^ _232_/B (sky130_fd_sc_hd__nor2_1)
                  0.11    0.12    0.79 v _232_/Y (sky130_fd_sc_hd__nor2_1)
     4    0.02                           _049_ (net)
                  0.11    0.00    0.80 v _285_/B (sky130_fd_sc_hd__or3b_1)
                  0.07    0.38    1.18 v _285_/X (sky130_fd_sc_hd__or3b_1)
     1    0.00                           _089_ (net)
                  0.07    0.00    1.18 v _286_/C1 (sky130_fd_sc_hd__a221o_2)
                  0.11    0.40    1.58 v _286_/X (sky130_fd_sc_hd__a221o_2)
     5    0.03                           _090_ (net)
                  0.11    0.00    1.58 v _318_/S (sky130_fd_sc_hd__mux2_1)
                  0.06    0.36    1.93 v _318_/X (sky130_fd_sc_hd__mux2_1)
     1    0.00                           _115_ (net)
                  0.06    0.00    1.93 v _319_/A1 (sky130_fd_sc_hd__mux2_1)
                  0.07    0.33    2.26 v _319_/X (sky130_fd_sc_hd__mux2_1)
     1    0.01                           _116_ (net)
                  0.07    0.00    2.26 v _320_/A (sky130_fd_sc_hd__clkbuf_1)
                  0.04    0.12    2.38 v _320_/X (sky130_fd_sc_hd__clkbuf_1)
     1    0.01                           CIRCUIT_0.O_7_I (net)
                  0.04    0.00    2.38 v _553_/A (sky130_fd_sc_hd__buf_2)
                  0.09    0.19    2.57 v _553_/X (sky130_fd_sc_hd__buf_2)
     1    0.03                           io_out[7] (net)
                  0.09    0.00    2.57 v io_out[7] (out)
                                  2.57   data arrival time

                       10000.00 10000.00   clock io_in[0] (rise edge)
                          0.00 10000.00   clock network delay (propagated)
                         -0.25 9999.75   clock uncertainty
                          0.00 9999.75   clock reconvergence pessimism
                       -2000.00 7999.75   output external delay
                               7999.75   data required time
-----------------------------------------------------------------------------
                               7999.75   data required time
                                 -2.57   data arrival time
-----------------------------------------------------------------------------
                               7997.18   slack (MET)


Startpoint: _515_ (rising edge-triggered flip-flop)
Endpoint: io_out[4] (output port clocked by io_in[0])
Path Group: io_in[0]
Path Type: max

Fanout     Cap    Slew   Delay    Time   Description
-----------------------------------------------------------------------------
                  0.21    0.00    0.00 ^ _515_/CLK (sky130_fd_sc_hd__dfrtp_1)
                  0.13    0.53    0.53 v _515_/Q (sky130_fd_sc_hd__dfrtp_1)
     5    0.02                           CIRCUIT_0.inst_dec_1.MEMORY_21.s_currentState (net)
                  0.13    0.00    0.53 v _231_/A (sky130_fd_sc_hd__inv_2)
                  0.10    0.14    0.67 ^ _231_/Y (sky130_fd_sc_hd__inv_2)
     4    0.02                           _048_ (net)
                  0.10    0.00    0.67 ^ _232_/B (sky130_fd_sc_hd__nor2_1)
                  0.11    0.12    0.79 v _232_/Y (sky130_fd_sc_hd__nor2_1)
     4    0.02                           _049_ (net)
                  0.11    0.00    0.80 v _285_/B (sky130_fd_sc_hd__or3b_1)
                  0.07    0.38    1.18 v _285_/X (sky130_fd_sc_hd__or3b_1)
     1    0.00                           _089_ (net)
                  0.07    0.00    1.18 v _286_/C1 (sky130_fd_sc_hd__a221o_2)
                  0.11    0.40    1.58 v _286_/X (sky130_fd_sc_hd__a221o_2)
     5    0.03                           _090_ (net)
                  0.11    0.00    1.58 v _305_/S (sky130_fd_sc_hd__mux2_1)
                  0.07    0.37    1.95 v _305_/X (sky130_fd_sc_hd__mux2_1)
     1    0.01                           _105_ (net)
                  0.07    0.00    1.95 v _306_/A1 (sky130_fd_sc_hd__mux2_1)
                  0.06    0.32    2.27 v _306_/X (sky130_fd_sc_hd__mux2_1)
     1    0.00                           _106_ (net)
                  0.06    0.00    2.27 v _307_/A (sky130_fd_sc_hd__clkbuf_1)
                  0.02    0.10    2.37 v _307_/X (sky130_fd_sc_hd__clkbuf_1)
     1    0.00                           CIRCUIT_0.O_4_MAR (net)
                  0.02    0.00    2.37 v _550_/A (sky130_fd_sc_hd__buf_2)
                  0.09    0.18    2.55 v _550_/X (sky130_fd_sc_hd__buf_2)
     1    0.03                           io_out[4] (net)
                  0.09    0.00    2.55 v io_out[4] (out)
                                  2.55   data arrival time

                       10000.00 10000.00   clock io_in[0] (rise edge)
                          0.00 10000.00   clock network delay (propagated)
                         -0.25 9999.75   clock uncertainty
                          0.00 9999.75   clock reconvergence pessimism
                       -2000.00 7999.75   output external delay
                               7999.75   data required time
-----------------------------------------------------------------------------
                               7999.75   data required time
                                 -2.55   data arrival time
-----------------------------------------------------------------------------
                               7997.20   slack (MET)


Startpoint: _515_ (rising edge-triggered flip-flop)
Endpoint: io_out[2] (output port clocked by io_in[0])
Path Group: io_in[0]
Path Type: max

Fanout     Cap    Slew   Delay    Time   Description
-----------------------------------------------------------------------------
                  0.21    0.00    0.00 ^ _515_/CLK (sky130_fd_sc_hd__dfrtp_1)
                  0.13    0.53    0.53 v _515_/Q (sky130_fd_sc_hd__dfrtp_1)
     5    0.02                           CIRCUIT_0.inst_dec_1.MEMORY_21.s_currentState (net)
                  0.13    0.00    0.53 v _231_/A (sky130_fd_sc_hd__inv_2)
                  0.10    0.14    0.67 ^ _231_/Y (sky130_fd_sc_hd__inv_2)
     4    0.02                           _048_ (net)
                  0.10    0.00    0.67 ^ _232_/B (sky130_fd_sc_hd__nor2_1)
                  0.11    0.12    0.79 v _232_/Y (sky130_fd_sc_hd__nor2_1)
     4    0.02                           _049_ (net)
                  0.11    0.00    0.80 v _285_/B (sky130_fd_sc_hd__or3b_1)
                  0.07    0.38    1.18 v _285_/X (sky130_fd_sc_hd__or3b_1)
     1    0.00                           _089_ (net)
                  0.07    0.00    1.18 v _286_/C1 (sky130_fd_sc_hd__a221o_2)
                  0.11    0.40    1.58 v _286_/X (sky130_fd_sc_hd__a221o_2)
     5    0.03                           _090_ (net)
                  0.11    0.00    1.58 v _287_/A (sky130_fd_sc_hd__dlymetal6s2s_1)
                  0.10    0.23    1.81 v _287_/X (sky130_fd_sc_hd__dlymetal6s2s_1)
     5    0.02                           _091_ (net)
                  0.10    0.00    1.81 v _294_/S1 (sky130_fd_sc_hd__mux4_1)
                  0.09    0.27    2.08 ^ _294_/X (sky130_fd_sc_hd__mux4_1)
     1    0.01                           _096_ (net)
                  0.09    0.00    2.08 ^ _295_/A (sky130_fd_sc_hd__clkbuf_1)
                  0.11    0.15    2.23 ^ _295_/X (sky130_fd_sc_hd__clkbuf_1)
     1    0.01                           CIRCUIT_0.O_D2_RR2 (net)
                  0.11    0.00    2.24 ^ _548_/A (sky130_fd_sc_hd__buf_2)
                  0.18    0.24    2.48 ^ _548_/X (sky130_fd_sc_hd__buf_2)
     1    0.03                           io_out[2] (net)
                  0.18    0.00    2.48 ^ io_out[2] (out)
                                  2.48   data arrival time

                       10000.00 10000.00   clock io_in[0] (rise edge)
                          0.00 10000.00   clock network delay (propagated)
                         -0.25 9999.75   clock uncertainty
                          0.00 9999.75   clock reconvergence pessimism
                       -2000.00 7999.75   output external delay
                               7999.75   data required time
-----------------------------------------------------------------------------
                               7999.75   data required time
                                 -2.48   data arrival time
-----------------------------------------------------------------------------
                               7997.27   slack (MET)


Startpoint: _515_ (rising edge-triggered flip-flop)
Endpoint: io_out[1] (output port clocked by io_in[0])
Path Group: io_in[0]
Path Type: max

Fanout     Cap    Slew   Delay    Time   Description
-----------------------------------------------------------------------------
                  0.21    0.00    0.00 ^ _515_/CLK (sky130_fd_sc_hd__dfrtp_1)
                  0.13    0.53    0.53 v _515_/Q (sky130_fd_sc_hd__dfrtp_1)
     5    0.02                           CIRCUIT_0.inst_dec_1.MEMORY_21.s_currentState (net)
                  0.13    0.00    0.53 v _231_/A (sky130_fd_sc_hd__inv_2)
                  0.10    0.14    0.67 ^ _231_/Y (sky130_fd_sc_hd__inv_2)
     4    0.02                           _048_ (net)
                  0.10    0.00    0.67 ^ _232_/B (sky130_fd_sc_hd__nor2_1)
                  0.11    0.12    0.79 v _232_/Y (sky130_fd_sc_hd__nor2_1)
     4    0.02                           _049_ (net)
                  0.11    0.00    0.80 v _285_/B (sky130_fd_sc_hd__or3b_1)
                  0.07    0.38    1.18 v _285_/X (sky130_fd_sc_hd__or3b_1)
     1    0.00                           _089_ (net)
                  0.07    0.00    1.18 v _286_/C1 (sky130_fd_sc_hd__a221o_2)
                  0.11    0.40    1.58 v _286_/X (sky130_fd_sc_hd__a221o_2)
     5    0.03                           _090_ (net)
                  0.11    0.00    1.58 v _287_/A (sky130_fd_sc_hd__dlymetal6s2s_1)
                  0.10    0.23    1.81 v _287_/X (sky130_fd_sc_hd__dlymetal6s2s_1)
     5    0.02                           _091_ (net)
                  0.10    0.00    1.81 v _291_/S1 (sky130_fd_sc_hd__mux4_1)
                  0.11    0.29    2.10 v _291_/X (sky130_fd_sc_hd__mux4_1)
     1    0.01                           _094_ (net)
                  0.11    0.00    2.10 v _292_/A (sky130_fd_sc_hd__clkbuf_1)
                  0.02    0.12    2.22 v _292_/X (sky130_fd_sc_hd__clkbuf_1)
     1    0.00                           CIRCUIT_0.O_D1_RR1 (net)
                  0.02    0.00    2.22 v _547_/A (sky130_fd_sc_hd__buf_2)
                  0.09    0.18    2.40 v _547_/X (sky130_fd_sc_hd__buf_2)
     1    0.03                           io_out[1] (net)
                  0.09    0.00    2.41 v io_out[1] (out)
                                  2.41   data arrival time

                       10000.00 10000.00   clock io_in[0] (rise edge)
                          0.00 10000.00   clock network delay (propagated)
                         -0.25 9999.75   clock uncertainty
                          0.00 9999.75   clock reconvergence pessimism
                       -2000.00 7999.75   output external delay
                               7999.75   data required time
-----------------------------------------------------------------------------
                               7999.75   data required time
                                 -2.41   data arrival time
-----------------------------------------------------------------------------
                               7997.34   slack (MET)


max_report_end
check_report

===========================================================================
report_checks -unconstrained
============================================================================
Startpoint: io_in[0] (clock source 'io_in[0]')
Endpoint: _513_ (recovery check against rising-edge clock io_in[0])
Path Group: **async_default**
Path Type: max

Fanout     Cap    Slew   Delay    Time   Description
-----------------------------------------------------------------------------
                       5000.00 5000.00   clock io_in[0] (fall edge)
                          0.00 5000.00   clock source latency
                  0.01    0.00 5000.00 v io_in[0] (in)
     1    0.00                           io_in[0] (net)
                  0.01    0.00 5000.00 v clkbuf_0_io_in[0]/A (sky130_fd_sc_hd__clkbuf_16)
                  0.03    0.13 5000.14 v clkbuf_0_io_in[0]/X (sky130_fd_sc_hd__clkbuf_16)
     2    0.01                           clknet_0_io_in[0] (net)
                  0.03    0.00 5000.14 v clkbuf_1_1__f_io_in[0]/A (sky130_fd_sc_hd__clkbuf_16)
                  0.03    0.14 5000.27 v clkbuf_1_1__f_io_in[0]/X (sky130_fd_sc_hd__clkbuf_16)
     3    0.01                           clknet_1_1__leaf_io_in[0] (net)
                  0.03    0.00 5000.27 v _225_/A (sky130_fd_sc_hd__buf_1)
                  0.09    0.14 5000.41 v _225_/X (sky130_fd_sc_hd__buf_1)
     1    0.02                           _045_ (net)
                  0.09    0.00 5000.42 v clkbuf_0__045_/A (sky130_fd_sc_hd__clkbuf_16)
                  0.03    0.18 5000.59 v clkbuf_0__045_/X (sky130_fd_sc_hd__clkbuf_16)
     2    0.02                           clknet_0__045_ (net)
                  0.03    0.00 5000.59 v clkbuf_1_1__f__045_/A (sky130_fd_sc_hd__clkbuf_16)
                  0.03    0.14 5000.73 v clkbuf_1_1__f__045_/X (sky130_fd_sc_hd__clkbuf_16)
     3    0.01                           clknet_1_1__leaf__045_ (net)
                  0.03    0.00 5000.74 v _226_/A (sky130_fd_sc_hd__buf_1)
                  0.09    0.14 5000.88 v _226_/X (sky130_fd_sc_hd__buf_1)
     1    0.02                           _046_ (net)
                  0.09    0.00 5000.88 v clkbuf_0__046_/A (sky130_fd_sc_hd__clkbuf_16)
                  0.03    0.18 5001.06 v clkbuf_0__046_/X (sky130_fd_sc_hd__clkbuf_16)
     2    0.02                           clknet_0__046_ (net)
                  0.03    0.00 5001.06 v clkbuf_1_0__f__046_/A (sky130_fd_sc_hd__clkbuf_16)
                  0.03    0.15 5001.20 v clkbuf_1_0__f__046_/X (sky130_fd_sc_hd__clkbuf_16)
     3    0.02                           clknet_1_0__leaf__046_ (net)
                  0.03    0.00 5001.20 v _467_/B (sky130_fd_sc_hd__nand2_2)
                  0.06    0.08 5001.28 ^ _467_/Y (sky130_fd_sc_hd__nand2_2)
     1    0.01                           _001_ (net)
                  0.06    0.00 5001.28 ^ _513_/RESET_B (sky130_fd_sc_hd__dfrtp_1)
                               5001.28   data arrival time

                       10000.00 10000.00   clock io_in[0] (rise edge)
                          0.00 10000.00   clock source latency
                  0.02    0.01 10000.01 ^ io_in[0] (in)
     1    0.00                           io_in[0] (net)
                  0.02    0.00 10000.01 ^ clkbuf_0_io_in[0]/A (sky130_fd_sc_hd__clkbuf_16)
                  0.04    0.11 10000.12 ^ clkbuf_0_io_in[0]/X (sky130_fd_sc_hd__clkbuf_16)
     2    0.02                           clknet_0_io_in[0] (net)
                  0.04    0.00 10000.12 ^ clkbuf_1_0__f_io_in[0]/A (sky130_fd_sc_hd__clkbuf_16)
                  0.03    0.10 10000.22 ^ clkbuf_1_0__f_io_in[0]/X (sky130_fd_sc_hd__clkbuf_16)
     3    0.01                           clknet_1_0__leaf_io_in[0] (net)
                  0.03    0.00 10000.22 ^ _513_/CLK (sky130_fd_sc_hd__dfrtp_1)
                         -0.25 9999.97   clock uncertainty
                          0.00 9999.97   clock reconvergence pessimism
                          0.22 10000.19   library recovery time
                               10000.19   data required time
-----------------------------------------------------------------------------
                               10000.19   data required time
                               -5001.28   data arrival time
-----------------------------------------------------------------------------
                               4998.91   slack (MET)


Startpoint: _515_ (rising edge-triggered flip-flop)
Endpoint: io_out[5] (output port clocked by io_in[0])
Path Group: io_in[0]
Path Type: max

Fanout     Cap    Slew   Delay    Time   Description
-----------------------------------------------------------------------------
                  0.21    0.00    0.00 ^ _515_/CLK (sky130_fd_sc_hd__dfrtp_1)
                  0.13    0.53    0.53 v _515_/Q (sky130_fd_sc_hd__dfrtp_1)
     5    0.02                           CIRCUIT_0.inst_dec_1.MEMORY_21.s_currentState (net)
                  0.13    0.00    0.53 v _231_/A (sky130_fd_sc_hd__inv_2)
                  0.10    0.14    0.67 ^ _231_/Y (sky130_fd_sc_hd__inv_2)
     4    0.02                           _048_ (net)
                  0.10    0.00    0.67 ^ _232_/B (sky130_fd_sc_hd__nor2_1)
                  0.11    0.12    0.79 v _232_/Y (sky130_fd_sc_hd__nor2_1)
     4    0.02                           _049_ (net)
                  0.11    0.00    0.80 v _285_/B (sky130_fd_sc_hd__or3b_1)
                  0.07    0.38    1.18 v _285_/X (sky130_fd_sc_hd__or3b_1)
     1    0.00                           _089_ (net)
                  0.07    0.00    1.18 v _286_/C1 (sky130_fd_sc_hd__a221o_2)
                  0.11    0.40    1.58 v _286_/X (sky130_fd_sc_hd__a221o_2)
     5    0.03                           _090_ (net)
                  0.11    0.00    1.58 v _312_/S (sky130_fd_sc_hd__mux2_1)
                  0.07    0.37    1.95 v _312_/X (sky130_fd_sc_hd__mux2_1)
     1    0.01                           _111_ (net)
                  0.07    0.00    1.95 v _313_/A1 (sky130_fd_sc_hd__mux2_1)
                  0.08    0.34    2.29 v _313_/X (sky130_fd_sc_hd__mux2_1)
     1    0.01                           _112_ (net)
                  0.08    0.00    2.29 v _314_/A (sky130_fd_sc_hd__clkbuf_1)
                  0.02    0.10    2.39 v _314_/X (sky130_fd_sc_hd__clkbuf_1)
     1    0.00                           CIRCUIT_0.O_5_WRITE (net)
                  0.02    0.00    2.39 v _551_/A (sky130_fd_sc_hd__buf_2)
                  0.09    0.18    2.57 v _551_/X (sky130_fd_sc_hd__buf_2)
     1    0.03                           io_out[5] (net)
                  0.09    0.00    2.58 v io_out[5] (out)
                                  2.58   data arrival time

                       10000.00 10000.00   clock io_in[0] (rise edge)
                          0.00 10000.00   clock network delay (propagated)
                         -0.25 9999.75   clock uncertainty
                          0.00 9999.75   clock reconvergence pessimism
                       -2000.00 7999.75   output external delay
                               7999.75   data required time
-----------------------------------------------------------------------------
                               7999.75   data required time
                                 -2.58   data arrival time
-----------------------------------------------------------------------------
                               7997.17   slack (MET)



===========================================================================
report_checks --slack_max -0.01
============================================================================
No paths found.
check_report_end
check_slew

===========================================================================
 report_check_types -max_slew -max_cap -max_fanout -violators
============================================================================
max fanout

Pin                                   Limit Fanout  Slack
---------------------------------------------------------
_250_/X                                   5      6        (VIOLATED)


===========================================================================
max slew violation count 0
max fanout violation count 1
max cap violation count 0
============================================================================
check_slew_end
tns_report

===========================================================================
 report_tns
============================================================================
tns 0.00
tns_report_end
wns_report

===========================================================================
 report_wns
============================================================================
wns 0.00
wns_report_end
worst_slack

===========================================================================
 report_worst_slack -max (Setup)
============================================================================
worst slack 4998.91

===========================================================================
 report_worst_slack -min (Hold)
============================================================================
worst slack 0.19
worst_slack_end
clock_skew

===========================================================================
 report_clock_skew
============================================================================
Clock io_in[0]
Latency      CRPR       Skew
_515_/CLK ^
   1.41
_519_/CLK ^
   0.22     -0.02       1.17

clock_skew_end
power_report

===========================================================================
 report_power
============================================================================
Group                  Internal  Switching    Leakage      Total
                          Power      Power      Power      Power (Watts)
----------------------------------------------------------------
Sequential             1.22e-07   1.39e-08   4.94e-10   1.37e-07  11.8%
Combinational          7.06e-07   3.08e-07   3.13e-09   1.02e-06  88.2%
Macro                  0.00e+00   0.00e+00   0.00e+00   0.00e+00   0.0%
Pad                    0.00e+00   0.00e+00   0.00e+00   0.00e+00   0.0%
----------------------------------------------------------------
Total                  8.28e-07   3.22e-07   3.62e-09   1.15e-06 100.0%
                          71.8%      27.9%       0.3%
power_report_end
area_report

===========================================================================
 report_design_area
============================================================================
Design area 8327 u^2 97% utilization.
area_report_end
