
Magic 8.3 revision 311 - Compiled on Fri Jun 10 14:31:41 UTC 2022.
Starting magic under Tcl interpreter
Using the terminal as the console.
Using NULL graphics device.
Processing system .magicrc file
Sourcing design .magicrc for technology sky130A ...
2 Magic internal units = 1 Lambda
Input style sky130(vendor): scaleFactor=2, multiplier=2
The following types are not handled by extraction and will be treated as non-electrical types:
    ubm 
Scaled tech values by 2 / 1 to match internal grid scaling
Loading sky130A Device Generator Menu ...
Using technology "sky130A", version 1.0.291-36-g41c0908
Reading LEF data from file /home/tholin/tt2-AvalonSemi-5401/pdk/sky130A/libs.ref/sky130_fd_sc_hd/techlef/sky130_fd_sc_hd__nom.tlef.
This action cannot be undone.
LEF read, Line 78 (Message): Unknown keyword "ANTENNAMODEL" in LEF file; ignoring.
LEF read, Line 79 (Message): Unknown keyword "ANTENNADIFFSIDEAREARATIO" in LEF file; ignoring.
LEF read, Line 112 (Message): Unknown keyword "MINENCLOSEDAREA" in LEF file; ignoring.
LEF read, Line 114 (Message): Unknown keyword "ANTENNAMODEL" in LEF file; ignoring.
LEF read, Line 115 (Message): Unknown keyword "ANTENNADIFFSIDEAREARATIO" in LEF file; ignoring.
LEF read, Line 121 (Message): Unknown keyword "MAXIMUMDENSITY" in LEF file; ignoring.
LEF read, Line 122 (Message): Unknown keyword "DENSITYCHECKWINDOW" in LEF file; ignoring.
LEF read, Line 123 (Message): Unknown keyword "DENSITYCHECKSTEP" in LEF file; ignoring.
LEF read, Line 156 (Message): Unknown keyword "MINENCLOSEDAREA" in LEF file; ignoring.
LEF read, Line 164 (Message): Unknown keyword "ANTENNAMODEL" in LEF file; ignoring.
LEF read, Line 165 (Message): Unknown keyword "ANTENNADIFFSIDEAREARATIO" in LEF file; ignoring.
LEF read, Line 167 (Message): Unknown keyword "MAXIMUMDENSITY" in LEF file; ignoring.
LEF read, Line 168 (Message): Unknown keyword "DENSITYCHECKWINDOW" in LEF file; ignoring.
LEF read, Line 169 (Message): Unknown keyword "DENSITYCHECKSTEP" in LEF file; ignoring.
LEF read, Line 206 (Message): Unknown keyword "ANTENNAMODEL" in LEF file; ignoring.
LEF read, Line 207 (Message): Unknown keyword "ANTENNADIFFSIDEAREARATIO" in LEF file; ignoring.
LEF read, Line 209 (Message): Unknown keyword "MAXIMUMDENSITY" in LEF file; ignoring.
LEF read, Line 210 (Message): Unknown keyword "DENSITYCHECKWINDOW" in LEF file; ignoring.
LEF read, Line 211 (Message): Unknown keyword "DENSITYCHECKSTEP" in LEF file; ignoring.
LEF read, Line 248 (Message): Unknown keyword "ANTENNAMODEL" in LEF file; ignoring.
LEF read, Line 249 (Message): Unknown keyword "ANTENNADIFFSIDEAREARATIO" in LEF file; ignoring.
LEF read, Line 251 (Message): Unknown keyword "MAXIMUMDENSITY" in LEF file; ignoring.
LEF read, Line 252 (Message): Unknown keyword "DENSITYCHECKWINDOW" in LEF file; ignoring.
LEF read, Line 253 (Message): Unknown keyword "DENSITYCHECKSTEP" in LEF file; ignoring.
LEF read, Line 290 (Message): Unknown keyword "ANTENNAMODEL" in LEF file; ignoring.
LEF read, Line 291 (Message): Unknown keyword "ANTENNADIFFSIDEAREARATIO" in LEF file; ignoring.
LEF read: Processed 797 lines.
Reading DEF data from file /work/runs/wokwi/results/routing/tholin_avalonsemi_5401.def.
This action cannot be undone.
  Processed 3 vias total.
Warning: cell <sky130_fd_sc_hd__diode_2> from file /home/tholin/tt2-AvalonSemi-5401/pdk/sky130A/libs.ref/sky130_fd_sc_hd/maglef/sky130_fd_sc_hd__diode_2.mag is not writeable
Warning: cell <sky130_fd_sc_hd__decap_4> from file /home/tholin/tt2-AvalonSemi-5401/pdk/sky130A/libs.ref/sky130_fd_sc_hd/maglef/sky130_fd_sc_hd__decap_4.mag is not writeable
Warning: cell <sky130_fd_sc_hd__decap_6> from file /home/tholin/tt2-AvalonSemi-5401/pdk/sky130A/libs.ref/sky130_fd_sc_hd/maglef/sky130_fd_sc_hd__decap_6.mag is not writeable
Warning: cell <sky130_fd_sc_hd__fill_1> from file /home/tholin/tt2-AvalonSemi-5401/pdk/sky130A/libs.ref/sky130_fd_sc_hd/maglef/sky130_fd_sc_hd__fill_1.mag is not writeable
Warning: cell <sky130_fd_sc_hd__fill_2> from file /home/tholin/tt2-AvalonSemi-5401/pdk/sky130A/libs.ref/sky130_fd_sc_hd/maglef/sky130_fd_sc_hd__fill_2.mag is not writeable
Warning: cell <sky130_fd_sc_hd__decap_8> from file /home/tholin/tt2-AvalonSemi-5401/pdk/sky130A/libs.ref/sky130_fd_sc_hd/maglef/sky130_fd_sc_hd__decap_8.mag is not writeable
Warning: cell <sky130_fd_sc_hd__decap_3> from file /home/tholin/tt2-AvalonSemi-5401/pdk/sky130A/libs.ref/sky130_fd_sc_hd/maglef/sky130_fd_sc_hd__decap_3.mag is not writeable
Warning: cell <sky130_ef_sc_hd__decap_12> from file /home/tholin/tt2-AvalonSemi-5401/pdk/sky130A/libs.ref/sky130_fd_sc_hd/maglef/sky130_ef_sc_hd__decap_12.mag is not writeable
Warning: cell <sky130_fd_sc_hd__tapvpwrvgnd_1> from file /home/tholin/tt2-AvalonSemi-5401/pdk/sky130A/libs.ref/sky130_fd_sc_hd/maglef/sky130_fd_sc_hd__tapvpwrvgnd_1.mag is not writeable
Warning: cell <sky130_fd_sc_hd__clkbuf_2> from file /home/tholin/tt2-AvalonSemi-5401/pdk/sky130A/libs.ref/sky130_fd_sc_hd/maglef/sky130_fd_sc_hd__clkbuf_2.mag is not writeable
Warning: cell <sky130_fd_sc_hd__buf_1> from file /home/tholin/tt2-AvalonSemi-5401/pdk/sky130A/libs.ref/sky130_fd_sc_hd/maglef/sky130_fd_sc_hd__buf_1.mag is not writeable
Warning: cell <sky130_fd_sc_hd__nand2_2> from file /home/tholin/tt2-AvalonSemi-5401/pdk/sky130A/libs.ref/sky130_fd_sc_hd/maglef/sky130_fd_sc_hd__nand2_2.mag is not writeable
Warning: cell <sky130_fd_sc_hd__inv_2> from file /home/tholin/tt2-AvalonSemi-5401/pdk/sky130A/libs.ref/sky130_fd_sc_hd/maglef/sky130_fd_sc_hd__inv_2.mag is not writeable
Warning: cell <sky130_fd_sc_hd__nor2_1> from file /home/tholin/tt2-AvalonSemi-5401/pdk/sky130A/libs.ref/sky130_fd_sc_hd/maglef/sky130_fd_sc_hd__nor2_1.mag is not writeable
Warning: cell <sky130_fd_sc_hd__and3b_1> from file /home/tholin/tt2-AvalonSemi-5401/pdk/sky130A/libs.ref/sky130_fd_sc_hd/maglef/sky130_fd_sc_hd__and3b_1.mag is not writeable
Warning: cell <sky130_fd_sc_hd__or2b_1> from file /home/tholin/tt2-AvalonSemi-5401/pdk/sky130A/libs.ref/sky130_fd_sc_hd/maglef/sky130_fd_sc_hd__or2b_1.mag is not writeable
Warning: cell <sky130_fd_sc_hd__a21o_1> from file /home/tholin/tt2-AvalonSemi-5401/pdk/sky130A/libs.ref/sky130_fd_sc_hd/maglef/sky130_fd_sc_hd__a21o_1.mag is not writeable
Warning: cell <sky130_fd_sc_hd__a31o_1> from file /home/tholin/tt2-AvalonSemi-5401/pdk/sky130A/libs.ref/sky130_fd_sc_hd/maglef/sky130_fd_sc_hd__a31o_1.mag is not writeable
Warning: cell <sky130_fd_sc_hd__mux2_1> from file /home/tholin/tt2-AvalonSemi-5401/pdk/sky130A/libs.ref/sky130_fd_sc_hd/maglef/sky130_fd_sc_hd__mux2_1.mag is not writeable
Warning: cell <sky130_fd_sc_hd__dlymetal6s2s_1> from file /home/tholin/tt2-AvalonSemi-5401/pdk/sky130A/libs.ref/sky130_fd_sc_hd/maglef/sky130_fd_sc_hd__dlymetal6s2s_1.mag is not writeable
Warning: cell <sky130_fd_sc_hd__clkinv_2> from file /home/tholin/tt2-AvalonSemi-5401/pdk/sky130A/libs.ref/sky130_fd_sc_hd/maglef/sky130_fd_sc_hd__clkinv_2.mag is not writeable
Warning: cell <sky130_fd_sc_hd__nand2_1> from file /home/tholin/tt2-AvalonSemi-5401/pdk/sky130A/libs.ref/sky130_fd_sc_hd/maglef/sky130_fd_sc_hd__nand2_1.mag is not writeable
Warning: cell <sky130_fd_sc_hd__and3_1> from file /home/tholin/tt2-AvalonSemi-5401/pdk/sky130A/libs.ref/sky130_fd_sc_hd/maglef/sky130_fd_sc_hd__and3_1.mag is not writeable
Warning: cell <sky130_fd_sc_hd__and2b_1> from file /home/tholin/tt2-AvalonSemi-5401/pdk/sky130A/libs.ref/sky130_fd_sc_hd/maglef/sky130_fd_sc_hd__and2b_1.mag is not writeable
Warning: cell <sky130_fd_sc_hd__and4b_1> from file /home/tholin/tt2-AvalonSemi-5401/pdk/sky130A/libs.ref/sky130_fd_sc_hd/maglef/sky130_fd_sc_hd__and4b_1.mag is not writeable
Warning: cell <sky130_fd_sc_hd__and3_2> from file /home/tholin/tt2-AvalonSemi-5401/pdk/sky130A/libs.ref/sky130_fd_sc_hd/maglef/sky130_fd_sc_hd__and3_2.mag is not writeable
Warning: cell <sky130_fd_sc_hd__clkbuf_1> from file /home/tholin/tt2-AvalonSemi-5401/pdk/sky130A/libs.ref/sky130_fd_sc_hd/maglef/sky130_fd_sc_hd__clkbuf_1.mag is not writeable
Warning: cell <sky130_fd_sc_hd__nor3_2> from file /home/tholin/tt2-AvalonSemi-5401/pdk/sky130A/libs.ref/sky130_fd_sc_hd/maglef/sky130_fd_sc_hd__nor3_2.mag is not writeable
Warning: cell <sky130_fd_sc_hd__nor3b_2> from file /home/tholin/tt2-AvalonSemi-5401/pdk/sky130A/libs.ref/sky130_fd_sc_hd/maglef/sky130_fd_sc_hd__nor3b_2.mag is not writeable
Warning: cell <sky130_fd_sc_hd__or4_1> from file /home/tholin/tt2-AvalonSemi-5401/pdk/sky130A/libs.ref/sky130_fd_sc_hd/maglef/sky130_fd_sc_hd__or4_1.mag is not writeable
Warning: cell <sky130_fd_sc_hd__or3b_1> from file /home/tholin/tt2-AvalonSemi-5401/pdk/sky130A/libs.ref/sky130_fd_sc_hd/maglef/sky130_fd_sc_hd__or3b_1.mag is not writeable
Warning: cell <sky130_fd_sc_hd__a221o_2> from file /home/tholin/tt2-AvalonSemi-5401/pdk/sky130A/libs.ref/sky130_fd_sc_hd/maglef/sky130_fd_sc_hd__a221o_2.mag is not writeable
Warning: cell <sky130_fd_sc_hd__mux4_1> from file /home/tholin/tt2-AvalonSemi-5401/pdk/sky130A/libs.ref/sky130_fd_sc_hd/maglef/sky130_fd_sc_hd__mux4_1.mag is not writeable
Warning: cell <sky130_fd_sc_hd__or2_1> from file /home/tholin/tt2-AvalonSemi-5401/pdk/sky130A/libs.ref/sky130_fd_sc_hd/maglef/sky130_fd_sc_hd__or2_1.mag is not writeable
Warning: cell <sky130_fd_sc_hd__a21oi_1> from file /home/tholin/tt2-AvalonSemi-5401/pdk/sky130A/libs.ref/sky130_fd_sc_hd/maglef/sky130_fd_sc_hd__a21oi_1.mag is not writeable
Warning: cell <sky130_fd_sc_hd__or3_1> from file /home/tholin/tt2-AvalonSemi-5401/pdk/sky130A/libs.ref/sky130_fd_sc_hd/maglef/sky130_fd_sc_hd__or3_1.mag is not writeable
Warning: cell <sky130_fd_sc_hd__o21ba_1> from file /home/tholin/tt2-AvalonSemi-5401/pdk/sky130A/libs.ref/sky130_fd_sc_hd/maglef/sky130_fd_sc_hd__o21ba_1.mag is not writeable
Warning: cell <sky130_fd_sc_hd__and2_1> from file /home/tholin/tt2-AvalonSemi-5401/pdk/sky130A/libs.ref/sky130_fd_sc_hd/maglef/sky130_fd_sc_hd__and2_1.mag is not writeable
Warning: cell <sky130_fd_sc_hd__a22o_1> from file /home/tholin/tt2-AvalonSemi-5401/pdk/sky130A/libs.ref/sky130_fd_sc_hd/maglef/sky130_fd_sc_hd__a22o_1.mag is not writeable
Warning: cell <sky130_fd_sc_hd__xnor2_1> from file /home/tholin/tt2-AvalonSemi-5401/pdk/sky130A/libs.ref/sky130_fd_sc_hd/maglef/sky130_fd_sc_hd__xnor2_1.mag is not writeable
Warning: cell <sky130_fd_sc_hd__o31a_1> from file /home/tholin/tt2-AvalonSemi-5401/pdk/sky130A/libs.ref/sky130_fd_sc_hd/maglef/sky130_fd_sc_hd__o31a_1.mag is not writeable
Warning: cell <sky130_fd_sc_hd__and4_1> from file /home/tholin/tt2-AvalonSemi-5401/pdk/sky130A/libs.ref/sky130_fd_sc_hd/maglef/sky130_fd_sc_hd__and4_1.mag is not writeable
Warning: cell <sky130_fd_sc_hd__a221oi_4> from file /home/tholin/tt2-AvalonSemi-5401/pdk/sky130A/libs.ref/sky130_fd_sc_hd/maglef/sky130_fd_sc_hd__a221oi_4.mag is not writeable
Warning: cell <sky130_fd_sc_hd__o31ai_1> from file /home/tholin/tt2-AvalonSemi-5401/pdk/sky130A/libs.ref/sky130_fd_sc_hd/maglef/sky130_fd_sc_hd__o31ai_1.mag is not writeable
Warning: cell <sky130_fd_sc_hd__a22oi_2> from file /home/tholin/tt2-AvalonSemi-5401/pdk/sky130A/libs.ref/sky130_fd_sc_hd/maglef/sky130_fd_sc_hd__a22oi_2.mag is not writeable
Warning: cell <sky130_fd_sc_hd__nand3_1> from file /home/tholin/tt2-AvalonSemi-5401/pdk/sky130A/libs.ref/sky130_fd_sc_hd/maglef/sky130_fd_sc_hd__nand3_1.mag is not writeable
Warning: cell <sky130_fd_sc_hd__o21ai_1> from file /home/tholin/tt2-AvalonSemi-5401/pdk/sky130A/libs.ref/sky130_fd_sc_hd/maglef/sky130_fd_sc_hd__o21ai_1.mag is not writeable
Warning: cell <sky130_fd_sc_hd__a311o_1> from file /home/tholin/tt2-AvalonSemi-5401/pdk/sky130A/libs.ref/sky130_fd_sc_hd/maglef/sky130_fd_sc_hd__a311o_1.mag is not writeable
Warning: cell <sky130_fd_sc_hd__o21a_1> from file /home/tholin/tt2-AvalonSemi-5401/pdk/sky130A/libs.ref/sky130_fd_sc_hd/maglef/sky130_fd_sc_hd__o21a_1.mag is not writeable
Warning: cell <sky130_fd_sc_hd__a2bb2o_1> from file /home/tholin/tt2-AvalonSemi-5401/pdk/sky130A/libs.ref/sky130_fd_sc_hd/maglef/sky130_fd_sc_hd__a2bb2o_1.mag is not writeable
Warning: cell <sky130_fd_sc_hd__o221a_1> from file /home/tholin/tt2-AvalonSemi-5401/pdk/sky130A/libs.ref/sky130_fd_sc_hd/maglef/sky130_fd_sc_hd__o221a_1.mag is not writeable
Warning: cell <sky130_fd_sc_hd__nor3_1> from file /home/tholin/tt2-AvalonSemi-5401/pdk/sky130A/libs.ref/sky130_fd_sc_hd/maglef/sky130_fd_sc_hd__nor3_1.mag is not writeable
Warning: cell <sky130_fd_sc_hd__dfxtp_1> from file /home/tholin/tt2-AvalonSemi-5401/pdk/sky130A/libs.ref/sky130_fd_sc_hd/maglef/sky130_fd_sc_hd__dfxtp_1.mag is not writeable
Warning: cell <sky130_fd_sc_hd__dfstp_1> from file /home/tholin/tt2-AvalonSemi-5401/pdk/sky130A/libs.ref/sky130_fd_sc_hd/maglef/sky130_fd_sc_hd__dfstp_1.mag is not writeable
Warning: cell <sky130_fd_sc_hd__dfrtp_1> from file /home/tholin/tt2-AvalonSemi-5401/pdk/sky130A/libs.ref/sky130_fd_sc_hd/maglef/sky130_fd_sc_hd__dfrtp_1.mag is not writeable
Warning: cell <sky130_fd_sc_hd__buf_2> from file /home/tholin/tt2-AvalonSemi-5401/pdk/sky130A/libs.ref/sky130_fd_sc_hd/maglef/sky130_fd_sc_hd__buf_2.mag is not writeable
Warning: cell <sky130_fd_sc_hd__clkbuf_16> from file /home/tholin/tt2-AvalonSemi-5401/pdk/sky130A/libs.ref/sky130_fd_sc_hd/maglef/sky130_fd_sc_hd__clkbuf_16.mag is not writeable
  Processed 1203 subcell instances total.
  Processed 18 pins total.
  Processed 2 special nets total.
  Processed 383 nets total.
DEF read: Processed 12500 lines.
Processing tholin_avalonsemi_5401
Extracting sky130_fd_sc_hd__a31o_1 into sky130_fd_sc_hd__a31o_1.ext:
Extracting sky130_fd_sc_hd__decap_3 into sky130_fd_sc_hd__decap_3.ext:
Extracting sky130_fd_sc_hd__fill_1 into sky130_fd_sc_hd__fill_1.ext:
Extracting sky130_fd_sc_hd__decap_4 into sky130_fd_sc_hd__decap_4.ext:
Extracting sky130_fd_sc_hd__o21a_1 into sky130_fd_sc_hd__o21a_1.ext:
Extracting sky130_fd_sc_hd__a21o_1 into sky130_fd_sc_hd__a21o_1.ext:
Extracting sky130_fd_sc_hd__and3b_1 into sky130_fd_sc_hd__and3b_1.ext:
Extracting sky130_fd_sc_hd__decap_6 into sky130_fd_sc_hd__decap_6.ext:
Extracting sky130_fd_sc_hd__tapvpwrvgnd_1 into sky130_fd_sc_hd__tapvpwrvgnd_1.ext:
Extracting sky130_fd_sc_hd__mux2_1 into sky130_fd_sc_hd__mux2_1.ext:
Extracting sky130_fd_sc_hd__and2_1 into sky130_fd_sc_hd__and2_1.ext:
Extracting sky130_fd_sc_hd__o31a_1 into sky130_fd_sc_hd__o31a_1.ext:
Extracting sky130_fd_sc_hd__clkbuf_1 into sky130_fd_sc_hd__clkbuf_1.ext:
Extracting sky130_fd_sc_hd__a22o_1 into sky130_fd_sc_hd__a22o_1.ext:
Extracting sky130_fd_sc_hd__nand3_1 into sky130_fd_sc_hd__nand3_1.ext:
Extracting sky130_fd_sc_hd__and3_2 into sky130_fd_sc_hd__and3_2.ext:
Extracting sky130_fd_sc_hd__dfxtp_1 into sky130_fd_sc_hd__dfxtp_1.ext:
Extracting sky130_fd_sc_hd__or2b_1 into sky130_fd_sc_hd__or2b_1.ext:
Extracting sky130_fd_sc_hd__and2b_1 into sky130_fd_sc_hd__and2b_1.ext:
Extracting sky130_fd_sc_hd__and3_1 into sky130_fd_sc_hd__and3_1.ext:
Extracting sky130_fd_sc_hd__nor2_1 into sky130_fd_sc_hd__nor2_1.ext:
Extracting sky130_fd_sc_hd__clkbuf_2 into sky130_fd_sc_hd__clkbuf_2.ext:
Extracting sky130_fd_sc_hd__nand2_2 into sky130_fd_sc_hd__nand2_2.ext:
Extracting sky130_fd_sc_hd__or3_1 into sky130_fd_sc_hd__or3_1.ext:
Extracting sky130_fd_sc_hd__nand2_1 into sky130_fd_sc_hd__nand2_1.ext:
Extracting sky130_fd_sc_hd__decap_8 into sky130_fd_sc_hd__decap_8.ext:
Extracting sky130_fd_sc_hd__inv_2 into sky130_fd_sc_hd__inv_2.ext:
Extracting sky130_fd_sc_hd__xnor2_1 into sky130_fd_sc_hd__xnor2_1.ext:
Extracting sky130_fd_sc_hd__dlymetal6s2s_1 into sky130_fd_sc_hd__dlymetal6s2s_1.ext:
Extracting sky130_fd_sc_hd__clkbuf_16 into sky130_fd_sc_hd__clkbuf_16.ext:
Extracting sky130_fd_sc_hd__or3b_1 into sky130_fd_sc_hd__or3b_1.ext:
Extracting sky130_fd_sc_hd__clkinv_2 into sky130_fd_sc_hd__clkinv_2.ext:
Extracting sky130_fd_sc_hd__fill_2 into sky130_fd_sc_hd__fill_2.ext:
Extracting sky130_fd_sc_hd__a221o_2 into sky130_fd_sc_hd__a221o_2.ext:
Extracting sky130_fd_sc_hd__or2_1 into sky130_fd_sc_hd__or2_1.ext:
Extracting sky130_fd_sc_hd__a21oi_1 into sky130_fd_sc_hd__a21oi_1.ext:
Extracting sky130_fd_sc_hd__buf_1 into sky130_fd_sc_hd__buf_1.ext:
Extracting sky130_fd_sc_hd__a22oi_2 into sky130_fd_sc_hd__a22oi_2.ext:
Extracting sky130_fd_sc_hd__o221a_1 into sky130_fd_sc_hd__o221a_1.ext:
Extracting sky130_fd_sc_hd__diode_2 into sky130_fd_sc_hd__diode_2.ext:
Extracting sky130_fd_sc_hd__o21ai_1 into sky130_fd_sc_hd__o21ai_1.ext:
Extracting sky130_fd_sc_hd__dfrtp_1 into sky130_fd_sc_hd__dfrtp_1.ext:
Extracting sky130_fd_sc_hd__a311o_1 into sky130_fd_sc_hd__a311o_1.ext:
Extracting sky130_fd_sc_hd__o31ai_1 into sky130_fd_sc_hd__o31ai_1.ext:
Extracting sky130_fd_sc_hd__a2bb2o_1 into sky130_fd_sc_hd__a2bb2o_1.ext:
Extracting sky130_fd_sc_hd__or4_1 into sky130_fd_sc_hd__or4_1.ext:
Extracting sky130_fd_sc_hd__a221oi_4 into sky130_fd_sc_hd__a221oi_4.ext:
Extracting sky130_fd_sc_hd__and4b_1 into sky130_fd_sc_hd__and4b_1.ext:
Extracting sky130_fd_sc_hd__dfstp_1 into sky130_fd_sc_hd__dfstp_1.ext:
Extracting sky130_fd_sc_hd__mux4_1 into sky130_fd_sc_hd__mux4_1.ext:
Extracting sky130_fd_sc_hd__nor3_2 into sky130_fd_sc_hd__nor3_2.ext:
Extracting sky130_fd_sc_hd__nor3b_2 into sky130_fd_sc_hd__nor3b_2.ext:
Extracting sky130_fd_sc_hd__o21ba_1 into sky130_fd_sc_hd__o21ba_1.ext:
Extracting sky130_ef_sc_hd__decap_12 into sky130_ef_sc_hd__decap_12.ext:
Extracting sky130_fd_sc_hd__and4_1 into sky130_fd_sc_hd__and4_1.ext:
Extracting sky130_fd_sc_hd__nor3_1 into sky130_fd_sc_hd__nor3_1.ext:
Extracting sky130_fd_sc_hd__buf_2 into sky130_fd_sc_hd__buf_2.ext:
Extracting tholin_avalonsemi_5401 into tholin_avalonsemi_5401.ext:
exttospice finished.
can't read "::env(magic_extract_prefix)": no such variable
